<?xml version="1.0" encoding="UTF-8"?>
<robot generator="Robot 7.3.2 (Python 3.13.2 on win32)" generated="2025-07-23T17:11:26.898566" rpa="false" schemaversion="5">
<suite id="s1" name="Tests" source="C:\workspace\desafios-testes-automatizados\automacao_basico\tests">
<suite id="s1-s1" name="Lista Tarefas" source="C:\workspace\desafios-testes-automatizados\automacao_basico\tests\lista_tarefas.robot">
<kw name="Abrir o navegador" owner="setup" type="SETUP">
<if>
<branch type="IF" condition="'${HEADLESS}' == 'True' or '${HEADLESS}' == 'true'">
<kw name="Open Browser" owner="SeleniumLibrary">
<arg>about:blank</arg>
<arg>${BROWSER}</arg>
<arg>options=add_argument("--headless=new")</arg>
<doc>Opens a new browser instance to the optional ``url``.</doc>
<status status="NOT RUN" start="2025-07-23T17:11:30.424118" elapsed="0.000195"/>
</kw>
<status status="NOT RUN" start="2025-07-23T17:11:30.419185" elapsed="0.005441"/>
</branch>
<branch type="ELSE">
<kw name="Open Browser" owner="SeleniumLibrary">
<msg time="2025-07-23T17:11:30.426347" level="INFO">Opening browser 'chrome' to base url 'about:blank'.</msg>
<arg>about:blank</arg>
<arg>${BROWSER}</arg>
<doc>Opens a new browser instance to the optional ``url``.</doc>
<status status="PASS" start="2025-07-23T17:11:30.425507" elapsed="5.882141"/>
</kw>
<status status="PASS" start="2025-07-23T17:11:30.424828" elapsed="5.883196"/>
</branch>
<status status="PASS" start="2025-07-23T17:11:30.419027" elapsed="5.889740"/>
</if>
<kw name="Maximize Browser Window" owner="SeleniumLibrary">
<doc>Maximizes current browser window.</doc>
<status status="PASS" start="2025-07-23T17:11:36.309577" elapsed="0.072740"/>
</kw>
<doc>Abre o navegador (Browser) com as opções definidas</doc>
<status status="PASS" start="2025-07-23T17:11:30.417592" elapsed="5.965220"/>
</kw>
<test id="s1-s1-t1" name="Cenario 1: Adicionar atividades 3, marcar 2ª como concluída, filtrar atividades concluídas" line="9">
<kw name="Acessar página home do site" owner="kws_lista_tarefas" type="SETUP">
<kw name="Go To" owner="SeleniumLibrary">
<msg time="2025-07-23T17:11:36.402353" level="INFO">Opening url 'https://todomvc.com/examples/react/dist/'</msg>
<arg>${URL_HOME}</arg>
<doc>Navigates the current browser window to the provided ``url``.</doc>
<status status="PASS" start="2025-07-23T17:11:36.401428" elapsed="4.221240"/>
</kw>
<kw name="Title Should Be" owner="SeleniumLibrary">
<msg time="2025-07-23T17:11:40.640029" level="INFO">Page title is 'TodoMVC: React'.</msg>
<arg>${HOME_TITLE}</arg>
<doc>Verifies that the current page title equals ``title``.</doc>
<status status="PASS" start="2025-07-23T17:11:40.623378" elapsed="0.016923"/>
</kw>
<kw name="Capture Page Screenshot" owner="SeleniumLibrary">
<msg time="2025-07-23T17:11:41.031411" level="INFO" html="true">&lt;/td&gt;&lt;/tr&gt;&lt;tr&gt;&lt;td colspan="3"&gt;&lt;a href="selenium-screenshot-1.png"&gt;&lt;img src="selenium-screenshot-1.png" width="800px"&gt;&lt;/a&gt;</msg>
<doc>Takes a screenshot of the current page and embeds it into a log file.</doc>
<status status="PASS" start="2025-07-23T17:11:40.640998" elapsed="0.390775"/>
</kw>
<arg>${TODO_MVC_URL}</arg>
<doc>Acessa a página inicial do site de testes (https://todomvc.com/examples/react/dist/)</doc>
<status status="PASS" start="2025-07-23T17:11:36.399001" elapsed="4.633428"/>
</kw>
<kw name="Adicionar &quot;3&quot; atividade(s)" owner="kws_lista_tarefas" source_name="Adicionar &quot;${QUANT_ATIVIDADES}&quot; atividade(s)">
<kw name="Gerar lista de atividades aleatórias" owner="kws_lista_tarefas">
<kw name="Create List" owner="BuiltIn">
<msg time="2025-07-23T17:11:41.039292" level="INFO">@{LISTA_ATIVIDADES} = [ ]</msg>
<var>@{LISTA_ATIVIDADES}</var>
<doc>Returns a list containing given items.</doc>
<status status="PASS" start="2025-07-23T17:11:41.038264" elapsed="0.001263"/>
</kw>
<for flavor="IN RANGE">
<iter>
<kw name="Generate Random String" owner="String">
<msg time="2025-07-23T17:11:41.042273" level="INFO">${ATIVIDADE} = nyNAotukFs</msg>
<var>${ATIVIDADE}</var>
<arg>length=10</arg>
<arg>chars=[LETTERS]</arg>
<doc>Generates a string with a desired ``length`` from the given ``chars``.</doc>
<status status="PASS" start="2025-07-23T17:11:41.041290" elapsed="0.001117"/>
</kw>
<kw name="Append To List" owner="Collections">
<arg>${LISTA_ATIVIDADES}</arg>
<arg>${ATIVIDADE}</arg>
<doc>Adds ``values`` to the end of ``list``.</doc>
<status status="PASS" start="2025-07-23T17:11:41.043074" elapsed="0.000679"/>
</kw>
<var name="${INDEX}">0</var>
<status status="PASS" start="2025-07-23T17:11:41.040672" elapsed="0.003314"/>
</iter>
<iter>
<kw name="Generate Random String" owner="String">
<msg time="2025-07-23T17:11:41.045876" level="INFO">${ATIVIDADE} = zEpWZoBllM</msg>
<var>${ATIVIDADE}</var>
<arg>length=10</arg>
<arg>chars=[LETTERS]</arg>
<doc>Generates a string with a desired ``length`` from the given ``chars``.</doc>
<status status="PASS" start="2025-07-23T17:11:41.045024" elapsed="0.000977"/>
</kw>
<kw name="Append To List" owner="Collections">
<arg>${LISTA_ATIVIDADES}</arg>
<arg>${ATIVIDADE}</arg>
<doc>Adds ``values`` to the end of ``list``.</doc>
<status status="PASS" start="2025-07-23T17:11:41.046634" elapsed="0.000628"/>
</kw>
<var name="${INDEX}">1</var>
<status status="PASS" start="2025-07-23T17:11:41.044477" elapsed="0.003037"/>
</iter>
<iter>
<kw name="Generate Random String" owner="String">
<msg time="2025-07-23T17:11:41.049317" level="INFO">${ATIVIDADE} = qvSwEHCGLs</msg>
<var>${ATIVIDADE}</var>
<arg>length=10</arg>
<arg>chars=[LETTERS]</arg>
<doc>Generates a string with a desired ``length`` from the given ``chars``.</doc>
<status status="PASS" start="2025-07-23T17:11:41.048473" elapsed="0.000983"/>
</kw>
<kw name="Append To List" owner="Collections">
<arg>${LISTA_ATIVIDADES}</arg>
<arg>${ATIVIDADE}</arg>
<doc>Adds ``values`` to the end of ``list``.</doc>
<status status="PASS" start="2025-07-23T17:11:41.050509" elapsed="0.001035"/>
</kw>
<var name="${INDEX}">2</var>
<status status="PASS" start="2025-07-23T17:11:41.047963" elapsed="0.003907"/>
</iter>
<var>${INDEX}</var>
<value>${QUANT_ATIVIDADES}</value>
<status status="PASS" start="2025-07-23T17:11:41.039874" elapsed="0.012393"/>
</for>
<kw name="Set Test Variable" owner="BuiltIn">
<msg time="2025-07-23T17:11:41.057939" level="INFO">@{LISTA_ATIVIDADES_GERADA} = [ nyNAotukFs | zEpWZoBllM | qvSwEHCGLs ]</msg>
<arg>@{LISTA_ATIVIDADES_GERADA}</arg>
<arg>@{LISTA_ATIVIDADES}</arg>
<doc>Makes a variable available everywhere within the scope of the current test.</doc>
<status status="PASS" start="2025-07-23T17:11:41.053112" elapsed="0.005090"/>
</kw>
<arg>${QUANT_ATIVIDADES}</arg>
<doc>Gera uma lista de atividades aleatórias para serem adicionadas à lista de tarefas</doc>
<status status="PASS" start="2025-07-23T17:11:41.036781" elapsed="0.021776"/>
</kw>
<for flavor="IN">
<iter>
<kw name="Input Text" owner="SeleniumLibrary">
<msg time="2025-07-23T17:11:41.062143" level="INFO">Typing text 'nyNAotukFs' into text field 'id=todo-input'.</msg>
<arg>${HOME_CAMPO_PESQUISAR}</arg>
<arg>${ATIVIDADE}</arg>
<doc>Types the given ``text`` into the text field identified by ``locator``.</doc>
<status status="PASS" start="2025-07-23T17:11:41.060371" elapsed="0.281175"/>
</kw>
<kw name="Press Keys" owner="SeleniumLibrary">
<msg time="2025-07-23T17:11:41.343611" level="INFO">Sending key(s) ('RETURN',) to id=todo-input element.</msg>
<msg time="2025-07-23T17:11:41.682741" level="INFO">Pressing special key RETURN to element.</msg>
<msg time="2025-07-23T17:11:41.682986" level="INFO">Releasing special key RETURN.</msg>
<arg>${HOME_CAMPO_PESQUISAR}</arg>
<arg>RETURN</arg>
<doc>Simulates the user pressing key(s) to an element or on the active browser.</doc>
<status status="PASS" start="2025-07-23T17:11:41.342350" elapsed="0.536891"/>
</kw>
<var name="${ATIVIDADE}">nyNAotukFs</var>
<status status="PASS" start="2025-07-23T17:11:41.059672" elapsed="0.819866"/>
</iter>
<iter>
<kw name="Input Text" owner="SeleniumLibrary">
<msg time="2025-07-23T17:11:41.881785" level="INFO">Typing text 'zEpWZoBllM' into text field 'id=todo-input'.</msg>
<arg>${HOME_CAMPO_PESQUISAR}</arg>
<arg>${ATIVIDADE}</arg>
<doc>Types the given ``text`` into the text field identified by ``locator``.</doc>
<status status="PASS" start="2025-07-23T17:11:41.880631" elapsed="0.187797"/>
</kw>
<kw name="Press Keys" owner="SeleniumLibrary">
<msg time="2025-07-23T17:11:42.070380" level="INFO">Sending key(s) ('RETURN',) to id=todo-input element.</msg>
<msg time="2025-07-23T17:11:42.398548" level="INFO">Pressing special key RETURN to element.</msg>
<msg time="2025-07-23T17:11:42.399221" level="INFO">Releasing special key RETURN.</msg>
<arg>${HOME_CAMPO_PESQUISAR}</arg>
<arg>RETURN</arg>
<doc>Simulates the user pressing key(s) to an element or on the active browser.</doc>
<status status="PASS" start="2025-07-23T17:11:42.069202" elapsed="0.376673"/>
</kw>
<var name="${ATIVIDADE}">zEpWZoBllM</var>
<status status="PASS" start="2025-07-23T17:11:41.880013" elapsed="0.566388"/>
</iter>
<iter>
<kw name="Input Text" owner="SeleniumLibrary">
<msg time="2025-07-23T17:11:42.451268" level="INFO">Typing text 'qvSwEHCGLs' into text field 'id=todo-input'.</msg>
<arg>${HOME_CAMPO_PESQUISAR}</arg>
<arg>${ATIVIDADE}</arg>
<doc>Types the given ``text`` into the text field identified by ``locator``.</doc>
<status status="PASS" start="2025-07-23T17:11:42.448686" elapsed="0.184601"/>
</kw>
<kw name="Press Keys" owner="SeleniumLibrary">
<msg time="2025-07-23T17:11:42.635826" level="INFO">Sending key(s) ('RETURN',) to id=todo-input element.</msg>
<msg time="2025-07-23T17:11:42.955550" level="INFO">Pressing special key RETURN to element.</msg>
<msg time="2025-07-23T17:11:42.955776" level="INFO">Releasing special key RETURN.</msg>
<arg>${HOME_CAMPO_PESQUISAR}</arg>
<arg>RETURN</arg>
<doc>Simulates the user pressing key(s) to an element or on the active browser.</doc>
<status status="PASS" start="2025-07-23T17:11:42.634274" elapsed="0.343043"/>
</kw>
<var name="${ATIVIDADE}">qvSwEHCGLs</var>
<status status="PASS" start="2025-07-23T17:11:42.447420" elapsed="0.530254"/>
</iter>
<var>${ATIVIDADE}</var>
<value>@{LISTA_ATIVIDADES_GERADA}</value>
<status status="PASS" start="2025-07-23T17:11:41.058998" elapsed="1.918982"/>
</for>
<kw name="Wait Until Element Is Visible" owner="SeleniumLibrary">
<arg>${HOME_LISTA_TAREFAS}</arg>
<doc>Waits until the element ``locator`` is visible.</doc>
<status status="PASS" start="2025-07-23T17:11:42.978968" elapsed="0.642411"/>
</kw>
<kw name="Capture Page Screenshot" owner="SeleniumLibrary">
<msg time="2025-07-23T17:11:43.801140" level="INFO" html="true">&lt;/td&gt;&lt;/tr&gt;&lt;tr&gt;&lt;td colspan="3"&gt;&lt;a href="selenium-screenshot-2.png"&gt;&lt;img src="selenium-screenshot-2.png" width="800px"&gt;&lt;/a&gt;</msg>
<doc>Takes a screenshot of the current page and embeds it into a log file.</doc>
<status status="PASS" start="2025-07-23T17:11:43.622121" elapsed="0.179353"/>
</kw>
<doc>Adiciona uma lista de atividades à lista de tarefas</doc>
<status status="PASS" start="2025-07-23T17:11:41.035017" elapsed="2.766942"/>
</kw>
<kw name="Marcar atividade &quot;2&quot; como concluída" owner="kws_lista_tarefas" source_name="Marcar atividade &quot;${NUM_ATIVIDADE}&quot; como concluída">
<kw name="Click Element" owner="SeleniumLibrary">
<msg time="2025-07-23T17:11:43.805547" level="INFO">Clicking element '(//li[@data-testid='todo-item']//input[@data-testid='todo-item-toggle'])[2]'.</msg>
<arg>locator=(${HOME_LISTA_TAREFAS}${HOME_CHECKBOX_OPCOES_LISTA})[${NUM_ATIVIDADE}]</arg>
<doc>Click the element identified by ``locator``.</doc>
<status status="PASS" start="2025-07-23T17:11:43.804596" elapsed="0.197436"/>
</kw>
<kw name="Capture Page Screenshot" owner="SeleniumLibrary">
<msg time="2025-07-23T17:11:44.241959" level="INFO" html="true">&lt;/td&gt;&lt;/tr&gt;&lt;tr&gt;&lt;td colspan="3"&gt;&lt;a href="selenium-screenshot-3.png"&gt;&lt;img src="selenium-screenshot-3.png" width="800px"&gt;&lt;/a&gt;</msg>
<doc>Takes a screenshot of the current page and embeds it into a log file.</doc>
<status status="PASS" start="2025-07-23T17:11:44.003005" elapsed="0.239293"/>
</kw>
<kw name="Verificar se a atividade &quot;${NUM_ATIVIDADE}&quot; está concluída" owner="kws_lista_tarefas" source_name="Verificar se a atividade &quot;${NUM_ATIVIDADE}&quot; está concluída">
<kw name="Set Variable" owner="BuiltIn">
<msg time="2025-07-23T17:11:44.245595" level="INFO">${ATIVIDADE_SELECIONADA} = (//li[@data-testid='todo-item'])[2]</msg>
<var>${ATIVIDADE_SELECIONADA}</var>
<arg>(${HOME_LISTA_TAREFAS})[${NUM_ATIVIDADE}]</arg>
<doc>Returns the given values which can then be assigned to a variables.</doc>
<status status="PASS" start="2025-07-23T17:11:44.244738" elapsed="0.001007"/>
</kw>
<kw name="Element Attribute Value Should Be" owner="SeleniumLibrary">
<msg time="2025-07-23T17:11:44.298814" level="INFO">Element '(//li[@data-testid='todo-item'])[2]' attribute 'class' contains value 'completed'.</msg>
<arg>locator=${ATIVIDADE_SELECIONADA}</arg>
<arg>attribute=class</arg>
<arg>expected=completed</arg>
<doc>Verifies element identified by ``locator`` contains expected attribute value.</doc>
<status status="PASS" start="2025-07-23T17:11:44.246456" elapsed="0.052624"/>
</kw>
<kw name="Get Text" owner="SeleniumLibrary">
<msg time="2025-07-23T17:11:44.370983" level="INFO">${TEXTO_OPC} = zEpWZoBllM</msg>
<var>${TEXTO_OPC}</var>
<arg>locator=${ATIVIDADE_SELECIONADA}//label</arg>
<doc>Returns the text value of the element identified by ``locator``.</doc>
<status status="PASS" start="2025-07-23T17:11:44.300130" elapsed="0.071046"/>
</kw>
<kw name="Log" owner="BuiltIn">
<msg time="2025-07-23T17:11:44.372463" level="INFO">Texto da atividade marcada como concluída: zEpWZoBllM</msg>
<arg>Texto da atividade marcada como concluída: ${TEXTO_OPC}</arg>
<doc>Logs the given message with the given level.</doc>
<status status="PASS" start="2025-07-23T17:11:44.371835" elapsed="0.000912"/>
</kw>
<kw name="Evaluate" owner="BuiltIn">
<msg time="2025-07-23T17:11:44.374620" level="INFO">${INDEX_CORRIGIDO} = 1</msg>
<var>${INDEX_CORRIGIDO}</var>
<arg>${NUM_ATIVIDADE} - 1</arg>
<doc>Evaluates the given expression in Python and returns the result.</doc>
<status status="PASS" start="2025-07-23T17:11:44.373544" elapsed="0.001238"/>
</kw>
<kw name="Should Contain" owner="BuiltIn">
<arg>${TEXTO_OPC}</arg>
<arg>${LISTA_ATIVIDADES_GERADA}[${INDEX_CORRIGIDO}]</arg>
<doc>Fails if ``container`` does not contain ``item`` one or more times.</doc>
<status status="PASS" start="2025-07-23T17:11:44.375511" elapsed="0.000860"/>
</kw>
<kw name="Log" owner="BuiltIn">
<msg time="2025-07-23T17:11:44.377820" level="INFO">A atividade "2" foi marcada como concluída, com sucesso!</msg>
<arg>A atividade "${NUM_ATIVIDADE}" foi marcada como concluída, com sucesso!</arg>
<doc>Logs the given message with the given level.</doc>
<status status="PASS" start="2025-07-23T17:11:44.377134" elapsed="0.000899"/>
</kw>
<doc>Verifica se a atividade selecionada está marcada como concluída</doc>
<status status="PASS" start="2025-07-23T17:11:44.243484" elapsed="0.134862"/>
</kw>
<doc>Marca a atividade selecionada como concluída</doc>
<status status="PASS" start="2025-07-23T17:11:43.803281" elapsed="0.575308"/>
</kw>
<kw name="Filtrar as atividades em &quot;Completed&quot;" owner="kws_lista_tarefas" source_name="Filtrar as atividades em &quot;${TIPO_FILTRAGEM}&quot;">
<kw name="Convert To Lower Case" owner="String">
<msg time="2025-07-23T17:11:44.381534" level="INFO">${TIPO_FILTRO} = completed</msg>
<var>${TIPO_FILTRO}</var>
<arg>${TIPO_FILTRAGEM}</arg>
<doc>Converts string to lower case.</doc>
<status status="PASS" start="2025-07-23T17:11:44.380886" elapsed="0.000771"/>
</kw>
<kw name="Format String" owner="String">
<msg time="2025-07-23T17:11:44.387195" level="INFO">${OPCOES_FOOTER_FORMATADO} = //ul[@data-testid='footer-navigation']//a[contains(@href, 'completed')]</msg>
<var>${OPCOES_FOOTER_FORMATADO}</var>
<arg>${OPCOES_FOOTER}</arg>
<arg>opc=${TIPO_FILTRO}</arg>
<doc>Formats a ``template`` using the given ``positional`` and ``named`` arguments.</doc>
<status status="PASS" start="2025-07-23T17:11:44.382357" elapsed="0.005100"/>
</kw>
<kw name="Click Link" owner="SeleniumLibrary">
<msg time="2025-07-23T17:11:44.389729" level="INFO">Clicking link '//ul[@data-testid='footer-navigation']//a[contains(@href, 'completed')]'.</msg>
<arg>locator=${OPCOES_FOOTER_FORMATADO}</arg>
<doc>Clicks a link identified by ``locator``.</doc>
<status status="PASS" start="2025-07-23T17:11:44.388599" elapsed="0.313689"/>
</kw>
<kw name="Capture Page Screenshot" owner="SeleniumLibrary">
<msg time="2025-07-23T17:11:45.118754" level="INFO" html="true">&lt;/td&gt;&lt;/tr&gt;&lt;tr&gt;&lt;td colspan="3"&gt;&lt;a href="selenium-screenshot-4.png"&gt;&lt;img src="selenium-screenshot-4.png" width="800px"&gt;&lt;/a&gt;</msg>
<doc>Takes a screenshot of the current page and embeds it into a log file.</doc>
<status status="PASS" start="2025-07-23T17:11:44.703139" elapsed="0.415978"/>
</kw>
<doc>Filtra a lista de atividades com base no tipo de filtragem selecionado</doc>
<status status="PASS" start="2025-07-23T17:11:44.379707" elapsed="0.739774"/>
</kw>
<doc>Teste que verifica a adição de 3 atividades, marca a 2ª atividade como concluída e faz a filtragem de todas as atividades concluídas</doc>
<tag>ADICIONAR_MARCAR_FILTRAR</tag>
<tag>CT01</tag>
<status status="PASS" start="2025-07-23T17:11:36.383262" elapsed="8.737836"/>
</test>
<test id="s1-s1-t2" name="Cenario 2: Adicionar atividades 4, marcar e excluir a 3ª como concluída, filtrar atividades concluídas" line="16">
<kw name="Acessar página home do site" owner="kws_lista_tarefas" type="SETUP">
<kw name="Go To" owner="SeleniumLibrary">
<msg time="2025-07-23T17:11:45.128051" level="INFO">Opening url 'https://todomvc.com/examples/react/dist/'</msg>
<arg>${URL_HOME}</arg>
<doc>Navigates the current browser window to the provided ``url``.</doc>
<status status="PASS" start="2025-07-23T17:11:45.127376" elapsed="0.158409"/>
</kw>
<kw name="Title Should Be" owner="SeleniumLibrary">
<msg time="2025-07-23T17:11:45.303000" level="INFO">Page title is 'TodoMVC: React'.</msg>
<arg>${HOME_TITLE}</arg>
<doc>Verifies that the current page title equals ``title``.</doc>
<status status="PASS" start="2025-07-23T17:11:45.288001" elapsed="0.015958"/>
</kw>
<kw name="Capture Page Screenshot" owner="SeleniumLibrary">
<msg time="2025-07-23T17:11:45.589491" level="INFO" html="true">&lt;/td&gt;&lt;/tr&gt;&lt;tr&gt;&lt;td colspan="3"&gt;&lt;a href="selenium-screenshot-5.png"&gt;&lt;img src="selenium-screenshot-5.png" width="800px"&gt;&lt;/a&gt;</msg>
<doc>Takes a screenshot of the current page and embeds it into a log file.</doc>
<status status="PASS" start="2025-07-23T17:11:45.304912" elapsed="0.284905"/>
</kw>
<arg>${TODO_MVC_URL}</arg>
<doc>Acessa a página inicial do site de testes (https://todomvc.com/examples/react/dist/)</doc>
<status status="PASS" start="2025-07-23T17:11:45.125645" elapsed="0.464583"/>
</kw>
<kw name="Adicionar &quot;4&quot; atividade(s)" owner="kws_lista_tarefas" source_name="Adicionar &quot;${QUANT_ATIVIDADES}&quot; atividade(s)">
<kw name="Gerar lista de atividades aleatórias" owner="kws_lista_tarefas">
<kw name="Create List" owner="BuiltIn">
<msg time="2025-07-23T17:11:45.596274" level="INFO">@{LISTA_ATIVIDADES} = [ ]</msg>
<var>@{LISTA_ATIVIDADES}</var>
<doc>Returns a list containing given items.</doc>
<status status="PASS" start="2025-07-23T17:11:45.595488" elapsed="0.000965"/>
</kw>
<for flavor="IN RANGE">
<iter>
<kw name="Generate Random String" owner="String">
<msg time="2025-07-23T17:11:45.599463" level="INFO">${ATIVIDADE} = MAlTZFCAdF</msg>
<var>${ATIVIDADE}</var>
<arg>length=10</arg>
<arg>chars=[LETTERS]</arg>
<doc>Generates a string with a desired ``length`` from the given ``chars``.</doc>
<status status="PASS" start="2025-07-23T17:11:45.598370" elapsed="0.001398"/>
</kw>
<kw name="Append To List" owner="Collections">
<arg>${LISTA_ATIVIDADES}</arg>
<arg>${ATIVIDADE}</arg>
<doc>Adds ``values`` to the end of ``list``.</doc>
<status status="PASS" start="2025-07-23T17:11:45.600694" elapsed="0.000796"/>
</kw>
<var name="${INDEX}">0</var>
<status status="PASS" start="2025-07-23T17:11:45.597670" elapsed="0.004100"/>
</iter>
<iter>
<kw name="Generate Random String" owner="String">
<msg time="2025-07-23T17:11:45.605067" level="INFO">${ATIVIDADE} = eorLJynZXm</msg>
<var>${ATIVIDADE}</var>
<arg>length=10</arg>
<arg>chars=[LETTERS]</arg>
<doc>Generates a string with a desired ``length`` from the given ``chars``.</doc>
<status status="PASS" start="2025-07-23T17:11:45.602874" elapsed="0.002345"/>
</kw>
<kw name="Append To List" owner="Collections">
<arg>${LISTA_ATIVIDADES}</arg>
<arg>${ATIVIDADE}</arg>
<doc>Adds ``values`` to the end of ``list``.</doc>
<status status="PASS" start="2025-07-23T17:11:45.605910" elapsed="0.000725"/>
</kw>
<var name="${INDEX}">1</var>
<status status="PASS" start="2025-07-23T17:11:45.602284" elapsed="0.004600"/>
</iter>
<iter>
<kw name="Generate Random String" owner="String">
<msg time="2025-07-23T17:11:45.608991" level="INFO">${ATIVIDADE} = rRpzVtDoQK</msg>
<var>${ATIVIDADE}</var>
<arg>length=10</arg>
<arg>chars=[LETTERS]</arg>
<doc>Generates a string with a desired ``length`` from the given ``chars``.</doc>
<status status="PASS" start="2025-07-23T17:11:45.607940" elapsed="0.001217"/>
</kw>
<kw name="Append To List" owner="Collections">
<arg>${LISTA_ATIVIDADES}</arg>
<arg>${ATIVIDADE}</arg>
<doc>Adds ``values`` to the end of ``list``.</doc>
<status status="PASS" start="2025-07-23T17:11:45.609891" elapsed="0.000820"/>
</kw>
<var name="${INDEX}">2</var>
<status status="PASS" start="2025-07-23T17:11:45.607362" elapsed="0.003653"/>
</iter>
<iter>
<kw name="Generate Random String" owner="String">
<msg time="2025-07-23T17:11:45.613271" level="INFO">${ATIVIDADE} = zCichsCJiO</msg>
<var>${ATIVIDADE}</var>
<arg>length=10</arg>
<arg>chars=[LETTERS]</arg>
<doc>Generates a string with a desired ``length`` from the given ``chars``.</doc>
<status status="PASS" start="2025-07-23T17:11:45.612333" elapsed="0.001074"/>
</kw>
<kw name="Append To List" owner="Collections">
<arg>${LISTA_ATIVIDADES}</arg>
<arg>${ATIVIDADE}</arg>
<doc>Adds ``values`` to the end of ``list``.</doc>
<status status="PASS" start="2025-07-23T17:11:45.614131" elapsed="0.000827"/>
</kw>
<var name="${INDEX}">3</var>
<status status="PASS" start="2025-07-23T17:11:45.611513" elapsed="0.003699"/>
</iter>
<var>${INDEX}</var>
<value>${QUANT_ATIVIDADES}</value>
<status status="PASS" start="2025-07-23T17:11:45.596789" elapsed="0.018645"/>
</for>
<kw name="Set Test Variable" owner="BuiltIn">
<msg time="2025-07-23T17:11:45.619664" level="INFO">@{LISTA_ATIVIDADES_GERADA} = [ MAlTZFCAdF | eorLJynZXm | rRpzVtDoQK | zCichsCJiO ]</msg>
<arg>@{LISTA_ATIVIDADES_GERADA}</arg>
<arg>@{LISTA_ATIVIDADES}</arg>
<doc>Makes a variable available everywhere within the scope of the current test.</doc>
<status status="PASS" start="2025-07-23T17:11:45.616683" elapsed="0.003248"/>
</kw>
<arg>${QUANT_ATIVIDADES}</arg>
<doc>Gera uma lista de atividades aleatórias para serem adicionadas à lista de tarefas</doc>
<status status="PASS" start="2025-07-23T17:11:45.593451" elapsed="0.026830"/>
</kw>
<for flavor="IN">
<iter>
<kw name="Input Text" owner="SeleniumLibrary">
<msg time="2025-07-23T17:11:45.628305" level="INFO">Typing text 'MAlTZFCAdF' into text field 'id=todo-input'.</msg>
<arg>${HOME_CAMPO_PESQUISAR}</arg>
<arg>${ATIVIDADE}</arg>
<doc>Types the given ``text`` into the text field identified by ``locator``.</doc>
<status status="PASS" start="2025-07-23T17:11:45.626978" elapsed="0.229812"/>
</kw>
<kw name="Press Keys" owner="SeleniumLibrary">
<msg time="2025-07-23T17:11:45.859026" level="INFO">Sending key(s) ('RETURN',) to id=todo-input element.</msg>
<msg time="2025-07-23T17:11:46.168878" level="INFO">Pressing special key RETURN to element.</msg>
<msg time="2025-07-23T17:11:46.169104" level="INFO">Releasing special key RETURN.</msg>
<arg>${HOME_CAMPO_PESQUISAR}</arg>
<arg>RETURN</arg>
<doc>Simulates the user pressing key(s) to an element or on the active browser.</doc>
<status status="PASS" start="2025-07-23T17:11:45.857612" elapsed="0.339850"/>
</kw>
<var name="${ATIVIDADE}">MAlTZFCAdF</var>
<status status="PASS" start="2025-07-23T17:11:45.621882" elapsed="0.576124"/>
</iter>
<iter>
<kw name="Input Text" owner="SeleniumLibrary">
<msg time="2025-07-23T17:11:46.201553" level="INFO">Typing text 'eorLJynZXm' into text field 'id=todo-input'.</msg>
<arg>${HOME_CAMPO_PESQUISAR}</arg>
<arg>${ATIVIDADE}</arg>
<doc>Types the given ``text`` into the text field identified by ``locator``.</doc>
<status status="PASS" start="2025-07-23T17:11:46.199424" elapsed="0.180696"/>
</kw>
<kw name="Press Keys" owner="SeleniumLibrary">
<msg time="2025-07-23T17:11:46.382011" level="INFO">Sending key(s) ('RETURN',) to id=todo-input element.</msg>
<msg time="2025-07-23T17:11:46.689528" level="INFO">Pressing special key RETURN to element.</msg>
<msg time="2025-07-23T17:11:46.689756" level="INFO">Releasing special key RETURN.</msg>
<arg>${HOME_CAMPO_PESQUISAR}</arg>
<arg>RETURN</arg>
<doc>Simulates the user pressing key(s) to an element or on the active browser.</doc>
<status status="PASS" start="2025-07-23T17:11:46.380883" elapsed="0.340021"/>
</kw>
<var name="${ATIVIDADE}">eorLJynZXm</var>
<status status="PASS" start="2025-07-23T17:11:46.198604" elapsed="0.522667"/>
</iter>
<iter>
<kw name="Input Text" owner="SeleniumLibrary">
<msg time="2025-07-23T17:11:46.723502" level="INFO">Typing text 'rRpzVtDoQK' into text field 'id=todo-input'.</msg>
<arg>${HOME_CAMPO_PESQUISAR}</arg>
<arg>${ATIVIDADE}</arg>
<doc>Types the given ``text`` into the text field identified by ``locator``.</doc>
<status status="PASS" start="2025-07-23T17:11:46.722649" elapsed="0.203813"/>
</kw>
<kw name="Press Keys" owner="SeleniumLibrary">
<msg time="2025-07-23T17:11:46.929417" level="INFO">Sending key(s) ('RETURN',) to id=todo-input element.</msg>
<msg time="2025-07-23T17:11:47.239037" level="INFO">Pressing special key RETURN to element.</msg>
<msg time="2025-07-23T17:11:47.239241" level="INFO">Releasing special key RETURN.</msg>
<arg>${HOME_CAMPO_PESQUISAR}</arg>
<arg>RETURN</arg>
<doc>Simulates the user pressing key(s) to an element or on the active browser.</doc>
<status status="PASS" start="2025-07-23T17:11:46.927492" elapsed="0.340413"/>
</kw>
<var name="${ATIVIDADE}">rRpzVtDoQK</var>
<status status="PASS" start="2025-07-23T17:11:46.721929" elapsed="0.546319"/>
</iter>
<iter>
<kw name="Input Text" owner="SeleniumLibrary">
<msg time="2025-07-23T17:11:47.271387" level="INFO">Typing text 'zCichsCJiO' into text field 'id=todo-input'.</msg>
<arg>${HOME_CAMPO_PESQUISAR}</arg>
<arg>${ATIVIDADE}</arg>
<doc>Types the given ``text`` into the text field identified by ``locator``.</doc>
<status status="PASS" start="2025-07-23T17:11:47.270036" elapsed="0.184987"/>
</kw>
<kw name="Press Keys" owner="SeleniumLibrary">
<msg time="2025-07-23T17:11:47.457434" level="INFO">Sending key(s) ('RETURN',) to id=todo-input element.</msg>
<msg time="2025-07-23T17:11:47.771624" level="INFO">Pressing special key RETURN to element.</msg>
<msg time="2025-07-23T17:11:47.771823" level="INFO">Releasing special key RETURN.</msg>
<arg>${HOME_CAMPO_PESQUISAR}</arg>
<arg>RETURN</arg>
<doc>Simulates the user pressing key(s) to an element or on the active browser.</doc>
<status status="PASS" start="2025-07-23T17:11:47.456006" elapsed="0.334869"/>
</kw>
<var name="${ATIVIDADE}">zCichsCJiO</var>
<status status="PASS" start="2025-07-23T17:11:47.268971" elapsed="0.522179"/>
</iter>
<var>${ATIVIDADE}</var>
<value>@{LISTA_ATIVIDADES_GERADA}</value>
<status status="PASS" start="2025-07-23T17:11:45.620548" elapsed="2.170819"/>
</for>
<kw name="Wait Until Element Is Visible" owner="SeleniumLibrary">
<arg>${HOME_LISTA_TAREFAS}</arg>
<doc>Waits until the element ``locator`` is visible.</doc>
<status status="PASS" start="2025-07-23T17:11:47.792046" elapsed="0.039799"/>
</kw>
<kw name="Capture Page Screenshot" owner="SeleniumLibrary">
<msg time="2025-07-23T17:11:48.040489" level="INFO" html="true">&lt;/td&gt;&lt;/tr&gt;&lt;tr&gt;&lt;td colspan="3"&gt;&lt;a href="selenium-screenshot-6.png"&gt;&lt;img src="selenium-screenshot-6.png" width="800px"&gt;&lt;/a&gt;</msg>
<doc>Takes a screenshot of the current page and embeds it into a log file.</doc>
<status status="PASS" start="2025-07-23T17:11:47.832579" elapsed="0.208225"/>
</kw>
<doc>Adiciona uma lista de atividades à lista de tarefas</doc>
<status status="PASS" start="2025-07-23T17:11:45.591786" elapsed="2.449421"/>
</kw>
<kw name="Marcar atividade &quot;3&quot; como concluída" owner="kws_lista_tarefas" source_name="Marcar atividade &quot;${NUM_ATIVIDADE}&quot; como concluída">
<kw name="Click Element" owner="SeleniumLibrary">
<msg time="2025-07-23T17:11:48.044607" level="INFO">Clicking element '(//li[@data-testid='todo-item']//input[@data-testid='todo-item-toggle'])[3]'.</msg>
<arg>locator=(${HOME_LISTA_TAREFAS}${HOME_CHECKBOX_OPCOES_LISTA})[${NUM_ATIVIDADE}]</arg>
<doc>Click the element identified by ``locator``.</doc>
<status status="PASS" start="2025-07-23T17:11:48.043645" elapsed="0.180689"/>
</kw>
<kw name="Capture Page Screenshot" owner="SeleniumLibrary">
<msg time="2025-07-23T17:11:48.447576" level="INFO" html="true">&lt;/td&gt;&lt;/tr&gt;&lt;tr&gt;&lt;td colspan="3"&gt;&lt;a href="selenium-screenshot-7.png"&gt;&lt;img src="selenium-screenshot-7.png" width="800px"&gt;&lt;/a&gt;</msg>
<doc>Takes a screenshot of the current page and embeds it into a log file.</doc>
<status status="PASS" start="2025-07-23T17:11:48.225199" elapsed="0.222716"/>
</kw>
<kw name="Verificar se a atividade &quot;${NUM_ATIVIDADE}&quot; está concluída" owner="kws_lista_tarefas" source_name="Verificar se a atividade &quot;${NUM_ATIVIDADE}&quot; está concluída">
<kw name="Set Variable" owner="BuiltIn">
<msg time="2025-07-23T17:11:48.452542" level="INFO">${ATIVIDADE_SELECIONADA} = (//li[@data-testid='todo-item'])[3]</msg>
<var>${ATIVIDADE_SELECIONADA}</var>
<arg>(${HOME_LISTA_TAREFAS})[${NUM_ATIVIDADE}]</arg>
<doc>Returns the given values which can then be assigned to a variables.</doc>
<status status="PASS" start="2025-07-23T17:11:48.450941" elapsed="0.001880"/>
</kw>
<kw name="Element Attribute Value Should Be" owner="SeleniumLibrary">
<msg time="2025-07-23T17:11:48.499160" level="INFO">Element '(//li[@data-testid='todo-item'])[3]' attribute 'class' contains value 'completed'.</msg>
<arg>locator=${ATIVIDADE_SELECIONADA}</arg>
<arg>attribute=class</arg>
<arg>expected=completed</arg>
<doc>Verifies element identified by ``locator`` contains expected attribute value.</doc>
<status status="PASS" start="2025-07-23T17:11:48.453550" elapsed="0.046094"/>
</kw>
<kw name="Get Text" owner="SeleniumLibrary">
<msg time="2025-07-23T17:11:48.553379" level="INFO">${TEXTO_OPC} = rRpzVtDoQK</msg>
<var>${TEXTO_OPC}</var>
<arg>locator=${ATIVIDADE_SELECIONADA}//label</arg>
<doc>Returns the text value of the element identified by ``locator``.</doc>
<status status="PASS" start="2025-07-23T17:11:48.500421" elapsed="0.053102"/>
</kw>
<kw name="Log" owner="BuiltIn">
<msg time="2025-07-23T17:11:48.555019" level="INFO">Texto da atividade marcada como concluída: rRpzVtDoQK</msg>
<arg>Texto da atividade marcada como concluída: ${TEXTO_OPC}</arg>
<doc>Logs the given message with the given level.</doc>
<status status="PASS" start="2025-07-23T17:11:48.554298" elapsed="0.000923"/>
</kw>
<kw name="Evaluate" owner="BuiltIn">
<msg time="2025-07-23T17:11:48.557062" level="INFO">${INDEX_CORRIGIDO} = 2</msg>
<var>${INDEX_CORRIGIDO}</var>
<arg>${NUM_ATIVIDADE} - 1</arg>
<doc>Evaluates the given expression in Python and returns the result.</doc>
<status status="PASS" start="2025-07-23T17:11:48.555833" elapsed="0.001394"/>
</kw>
<kw name="Should Contain" owner="BuiltIn">
<arg>${TEXTO_OPC}</arg>
<arg>${LISTA_ATIVIDADES_GERADA}[${INDEX_CORRIGIDO}]</arg>
<doc>Fails if ``container`` does not contain ``item`` one or more times.</doc>
<status status="PASS" start="2025-07-23T17:11:48.557933" elapsed="0.000977"/>
</kw>
<kw name="Log" owner="BuiltIn">
<msg time="2025-07-23T17:11:48.560454" level="INFO">A atividade "3" foi marcada como concluída, com sucesso!</msg>
<arg>A atividade "${NUM_ATIVIDADE}" foi marcada como concluída, com sucesso!</arg>
<doc>Logs the given message with the given level.</doc>
<status status="PASS" start="2025-07-23T17:11:48.559640" elapsed="0.001659"/>
</kw>
<doc>Verifica se a atividade selecionada está marcada como concluída</doc>
<status status="PASS" start="2025-07-23T17:11:48.449068" elapsed="0.112671"/>
</kw>
<doc>Marca a atividade selecionada como concluída</doc>
<status status="PASS" start="2025-07-23T17:11:48.042380" elapsed="0.519632"/>
</kw>
<kw name="Excluir atividade &quot;3&quot;" owner="kws_lista_tarefas" source_name="Excluir atividade &quot;${NUM_ATIVIDADE}&quot;">
<kw name="Click Element" owner="SeleniumLibrary">
<msg time="2025-07-23T17:11:48.565276" level="INFO">Clicking element '(//li[@data-testid='todo-item']//button[@class='destroy'])[3]'.</msg>
<arg>locator=(${HOME_LISTA_TAREFAS}${HOME_BTN_OPCOES_LISTA})[${NUM_ATIVIDADE}]</arg>
<doc>Click the element identified by ``locator``.</doc>
<status status="PASS" start="2025-07-23T17:11:48.564347" elapsed="0.173218"/>
</kw>
<kw name="Capture Page Screenshot" owner="SeleniumLibrary">
<msg time="2025-07-23T17:11:48.939035" level="INFO" html="true">&lt;/td&gt;&lt;/tr&gt;&lt;tr&gt;&lt;td colspan="3"&gt;&lt;a href="selenium-screenshot-8.png"&gt;&lt;img src="selenium-screenshot-8.png" width="800px"&gt;&lt;/a&gt;</msg>
<doc>Takes a screenshot of the current page and embeds it into a log file.</doc>
<status status="PASS" start="2025-07-23T17:11:48.738288" elapsed="0.201073"/>
</kw>
<kw name="Verificar se a atividade &quot;${NUM_ATIVIDADE}&quot; não está mais presente na lista" owner="kws_lista_tarefas" source_name="Verificar se a atividade &quot;${NUM_ATIVIDADE}&quot; não está mais presente na lista">
<kw name="Set Variable" owner="BuiltIn">
<msg time="2025-07-23T17:11:48.942811" level="INFO">${ATIVIDADE_EXCLUIDA} = //li[@data-testid='todo-item']//label[contains(text(), '{text}')]</msg>
<var>${ATIVIDADE_EXCLUIDA}</var>
<arg>${HOME_LISTA_TAREFAS}${HOME_LABEL_OPCOES_LISTA}</arg>
<doc>Returns the given values which can then be assigned to a variables.</doc>
<status status="PASS" start="2025-07-23T17:11:48.941971" elapsed="0.000964"/>
</kw>
<kw name="Evaluate" owner="BuiltIn">
<msg time="2025-07-23T17:11:48.944323" level="INFO">${INDEX_CORRIGIDO} = 2</msg>
<var>${INDEX_CORRIGIDO}</var>
<arg>${NUM_ATIVIDADE} - 1</arg>
<doc>Evaluates the given expression in Python and returns the result.</doc>
<status status="PASS" start="2025-07-23T17:11:48.943564" elapsed="0.000889"/>
</kw>
<kw name="Format String" owner="String">
<msg time="2025-07-23T17:11:48.947787" level="INFO">${ATIVIDADE_EXCLUIDA_FORMATADA} = //li[@data-testid='todo-item']//label[contains(text(), 'rRpzVtDoQK')]</msg>
<var>${ATIVIDADE_EXCLUIDA_FORMATADA}</var>
<arg>${ATIVIDADE_EXCLUIDA}</arg>
<arg>text=${LISTA_ATIVIDADES_GERADA}[${INDEX_CORRIGIDO}]</arg>
<doc>Formats a ``template`` using the given ``positional`` and ``named`` arguments.</doc>
<status status="PASS" start="2025-07-23T17:11:48.945086" elapsed="0.002845"/>
</kw>
<kw name="Run Keyword And Return Status" owner="BuiltIn">
<kw name="Element Should Be Visible" owner="SeleniumLibrary">
<msg time="2025-07-23T17:11:49.178892" level="INFO" html="true">&lt;/td&gt;&lt;/tr&gt;&lt;tr&gt;&lt;td colspan="3"&gt;&lt;a href="selenium-screenshot-9.png"&gt;&lt;img src="selenium-screenshot-9.png" width="800px"&gt;&lt;/a&gt;</msg>
<msg time="2025-07-23T17:11:49.179383" level="FAIL">Element with locator '//li[@data-testid='todo-item']//label[contains(text(), 'rRpzVtDoQK')]' not found.</msg>
<arg>locator=${ATIVIDADE_EXCLUIDA_FORMATADA}</arg>
<doc>Verifies that the element identified by ``locator`` is visible.</doc>
<status status="FAIL" start="2025-07-23T17:11:48.949600" elapsed="0.240416">Element with locator '//li[@data-testid='todo-item']//label[contains(text(), 'rRpzVtDoQK')]' not found.</status>
</kw>
<msg time="2025-07-23T17:11:49.190520" level="INFO">${ELEMENTO_PRESENTE} = False</msg>
<var>${ELEMENTO_PRESENTE}</var>
<arg>Element Should Be Visible</arg>
<arg>locator=${ATIVIDADE_EXCLUIDA_FORMATADA}</arg>
<doc>Runs the given keyword with given arguments and returns the status as a Boolean value.</doc>
<status status="PASS" start="2025-07-23T17:11:48.948635" elapsed="0.242003"/>
</kw>
<kw name="Should Not Be True" owner="BuiltIn">
<arg>${ELEMENTO_PRESENTE}</arg>
<doc>Fails if the given condition is true.</doc>
<status status="PASS" start="2025-07-23T17:11:49.191280" elapsed="0.000558"/>
</kw>
<kw name="Log" owner="BuiltIn">
<msg time="2025-07-23T17:11:49.193058" level="INFO">A atividade "3", não está mais presente na lista!</msg>
<arg>A atividade "${NUM_ATIVIDADE}", não está mais presente na lista!</arg>
<doc>Logs the given message with the given level.</doc>
<status status="PASS" start="2025-07-23T17:11:49.192451" elapsed="0.000972"/>
</kw>
<doc>Verifica se a atividade removida foi realmente excluída da lista de tarefas</doc>
<status status="PASS" start="2025-07-23T17:11:48.940639" elapsed="0.253163"/>
</kw>
<doc>Exclui a atividade selecionada da lista de tarefas</doc>
<status status="PASS" start="2025-07-23T17:11:48.563110" elapsed="0.630947"/>
</kw>
<kw name="Filtrar as atividades em &quot;Completed&quot;" owner="kws_lista_tarefas" source_name="Filtrar as atividades em &quot;${TIPO_FILTRAGEM}&quot;">
<kw name="Convert To Lower Case" owner="String">
<msg time="2025-07-23T17:11:49.197427" level="INFO">${TIPO_FILTRO} = completed</msg>
<var>${TIPO_FILTRO}</var>
<arg>${TIPO_FILTRAGEM}</arg>
<doc>Converts string to lower case.</doc>
<status status="PASS" start="2025-07-23T17:11:49.196758" elapsed="0.000795"/>
</kw>
<kw name="Format String" owner="String">
<msg time="2025-07-23T17:11:49.199591" level="INFO">${OPCOES_FOOTER_FORMATADO} = //ul[@data-testid='footer-navigation']//a[contains(@href, 'completed')]</msg>
<var>${OPCOES_FOOTER_FORMATADO}</var>
<arg>${OPCOES_FOOTER}</arg>
<arg>opc=${TIPO_FILTRO}</arg>
<doc>Formats a ``template`` using the given ``positional`` and ``named`` arguments.</doc>
<status status="PASS" start="2025-07-23T17:11:49.198203" elapsed="0.001533"/>
</kw>
<kw name="Click Link" owner="SeleniumLibrary">
<msg time="2025-07-23T17:11:49.201285" level="INFO">Clicking link '//ul[@data-testid='footer-navigation']//a[contains(@href, 'completed')]'.</msg>
<arg>locator=${OPCOES_FOOTER_FORMATADO}</arg>
<doc>Clicks a link identified by ``locator``.</doc>
<status status="PASS" start="2025-07-23T17:11:49.200445" elapsed="0.196993"/>
</kw>
<kw name="Capture Page Screenshot" owner="SeleniumLibrary">
<msg time="2025-07-23T17:11:49.621880" level="INFO" html="true">&lt;/td&gt;&lt;/tr&gt;&lt;tr&gt;&lt;td colspan="3"&gt;&lt;a href="selenium-screenshot-10.png"&gt;&lt;img src="selenium-screenshot-10.png" width="800px"&gt;&lt;/a&gt;</msg>
<doc>Takes a screenshot of the current page and embeds it into a log file.</doc>
<status status="PASS" start="2025-07-23T17:11:49.398579" elapsed="0.223619"/>
</kw>
<doc>Filtra a lista de atividades com base no tipo de filtragem selecionado</doc>
<status status="PASS" start="2025-07-23T17:11:49.195431" elapsed="0.427118"/>
</kw>
<doc>Teste que verifica a adição de 4 atividades, marca a 3ª atividade como concluída e depois exclui essa atividade, e faz a filtragem de todas as atividades concluídas</doc>
<tag>ADICIONAR_MARCAR_EXCLUIR_FILTRAR</tag>
<tag>CT02</tag>
<status status="PASS" start="2025-07-23T17:11:45.123353" elapsed="4.499991"/>
</test>
<test id="s1-s1-t3" name="Cenario 3: Adicionar atividades 4, marcar a 4ª como concluída, limpar atividades concluídas" line="24">
<kw name="Acessar página home do site" owner="kws_lista_tarefas" type="SETUP">
<kw name="Go To" owner="SeleniumLibrary">
<msg time="2025-07-23T17:11:49.629704" level="INFO">Opening url 'https://todomvc.com/examples/react/dist/'</msg>
<arg>${URL_HOME}</arg>
<doc>Navigates the current browser window to the provided ``url``.</doc>
<status status="PASS" start="2025-07-23T17:11:49.629193" elapsed="0.131168"/>
</kw>
<kw name="Title Should Be" owner="SeleniumLibrary">
<msg time="2025-07-23T17:11:49.778398" level="INFO">Page title is 'TodoMVC: React'.</msg>
<arg>${HOME_TITLE}</arg>
<doc>Verifies that the current page title equals ``title``.</doc>
<status status="PASS" start="2025-07-23T17:11:49.761203" elapsed="0.017446"/>
</kw>
<kw name="Capture Page Screenshot" owner="SeleniumLibrary">
<msg time="2025-07-23T17:11:50.011867" level="INFO" html="true">&lt;/td&gt;&lt;/tr&gt;&lt;tr&gt;&lt;td colspan="3"&gt;&lt;a href="selenium-screenshot-11.png"&gt;&lt;img src="selenium-screenshot-11.png" width="800px"&gt;&lt;/a&gt;</msg>
<doc>Takes a screenshot of the current page and embeds it into a log file.</doc>
<status status="PASS" start="2025-07-23T17:11:49.779304" elapsed="0.232905"/>
</kw>
<arg>${TODO_MVC_URL}</arg>
<doc>Acessa a página inicial do site de testes (https://todomvc.com/examples/react/dist/)</doc>
<status status="PASS" start="2025-07-23T17:11:49.627800" elapsed="0.384773"/>
</kw>
<kw name="Adicionar &quot;4&quot; atividade(s)" owner="kws_lista_tarefas" source_name="Adicionar &quot;${QUANT_ATIVIDADES}&quot; atividade(s)">
<kw name="Gerar lista de atividades aleatórias" owner="kws_lista_tarefas">
<kw name="Create List" owner="BuiltIn">
<msg time="2025-07-23T17:11:50.017219" level="INFO">@{LISTA_ATIVIDADES} = [ ]</msg>
<var>@{LISTA_ATIVIDADES}</var>
<doc>Returns a list containing given items.</doc>
<status status="PASS" start="2025-07-23T17:11:50.016568" elapsed="0.000783"/>
</kw>
<for flavor="IN RANGE">
<iter>
<kw name="Generate Random String" owner="String">
<msg time="2025-07-23T17:11:50.020054" level="INFO">${ATIVIDADE} = YgkFcDkTNP</msg>
<var>${ATIVIDADE}</var>
<arg>length=10</arg>
<arg>chars=[LETTERS]</arg>
<doc>Generates a string with a desired ``length`` from the given ``chars``.</doc>
<status status="PASS" start="2025-07-23T17:11:50.019190" elapsed="0.000991"/>
</kw>
<kw name="Append To List" owner="Collections">
<arg>${LISTA_ATIVIDADES}</arg>
<arg>${ATIVIDADE}</arg>
<doc>Adds ``values`` to the end of ``list``.</doc>
<status status="PASS" start="2025-07-23T17:11:50.020861" elapsed="0.000611"/>
</kw>
<var name="${INDEX}">0</var>
<status status="PASS" start="2025-07-23T17:11:50.018603" elapsed="0.003153"/>
</iter>
<iter>
<kw name="Generate Random String" owner="String">
<msg time="2025-07-23T17:11:50.023540" level="INFO">${ATIVIDADE} = nMeWidsUiz</msg>
<var>${ATIVIDADE}</var>
<arg>length=10</arg>
<arg>chars=[LETTERS]</arg>
<doc>Generates a string with a desired ``length`` from the given ``chars``.</doc>
<status status="PASS" start="2025-07-23T17:11:50.022711" elapsed="0.000957"/>
</kw>
<kw name="Append To List" owner="Collections">
<arg>${LISTA_ATIVIDADES}</arg>
<arg>${ATIVIDADE}</arg>
<doc>Adds ``values`` to the end of ``list``.</doc>
<status status="PASS" start="2025-07-23T17:11:50.024290" elapsed="0.000600"/>
</kw>
<var name="${INDEX}">1</var>
<status status="PASS" start="2025-07-23T17:11:50.022188" elapsed="0.002911"/>
</iter>
<iter>
<kw name="Generate Random String" owner="String">
<msg time="2025-07-23T17:11:50.027135" level="INFO">${ATIVIDADE} = khnBfRzTiK</msg>
<var>${ATIVIDADE}</var>
<arg>length=10</arg>
<arg>chars=[LETTERS]</arg>
<doc>Generates a string with a desired ``length`` from the given ``chars``.</doc>
<status status="PASS" start="2025-07-23T17:11:50.026060" elapsed="0.001279"/>
</kw>
<kw name="Append To List" owner="Collections">
<arg>${LISTA_ATIVIDADES}</arg>
<arg>${ATIVIDADE}</arg>
<doc>Adds ``values`` to the end of ``list``.</doc>
<status status="PASS" start="2025-07-23T17:11:50.028488" elapsed="0.001097"/>
</kw>
<var name="${INDEX}">2</var>
<status status="PASS" start="2025-07-23T17:11:50.025527" elapsed="0.004434"/>
</iter>
<iter>
<kw name="Generate Random String" owner="String">
<msg time="2025-07-23T17:11:50.032222" level="INFO">${ATIVIDADE} = drlbAWHxaP</msg>
<var>${ATIVIDADE}</var>
<arg>length=10</arg>
<arg>chars=[LETTERS]</arg>
<doc>Generates a string with a desired ``length`` from the given ``chars``.</doc>
<status status="PASS" start="2025-07-23T17:11:50.031181" elapsed="0.001204"/>
</kw>
<kw name="Append To List" owner="Collections">
<arg>${LISTA_ATIVIDADES}</arg>
<arg>${ATIVIDADE}</arg>
<doc>Adds ``values`` to the end of ``list``.</doc>
<status status="PASS" start="2025-07-23T17:11:50.033683" elapsed="0.000953"/>
</kw>
<var name="${INDEX}">3</var>
<status status="PASS" start="2025-07-23T17:11:50.030515" elapsed="0.004370"/>
</iter>
<var>${INDEX}</var>
<value>${QUANT_ATIVIDADES}</value>
<status status="PASS" start="2025-07-23T17:11:50.017676" elapsed="0.017422"/>
</for>
<kw name="Set Test Variable" owner="BuiltIn">
<msg time="2025-07-23T17:11:50.038167" level="INFO">@{LISTA_ATIVIDADES_GERADA} = [ YgkFcDkTNP | nMeWidsUiz | khnBfRzTiK | drlbAWHxaP ]</msg>
<arg>@{LISTA_ATIVIDADES_GERADA}</arg>
<arg>@{LISTA_ATIVIDADES}</arg>
<doc>Makes a variable available everywhere within the scope of the current test.</doc>
<status status="PASS" start="2025-07-23T17:11:50.035795" elapsed="0.002585"/>
</kw>
<arg>${QUANT_ATIVIDADES}</arg>
<doc>Gera uma lista de atividades aleatórias para serem adicionadas à lista de tarefas</doc>
<status status="PASS" start="2025-07-23T17:11:50.015143" elapsed="0.023559"/>
</kw>
<for flavor="IN">
<iter>
<kw name="Input Text" owner="SeleniumLibrary">
<msg time="2025-07-23T17:11:50.043354" level="INFO">Typing text 'YgkFcDkTNP' into text field 'id=todo-input'.</msg>
<arg>${HOME_CAMPO_PESQUISAR}</arg>
<arg>${ATIVIDADE}</arg>
<doc>Types the given ``text`` into the text field identified by ``locator``.</doc>
<status status="PASS" start="2025-07-23T17:11:50.041425" elapsed="0.188690"/>
</kw>
<kw name="Press Keys" owner="SeleniumLibrary">
<msg time="2025-07-23T17:11:50.232034" level="INFO">Sending key(s) ('RETURN',) to id=todo-input element.</msg>
<msg time="2025-07-23T17:11:50.541355" level="INFO">Pressing special key RETURN to element.</msg>
<msg time="2025-07-23T17:11:50.541562" level="INFO">Releasing special key RETURN.</msg>
<arg>${HOME_CAMPO_PESQUISAR}</arg>
<arg>RETURN</arg>
<doc>Simulates the user pressing key(s) to an element or on the active browser.</doc>
<status status="PASS" start="2025-07-23T17:11:50.230843" elapsed="0.350388"/>
</kw>
<var name="${ATIVIDADE}">YgkFcDkTNP</var>
<status status="PASS" start="2025-07-23T17:11:50.039947" elapsed="0.541578"/>
</iter>
<iter>
<kw name="Input Text" owner="SeleniumLibrary">
<msg time="2025-07-23T17:11:50.584277" level="INFO">Typing text 'nMeWidsUiz' into text field 'id=todo-input'.</msg>
<arg>${HOME_CAMPO_PESQUISAR}</arg>
<arg>${ATIVIDADE}</arg>
<doc>Types the given ``text`` into the text field identified by ``locator``.</doc>
<status status="PASS" start="2025-07-23T17:11:50.583255" elapsed="0.319283"/>
</kw>
<kw name="Press Keys" owner="SeleniumLibrary">
<msg time="2025-07-23T17:11:50.905882" level="INFO">Sending key(s) ('RETURN',) to id=todo-input element.</msg>
<msg time="2025-07-23T17:11:51.240166" level="INFO">Pressing special key RETURN to element.</msg>
<msg time="2025-07-23T17:11:51.240387" level="INFO">Releasing special key RETURN.</msg>
<arg>${HOME_CAMPO_PESQUISAR}</arg>
<arg>RETURN</arg>
<doc>Simulates the user pressing key(s) to an element or on the active browser.</doc>
<status status="PASS" start="2025-07-23T17:11:50.903708" elapsed="0.373134"/>
</kw>
<var name="${ATIVIDADE}">nMeWidsUiz</var>
<status status="PASS" start="2025-07-23T17:11:50.582089" elapsed="0.695077"/>
</iter>
<iter>
<kw name="Input Text" owner="SeleniumLibrary">
<msg time="2025-07-23T17:11:51.279340" level="INFO">Typing text 'khnBfRzTiK' into text field 'id=todo-input'.</msg>
<arg>${HOME_CAMPO_PESQUISAR}</arg>
<arg>${ATIVIDADE}</arg>
<doc>Types the given ``text`` into the text field identified by ``locator``.</doc>
<status status="PASS" start="2025-07-23T17:11:51.278419" elapsed="0.227093"/>
</kw>
<kw name="Press Keys" owner="SeleniumLibrary">
<msg time="2025-07-23T17:11:51.508066" level="INFO">Sending key(s) ('RETURN',) to id=todo-input element.</msg>
<msg time="2025-07-23T17:11:51.839235" level="INFO">Pressing special key RETURN to element.</msg>
<msg time="2025-07-23T17:11:51.839457" level="INFO">Releasing special key RETURN.</msg>
<arg>${HOME_CAMPO_PESQUISAR}</arg>
<arg>RETURN</arg>
<doc>Simulates the user pressing key(s) to an element or on the active browser.</doc>
<status status="PASS" start="2025-07-23T17:11:51.506363" elapsed="0.363650"/>
</kw>
<var name="${ATIVIDADE}">khnBfRzTiK</var>
<status status="PASS" start="2025-07-23T17:11:51.277707" elapsed="0.592602"/>
</iter>
<iter>
<kw name="Input Text" owner="SeleniumLibrary">
<msg time="2025-07-23T17:11:51.872541" level="INFO">Typing text 'drlbAWHxaP' into text field 'id=todo-input'.</msg>
<arg>${HOME_CAMPO_PESQUISAR}</arg>
<arg>${ATIVIDADE}</arg>
<doc>Types the given ``text`` into the text field identified by ``locator``.</doc>
<status status="PASS" start="2025-07-23T17:11:51.871596" elapsed="0.206926"/>
</kw>
<kw name="Press Keys" owner="SeleniumLibrary">
<msg time="2025-07-23T17:11:52.080464" level="INFO">Sending key(s) ('RETURN',) to id=todo-input element.</msg>
<msg time="2025-07-23T17:11:52.391020" level="INFO">Pressing special key RETURN to element.</msg>
<msg time="2025-07-23T17:11:52.391234" level="INFO">Releasing special key RETURN.</msg>
<arg>${HOME_CAMPO_PESQUISAR}</arg>
<arg>RETURN</arg>
<doc>Simulates the user pressing key(s) to an element or on the active browser.</doc>
<status status="PASS" start="2025-07-23T17:11:52.079270" elapsed="0.361411"/>
</kw>
<var name="${ATIVIDADE}">drlbAWHxaP</var>
<status status="PASS" start="2025-07-23T17:11:51.870902" elapsed="0.570071"/>
</iter>
<var>${ATIVIDADE}</var>
<value>@{LISTA_ATIVIDADES_GERADA}</value>
<status status="PASS" start="2025-07-23T17:11:50.038948" elapsed="2.402257"/>
</for>
<kw name="Wait Until Element Is Visible" owner="SeleniumLibrary">
<arg>${HOME_LISTA_TAREFAS}</arg>
<doc>Waits until the element ``locator`` is visible.</doc>
<status status="PASS" start="2025-07-23T17:11:52.441969" elapsed="0.066999"/>
</kw>
<kw name="Capture Page Screenshot" owner="SeleniumLibrary">
<msg time="2025-07-23T17:11:52.731922" level="INFO" html="true">&lt;/td&gt;&lt;/tr&gt;&lt;tr&gt;&lt;td colspan="3"&gt;&lt;a href="selenium-screenshot-12.png"&gt;&lt;img src="selenium-screenshot-12.png" width="800px"&gt;&lt;/a&gt;</msg>
<doc>Takes a screenshot of the current page and embeds it into a log file.</doc>
<status status="PASS" start="2025-07-23T17:11:52.509823" elapsed="0.222413"/>
</kw>
<doc>Adiciona uma lista de atividades à lista de tarefas</doc>
<status status="PASS" start="2025-07-23T17:11:50.013875" elapsed="2.718717"/>
</kw>
<kw name="Marcar atividade &quot;4&quot; como concluída" owner="kws_lista_tarefas" source_name="Marcar atividade &quot;${NUM_ATIVIDADE}&quot; como concluída">
<kw name="Click Element" owner="SeleniumLibrary">
<msg time="2025-07-23T17:11:52.743000" level="INFO">Clicking element '(//li[@data-testid='todo-item']//input[@data-testid='todo-item-toggle'])[4]'.</msg>
<arg>locator=(${HOME_LISTA_TAREFAS}${HOME_CHECKBOX_OPCOES_LISTA})[${NUM_ATIVIDADE}]</arg>
<doc>Click the element identified by ``locator``.</doc>
<status status="PASS" start="2025-07-23T17:11:52.739978" elapsed="0.367417"/>
</kw>
<kw name="Capture Page Screenshot" owner="SeleniumLibrary">
<msg time="2025-07-23T17:11:53.483780" level="INFO" html="true">&lt;/td&gt;&lt;/tr&gt;&lt;tr&gt;&lt;td colspan="3"&gt;&lt;a href="selenium-screenshot-13.png"&gt;&lt;img src="selenium-screenshot-13.png" width="800px"&gt;&lt;/a&gt;</msg>
<doc>Takes a screenshot of the current page and embeds it into a log file.</doc>
<status status="PASS" start="2025-07-23T17:11:53.108779" elapsed="0.375376"/>
</kw>
<kw name="Verificar se a atividade &quot;${NUM_ATIVIDADE}&quot; está concluída" owner="kws_lista_tarefas" source_name="Verificar se a atividade &quot;${NUM_ATIVIDADE}&quot; está concluída">
<kw name="Set Variable" owner="BuiltIn">
<msg time="2025-07-23T17:11:53.489138" level="INFO">${ATIVIDADE_SELECIONADA} = (//li[@data-testid='todo-item'])[4]</msg>
<var>${ATIVIDADE_SELECIONADA}</var>
<arg>(${HOME_LISTA_TAREFAS})[${NUM_ATIVIDADE}]</arg>
<doc>Returns the given values which can then be assigned to a variables.</doc>
<status status="PASS" start="2025-07-23T17:11:53.487914" elapsed="0.001405"/>
</kw>
<kw name="Element Attribute Value Should Be" owner="SeleniumLibrary">
<msg time="2025-07-23T17:11:53.646634" level="INFO">Element '(//li[@data-testid='todo-item'])[4]' attribute 'class' contains value 'completed'.</msg>
<arg>locator=${ATIVIDADE_SELECIONADA}</arg>
<arg>attribute=class</arg>
<arg>expected=completed</arg>
<doc>Verifies element identified by ``locator`` contains expected attribute value.</doc>
<status status="PASS" start="2025-07-23T17:11:53.490781" elapsed="0.156178"/>
</kw>
<kw name="Get Text" owner="SeleniumLibrary">
<msg time="2025-07-23T17:11:53.724605" level="INFO">${TEXTO_OPC} = drlbAWHxaP</msg>
<var>${TEXTO_OPC}</var>
<arg>locator=${ATIVIDADE_SELECIONADA}//label</arg>
<doc>Returns the text value of the element identified by ``locator``.</doc>
<status status="PASS" start="2025-07-23T17:11:53.647884" elapsed="0.076879"/>
</kw>
<kw name="Log" owner="BuiltIn">
<msg time="2025-07-23T17:11:53.726279" level="INFO">Texto da atividade marcada como concluída: drlbAWHxaP</msg>
<arg>Texto da atividade marcada como concluída: ${TEXTO_OPC}</arg>
<doc>Logs the given message with the given level.</doc>
<status status="PASS" start="2025-07-23T17:11:53.725571" elapsed="0.001060"/>
</kw>
<kw name="Evaluate" owner="BuiltIn">
<msg time="2025-07-23T17:11:53.729123" level="INFO">${INDEX_CORRIGIDO} = 3</msg>
<var>${INDEX_CORRIGIDO}</var>
<arg>${NUM_ATIVIDADE} - 1</arg>
<doc>Evaluates the given expression in Python and returns the result.</doc>
<status status="PASS" start="2025-07-23T17:11:53.727623" elapsed="0.001771"/>
</kw>
<kw name="Should Contain" owner="BuiltIn">
<arg>${TEXTO_OPC}</arg>
<arg>${LISTA_ATIVIDADES_GERADA}[${INDEX_CORRIGIDO}]</arg>
<doc>Fails if ``container`` does not contain ``item`` one or more times.</doc>
<status status="PASS" start="2025-07-23T17:11:53.730191" elapsed="0.000975"/>
</kw>
<kw name="Log" owner="BuiltIn">
<msg time="2025-07-23T17:11:53.732633" level="INFO">A atividade "4" foi marcada como concluída, com sucesso!</msg>
<arg>A atividade "${NUM_ATIVIDADE}" foi marcada como concluída, com sucesso!</arg>
<doc>Logs the given message with the given level.</doc>
<status status="PASS" start="2025-07-23T17:11:53.731912" elapsed="0.001060"/>
</kw>
<doc>Verifica se a atividade selecionada está marcada como concluída</doc>
<status status="PASS" start="2025-07-23T17:11:53.486228" elapsed="0.247124"/>
</kw>
<doc>Marca a atividade selecionada como concluída</doc>
<status status="PASS" start="2025-07-23T17:11:52.738548" elapsed="0.995083"/>
</kw>
<kw name="Limpar as atividades concluídas" owner="kws_lista_tarefas">
<kw name="Click Element" owner="SeleniumLibrary">
<msg time="2025-07-23T17:11:53.737019" level="INFO">Clicking element '//footer[@data-testid='footer']//button[@class='clear-completed']'.</msg>
<arg>locator=${BTN_LIMPAR_ATIVIDADES_CONCLUÍDAS}</arg>
<doc>Click the element identified by ``locator``.</doc>
<status status="PASS" start="2025-07-23T17:11:53.736189" elapsed="0.231651"/>
</kw>
<kw name="Capture Page Screenshot" owner="SeleniumLibrary">
<msg time="2025-07-23T17:11:54.167375" level="INFO" html="true">&lt;/td&gt;&lt;/tr&gt;&lt;tr&gt;&lt;td colspan="3"&gt;&lt;a href="selenium-screenshot-14.png"&gt;&lt;img src="selenium-screenshot-14.png" width="800px"&gt;&lt;/a&gt;</msg>
<doc>Takes a screenshot of the current page and embeds it into a log file.</doc>
<status status="PASS" start="2025-07-23T17:11:53.968728" elapsed="0.199130"/>
</kw>
<kw name="Verificar se há alguma atividade concluída na lista" owner="kws_lista_tarefas">
<kw name="Set Variable" owner="BuiltIn">
<msg time="2025-07-23T17:11:54.170993" level="INFO">${LOCATOR_LISTA_CONCLUIDAS} = //li[@data-testid='todo-item'][contains(@class, 'completed')]</msg>
<var>${LOCATOR_LISTA_CONCLUIDAS}</var>
<arg>${HOME_LISTA_TAREFAS}\[contains(@class, 'completed')]</arg>
<doc>Returns the given values which can then be assigned to a variables.</doc>
<status status="PASS" start="2025-07-23T17:11:54.170029" elapsed="0.001137"/>
</kw>
<kw name="Get WebElements" owner="SeleniumLibrary">
<msg time="2025-07-23T17:11:54.206428" level="INFO">${LISTA_ELEMENTOS_CONCLUIDOS} = []</msg>
<var>${LISTA_ELEMENTOS_CONCLUIDOS}</var>
<arg>locator=${LOCATOR_LISTA_CONCLUIDAS}</arg>
<doc>Returns a list of WebElement objects matching the ``locator``.</doc>
<status status="PASS" start="2025-07-23T17:11:54.172128" elapsed="0.034490"/>
</kw>
<kw name="Log" owner="BuiltIn">
<msg time="2025-07-23T17:11:54.208083" level="INFO">Quantidade de elementos de atividades concluídas retornados: []</msg>
<arg>Quantidade de elementos de atividades concluídas retornados: ${LISTA_ELEMENTOS_CONCLUIDOS}</arg>
<doc>Logs the given message with the given level.</doc>
<status status="PASS" start="2025-07-23T17:11:54.207381" elapsed="0.000964"/>
</kw>
<kw name="Should Be Empty" owner="BuiltIn">
<msg time="2025-07-23T17:11:54.209816" level="INFO">Length is 0.</msg>
<arg>${LISTA_ELEMENTOS_CONCLUIDOS}</arg>
<doc>Verifies that the given item is empty.</doc>
<status status="PASS" start="2025-07-23T17:11:54.209108" elapsed="0.000987"/>
</kw>
<kw name="Log" owner="BuiltIn">
<msg time="2025-07-23T17:11:54.211352" level="INFO">Não há atividades concluídas na lista, após a limpeza!</msg>
<arg>Não há atividades concluídas na lista, após a limpeza!</arg>
<doc>Logs the given message with the given level.</doc>
<status status="PASS" start="2025-07-23T17:11:54.210832" elapsed="0.000826"/>
</kw>
<doc>Verifica se existem atividades concluídas na lista de tarefas</doc>
<status status="PASS" start="2025-07-23T17:11:54.168701" elapsed="0.043392"/>
</kw>
<doc>Limpa todas as atividades marcadas como concluídas</doc>
<status status="PASS" start="2025-07-23T17:11:53.734718" elapsed="0.477716"/>
</kw>
<doc>Teste que verifica a adição de 4 atividades, marca a 4ª atividade como concluída e depois limpa as atividades concluídas</doc>
<tag>ADICIONAR_MARCAR_LIMPAR</tag>
<tag>CT03</tag>
<status status="PASS" start="2025-07-23T17:11:49.625359" elapsed="4.589158"/>
</test>
<kw name="Fechar o navegador" owner="teardown" type="TEARDOWN">
<kw name="Close Browser" owner="SeleniumLibrary">
<doc>Closes the current browser.</doc>
<status status="PASS" start="2025-07-23T17:11:54.223065" elapsed="4.040449"/>
</kw>
<doc>Fecha o navegador (Browser)</doc>
<status status="PASS" start="2025-07-23T17:11:54.221865" elapsed="4.042463"/>
</kw>
<doc>Este arquivo contém os casos de teste automatizados para o gerenciador de atividades To-Do MVC (https://todomvc.com/examples/react/dist/), incluindo casos de testes de adição, marcação, exclusão, filtragem e limpeza de atividades da lista de tarefas.</doc>
<status status="PASS" start="2025-07-23T17:11:27.032198" elapsed="31.232617"/>
</suite>
<status status="PASS" start="2025-07-23T17:11:26.904591" elapsed="31.370039"/>
</suite>
<statistics>
<total>
<stat pass="3" fail="0" skip="0">All Tests</stat>
</total>
<tag>
<stat pass="1" fail="0" skip="0">ADICIONAR_MARCAR_EXCLUIR_FILTRAR</stat>
<stat pass="1" fail="0" skip="0">ADICIONAR_MARCAR_FILTRAR</stat>
<stat pass="1" fail="0" skip="0">ADICIONAR_MARCAR_LIMPAR</stat>
<stat pass="1" fail="0" skip="0">CT01</stat>
<stat pass="1" fail="0" skip="0">CT02</stat>
<stat pass="1" fail="0" skip="0">CT03</stat>
</tag>
<suite>
<stat name="Tests" id="s1" pass="3" fail="0" skip="0">Tests</stat>
<stat name="Lista Tarefas" id="s1-s1" pass="3" fail="0" skip="0">Tests.Lista Tarefas</stat>
</suite>
</statistics>
<errors>
</errors>
</robot>
