<?xml version="1.0" encoding="UTF-8"?>
<robot generator="Robot 7.3.2 (Python 3.13.2 on win32)" generated="2025-08-01T01:45:01.822941" rpa="false" schemaversion="5">
<suite id="s1" name="Tests" source="C:\workspace\testes_automatizados_web\automacao_intermediario\tests">
<suite id="s1-s1" name="Sistema Vendas" source="C:\workspace\testes_automatizados_web\automacao_intermediario\tests\sistema_vendas.robot">
<kw name="Abrir o navegador" owner="setup" type="SETUP">
<if>
<branch type="IF" condition="'${HEADLESS}' == 'True' or '${HEADLESS}' == 'true'">
<kw name="Open Browser" owner="SeleniumLibrary">
<arg>about:blank</arg>
<arg>${BROWSER}</arg>
<arg>options=add_argument("--headless=new")</arg>
<doc>Opens a new browser instance to the optional ``url``.</doc>
<status status="NOT RUN" start="2025-08-01T01:45:05.026819" elapsed="0.000204"/>
</kw>
<status status="NOT RUN" start="2025-08-01T01:45:05.022283" elapsed="0.006193"/>
</branch>
<branch type="ELSE">
<kw name="Open Browser" owner="SeleniumLibrary">
<msg time="2025-08-01T01:45:05.030902" level="INFO">Opening browser 'chrome' to base url 'about:blank'.</msg>
<arg>about:blank</arg>
<arg>${BROWSER}</arg>
<arg>options=add_argument("--incognito")</arg>
<doc>Opens a new browser instance to the optional ``url``.</doc>
<status status="PASS" start="2025-08-01T01:45:05.029956" elapsed="2.511325"/>
</kw>
<status status="PASS" start="2025-08-01T01:45:05.029212" elapsed="2.512443"/>
</branch>
<status status="PASS" start="2025-08-01T01:45:05.022177" elapsed="2.519688"/>
</if>
<kw name="Maximize Browser Window" owner="SeleniumLibrary">
<doc>Maximizes current browser window.</doc>
<status status="PASS" start="2025-08-01T01:45:07.542546" elapsed="0.129506"/>
</kw>
<doc>Abre o navegador (Browser) com as opções definidas</doc>
<status status="PASS" start="2025-08-01T01:45:05.021491" elapsed="2.650973"/>
</kw>
<test id="s1-s1-t1" name="Cenario 1: Login, adição, remoção de produtos e, finalização de pedido" line="8">
<kw name="Run Keywords" owner="BuiltIn" type="SETUP">
<kw name="Acessar página home do site" owner="kws_sistema_vendas">
<kw name="Go To" owner="SeleniumLibrary">
<msg time="2025-08-01T01:45:07.698779" level="INFO">Opening url 'https://www.saucedemo.com/'</msg>
<arg>${URL_HOME}</arg>
<doc>Navigates the current browser window to the provided ``url``.</doc>
<status status="PASS" start="2025-08-01T01:45:07.697184" elapsed="2.583026"/>
</kw>
<kw name="Title Should Be" owner="SeleniumLibrary">
<msg time="2025-08-01T01:45:10.332987" level="INFO">Page title is 'Swag Labs'.</msg>
<arg>${LOGIN_TITLE}</arg>
<doc>Verifies that the current page title equals ``title``.</doc>
<status status="PASS" start="2025-08-01T01:45:10.281041" elapsed="0.052208"/>
</kw>
<kw name="Capture Page Screenshot" owner="SeleniumLibrary">
<msg time="2025-08-01T01:45:10.568630" level="INFO" html="true">&lt;/td&gt;&lt;/tr&gt;&lt;tr&gt;&lt;td colspan="3"&gt;&lt;a href="selenium-screenshot-1.png"&gt;&lt;img src="selenium-screenshot-1.png" width="800px"&gt;&lt;/a&gt;</msg>
<doc>Takes a screenshot of the current page and embeds it into a log file.</doc>
<status status="PASS" start="2025-08-01T01:45:10.333964" elapsed="0.235025"/>
</kw>
<arg>${SAUCE_DEMO_URL}</arg>
<doc>Acessa a página inicial do site de testes (https://www.saucedemo.com/)</doc>
<status status="PASS" start="2025-08-01T01:45:07.691828" elapsed="2.877593"/>
</kw>
<kw name="Login com usuário" owner="kws_sistema_vendas">
<kw name="Input Text" owner="SeleniumLibrary">
<msg time="2025-08-01T01:45:10.572879" level="INFO">Typing text 'standard_user' into text field 'id=user-name'.</msg>
<arg>${LOGIN_FIELD_USER}</arg>
<arg>${username}</arg>
<doc>Types the given ``text`` into the text field identified by ``locator``.</doc>
<status status="PASS" start="2025-08-01T01:45:10.571629" elapsed="0.389308"/>
</kw>
<kw name="Input Text" owner="SeleniumLibrary">
<msg time="2025-08-01T01:45:10.962516" level="INFO">Typing text 'secret_sauce' into text field 'id=password'.</msg>
<arg>${LOGIN_FIELD_PASSWORD}</arg>
<arg>${password}</arg>
<doc>Types the given ``text`` into the text field identified by ``locator``.</doc>
<status status="PASS" start="2025-08-01T01:45:10.961683" elapsed="0.240980"/>
</kw>
<kw name="Capture Page Screenshot" owner="SeleniumLibrary">
<msg time="2025-08-01T01:45:11.388681" level="INFO" html="true">&lt;/td&gt;&lt;/tr&gt;&lt;tr&gt;&lt;td colspan="3"&gt;&lt;a href="selenium-screenshot-2.png"&gt;&lt;img src="selenium-screenshot-2.png" width="800px"&gt;&lt;/a&gt;</msg>
<doc>Takes a screenshot of the current page and embeds it into a log file.</doc>
<status status="PASS" start="2025-08-01T01:45:11.203531" elapsed="0.185486"/>
</kw>
<kw name="Click Button" owner="SeleniumLibrary">
<msg time="2025-08-01T01:45:11.390397" level="INFO">Clicking button 'id=login-button'.</msg>
<arg>${LOGIN_BUTTON}</arg>
<doc>Clicks the button identified by ``locator``.</doc>
<status status="PASS" start="2025-08-01T01:45:11.389713" elapsed="0.387254"/>
</kw>
<arg>standard_user</arg>
<doc>Realiza o login no sistema com o usuário e senha fornecidos pelos argumentos.</doc>
<status status="PASS" start="2025-08-01T01:45:10.570250" elapsed="1.207402"/>
</kw>
<arg>Acessar página home do site</arg>
<arg>${SAUCE_DEMO_URL}</arg>
<arg>AND</arg>
<arg>Login com usuário</arg>
<arg>standard_user</arg>
<doc>Executes all the given keywords in a sequence.</doc>
<status status="PASS" start="2025-08-01T01:45:07.689781" elapsed="4.088219"/>
</kw>
<kw name="Adicionar &quot;segundo&quot; produto ao carrinho" owner="kws_sistema_vendas" source_name="Adicionar &quot;${POSICAO}&quot; produto ao carrinho">
<kw name="Capture Page Screenshot" owner="SeleniumLibrary">
<msg time="2025-08-01T01:45:12.234545" level="INFO" html="true">&lt;/td&gt;&lt;/tr&gt;&lt;tr&gt;&lt;td colspan="3"&gt;&lt;a href="selenium-screenshot-3.png"&gt;&lt;img src="selenium-screenshot-3.png" width="800px"&gt;&lt;/a&gt;</msg>
<doc>Takes a screenshot of the current page and embeds it into a log file.</doc>
<status status="PASS" start="2025-08-01T01:45:11.802253" elapsed="0.432650"/>
</kw>
<kw name="Converter posição escrita para numero" owner="kws_sistema_vendas">
<if>
<branch type="IF" condition="'${POSICAO}' in ['outro', &quot;OUTRO&quot;]">
<kw name="Escolher posição aleatória sem repetição" owner="kws_sistema_vendas">
<var>${NOVA_POSICAO}</var>
<arg>${POSICAO}</arg>
<doc>Escolhe uma nova posição aleatória para adicionar um produto ao carrinho, garantindo que não haja repetição de posições já adicionadas.</doc>
<status status="NOT RUN" start="2025-08-01T01:45:12.238324" elapsed="0.000154"/>
</kw>
<kw name="Log" owner="BuiltIn">
<arg>A nova posição aleatória escolhida foi: ${NOVA_POSICAO}</arg>
<doc>Logs the given message with the given level.</doc>
<status status="NOT RUN" start="2025-08-01T01:45:12.239112" elapsed="0.000121"/>
</kw>
<kw name="Set Variable" owner="BuiltIn">
<var>${POSICAO}</var>
<arg>${NOVA_POSICAO}</arg>
<doc>Returns the given values which can then be assigned to a variables.</doc>
<status status="NOT RUN" start="2025-08-01T01:45:12.239814" elapsed="0.000115"/>
</kw>
<status status="NOT RUN" start="2025-08-01T01:45:12.237252" elapsed="0.002876"/>
</branch>
<status status="PASS" start="2025-08-01T01:45:12.237162" elapsed="0.003136"/>
</if>
<kw name="Get From Dictionary" owner="Collections">
<msg time="2025-08-01T01:45:12.241619" level="INFO">${VALOR_POSICAO} = 2</msg>
<var>${VALOR_POSICAO}</var>
<arg>${DIC_POSICOES}</arg>
<arg>${POSICAO}</arg>
<doc>Returns a value from the given ``dictionary`` based on the given ``key``.</doc>
<status status="PASS" start="2025-08-01T01:45:12.240783" elapsed="0.000975"/>
</kw>
<kw name="Verificar se há produtos já adicionados e atualizar o índice de opções disponíveis" owner="kws_sistema_vendas">
<kw name="Get Length" owner="BuiltIn">
<msg time="2025-08-01T01:45:12.245615" level="INFO">Length is 0.</msg>
<msg time="2025-08-01T01:45:12.245960" level="INFO">${QUANTIDADE_POSICOES} = 0</msg>
<var>${QUANTIDADE_POSICOES}</var>
<arg>${LIST_POSICAO_PRODUTOS_ADICIONADOS}</arg>
<doc>Returns and logs the length of the given item as an integer.</doc>
<status status="PASS" start="2025-08-01T01:45:12.245076" elapsed="0.000999"/>
</kw>
<if>
<branch type="IF" condition="${QUANTIDADE_POSICOES} != 0">
<if>
<branch type="IF" condition="${INDEX_POSICAO} == 1">
<kw name="Log" owner="BuiltIn">
<arg>O atual índice de posição escolhido é: "${INDEX_POSICAO}", portanto não há necessidade de ajuste de índice de opções de posições disponíveis.</arg>
<doc>Logs the given message with the given level.</doc>
<status status="NOT RUN" start="2025-08-01T01:45:12.248017" elapsed="0.000131"/>
</kw>
<status status="NOT RUN" start="2025-08-01T01:45:12.247476" elapsed="0.000896"/>
</branch>
<branch type="ELSE">
<kw name="Log" owner="BuiltIn">
<arg>Há produtos já adicionados ao carrinho, portanto será necessário ajustar o índice de opções de posições disponíveis.</arg>
<doc>Logs the given message with the given level.</doc>
<status status="NOT RUN" start="2025-08-01T01:45:12.249025" elapsed="0.000115"/>
</kw>
<kw name="Evaluate" owner="BuiltIn">
<var>${INDEX_POSICAO_ATUALIZADO}</var>
<arg>${INDEX_POSICAO} - ${QUANTIDADE_POSICOES}</arg>
<doc>Evaluates the given expression in Python and returns the result.</doc>
<status status="NOT RUN" start="2025-08-01T01:45:12.249666" elapsed="0.000123"/>
</kw>
<kw name="Log" owner="BuiltIn">
<arg>Há essa quantidade de produtos já adicionados: ${QUANTIDADE_POSICOES}, portanto o índice de opções disponíveis foi atualizado para: ${INDEX_POSICAO_ATUALIZADO}.</arg>
<doc>Logs the given message with the given level.</doc>
<status status="NOT RUN" start="2025-08-01T01:45:12.250313" elapsed="0.000107"/>
</kw>
<kw name="Set Variable" owner="BuiltIn">
<var>${INDEX_POSICAO}</var>
<arg>${INDEX_POSICAO_ATUALIZADO}</arg>
<doc>Returns the given values which can then be assigned to a variables.</doc>
<status status="NOT RUN" start="2025-08-01T01:45:12.250950" elapsed="0.000109"/>
</kw>
<status status="NOT RUN" start="2025-08-01T01:45:12.248533" elapsed="0.002725"/>
</branch>
<status status="NOT RUN" start="2025-08-01T01:45:12.247417" elapsed="0.003987"/>
</if>
<status status="NOT RUN" start="2025-08-01T01:45:12.246918" elapsed="0.004596"/>
</branch>
<branch type="ELSE">
<kw name="Log" owner="BuiltIn">
<msg time="2025-08-01T01:45:12.252624" level="INFO">Nenhum produto foi adicionado ao carrinho ainda, portanto não há necessidade de ajuste de índice de opções de posições disponíveis.</msg>
<arg>Nenhum produto foi adicionado ao carrinho ainda, portanto não há necessidade de ajuste de índice de opções de posições disponíveis.</arg>
<doc>Logs the given message with the given level.</doc>
<status status="PASS" start="2025-08-01T01:45:12.252200" elapsed="0.000649"/>
</kw>
<status status="PASS" start="2025-08-01T01:45:12.251657" elapsed="0.001413"/>
</branch>
<status status="PASS" start="2025-08-01T01:45:12.246825" elapsed="0.006393"/>
</if>
<return>
<value>${INDEX_POSICAO}</value>
<status status="PASS" start="2025-08-01T01:45:12.253377" elapsed="0.000190"/>
</return>
<msg time="2025-08-01T01:45:12.254148" level="INFO">${VALOR_POSICAO} = 2</msg>
<var>${VALOR_POSICAO}</var>
<arg>${VALOR_POSICAO}</arg>
<doc>Verifica se já existem produtos adicionados ao carrinho e atualiza o índice de opções disponíveis, se necessário.</doc>
<status status="PASS" start="2025-08-01T01:45:12.243527" elapsed="0.010740"/>
</kw>
<kw name="Log" owner="BuiltIn">
<msg time="2025-08-01T01:45:12.255481" level="INFO">A posição 'segundo' especificada no argumento de entrada, corresponde ao número: 2.</msg>
<arg>A posição '${POSICAO}' especificada no argumento de entrada, corresponde ao número: ${VALOR_POSICAO}.</arg>
<doc>Logs the given message with the given level.</doc>
<status status="PASS" start="2025-08-01T01:45:12.254887" elapsed="0.000789"/>
</kw>
<kw name="Capturar a posição do produto adicionado" owner="kws_sistema_vendas">
<kw name="Append To List" owner="Collections">
<arg>${LIST_POSICAO_PRODUTOS_ADICIONADOS}</arg>
<arg>${POSICAO}</arg>
<doc>Adds ``values`` to the end of ``list``.</doc>
<status status="PASS" start="2025-08-01T01:45:12.258781" elapsed="0.000910"/>
</kw>
<kw name="Log" owner="BuiltIn">
<msg time="2025-08-01T01:45:12.261003" level="INFO">O índice do produto adicionado foi na lista ['segundo'].</msg>
<arg>O índice do produto adicionado foi na lista ${LIST_POSICAO_PRODUTOS_ADICIONADOS}.</arg>
<doc>Logs the given message with the given level.</doc>
<status status="PASS" start="2025-08-01T01:45:12.260399" elapsed="0.000803"/>
</kw>
<arg>${POSICAO}</arg>
<doc>Captura a posição do produto adicionado e armazena em uma variável global.</doc>
<status status="PASS" start="2025-08-01T01:45:12.256352" elapsed="0.005148"/>
</kw>
<return>
<value>${VALOR_POSICAO}</value>
<status status="PASS" start="2025-08-01T01:45:12.261743" elapsed="0.000162"/>
</return>
<msg time="2025-08-01T01:45:12.262440" level="INFO">${INDICE_POSICAO} = 2</msg>
<var>${INDICE_POSICAO}</var>
<arg>${POSICAO}</arg>
<doc>Converte a posição escrita do produto para o número correspondente.</doc>
<status status="PASS" start="2025-08-01T01:45:12.236108" elapsed="0.026448"/>
</kw>
<kw name="Set Variable" owner="BuiltIn">
<msg time="2025-08-01T01:45:12.264004" level="INFO">${BTN_ADICIONAR_CARRINHO} = (//div[@data-test="inventory-item"]//button[contains(text(), 'Add to cart')])[2]</msg>
<var>${BTN_ADICIONAR_CARRINHO}</var>
<arg>(${INVENTORY_DIV_INVENTARIO_ITEM}${INVENTORY_BTN_ADICIONAR_CARRINHO})[${INDICE_POSICAO}]</arg>
<doc>Returns the given values which can then be assigned to a variables.</doc>
<status status="PASS" start="2025-08-01T01:45:12.263170" elapsed="0.000957"/>
</kw>
<kw name="Capturar o nome do produto adicionado" owner="kws_sistema_vendas">
<kw name="Get Text" owner="SeleniumLibrary">
<msg time="2025-08-01T01:45:12.336831" level="INFO">${NOME_PRODUTO} = Sauce Labs Bike Light</msg>
<var>${NOME_PRODUTO}</var>
<arg>(${INVENTORY_DIV_INVENTARIO_ITEM}${INVENTORY_LBL_ITEM_NOME})[${INDICE_POSICAO}]</arg>
<doc>Returns the text value of the element identified by ``locator``.</doc>
<status status="PASS" start="2025-08-01T01:45:12.266043" elapsed="0.070929"/>
</kw>
<kw name="Log" owner="BuiltIn">
<msg time="2025-08-01T01:45:12.338135" level="INFO">O produto a ser adicionado é: Sauce Labs Bike Light.</msg>
<arg>O produto a ser adicionado é: ${NOME_PRODUTO}.</arg>
<doc>Logs the given message with the given level.</doc>
<status status="PASS" start="2025-08-01T01:45:12.337612" elapsed="0.000716"/>
</kw>
<kw name="Replace String" owner="String">
<msg time="2025-08-01T01:45:12.339657" level="INFO">${NOME_PRODUTO_REPLACE} = Sauce-Labs-Bike-Light</msg>
<var>${NOME_PRODUTO_REPLACE}</var>
<arg>${NOME_PRODUTO}</arg>
<arg>${SPACE}</arg>
<arg>-</arg>
<doc>Replaces ``search_for`` in the given ``string`` with ``replace_with``.</doc>
<status status="PASS" start="2025-08-01T01:45:12.338928" elapsed="0.000861"/>
</kw>
<kw name="Log" owner="BuiltIn">
<msg time="2025-08-01T01:45:12.340933" level="INFO">A formatação atual do nome do produto ficou assim: Sauce-Labs-Bike-Light.</msg>
<arg>A formatação atual do nome do produto ficou assim: ${NOME_PRODUTO_REPLACE}.</arg>
<doc>Logs the given message with the given level.</doc>
<status status="PASS" start="2025-08-01T01:45:12.340440" elapsed="0.000683"/>
</kw>
<kw name="Convert To Lower Case" owner="String">
<msg time="2025-08-01T01:45:12.342317" level="INFO">${NOME_PRODUTO_FORMATADO} = sauce-labs-bike-light</msg>
<var>${NOME_PRODUTO_FORMATADO}</var>
<arg>${NOME_PRODUTO_REPLACE}</arg>
<doc>Converts string to lower case.</doc>
<status status="PASS" start="2025-08-01T01:45:12.341705" elapsed="0.000735"/>
</kw>
<kw name="Log" owner="BuiltIn">
<msg time="2025-08-01T01:45:12.344019" level="INFO">A formatação final do nome do produto ficou assim: sauce-labs-bike-light.</msg>
<arg>A formatação final do nome do produto ficou assim: ${NOME_PRODUTO_FORMATADO}.</arg>
<doc>Logs the given message with the given level.</doc>
<status status="PASS" start="2025-08-01T01:45:12.343196" elapsed="0.001058"/>
</kw>
<kw name="Adicionar nome do produto ao dicionário global" owner="kws_sistema_vendas">
<if>
<branch type="IF" condition="'${NOME_PRODUTO}' != '${EMPTY}'">
<for flavor="IN">
<iter>
<if>
<branch type="IF" condition="'${value}' == ''">
<kw name="Set To Dictionary" owner="Collections">
<arg>${DIC_PRODUTOS_ADICIONADOS}</arg>
<arg>${key}</arg>
<arg>${NOME_PRODUTO}</arg>
<doc>Adds the given ``key_value_pairs`` and/or ``items`` to the ``dictionary``.</doc>
<status status="PASS" start="2025-08-01T01:45:12.351230" elapsed="0.000747"/>
</kw>
<kw name="Log" owner="BuiltIn">
<msg time="2025-08-01T01:45:12.353131" level="INFO">A posição do produto adicionado foi atualizada: {'primeiro': 'sauce-labs-bike-light', 'segundo': '', 'terceiro': '', 'quarto': '', 'quinto': '', 'sexto': ''}.</msg>
<arg>A posição do produto adicionado foi atualizada: ${DIC_PRODUTOS_ADICIONADOS}.</arg>
<doc>Logs the given message with the given level.</doc>
<status status="PASS" start="2025-08-01T01:45:12.352597" elapsed="0.000728"/>
</kw>
<kw name="Exit For Loop" owner="BuiltIn">
<msg time="2025-08-01T01:45:12.354233" level="INFO">Exiting for loop altogether.</msg>
<doc>Stops executing the enclosing FOR loop.</doc>
<status status="PASS" start="2025-08-01T01:45:12.353918" elapsed="0.000560"/>
</kw>
<status status="PASS" start="2025-08-01T01:45:12.350436" elapsed="0.004243"/>
</branch>
<status status="PASS" start="2025-08-01T01:45:12.350372" elapsed="0.004491"/>
</if>
<var name="${key}">primeiro</var>
<var name="${value}"/>
<status status="PASS" start="2025-08-01T01:45:12.350169" elapsed="0.004817"/>
</iter>
<var>${key}</var>
<var>${value}</var>
<value>&amp;{DIC_PRODUTOS_ADICIONADOS}</value>
<status status="PASS" start="2025-08-01T01:45:12.349247" elapsed="0.005983"/>
</for>
<status status="PASS" start="2025-08-01T01:45:12.347146" elapsed="0.008324"/>
</branch>
<status status="PASS" start="2025-08-01T01:45:12.347065" elapsed="0.008554"/>
</if>
<arg>${NOME_PRODUTO_FORMATADO}</arg>
<doc>Adiciona o nome do produto ao dicionário global de produtos adicionados.</doc>
<status status="PASS" start="2025-08-01T01:45:12.346016" elapsed="0.009809"/>
</kw>
<arg>${INDICE_POSICAO}</arg>
<doc>Captura os índices dos produtos adicionados ao carrinho e armazena em uma lista global.</doc>
<status status="PASS" start="2025-08-01T01:45:12.264899" elapsed="0.091193"/>
</kw>
<kw name="Scroll Element Into View" owner="SeleniumLibrary">
<arg>${BTN_ADICIONAR_CARRINHO}</arg>
<doc>Scrolls the element identified by ``locator`` into view.</doc>
<status status="PASS" start="2025-08-01T01:45:12.356691" elapsed="0.321647"/>
</kw>
<kw name="Click Button" owner="SeleniumLibrary">
<msg time="2025-08-01T01:45:12.681558" level="INFO">Clicking button '(//div[@data-test="inventory-item"]//button[contains(text(), 'Add to cart')])[2]'.</msg>
<arg>${BTN_ADICIONAR_CARRINHO}</arg>
<doc>Clicks the button identified by ``locator``.</doc>
<status status="PASS" start="2025-08-01T01:45:12.680077" elapsed="0.270001"/>
</kw>
<kw name="Capture Page Screenshot" owner="SeleniumLibrary">
<msg time="2025-08-01T01:45:13.191279" level="INFO" html="true">&lt;/td&gt;&lt;/tr&gt;&lt;tr&gt;&lt;td colspan="3"&gt;&lt;a href="selenium-screenshot-4.png"&gt;&lt;img src="selenium-screenshot-4.png" width="800px"&gt;&lt;/a&gt;</msg>
<doc>Takes a screenshot of the current page and embeds it into a log file.</doc>
<status status="PASS" start="2025-08-01T01:45:12.950926" elapsed="0.240692"/>
</kw>
<doc>Adiciona o produto especificado ao carrinho.</doc>
<status status="PASS" start="2025-08-01T01:45:11.800667" elapsed="1.391331"/>
</kw>
<kw name="Adicionar &quot;outro&quot; produto ao carrinho" owner="kws_sistema_vendas" source_name="Adicionar &quot;${POSICAO}&quot; produto ao carrinho">
<kw name="Capture Page Screenshot" owner="SeleniumLibrary">
<msg time="2025-08-01T01:45:13.420338" level="INFO" html="true">&lt;/td&gt;&lt;/tr&gt;&lt;tr&gt;&lt;td colspan="3"&gt;&lt;a href="selenium-screenshot-5.png"&gt;&lt;img src="selenium-screenshot-5.png" width="800px"&gt;&lt;/a&gt;</msg>
<doc>Takes a screenshot of the current page and embeds it into a log file.</doc>
<status status="PASS" start="2025-08-01T01:45:13.195425" elapsed="0.225241"/>
</kw>
<kw name="Converter posição escrita para numero" owner="kws_sistema_vendas">
<if>
<branch type="IF" condition="'${POSICAO}' in ['outro', &quot;OUTRO&quot;]">
<kw name="Escolher posição aleatória sem repetição" owner="kws_sistema_vendas">
<kw name="Log" owner="BuiltIn">
<msg time="2025-08-01T01:45:13.425329" level="INFO">Haverá uma troca da posição atual: 'outro', por uma nova posição aleatória válida e não repetida.</msg>
<arg>Haverá uma troca da posição atual: '${POSICAO}', por uma nova posição aleatória válida e não repetida.</arg>
<doc>Logs the given message with the given level.</doc>
<status status="PASS" start="2025-08-01T01:45:13.424793" elapsed="0.000763"/>
</kw>
<kw name="Create List" owner="BuiltIn">
<msg time="2025-08-01T01:45:13.427496" level="INFO">${LISTA_TODAS_POSICOES} = ['primeiro', 'segundo', 'terceiro', 'quarto', 'quinto', 'sexto']</msg>
<var>${LISTA_TODAS_POSICOES}</var>
<arg>primeiro</arg>
<arg>segundo</arg>
<arg>terceiro</arg>
<arg>quarto</arg>
<arg>quinto</arg>
<arg>sexto</arg>
<doc>Returns a list containing given items.</doc>
<status status="PASS" start="2025-08-01T01:45:13.426857" elapsed="0.000766"/>
</kw>
<kw name="Remove Values From List" owner="Collections">
<arg>${LISTA_TODAS_POSICOES}</arg>
<arg>@{LIST_POSICAO_PRODUTOS_ADICIONADOS}</arg>
<doc>Removes all occurrences of given ``values`` from ``list``.</doc>
<status status="PASS" start="2025-08-01T01:45:13.428289" elapsed="0.000642"/>
</kw>
<kw name="Copy List" owner="Collections">
<msg time="2025-08-01T01:45:13.430195" level="INFO">${LISTA_POSICOES_DISPONIVEIS} = ['primeiro', 'terceiro', 'quarto', 'quinto', 'sexto']</msg>
<var>${LISTA_POSICOES_DISPONIVEIS}</var>
<arg>${LISTA_TODAS_POSICOES}</arg>
<doc>Returns a copy of the given list.</doc>
<status status="PASS" start="2025-08-01T01:45:13.429514" elapsed="0.000805"/>
</kw>
<kw name="Evaluate" owner="BuiltIn">
<msg time="2025-08-01T01:45:13.432113" level="INFO">${NOVA_POSICAO} = quinto</msg>
<var>${NOVA_POSICAO}</var>
<arg>random.choice(${LISTA_POSICOES_DISPONIVEIS})</arg>
<arg>modules=random</arg>
<doc>Evaluates the given expression in Python and returns the result.</doc>
<status status="PASS" start="2025-08-01T01:45:13.430929" elapsed="0.001338"/>
</kw>
<return>
<value>${NOVA_POSICAO}</value>
<status status="PASS" start="2025-08-01T01:45:13.432552" elapsed="0.000158"/>
</return>
<msg time="2025-08-01T01:45:13.433249" level="INFO">${NOVA_POSICAO} = quinto</msg>
<var>${NOVA_POSICAO}</var>
<arg>${POSICAO}</arg>
<doc>Escolhe uma nova posição aleatória para adicionar um produto ao carrinho, garantindo que não haja repetição de posições já adicionadas.</doc>
<status status="PASS" start="2025-08-01T01:45:13.423642" elapsed="0.009726"/>
</kw>
<kw name="Log" owner="BuiltIn">
<msg time="2025-08-01T01:45:13.434552" level="INFO">A nova posição aleatória escolhida foi: quinto</msg>
<arg>A nova posição aleatória escolhida foi: ${NOVA_POSICAO}</arg>
<doc>Logs the given message with the given level.</doc>
<status status="PASS" start="2025-08-01T01:45:13.434034" elapsed="0.000714"/>
</kw>
<kw name="Set Variable" owner="BuiltIn">
<msg time="2025-08-01T01:45:13.435947" level="INFO">${POSICAO} = quinto</msg>
<var>${POSICAO}</var>
<arg>${NOVA_POSICAO}</arg>
<doc>Returns the given values which can then be assigned to a variables.</doc>
<status status="PASS" start="2025-08-01T01:45:13.435343" elapsed="0.000735"/>
</kw>
<status status="PASS" start="2025-08-01T01:45:13.422633" elapsed="0.013682"/>
</branch>
<status status="PASS" start="2025-08-01T01:45:13.422536" elapsed="0.013950"/>
</if>
<kw name="Get From Dictionary" owner="Collections">
<msg time="2025-08-01T01:45:13.437717" level="INFO">${VALOR_POSICAO} = 5</msg>
<var>${VALOR_POSICAO}</var>
<arg>${DIC_POSICOES}</arg>
<arg>${POSICAO}</arg>
<doc>Returns a value from the given ``dictionary`` based on the given ``key``.</doc>
<status status="PASS" start="2025-08-01T01:45:13.436980" elapsed="0.000855"/>
</kw>
<kw name="Verificar se há produtos já adicionados e atualizar o índice de opções disponíveis" owner="kws_sistema_vendas">
<kw name="Get Length" owner="BuiltIn">
<msg time="2025-08-01T01:45:13.441116" level="INFO">Length is 1.</msg>
<msg time="2025-08-01T01:45:13.441424" level="INFO">${QUANTIDADE_POSICOES} = 1</msg>
<var>${QUANTIDADE_POSICOES}</var>
<arg>${LIST_POSICAO_PRODUTOS_ADICIONADOS}</arg>
<doc>Returns and logs the length of the given item as an integer.</doc>
<status status="PASS" start="2025-08-01T01:45:13.440583" elapsed="0.000949"/>
</kw>
<if>
<branch type="IF" condition="${QUANTIDADE_POSICOES} != 0">
<if>
<branch type="IF" condition="${INDEX_POSICAO} == 1">
<kw name="Log" owner="BuiltIn">
<arg>O atual índice de posição escolhido é: "${INDEX_POSICAO}", portanto não há necessidade de ajuste de índice de opções de posições disponíveis.</arg>
<doc>Logs the given message with the given level.</doc>
<status status="NOT RUN" start="2025-08-01T01:45:13.443600" elapsed="0.000303"/>
</kw>
<status status="NOT RUN" start="2025-08-01T01:45:13.442444" elapsed="0.001783"/>
</branch>
<branch type="ELSE">
<kw name="Log" owner="BuiltIn">
<msg time="2025-08-01T01:45:13.445755" level="INFO">Há produtos já adicionados ao carrinho, portanto será necessário ajustar o índice de opções de posições disponíveis.</msg>
<arg>Há produtos já adicionados ao carrinho, portanto será necessário ajustar o índice de opções de posições disponíveis.</arg>
<doc>Logs the given message with the given level.</doc>
<status status="PASS" start="2025-08-01T01:45:13.445326" elapsed="0.000626"/>
</kw>
<kw name="Evaluate" owner="BuiltIn">
<msg time="2025-08-01T01:45:13.447794" level="INFO">${INDEX_POSICAO_ATUALIZADO} = 4</msg>
<var>${INDEX_POSICAO_ATUALIZADO}</var>
<arg>${INDEX_POSICAO} - ${QUANTIDADE_POSICOES}</arg>
<doc>Evaluates the given expression in Python and returns the result.</doc>
<status status="PASS" start="2025-08-01T01:45:13.446551" elapsed="0.001405"/>
</kw>
<kw name="Log" owner="BuiltIn">
<msg time="2025-08-01T01:45:13.449505" level="INFO">Há essa quantidade de produtos já adicionados: 1, portanto o índice de opções disponíveis foi atualizado para: 4.</msg>
<arg>Há essa quantidade de produtos já adicionados: ${QUANTIDADE_POSICOES}, portanto o índice de opções disponíveis foi atualizado para: ${INDEX_POSICAO_ATUALIZADO}.</arg>
<doc>Logs the given message with the given level.</doc>
<status status="PASS" start="2025-08-01T01:45:13.448715" elapsed="0.001075"/>
</kw>
<kw name="Set Variable" owner="BuiltIn">
<msg time="2025-08-01T01:45:13.451211" level="INFO">${INDEX_POSICAO} = 4</msg>
<var>${INDEX_POSICAO}</var>
<arg>${INDEX_POSICAO_ATUALIZADO}</arg>
<doc>Returns the given values which can then be assigned to a variables.</doc>
<status status="PASS" start="2025-08-01T01:45:13.450526" elapsed="0.000809"/>
</kw>
<status status="PASS" start="2025-08-01T01:45:13.444588" elapsed="0.006970"/>
</branch>
<status status="PASS" start="2025-08-01T01:45:13.442373" elapsed="0.009336"/>
</if>
<status status="PASS" start="2025-08-01T01:45:13.441883" elapsed="0.009938"/>
</branch>
<branch type="ELSE">
<kw name="Log" owner="BuiltIn">
<arg>Nenhum produto foi adicionado ao carrinho ainda, portanto não há necessidade de ajuste de índice de opções de posições disponíveis.</arg>
<doc>Logs the given message with the given level.</doc>
<status status="NOT RUN" start="2025-08-01T01:45:13.452526" elapsed="0.000125"/>
</kw>
<status status="NOT RUN" start="2025-08-01T01:45:13.451971" elapsed="0.000869"/>
</branch>
<status status="PASS" start="2025-08-01T01:45:13.441808" elapsed="0.011178"/>
</if>
<return>
<value>${INDEX_POSICAO}</value>
<status status="PASS" start="2025-08-01T01:45:13.453136" elapsed="0.000140"/>
</return>
<msg time="2025-08-01T01:45:13.453806" level="INFO">${VALOR_POSICAO} = 4</msg>
<var>${VALOR_POSICAO}</var>
<arg>${VALOR_POSICAO}</arg>
<doc>Verifica se já existem produtos adicionados ao carrinho e atualiza o índice de opções disponíveis, se necessário.</doc>
<status status="PASS" start="2025-08-01T01:45:13.439285" elapsed="0.014638"/>
</kw>
<kw name="Log" owner="BuiltIn">
<msg time="2025-08-01T01:45:13.455205" level="INFO">A posição 'quinto' especificada no argumento de entrada, corresponde ao número: 4.</msg>
<arg>A posição '${POSICAO}' especificada no argumento de entrada, corresponde ao número: ${VALOR_POSICAO}.</arg>
<doc>Logs the given message with the given level.</doc>
<status status="PASS" start="2025-08-01T01:45:13.454556" elapsed="0.000856"/>
</kw>
<kw name="Capturar a posição do produto adicionado" owner="kws_sistema_vendas">
<kw name="Append To List" owner="Collections">
<arg>${LIST_POSICAO_PRODUTOS_ADICIONADOS}</arg>
<arg>${POSICAO}</arg>
<doc>Adds ``values`` to the end of ``list``.</doc>
<status status="PASS" start="2025-08-01T01:45:13.457339" elapsed="0.000629"/>
</kw>
<kw name="Log" owner="BuiltIn">
<msg time="2025-08-01T01:45:13.459124" level="INFO">O índice do produto adicionado foi na lista ['segundo', 'quinto'].</msg>
<arg>O índice do produto adicionado foi na lista ${LIST_POSICAO_PRODUTOS_ADICIONADOS}.</arg>
<doc>Logs the given message with the given level.</doc>
<status status="PASS" start="2025-08-01T01:45:13.458575" elapsed="0.000811"/>
</kw>
<arg>${POSICAO}</arg>
<doc>Captura a posição do produto adicionado e armazena em uma variável global.</doc>
<status status="PASS" start="2025-08-01T01:45:13.456109" elapsed="0.003660"/>
</kw>
<return>
<value>${VALOR_POSICAO}</value>
<status status="PASS" start="2025-08-01T01:45:13.460011" elapsed="0.000172"/>
</return>
<msg time="2025-08-01T01:45:13.460725" level="INFO">${INDICE_POSICAO} = 4</msg>
<var>${INDICE_POSICAO}</var>
<arg>${POSICAO}</arg>
<doc>Converte a posição escrita do produto para o número correspondente.</doc>
<status status="PASS" start="2025-08-01T01:45:13.421696" elapsed="0.039148"/>
</kw>
<kw name="Set Variable" owner="BuiltIn">
<msg time="2025-08-01T01:45:13.462322" level="INFO">${BTN_ADICIONAR_CARRINHO} = (//div[@data-test="inventory-item"]//button[contains(text(), 'Add to cart')])[4]</msg>
<var>${BTN_ADICIONAR_CARRINHO}</var>
<arg>(${INVENTORY_DIV_INVENTARIO_ITEM}${INVENTORY_BTN_ADICIONAR_CARRINHO})[${INDICE_POSICAO}]</arg>
<doc>Returns the given values which can then be assigned to a variables.</doc>
<status status="PASS" start="2025-08-01T01:45:13.461470" elapsed="0.000981"/>
</kw>
<kw name="Capturar o nome do produto adicionado" owner="kws_sistema_vendas">
<kw name="Get Text" owner="SeleniumLibrary">
<msg time="2025-08-01T01:45:13.518789" level="INFO">${NOME_PRODUTO} = Sauce Labs Fleece Jacket</msg>
<var>${NOME_PRODUTO}</var>
<arg>(${INVENTORY_DIV_INVENTARIO_ITEM}${INVENTORY_LBL_ITEM_NOME})[${INDICE_POSICAO}]</arg>
<doc>Returns the text value of the element identified by ``locator``.</doc>
<status status="PASS" start="2025-08-01T01:45:13.464717" elapsed="0.054212"/>
</kw>
<kw name="Log" owner="BuiltIn">
<msg time="2025-08-01T01:45:13.520110" level="INFO">O produto a ser adicionado é: Sauce Labs Fleece Jacket.</msg>
<arg>O produto a ser adicionado é: ${NOME_PRODUTO}.</arg>
<doc>Logs the given message with the given level.</doc>
<status status="PASS" start="2025-08-01T01:45:13.519575" elapsed="0.000732"/>
</kw>
<kw name="Replace String" owner="String">
<msg time="2025-08-01T01:45:13.521659" level="INFO">${NOME_PRODUTO_REPLACE} = Sauce-Labs-Fleece-Jacket</msg>
<var>${NOME_PRODUTO_REPLACE}</var>
<arg>${NOME_PRODUTO}</arg>
<arg>${SPACE}</arg>
<arg>-</arg>
<doc>Replaces ``search_for`` in the given ``string`` with ``replace_with``.</doc>
<status status="PASS" start="2025-08-01T01:45:13.520916" elapsed="0.000865"/>
</kw>
<kw name="Log" owner="BuiltIn">
<msg time="2025-08-01T01:45:13.522962" level="INFO">A formatação atual do nome do produto ficou assim: Sauce-Labs-Fleece-Jacket.</msg>
<arg>A formatação atual do nome do produto ficou assim: ${NOME_PRODUTO_REPLACE}.</arg>
<doc>Logs the given message with the given level.</doc>
<status status="PASS" start="2025-08-01T01:45:13.522444" elapsed="0.000732"/>
</kw>
<kw name="Convert To Lower Case" owner="String">
<msg time="2025-08-01T01:45:13.524867" level="INFO">${NOME_PRODUTO_FORMATADO} = sauce-labs-fleece-jacket</msg>
<var>${NOME_PRODUTO_FORMATADO}</var>
<arg>${NOME_PRODUTO_REPLACE}</arg>
<doc>Converts string to lower case.</doc>
<status status="PASS" start="2025-08-01T01:45:13.524176" elapsed="0.000817"/>
</kw>
<kw name="Log" owner="BuiltIn">
<msg time="2025-08-01T01:45:13.526260" level="INFO">A formatação final do nome do produto ficou assim: sauce-labs-fleece-jacket.</msg>
<arg>A formatação final do nome do produto ficou assim: ${NOME_PRODUTO_FORMATADO}.</arg>
<doc>Logs the given message with the given level.</doc>
<status status="PASS" start="2025-08-01T01:45:13.525603" elapsed="0.000869"/>
</kw>
<kw name="Adicionar nome do produto ao dicionário global" owner="kws_sistema_vendas">
<if>
<branch type="IF" condition="'${NOME_PRODUTO}' != '${EMPTY}'">
<for flavor="IN">
<iter>
<if>
<branch type="IF" condition="'${value}' == ''">
<kw name="Set To Dictionary" owner="Collections">
<arg>${DIC_PRODUTOS_ADICIONADOS}</arg>
<arg>${key}</arg>
<arg>${NOME_PRODUTO}</arg>
<doc>Adds the given ``key_value_pairs`` and/or ``items`` to the ``dictionary``.</doc>
<status status="NOT RUN" start="2025-08-01T01:45:13.532617" elapsed="0.000125"/>
</kw>
<kw name="Log" owner="BuiltIn">
<arg>A posição do produto adicionado foi atualizada: ${DIC_PRODUTOS_ADICIONADOS}.</arg>
<doc>Logs the given message with the given level.</doc>
<status status="NOT RUN" start="2025-08-01T01:45:13.533343" elapsed="0.000119"/>
</kw>
<kw name="Exit For Loop" owner="BuiltIn">
<doc>Stops executing the enclosing FOR loop.</doc>
<status status="NOT RUN" start="2025-08-01T01:45:13.533983" elapsed="0.000123"/>
</kw>
<status status="NOT RUN" start="2025-08-01T01:45:13.531817" elapsed="0.002449"/>
</branch>
<status status="PASS" start="2025-08-01T01:45:13.531754" elapsed="0.002687"/>
</if>
<var name="${key}">primeiro</var>
<var name="${value}">sauce-labs-bike-light</var>
<status status="PASS" start="2025-08-01T01:45:13.531564" elapsed="0.002984"/>
</iter>
<iter>
<if>
<branch type="IF" condition="'${value}' == ''">
<kw name="Set To Dictionary" owner="Collections">
<arg>${DIC_PRODUTOS_ADICIONADOS}</arg>
<arg>${key}</arg>
<arg>${NOME_PRODUTO}</arg>
<doc>Adds the given ``key_value_pairs`` and/or ``items`` to the ``dictionary``.</doc>
<status status="PASS" start="2025-08-01T01:45:13.536266" elapsed="0.000760"/>
</kw>
<kw name="Log" owner="BuiltIn">
<msg time="2025-08-01T01:45:13.538229" level="INFO">A posição do produto adicionado foi atualizada: {'primeiro': 'sauce-labs-bike-light', 'segundo': 'sauce-labs-fleece-jacket', 'terceiro': '', 'quarto': '', 'quinto': '', 'sexto': ''}.</msg>
<arg>A posição do produto adicionado foi atualizada: ${DIC_PRODUTOS_ADICIONADOS}.</arg>
<doc>Logs the given message with the given level.</doc>
<status status="PASS" start="2025-08-01T01:45:13.537646" elapsed="0.000777"/>
</kw>
<kw name="Exit For Loop" owner="BuiltIn">
<msg time="2025-08-01T01:45:13.539364" level="INFO">Exiting for loop altogether.</msg>
<doc>Stops executing the enclosing FOR loop.</doc>
<status status="PASS" start="2025-08-01T01:45:13.539018" elapsed="0.000577"/>
</kw>
<status status="PASS" start="2025-08-01T01:45:13.535442" elapsed="0.004344"/>
</branch>
<status status="PASS" start="2025-08-01T01:45:13.535376" elapsed="0.004586"/>
</if>
<var name="${key}">segundo</var>
<var name="${value}"/>
<status status="PASS" start="2025-08-01T01:45:13.535204" elapsed="0.004885"/>
</iter>
<var>${key}</var>
<var>${value}</var>
<value>&amp;{DIC_PRODUTOS_ADICIONADOS}</value>
<status status="PASS" start="2025-08-01T01:45:13.530681" elapsed="0.009642"/>
</for>
<status status="PASS" start="2025-08-01T01:45:13.528646" elapsed="0.011910"/>
</branch>
<status status="PASS" start="2025-08-01T01:45:13.528567" elapsed="0.012138"/>
</if>
<arg>${NOME_PRODUTO_FORMATADO}</arg>
<doc>Adiciona o nome do produto ao dicionário global de produtos adicionados.</doc>
<status status="PASS" start="2025-08-01T01:45:13.527606" elapsed="0.013333"/>
</kw>
<arg>${INDICE_POSICAO}</arg>
<doc>Captura os índices dos produtos adicionados ao carrinho e armazena em uma lista global.</doc>
<status status="PASS" start="2025-08-01T01:45:13.463268" elapsed="0.077959"/>
</kw>
<kw name="Scroll Element Into View" owner="SeleniumLibrary">
<arg>${BTN_ADICIONAR_CARRINHO}</arg>
<doc>Scrolls the element identified by ``locator`` into view.</doc>
<status status="PASS" start="2025-08-01T01:45:13.541830" elapsed="0.328293"/>
</kw>
<kw name="Click Button" owner="SeleniumLibrary">
<msg time="2025-08-01T01:45:13.871715" level="INFO">Clicking button '(//div[@data-test="inventory-item"]//button[contains(text(), 'Add to cart')])[4]'.</msg>
<arg>${BTN_ADICIONAR_CARRINHO}</arg>
<doc>Clicks the button identified by ``locator``.</doc>
<status status="PASS" start="2025-08-01T01:45:13.870907" elapsed="0.255423"/>
</kw>
<kw name="Capture Page Screenshot" owner="SeleniumLibrary">
<msg time="2025-08-01T01:45:14.381497" level="INFO" html="true">&lt;/td&gt;&lt;/tr&gt;&lt;tr&gt;&lt;td colspan="3"&gt;&lt;a href="selenium-screenshot-6.png"&gt;&lt;img src="selenium-screenshot-6.png" width="800px"&gt;&lt;/a&gt;</msg>
<doc>Takes a screenshot of the current page and embeds it into a log file.</doc>
<status status="PASS" start="2025-08-01T01:45:14.127842" elapsed="0.254037"/>
</kw>
<doc>Adiciona o produto especificado ao carrinho.</doc>
<status status="PASS" start="2025-08-01T01:45:13.194249" elapsed="1.188063"/>
</kw>
<kw name="Remover &quot;primeiro&quot; produto adicionado" owner="kws_sistema_vendas" source_name="Remover &quot;${POSICAO}&quot; produto adicionado">
<kw name="Converter posição escrita para o nome do produto" owner="kws_sistema_vendas">
<for flavor="IN">
<iter>
<if>
<branch type="IF" condition="'${key}' == '${POSICAO}'">
<kw name="Set Variable" owner="BuiltIn">
<msg time="2025-08-01T01:45:14.390305" level="INFO">${NOME_PRODUTO} = sauce-labs-bike-light</msg>
<var>${NOME_PRODUTO}</var>
<arg>${value}</arg>
<doc>Returns the given values which can then be assigned to a variables.</doc>
<status status="PASS" start="2025-08-01T01:45:14.389297" elapsed="0.001275"/>
</kw>
<kw name="Log" owner="BuiltIn">
<msg time="2025-08-01T01:45:14.392047" level="INFO">O produto a ser removido é: sauce-labs-bike-light.</msg>
<arg>O produto a ser removido é: ${NOME_PRODUTO}.</arg>
<doc>Logs the given message with the given level.</doc>
<status status="PASS" start="2025-08-01T01:45:14.391394" elapsed="0.000855"/>
</kw>
<kw name="Exit For Loop" owner="BuiltIn">
<msg time="2025-08-01T01:45:14.393934" level="INFO">Exiting for loop altogether.</msg>
<doc>Stops executing the enclosing FOR loop.</doc>
<status status="PASS" start="2025-08-01T01:45:14.393508" elapsed="0.000656"/>
</kw>
<status status="PASS" start="2025-08-01T01:45:14.388060" elapsed="0.006362"/>
</branch>
<status status="PASS" start="2025-08-01T01:45:14.387963" elapsed="0.006720"/>
</if>
<var name="${key}">primeiro</var>
<var name="${value}">sauce-labs-bike-light</var>
<status status="PASS" start="2025-08-01T01:45:14.387696" elapsed="0.007141"/>
</iter>
<var>${key}</var>
<var>${value}</var>
<value>&amp;{DIC_PRODUTOS_ADICIONADOS}</value>
<status status="PASS" start="2025-08-01T01:45:14.386633" elapsed="0.008504"/>
</for>
<return>
<value>${NOME_PRODUTO}</value>
<status status="PASS" start="2025-08-01T01:45:14.395516" elapsed="0.000223"/>
</return>
<msg time="2025-08-01T01:45:14.397884" level="INFO">${NOME_PRODUTO} = sauce-labs-bike-light</msg>
<var>${NOME_PRODUTO}</var>
<arg>${POSICAO}</arg>
<doc>Converte a posição escrita do produto para o nome do produto correspondente.</doc>
<status status="PASS" start="2025-08-01T01:45:14.385629" elapsed="0.012421"/>
</kw>
<kw name="Format String" owner="String">
<msg time="2025-08-01T01:45:14.400977" level="INFO">${BTN_REMOVER_CARRINHO_FORMATADO} = //button[@data-test="remove-sauce-labs-bike-light"]</msg>
<var>${BTN_REMOVER_CARRINHO_FORMATADO}</var>
<arg>${INVENTORY_BTN_REMOVER_CARRINHO}</arg>
<arg>text=${NOME_PRODUTO}</arg>
<doc>Formats a ``template`` using the given ``positional`` and ``named`` arguments.</doc>
<status status="PASS" start="2025-08-01T01:45:14.398826" elapsed="0.002541"/>
</kw>
<kw name="Set Variable" owner="BuiltIn">
<msg time="2025-08-01T01:45:14.404288" level="INFO">${BTN_REMOVER_CARRINHO} = //div[@data-test="inventory-item"]//button[@data-test="remove-sauce-labs-bike-light"]</msg>
<var>${BTN_REMOVER_CARRINHO}</var>
<arg>${INVENTORY_DIV_INVENTARIO_ITEM}${BTN_REMOVER_CARRINHO_FORMATADO}</arg>
<doc>Returns the given values which can then be assigned to a variables.</doc>
<status status="PASS" start="2025-08-01T01:45:14.402816" elapsed="0.001643"/>
</kw>
<kw name="Scroll Element Into View" owner="SeleniumLibrary">
<arg>${BTN_REMOVER_CARRINHO}</arg>
<doc>Scrolls the element identified by ``locator`` into view.</doc>
<status status="PASS" start="2025-08-01T01:45:14.405241" elapsed="0.321380"/>
</kw>
<kw name="Click Button" owner="SeleniumLibrary">
<msg time="2025-08-01T01:45:14.728349" level="INFO">Clicking button '//div[@data-test="inventory-item"]//button[@data-test="remove-sauce-labs-bike-light"]'.</msg>
<arg>${BTN_REMOVER_CARRINHO}</arg>
<doc>Clicks the button identified by ``locator``.</doc>
<status status="PASS" start="2025-08-01T01:45:14.727415" elapsed="0.372196"/>
</kw>
<kw name="Capture Page Screenshot" owner="SeleniumLibrary">
<msg time="2025-08-01T01:45:15.374400" level="INFO" html="true">&lt;/td&gt;&lt;/tr&gt;&lt;tr&gt;&lt;td colspan="3"&gt;&lt;a href="selenium-screenshot-7.png"&gt;&lt;img src="selenium-screenshot-7.png" width="800px"&gt;&lt;/a&gt;</msg>
<doc>Takes a screenshot of the current page and embeds it into a log file.</doc>
<status status="PASS" start="2025-08-01T01:45:15.100486" elapsed="0.274240"/>
</kw>
<kw name="Limpar variaveis globais" owner="kws_sistema_vendas">
<kw name="Set Global Variable" owner="BuiltIn">
<msg time="2025-08-01T01:45:15.380998" level="INFO">@{LIST_POSICAO_PRODUTOS_ADICIONADOS} = [ ]</msg>
<arg>@{LIST_POSICAO_PRODUTOS_ADICIONADOS}</arg>
<arg>@{EMPTY}</arg>
<doc>Makes a variable available globally in all tests and suites.</doc>
<status status="PASS" start="2025-08-01T01:45:15.377682" elapsed="0.003598"/>
</kw>
<kw name="Log" owner="BuiltIn">
<msg time="2025-08-01T01:45:15.382548" level="INFO">A lista global de posições de produtos adicionados foi limpa.</msg>
<arg>A lista global de posições de produtos adicionados foi limpa.</arg>
<doc>Logs the given message with the given level.</doc>
<status status="PASS" start="2025-08-01T01:45:15.382037" elapsed="0.000719"/>
</kw>
<for flavor="IN">
<iter>
<if>
<branch type="IF" condition="'${value}' != ''">
<kw name="Set To Dictionary" owner="Collections">
<arg>${DIC_PRODUTOS_ADICIONADOS}</arg>
<arg>${key}</arg>
<arg>${EMPTY}</arg>
<doc>Adds the given ``key_value_pairs`` and/or ``items`` to the ``dictionary``.</doc>
<status status="PASS" start="2025-08-01T01:45:15.385473" elapsed="0.002493"/>
</kw>
<status status="PASS" start="2025-08-01T01:45:15.384416" elapsed="0.003858"/>
</branch>
<status status="PASS" start="2025-08-01T01:45:15.384334" elapsed="0.004154"/>
</if>
<kw name="Log" owner="BuiltIn">
<msg time="2025-08-01T01:45:15.389713" level="INFO">O dicionário global de posições de produtos por ordem de adicionados, foi limpo.</msg>
<arg>O dicionário global de posições de produtos por ordem de adicionados, foi limpo.</arg>
<doc>Logs the given message with the given level.</doc>
<status status="PASS" start="2025-08-01T01:45:15.389082" elapsed="0.000909"/>
</kw>
<var name="${key}">primeiro</var>
<var name="${value}">sauce-labs-bike-light</var>
<status status="PASS" start="2025-08-01T01:45:15.384070" elapsed="0.006179"/>
</iter>
<iter>
<if>
<branch type="IF" condition="'${value}' != ''">
<kw name="Set To Dictionary" owner="Collections">
<arg>${DIC_PRODUTOS_ADICIONADOS}</arg>
<arg>${key}</arg>
<arg>${EMPTY}</arg>
<doc>Adds the given ``key_value_pairs`` and/or ``items`` to the ``dictionary``.</doc>
<status status="PASS" start="2025-08-01T01:45:15.392646" elapsed="0.003624"/>
</kw>
<status status="PASS" start="2025-08-01T01:45:15.391365" elapsed="0.005264"/>
</branch>
<status status="PASS" start="2025-08-01T01:45:15.391250" elapsed="0.005620"/>
</if>
<kw name="Log" owner="BuiltIn">
<msg time="2025-08-01T01:45:15.397858" level="INFO">O dicionário global de posições de produtos por ordem de adicionados, foi limpo.</msg>
<arg>O dicionário global de posições de produtos por ordem de adicionados, foi limpo.</arg>
<doc>Logs the given message with the given level.</doc>
<status status="PASS" start="2025-08-01T01:45:15.397429" elapsed="0.000623"/>
</kw>
<var name="${key}">segundo</var>
<var name="${value}">sauce-labs-fleece-jacket</var>
<status status="PASS" start="2025-08-01T01:45:15.391016" elapsed="0.007239"/>
</iter>
<iter>
<if>
<branch type="IF" condition="'${value}' != ''">
<kw name="Set To Dictionary" owner="Collections">
<arg>${DIC_PRODUTOS_ADICIONADOS}</arg>
<arg>${key}</arg>
<arg>${EMPTY}</arg>
<doc>Adds the given ``key_value_pairs`` and/or ``items`` to the ``dictionary``.</doc>
<status status="NOT RUN" start="2025-08-01T01:45:15.400027" elapsed="0.000131"/>
</kw>
<status status="NOT RUN" start="2025-08-01T01:45:15.399180" elapsed="0.001197"/>
</branch>
<status status="PASS" start="2025-08-01T01:45:15.399111" elapsed="0.001508"/>
</if>
<kw name="Log" owner="BuiltIn">
<msg time="2025-08-01T01:45:15.401646" level="INFO">O dicionário global de posições de produtos por ordem de adicionados, foi limpo.</msg>
<arg>O dicionário global de posições de produtos por ordem de adicionados, foi limpo.</arg>
<doc>Logs the given message with the given level.</doc>
<status status="PASS" start="2025-08-01T01:45:15.401184" elapsed="0.000666"/>
</kw>
<var name="${key}">terceiro</var>
<var name="${value}"/>
<status status="PASS" start="2025-08-01T01:45:15.398934" elapsed="0.003131"/>
</iter>
<iter>
<if>
<branch type="IF" condition="'${value}' != ''">
<kw name="Set To Dictionary" owner="Collections">
<arg>${DIC_PRODUTOS_ADICIONADOS}</arg>
<arg>${key}</arg>
<arg>${EMPTY}</arg>
<doc>Adds the given ``key_value_pairs`` and/or ``items`` to the ``dictionary``.</doc>
<status status="NOT RUN" start="2025-08-01T01:45:15.404018" elapsed="0.000190"/>
</kw>
<status status="NOT RUN" start="2025-08-01T01:45:15.402995" elapsed="0.001472"/>
</branch>
<status status="PASS" start="2025-08-01T01:45:15.402927" elapsed="0.001786"/>
</if>
<kw name="Log" owner="BuiltIn">
<msg time="2025-08-01T01:45:15.405932" level="INFO">O dicionário global de posições de produtos por ordem de adicionados, foi limpo.</msg>
<arg>O dicionário global de posições de produtos por ordem de adicionados, foi limpo.</arg>
<doc>Logs the given message with the given level.</doc>
<status status="PASS" start="2025-08-01T01:45:15.405324" elapsed="0.000893"/>
</kw>
<var name="${key}">quarto</var>
<var name="${value}"/>
<status status="PASS" start="2025-08-01T01:45:15.402741" elapsed="0.003730"/>
</iter>
<iter>
<if>
<branch type="IF" condition="'${value}' != ''">
<kw name="Set To Dictionary" owner="Collections">
<arg>${DIC_PRODUTOS_ADICIONADOS}</arg>
<arg>${key}</arg>
<arg>${EMPTY}</arg>
<doc>Adds the given ``key_value_pairs`` and/or ``items`` to the ``dictionary``.</doc>
<status status="NOT RUN" start="2025-08-01T01:45:15.408666" elapsed="0.000174"/>
</kw>
<status status="NOT RUN" start="2025-08-01T01:45:15.407604" elapsed="0.003416"/>
</branch>
<status status="PASS" start="2025-08-01T01:45:15.407492" elapsed="0.004121"/>
</if>
<kw name="Log" owner="BuiltIn">
<msg time="2025-08-01T01:45:15.413332" level="INFO">O dicionário global de posições de produtos por ordem de adicionados, foi limpo.</msg>
<arg>O dicionário global de posições de produtos por ordem de adicionados, foi limpo.</arg>
<doc>Logs the given message with the given level.</doc>
<status status="PASS" start="2025-08-01T01:45:15.412660" elapsed="0.000963"/>
</kw>
<var name="${key}">quinto</var>
<var name="${value}"/>
<status status="PASS" start="2025-08-01T01:45:15.407267" elapsed="0.006972"/>
</iter>
<iter>
<if>
<branch type="IF" condition="'${value}' != ''">
<kw name="Set To Dictionary" owner="Collections">
<arg>${DIC_PRODUTOS_ADICIONADOS}</arg>
<arg>${key}</arg>
<arg>${EMPTY}</arg>
<doc>Adds the given ``key_value_pairs`` and/or ``items`` to the ``dictionary``.</doc>
<status status="NOT RUN" start="2025-08-01T01:45:15.417297" elapsed="0.000396"/>
</kw>
<status status="NOT RUN" start="2025-08-01T01:45:15.415433" elapsed="0.002624"/>
</branch>
<status status="PASS" start="2025-08-01T01:45:15.415341" elapsed="0.003018"/>
</if>
<kw name="Log" owner="BuiltIn">
<msg time="2025-08-01T01:45:15.419798" level="INFO">O dicionário global de posições de produtos por ordem de adicionados, foi limpo.</msg>
<arg>O dicionário global de posições de produtos por ordem de adicionados, foi limpo.</arg>
<doc>Logs the given message with the given level.</doc>
<status status="PASS" start="2025-08-01T01:45:15.419231" elapsed="0.000931"/>
</kw>
<var name="${key}">sexto</var>
<var name="${value}"/>
<status status="PASS" start="2025-08-01T01:45:15.415084" elapsed="0.005466"/>
</iter>
<var>${key}</var>
<var>${value}</var>
<value>&amp;{DIC_PRODUTOS_ADICIONADOS}</value>
<status status="PASS" start="2025-08-01T01:45:15.383037" elapsed="0.037831"/>
</for>
<doc>Limpa as variáveis globais utilizadas no teste.</doc>
<status status="PASS" start="2025-08-01T01:45:15.376191" elapsed="0.045131"/>
</kw>
<doc>Remove o produto especificado do carrinho.</doc>
<status status="PASS" start="2025-08-01T01:45:14.383827" elapsed="1.037887"/>
</kw>
<kw name="Acessar carrinho e finalizar o pedido" owner="kws_sistema_vendas">
<kw name="Click Link" owner="SeleniumLibrary">
<msg time="2025-08-01T01:45:15.431709" level="INFO">Clicking link '//a[@data-test="shopping-cart-link"]'.</msg>
<arg>${INVENTORY_LINK_CARRINHO}</arg>
<doc>Clicks a link identified by ``locator``.</doc>
<status status="PASS" start="2025-08-01T01:45:15.424892" elapsed="0.275860"/>
</kw>
<kw name="Wait Until Element Is Visible" owner="SeleniumLibrary">
<arg>${CART_TITLE}</arg>
<doc>Waits until the element ``locator`` is visible.</doc>
<status status="PASS" start="2025-08-01T01:45:15.701846" elapsed="0.072557"/>
</kw>
<kw name="Capture Page Screenshot" owner="SeleniumLibrary">
<msg time="2025-08-01T01:45:15.972903" level="INFO" html="true">&lt;/td&gt;&lt;/tr&gt;&lt;tr&gt;&lt;td colspan="3"&gt;&lt;a href="selenium-screenshot-8.png"&gt;&lt;img src="selenium-screenshot-8.png" width="800px"&gt;&lt;/a&gt;</msg>
<doc>Takes a screenshot of the current page and embeds it into a log file.</doc>
<status status="PASS" start="2025-08-01T01:45:15.775272" elapsed="0.197980"/>
</kw>
<kw name="Click Button" owner="SeleniumLibrary">
<msg time="2025-08-01T01:45:15.974925" level="INFO">Clicking button 'id=checkout'.</msg>
<arg>${CART_BTN_CHECKOUT}</arg>
<doc>Clicks the button identified by ``locator``.</doc>
<status status="PASS" start="2025-08-01T01:45:15.974067" elapsed="0.296675"/>
</kw>
<kw name="First Name" owner="FakerLibrary">
<msg time="2025-08-01T01:45:16.272323" level="INFO">${FIRST_NAME} = Breno</msg>
<var>${FIRST_NAME}</var>
<status status="PASS" start="2025-08-01T01:45:16.271476" elapsed="0.001021"/>
</kw>
<kw name="Last Name" owner="FakerLibrary">
<msg time="2025-08-01T01:45:16.273842" level="INFO">${LAST_NAME} = das Neves</msg>
<var>${LAST_NAME}</var>
<status status="PASS" start="2025-08-01T01:45:16.273110" elapsed="0.000889"/>
</kw>
<kw name="Postcode" owner="FakerLibrary">
<msg time="2025-08-01T01:45:16.275500" level="INFO">${POSTAL_CODE} = 17113-599</msg>
<var>${POSTAL_CODE}</var>
<doc>Randomly returns a postcode.
:param formatted: True to allow formatted postcodes, else False (default True)
:example formatted: '41224-212' '83992-291' '12324322'
:example raw: '43920231' '34239530'</doc>
<status status="PASS" start="2025-08-01T01:45:16.274637" elapsed="0.001025"/>
</kw>
<kw name="Input Text" owner="SeleniumLibrary">
<msg time="2025-08-01T01:45:16.278055" level="INFO">Typing text 'Breno' into text field 'id=first-name'.</msg>
<arg>${CHECKOUT_FIELD_FIRST_NAME}</arg>
<arg>${FIRST_NAME}</arg>
<doc>Types the given ``text`` into the text field identified by ``locator``.</doc>
<status status="PASS" start="2025-08-01T01:45:16.276699" elapsed="0.278177"/>
</kw>
<kw name="Input Text" owner="SeleniumLibrary">
<msg time="2025-08-01T01:45:16.556353" level="INFO">Typing text 'das Neves' into text field 'id=last-name'.</msg>
<arg>${CHECKOUT_FIELD_LAST_NAME}</arg>
<arg>${LAST_NAME}</arg>
<doc>Types the given ``text`` into the text field identified by ``locator``.</doc>
<status status="PASS" start="2025-08-01T01:45:16.555567" elapsed="0.275158"/>
</kw>
<kw name="Input Text" owner="SeleniumLibrary">
<msg time="2025-08-01T01:45:16.832180" level="INFO">Typing text '17113-599' into text field 'id=postal-code'.</msg>
<arg>${CHECKOUT_FIELD_POSTAL_CODE}</arg>
<arg>${POSTAL_CODE}</arg>
<doc>Types the given ``text`` into the text field identified by ``locator``.</doc>
<status status="PASS" start="2025-08-01T01:45:16.831405" elapsed="0.303138"/>
</kw>
<kw name="Capture Page Screenshot" owner="SeleniumLibrary">
<msg time="2025-08-01T01:45:17.331462" level="INFO" html="true">&lt;/td&gt;&lt;/tr&gt;&lt;tr&gt;&lt;td colspan="3"&gt;&lt;a href="selenium-screenshot-9.png"&gt;&lt;img src="selenium-screenshot-9.png" width="800px"&gt;&lt;/a&gt;</msg>
<doc>Takes a screenshot of the current page and embeds it into a log file.</doc>
<status status="PASS" start="2025-08-01T01:45:17.135558" elapsed="0.196256"/>
</kw>
<kw name="Click Button" owner="SeleniumLibrary">
<msg time="2025-08-01T01:45:17.333263" level="INFO">Clicking button 'id=continue'.</msg>
<arg>${CHECKOUT_BTN_CONTINUE}</arg>
<doc>Clicks the button identified by ``locator``.</doc>
<status status="PASS" start="2025-08-01T01:45:17.332553" elapsed="0.277722"/>
</kw>
<kw name="Capture Page Screenshot" owner="SeleniumLibrary">
<msg time="2025-08-01T01:45:17.806257" level="INFO" html="true">&lt;/td&gt;&lt;/tr&gt;&lt;tr&gt;&lt;td colspan="3"&gt;&lt;a href="selenium-screenshot-10.png"&gt;&lt;img src="selenium-screenshot-10.png" width="800px"&gt;&lt;/a&gt;</msg>
<doc>Takes a screenshot of the current page and embeds it into a log file.</doc>
<status status="PASS" start="2025-08-01T01:45:17.611811" elapsed="0.194759"/>
</kw>
<kw name="Wait Until Element Is Visible" owner="SeleniumLibrary">
<arg>${SECOND_CHECKOUT_TITLE}</arg>
<doc>Waits until the element ``locator`` is visible.</doc>
<status status="PASS" start="2025-08-01T01:45:17.807252" elapsed="0.049129"/>
</kw>
<kw name="Click Button" owner="SeleniumLibrary">
<msg time="2025-08-01T01:45:17.857718" level="INFO">Clicking button 'id=finish'.</msg>
<arg>${CHECKOUT_BTN_FINISH}</arg>
<doc>Clicks the button identified by ``locator``.</doc>
<status status="PASS" start="2025-08-01T01:45:17.857059" elapsed="0.296380"/>
</kw>
<kw name="Wait Until Element Is Visible" owner="SeleniumLibrary">
<arg>${CHECKOUT_LBL_FINISH}</arg>
<doc>Waits until the element ``locator`` is visible.</doc>
<status status="PASS" start="2025-08-01T01:45:18.155240" elapsed="0.058083"/>
</kw>
<kw name="Wait Until Element Is Visible" owner="SeleniumLibrary">
<arg>${CHECKOUT_LBL_ORDER_COMPLETE}</arg>
<doc>Waits until the element ``locator`` is visible.</doc>
<status status="PASS" start="2025-08-01T01:45:18.214010" elapsed="0.043722"/>
</kw>
<kw name="Capture Page Screenshot" owner="SeleniumLibrary">
<msg time="2025-08-01T01:45:18.449715" level="INFO" html="true">&lt;/td&gt;&lt;/tr&gt;&lt;tr&gt;&lt;td colspan="3"&gt;&lt;a href="selenium-screenshot-11.png"&gt;&lt;img src="selenium-screenshot-11.png" width="800px"&gt;&lt;/a&gt;</msg>
<doc>Takes a screenshot of the current page and embeds it into a log file.</doc>
<status status="PASS" start="2025-08-01T01:45:18.258484" elapsed="0.191551"/>
</kw>
<doc>Acessa o carrinho de compras e finaliza o pedido.</doc>
<status status="PASS" start="2025-08-01T01:45:15.423610" elapsed="3.026785"/>
</kw>
<doc>Realizar o login com o usuário standard_user, adicionar produtos ao carrinho, remover um produto e finalizar o pedido.</doc>
<tag>CT01</tag>
<tag>LOGIN_USER_STANDARD</tag>
<status status="PASS" start="2025-08-01T01:45:07.672826" elapsed="10.779287"/>
</test>
<test id="s1-s1-t2" name="Cenario 2: Login, adição, remoção de produtos e, finalização de pedido" line="18">
<kw name="Run Keywords" owner="BuiltIn" type="SETUP">
<kw name="Acessar página home do site" owner="kws_sistema_vendas">
<kw name="Go To" owner="SeleniumLibrary">
<msg time="2025-08-01T01:45:18.462813" level="INFO">Opening url 'https://www.saucedemo.com/'</msg>
<arg>${URL_HOME}</arg>
<doc>Navigates the current browser window to the provided ``url``.</doc>
<status status="PASS" start="2025-08-01T01:45:18.461846" elapsed="0.489293"/>
</kw>
<kw name="Title Should Be" owner="SeleniumLibrary">
<msg time="2025-08-01T01:45:18.971221" level="INFO">Page title is 'Swag Labs'.</msg>
<arg>${LOGIN_TITLE}</arg>
<doc>Verifies that the current page title equals ``title``.</doc>
<status status="PASS" start="2025-08-01T01:45:18.951947" elapsed="0.019603"/>
</kw>
<kw name="Capture Page Screenshot" owner="SeleniumLibrary">
<msg time="2025-08-01T01:45:19.243353" level="INFO" html="true">&lt;/td&gt;&lt;/tr&gt;&lt;tr&gt;&lt;td colspan="3"&gt;&lt;a href="selenium-screenshot-12.png"&gt;&lt;img src="selenium-screenshot-12.png" width="800px"&gt;&lt;/a&gt;</msg>
<doc>Takes a screenshot of the current page and embeds it into a log file.</doc>
<status status="PASS" start="2025-08-01T01:45:18.972360" elapsed="0.271422"/>
</kw>
<arg>${SAUCE_DEMO_URL}</arg>
<doc>Acessa a página inicial do site de testes (https://www.saucedemo.com/)</doc>
<status status="PASS" start="2025-08-01T01:45:18.458715" elapsed="0.785457"/>
</kw>
<kw name="Login com usuário" owner="kws_sistema_vendas">
<kw name="Input Text" owner="SeleniumLibrary">
<msg time="2025-08-01T01:45:19.248342" level="INFO">Typing text 'performance_glitch_user' into text field 'id=user-name'.</msg>
<arg>${LOGIN_FIELD_USER}</arg>
<arg>${username}</arg>
<doc>Types the given ``text`` into the text field identified by ``locator``.</doc>
<status status="PASS" start="2025-08-01T01:45:19.246866" elapsed="0.854115"/>
</kw>
<kw name="Input Text" owner="SeleniumLibrary">
<msg time="2025-08-01T01:45:20.103155" level="INFO">Typing text 'secret_sauce' into text field 'id=password'.</msg>
<arg>${LOGIN_FIELD_PASSWORD}</arg>
<arg>${password}</arg>
<doc>Types the given ``text`` into the text field identified by ``locator``.</doc>
<status status="PASS" start="2025-08-01T01:45:20.102079" elapsed="0.767797"/>
</kw>
<kw name="Capture Page Screenshot" owner="SeleniumLibrary">
<msg time="2025-08-01T01:45:21.056716" level="INFO" html="true">&lt;/td&gt;&lt;/tr&gt;&lt;tr&gt;&lt;td colspan="3"&gt;&lt;a href="selenium-screenshot-13.png"&gt;&lt;img src="selenium-screenshot-13.png" width="800px"&gt;&lt;/a&gt;</msg>
<doc>Takes a screenshot of the current page and embeds it into a log file.</doc>
<status status="PASS" start="2025-08-01T01:45:20.870654" elapsed="0.186398"/>
</kw>
<kw name="Click Button" owner="SeleniumLibrary">
<msg time="2025-08-01T01:45:21.058689" level="INFO">Clicking button 'id=login-button'.</msg>
<arg>${LOGIN_BUTTON}</arg>
<doc>Clicks the button identified by ``locator``.</doc>
<status status="PASS" start="2025-08-01T01:45:21.057816" elapsed="5.361033"/>
</kw>
<arg>performance_glitch_user</arg>
<doc>Realiza o login no sistema com o usuário e senha fornecidos pelos argumentos.</doc>
<status status="PASS" start="2025-08-01T01:45:19.245139" elapsed="7.174378"/>
</kw>
<arg>Acessar página home do site</arg>
<arg>${SAUCE_DEMO_URL}</arg>
<arg>AND</arg>
<arg>Login com usuário</arg>
<arg>performance_glitch_user</arg>
<doc>Executes all the given keywords in a sequence.</doc>
<status status="PASS" start="2025-08-01T01:45:18.457542" elapsed="7.962504"/>
</kw>
<kw name="Adicionar &quot;segundo&quot; produto ao carrinho" owner="kws_sistema_vendas" source_name="Adicionar &quot;${POSICAO}&quot; produto ao carrinho">
<kw name="Capture Page Screenshot" owner="SeleniumLibrary">
<msg time="2025-08-01T01:45:26.685792" level="INFO" html="true">&lt;/td&gt;&lt;/tr&gt;&lt;tr&gt;&lt;td colspan="3"&gt;&lt;a href="selenium-screenshot-14.png"&gt;&lt;img src="selenium-screenshot-14.png" width="800px"&gt;&lt;/a&gt;</msg>
<doc>Takes a screenshot of the current page and embeds it into a log file.</doc>
<status status="PASS" start="2025-08-01T01:45:26.430519" elapsed="0.255650"/>
</kw>
<kw name="Converter posição escrita para numero" owner="kws_sistema_vendas">
<if>
<branch type="IF" condition="'${POSICAO}' in ['outro', &quot;OUTRO&quot;]">
<kw name="Escolher posição aleatória sem repetição" owner="kws_sistema_vendas">
<var>${NOVA_POSICAO}</var>
<arg>${POSICAO}</arg>
<doc>Escolhe uma nova posição aleatória para adicionar um produto ao carrinho, garantindo que não haja repetição de posições já adicionadas.</doc>
<status status="NOT RUN" start="2025-08-01T01:45:26.689414" elapsed="0.000164"/>
</kw>
<kw name="Log" owner="BuiltIn">
<arg>A nova posição aleatória escolhida foi: ${NOVA_POSICAO}</arg>
<doc>Logs the given message with the given level.</doc>
<status status="NOT RUN" start="2025-08-01T01:45:26.690187" elapsed="0.000126"/>
</kw>
<kw name="Set Variable" owner="BuiltIn">
<var>${POSICAO}</var>
<arg>${NOVA_POSICAO}</arg>
<doc>Returns the given values which can then be assigned to a variables.</doc>
<status status="NOT RUN" start="2025-08-01T01:45:26.690837" elapsed="0.000106"/>
</kw>
<status status="NOT RUN" start="2025-08-01T01:45:26.688338" elapsed="0.002813"/>
</branch>
<status status="PASS" start="2025-08-01T01:45:26.688257" elapsed="0.003058"/>
</if>
<kw name="Get From Dictionary" owner="Collections">
<msg time="2025-08-01T01:45:26.693802" level="INFO">${VALOR_POSICAO} = 2</msg>
<var>${VALOR_POSICAO}</var>
<arg>${DIC_POSICOES}</arg>
<arg>${POSICAO}</arg>
<doc>Returns a value from the given ``dictionary`` based on the given ``key``.</doc>
<status status="PASS" start="2025-08-01T01:45:26.692178" elapsed="0.001789"/>
</kw>
<kw name="Verificar se há produtos já adicionados e atualizar o índice de opções disponíveis" owner="kws_sistema_vendas">
<kw name="Get Length" owner="BuiltIn">
<msg time="2025-08-01T01:45:26.696980" level="INFO">Length is 0.</msg>
<msg time="2025-08-01T01:45:26.697287" level="INFO">${QUANTIDADE_POSICOES} = 0</msg>
<var>${QUANTIDADE_POSICOES}</var>
<arg>${LIST_POSICAO_PRODUTOS_ADICIONADOS}</arg>
<doc>Returns and logs the length of the given item as an integer.</doc>
<status status="PASS" start="2025-08-01T01:45:26.696484" elapsed="0.000910"/>
</kw>
<if>
<branch type="IF" condition="${QUANTIDADE_POSICOES} != 0">
<if>
<branch type="IF" condition="${INDEX_POSICAO} == 1">
<kw name="Log" owner="BuiltIn">
<arg>O atual índice de posição escolhido é: "${INDEX_POSICAO}", portanto não há necessidade de ajuste de índice de opções de posições disponíveis.</arg>
<doc>Logs the given message with the given level.</doc>
<status status="NOT RUN" start="2025-08-01T01:45:26.698807" elapsed="0.000121"/>
</kw>
<status status="NOT RUN" start="2025-08-01T01:45:26.698271" elapsed="0.000870"/>
</branch>
<branch type="ELSE">
<kw name="Log" owner="BuiltIn">
<arg>Há produtos já adicionados ao carrinho, portanto será necessário ajustar o índice de opções de posições disponíveis.</arg>
<doc>Logs the given message with the given level.</doc>
<status status="NOT RUN" start="2025-08-01T01:45:26.699771" elapsed="0.000110"/>
</kw>
<kw name="Evaluate" owner="BuiltIn">
<var>${INDEX_POSICAO_ATUALIZADO}</var>
<arg>${INDEX_POSICAO} - ${QUANTIDADE_POSICOES}</arg>
<doc>Evaluates the given expression in Python and returns the result.</doc>
<status status="NOT RUN" start="2025-08-01T01:45:26.700475" elapsed="0.000123"/>
</kw>
<kw name="Log" owner="BuiltIn">
<arg>Há essa quantidade de produtos já adicionados: ${QUANTIDADE_POSICOES}, portanto o índice de opções disponíveis foi atualizado para: ${INDEX_POSICAO_ATUALIZADO}.</arg>
<doc>Logs the given message with the given level.</doc>
<status status="NOT RUN" start="2025-08-01T01:45:26.701165" elapsed="0.000134"/>
</kw>
<kw name="Set Variable" owner="BuiltIn">
<var>${INDEX_POSICAO}</var>
<arg>${INDEX_POSICAO_ATUALIZADO}</arg>
<doc>Returns the given values which can then be assigned to a variables.</doc>
<status status="NOT RUN" start="2025-08-01T01:45:26.702066" elapsed="0.000136"/>
</kw>
<status status="NOT RUN" start="2025-08-01T01:45:26.699303" elapsed="0.003100"/>
</branch>
<status status="NOT RUN" start="2025-08-01T01:45:26.698212" elapsed="0.004341"/>
</if>
<status status="NOT RUN" start="2025-08-01T01:45:26.697739" elapsed="0.004943"/>
</branch>
<branch type="ELSE">
<kw name="Log" owner="BuiltIn">
<msg time="2025-08-01T01:45:26.703710" level="INFO">Nenhum produto foi adicionado ao carrinho ainda, portanto não há necessidade de ajuste de índice de opções de posições disponíveis.</msg>
<arg>Nenhum produto foi adicionado ao carrinho ainda, portanto não há necessidade de ajuste de índice de opções de posições disponíveis.</arg>
<doc>Logs the given message with the given level.</doc>
<status status="PASS" start="2025-08-01T01:45:26.703338" elapsed="0.000561"/>
</kw>
<status status="PASS" start="2025-08-01T01:45:26.702834" elapsed="0.001275"/>
</branch>
<status status="PASS" start="2025-08-01T01:45:26.697667" elapsed="0.006588"/>
</if>
<return>
<value>${INDEX_POSICAO}</value>
<status status="PASS" start="2025-08-01T01:45:26.704401" elapsed="0.000149"/>
</return>
<msg time="2025-08-01T01:45:26.705114" level="INFO">${VALOR_POSICAO} = 2</msg>
<var>${VALOR_POSICAO}</var>
<arg>${VALOR_POSICAO}</arg>
<doc>Verifica se já existem produtos adicionados ao carrinho e atualiza o índice de opções disponíveis, se necessário.</doc>
<status status="PASS" start="2025-08-01T01:45:26.695277" elapsed="0.009953"/>
</kw>
<kw name="Log" owner="BuiltIn">
<msg time="2025-08-01T01:45:26.706427" level="INFO">A posição 'segundo' especificada no argumento de entrada, corresponde ao número: 2.</msg>
<arg>A posição '${POSICAO}' especificada no argumento de entrada, corresponde ao número: ${VALOR_POSICAO}.</arg>
<doc>Logs the given message with the given level.</doc>
<status status="PASS" start="2025-08-01T01:45:26.705832" elapsed="0.000789"/>
</kw>
<kw name="Capturar a posição do produto adicionado" owner="kws_sistema_vendas">
<kw name="Append To List" owner="Collections">
<arg>${LIST_POSICAO_PRODUTOS_ADICIONADOS}</arg>
<arg>${POSICAO}</arg>
<doc>Adds ``values`` to the end of ``list``.</doc>
<status status="PASS" start="2025-08-01T01:45:26.708776" elapsed="0.000889"/>
</kw>
<kw name="Log" owner="BuiltIn">
<msg time="2025-08-01T01:45:26.711319" level="INFO">O índice do produto adicionado foi na lista ['segundo'].</msg>
<arg>O índice do produto adicionado foi na lista ${LIST_POSICAO_PRODUTOS_ADICIONADOS}.</arg>
<doc>Logs the given message with the given level.</doc>
<status status="PASS" start="2025-08-01T01:45:26.710586" elapsed="0.000959"/>
</kw>
<arg>${POSICAO}</arg>
<doc>Captura a posição do produto adicionado e armazena em uma variável global.</doc>
<status status="PASS" start="2025-08-01T01:45:26.707310" elapsed="0.004583"/>
</kw>
<return>
<value>${VALOR_POSICAO}</value>
<status status="PASS" start="2025-08-01T01:45:26.712159" elapsed="0.000174"/>
</return>
<msg time="2025-08-01T01:45:26.712863" level="INFO">${INDICE_POSICAO} = 2</msg>
<var>${INDICE_POSICAO}</var>
<arg>${POSICAO}</arg>
<doc>Converte a posição escrita do produto para o número correspondente.</doc>
<status status="PASS" start="2025-08-01T01:45:26.687314" elapsed="0.025679"/>
</kw>
<kw name="Set Variable" owner="BuiltIn">
<msg time="2025-08-01T01:45:26.714444" level="INFO">${BTN_ADICIONAR_CARRINHO} = (//div[@data-test="inventory-item"]//button[contains(text(), 'Add to cart')])[2]</msg>
<var>${BTN_ADICIONAR_CARRINHO}</var>
<arg>(${INVENTORY_DIV_INVENTARIO_ITEM}${INVENTORY_BTN_ADICIONAR_CARRINHO})[${INDICE_POSICAO}]</arg>
<doc>Returns the given values which can then be assigned to a variables.</doc>
<status status="PASS" start="2025-08-01T01:45:26.713596" elapsed="0.000974"/>
</kw>
<kw name="Capturar o nome do produto adicionado" owner="kws_sistema_vendas">
<kw name="Get Text" owner="SeleniumLibrary">
<msg time="2025-08-01T01:45:26.760084" level="INFO">${NOME_PRODUTO} = Sauce Labs Bike Light</msg>
<var>${NOME_PRODUTO}</var>
<arg>(${INVENTORY_DIV_INVENTARIO_ITEM}${INVENTORY_LBL_ITEM_NOME})[${INDICE_POSICAO}]</arg>
<doc>Returns the text value of the element identified by ``locator``.</doc>
<status status="PASS" start="2025-08-01T01:45:26.716527" elapsed="0.043695"/>
</kw>
<kw name="Log" owner="BuiltIn">
<msg time="2025-08-01T01:45:26.761374" level="INFO">O produto a ser adicionado é: Sauce Labs Bike Light.</msg>
<arg>O produto a ser adicionado é: ${NOME_PRODUTO}.</arg>
<doc>Logs the given message with the given level.</doc>
<status status="PASS" start="2025-08-01T01:45:26.760859" elapsed="0.000704"/>
</kw>
<kw name="Replace String" owner="String">
<msg time="2025-08-01T01:45:26.762977" level="INFO">${NOME_PRODUTO_REPLACE} = Sauce-Labs-Bike-Light</msg>
<var>${NOME_PRODUTO_REPLACE}</var>
<arg>${NOME_PRODUTO}</arg>
<arg>${SPACE}</arg>
<arg>-</arg>
<doc>Replaces ``search_for`` in the given ``string`` with ``replace_with``.</doc>
<status status="PASS" start="2025-08-01T01:45:26.762184" elapsed="0.000918"/>
</kw>
<kw name="Log" owner="BuiltIn">
<msg time="2025-08-01T01:45:26.764217" level="INFO">A formatação atual do nome do produto ficou assim: Sauce-Labs-Bike-Light.</msg>
<arg>A formatação atual do nome do produto ficou assim: ${NOME_PRODUTO_REPLACE}.</arg>
<doc>Logs the given message with the given level.</doc>
<status status="PASS" start="2025-08-01T01:45:26.763719" elapsed="0.000686"/>
</kw>
<kw name="Convert To Lower Case" owner="String">
<msg time="2025-08-01T01:45:26.765776" level="INFO">${NOME_PRODUTO_FORMATADO} = sauce-labs-bike-light</msg>
<var>${NOME_PRODUTO_FORMATADO}</var>
<arg>${NOME_PRODUTO_REPLACE}</arg>
<doc>Converts string to lower case.</doc>
<status status="PASS" start="2025-08-01T01:45:26.765006" elapsed="0.000917"/>
</kw>
<kw name="Log" owner="BuiltIn">
<msg time="2025-08-01T01:45:26.767169" level="INFO">A formatação final do nome do produto ficou assim: sauce-labs-bike-light.</msg>
<arg>A formatação final do nome do produto ficou assim: ${NOME_PRODUTO_FORMATADO}.</arg>
<doc>Logs the given message with the given level.</doc>
<status status="PASS" start="2025-08-01T01:45:26.766596" elapsed="0.000773"/>
</kw>
<kw name="Adicionar nome do produto ao dicionário global" owner="kws_sistema_vendas">
<if>
<branch type="IF" condition="'${NOME_PRODUTO}' != '${EMPTY}'">
<for flavor="IN">
<iter>
<if>
<branch type="IF" condition="'${value}' == ''">
<kw name="Set To Dictionary" owner="Collections">
<arg>${DIC_PRODUTOS_ADICIONADOS}</arg>
<arg>${key}</arg>
<arg>${NOME_PRODUTO}</arg>
<doc>Adds the given ``key_value_pairs`` and/or ``items`` to the ``dictionary``.</doc>
<status status="PASS" start="2025-08-01T01:45:26.773306" elapsed="0.002009"/>
</kw>
<kw name="Log" owner="BuiltIn">
<msg time="2025-08-01T01:45:26.777009" level="INFO">A posição do produto adicionado foi atualizada: {'primeiro': 'sauce-labs-bike-light', 'segundo': '', 'terceiro': '', 'quarto': '', 'quinto': '', 'sexto': ''}.</msg>
<arg>A posição do produto adicionado foi atualizada: ${DIC_PRODUTOS_ADICIONADOS}.</arg>
<doc>Logs the given message with the given level.</doc>
<status status="PASS" start="2025-08-01T01:45:26.776122" elapsed="0.001152"/>
</kw>
<kw name="Exit For Loop" owner="BuiltIn">
<msg time="2025-08-01T01:45:26.778422" level="INFO">Exiting for loop altogether.</msg>
<doc>Stops executing the enclosing FOR loop.</doc>
<status status="PASS" start="2025-08-01T01:45:26.778055" elapsed="0.000588"/>
</kw>
<status status="PASS" start="2025-08-01T01:45:26.772506" elapsed="0.006332"/>
</branch>
<status status="PASS" start="2025-08-01T01:45:26.772446" elapsed="0.006576"/>
</if>
<var name="${key}">primeiro</var>
<var name="${value}"/>
<status status="PASS" start="2025-08-01T01:45:26.772269" elapsed="0.006866"/>
</iter>
<var>${key}</var>
<var>${value}</var>
<value>&amp;{DIC_PRODUTOS_ADICIONADOS}</value>
<status status="PASS" start="2025-08-01T01:45:26.771446" elapsed="0.008075"/>
</for>
<status status="PASS" start="2025-08-01T01:45:26.769528" elapsed="0.010229"/>
</branch>
<status status="PASS" start="2025-08-01T01:45:26.769439" elapsed="0.010469"/>
</if>
<arg>${NOME_PRODUTO_FORMATADO}</arg>
<doc>Adiciona o nome do produto ao dicionário global de produtos adicionados.</doc>
<status status="PASS" start="2025-08-01T01:45:26.768476" elapsed="0.011649"/>
</kw>
<arg>${INDICE_POSICAO}</arg>
<doc>Captura os índices dos produtos adicionados ao carrinho e armazena em uma lista global.</doc>
<status status="PASS" start="2025-08-01T01:45:26.715355" elapsed="0.065036"/>
</kw>
<kw name="Scroll Element Into View" owner="SeleniumLibrary">
<arg>${BTN_ADICIONAR_CARRINHO}</arg>
<doc>Scrolls the element identified by ``locator`` into view.</doc>
<status status="PASS" start="2025-08-01T01:45:26.781003" elapsed="0.303937"/>
</kw>
<kw name="Click Button" owner="SeleniumLibrary">
<msg time="2025-08-01T01:45:27.089170" level="INFO">Clicking button '(//div[@data-test="inventory-item"]//button[contains(text(), 'Add to cart')])[2]'.</msg>
<arg>${BTN_ADICIONAR_CARRINHO}</arg>
<doc>Clicks the button identified by ``locator``.</doc>
<status status="PASS" start="2025-08-01T01:45:27.087145" elapsed="0.259381"/>
</kw>
<kw name="Capture Page Screenshot" owner="SeleniumLibrary">
<msg time="2025-08-01T01:45:27.588911" level="INFO" html="true">&lt;/td&gt;&lt;/tr&gt;&lt;tr&gt;&lt;td colspan="3"&gt;&lt;a href="selenium-screenshot-15.png"&gt;&lt;img src="selenium-screenshot-15.png" width="800px"&gt;&lt;/a&gt;</msg>
<doc>Takes a screenshot of the current page and embeds it into a log file.</doc>
<status status="PASS" start="2025-08-01T01:45:27.347370" elapsed="0.241880"/>
</kw>
<doc>Adiciona o produto especificado ao carrinho.</doc>
<status status="PASS" start="2025-08-01T01:45:26.429326" elapsed="1.160290"/>
</kw>
<kw name="Adicionar &quot;outro&quot; produto ao carrinho" owner="kws_sistema_vendas" source_name="Adicionar &quot;${POSICAO}&quot; produto ao carrinho">
<kw name="Capture Page Screenshot" owner="SeleniumLibrary">
<msg time="2025-08-01T01:45:27.833567" level="INFO" html="true">&lt;/td&gt;&lt;/tr&gt;&lt;tr&gt;&lt;td colspan="3"&gt;&lt;a href="selenium-screenshot-16.png"&gt;&lt;img src="selenium-screenshot-16.png" width="800px"&gt;&lt;/a&gt;</msg>
<doc>Takes a screenshot of the current page and embeds it into a log file.</doc>
<status status="PASS" start="2025-08-01T01:45:27.592404" elapsed="0.241532"/>
</kw>
<kw name="Converter posição escrita para numero" owner="kws_sistema_vendas">
<if>
<branch type="IF" condition="'${POSICAO}' in ['outro', &quot;OUTRO&quot;]">
<kw name="Escolher posição aleatória sem repetição" owner="kws_sistema_vendas">
<kw name="Log" owner="BuiltIn">
<msg time="2025-08-01T01:45:27.838733" level="INFO">Haverá uma troca da posição atual: 'outro', por uma nova posição aleatória válida e não repetida.</msg>
<arg>Haverá uma troca da posição atual: '${POSICAO}', por uma nova posição aleatória válida e não repetida.</arg>
<doc>Logs the given message with the given level.</doc>
<status status="PASS" start="2025-08-01T01:45:27.838216" elapsed="0.000731"/>
</kw>
<kw name="Create List" owner="BuiltIn">
<msg time="2025-08-01T01:45:27.840176" level="INFO">${LISTA_TODAS_POSICOES} = ['primeiro', 'segundo', 'terceiro', 'quarto', 'quinto', 'sexto']</msg>
<var>${LISTA_TODAS_POSICOES}</var>
<arg>primeiro</arg>
<arg>segundo</arg>
<arg>terceiro</arg>
<arg>quarto</arg>
<arg>quinto</arg>
<arg>sexto</arg>
<doc>Returns a list containing given items.</doc>
<status status="PASS" start="2025-08-01T01:45:27.839559" elapsed="0.000746"/>
</kw>
<kw name="Remove Values From List" owner="Collections">
<arg>${LISTA_TODAS_POSICOES}</arg>
<arg>@{LIST_POSICAO_PRODUTOS_ADICIONADOS}</arg>
<doc>Removes all occurrences of given ``values`` from ``list``.</doc>
<status status="PASS" start="2025-08-01T01:45:27.841007" elapsed="0.000675"/>
</kw>
<kw name="Copy List" owner="Collections">
<msg time="2025-08-01T01:45:27.843527" level="INFO">${LISTA_POSICOES_DISPONIVEIS} = ['primeiro', 'terceiro', 'quarto', 'quinto', 'sexto']</msg>
<var>${LISTA_POSICOES_DISPONIVEIS}</var>
<arg>${LISTA_TODAS_POSICOES}</arg>
<doc>Returns a copy of the given list.</doc>
<status status="PASS" start="2025-08-01T01:45:27.842535" elapsed="0.001173"/>
</kw>
<kw name="Evaluate" owner="BuiltIn">
<msg time="2025-08-01T01:45:27.846393" level="INFO">${NOVA_POSICAO} = terceiro</msg>
<var>${NOVA_POSICAO}</var>
<arg>random.choice(${LISTA_POSICOES_DISPONIVEIS})</arg>
<arg>modules=random</arg>
<doc>Evaluates the given expression in Python and returns the result.</doc>
<status status="PASS" start="2025-08-01T01:45:27.844609" elapsed="0.001930"/>
</kw>
<return>
<value>${NOVA_POSICAO}</value>
<status status="PASS" start="2025-08-01T01:45:27.846841" elapsed="0.000184"/>
</return>
<msg time="2025-08-01T01:45:27.847619" level="INFO">${NOVA_POSICAO} = terceiro</msg>
<var>${NOVA_POSICAO}</var>
<arg>${POSICAO}</arg>
<doc>Escolhe uma nova posição aleatória para adicionar um produto ao carrinho, garantindo que não haja repetição de posições já adicionadas.</doc>
<status status="PASS" start="2025-08-01T01:45:27.837050" elapsed="0.010703"/>
</kw>
<kw name="Log" owner="BuiltIn">
<msg time="2025-08-01T01:45:27.849027" level="INFO">A nova posição aleatória escolhida foi: terceiro</msg>
<arg>A nova posição aleatória escolhida foi: ${NOVA_POSICAO}</arg>
<doc>Logs the given message with the given level.</doc>
<status status="PASS" start="2025-08-01T01:45:27.848438" elapsed="0.000816"/>
</kw>
<kw name="Set Variable" owner="BuiltIn">
<msg time="2025-08-01T01:45:27.850599" level="INFO">${POSICAO} = terceiro</msg>
<var>${POSICAO}</var>
<arg>${NOVA_POSICAO}</arg>
<doc>Returns the given values which can then be assigned to a variables.</doc>
<status status="PASS" start="2025-08-01T01:45:27.849909" elapsed="0.000827"/>
</kw>
<status status="PASS" start="2025-08-01T01:45:27.836011" elapsed="0.014978"/>
</branch>
<status status="PASS" start="2025-08-01T01:45:27.835926" elapsed="0.015248"/>
</if>
<kw name="Get From Dictionary" owner="Collections">
<msg time="2025-08-01T01:45:27.852545" level="INFO">${VALOR_POSICAO} = 3</msg>
<var>${VALOR_POSICAO}</var>
<arg>${DIC_POSICOES}</arg>
<arg>${POSICAO}</arg>
<doc>Returns a value from the given ``dictionary`` based on the given ``key``.</doc>
<status status="PASS" start="2025-08-01T01:45:27.851707" elapsed="0.000977"/>
</kw>
<kw name="Verificar se há produtos já adicionados e atualizar o índice de opções disponíveis" owner="kws_sistema_vendas">
<kw name="Get Length" owner="BuiltIn">
<msg time="2025-08-01T01:45:27.855790" level="INFO">Length is 1.</msg>
<msg time="2025-08-01T01:45:27.856145" level="INFO">${QUANTIDADE_POSICOES} = 1</msg>
<var>${QUANTIDADE_POSICOES}</var>
<arg>${LIST_POSICAO_PRODUTOS_ADICIONADOS}</arg>
<doc>Returns and logs the length of the given item as an integer.</doc>
<status status="PASS" start="2025-08-01T01:45:27.855259" elapsed="0.001016"/>
</kw>
<if>
<branch type="IF" condition="${QUANTIDADE_POSICOES} != 0">
<if>
<branch type="IF" condition="${INDEX_POSICAO} == 1">
<kw name="Log" owner="BuiltIn">
<arg>O atual índice de posição escolhido é: "${INDEX_POSICAO}", portanto não há necessidade de ajuste de índice de opções de posições disponíveis.</arg>
<doc>Logs the given message with the given level.</doc>
<status status="NOT RUN" start="2025-08-01T01:45:27.858156" elapsed="0.000164"/>
</kw>
<status status="NOT RUN" start="2025-08-01T01:45:27.857290" elapsed="0.001285"/>
</branch>
<branch type="ELSE">
[...]
<arg>${key}</arg>
<arg>${EMPTY}</arg>
<doc>Adds the given ``key_value_pairs`` and/or ``items`` to the ``dictionary``.</doc>
<status status="NOT RUN" start="2025-08-01T01:45:29.548734" elapsed="0.000125"/>
</kw>
<status status="NOT RUN" start="2025-08-01T01:45:29.547922" elapsed="0.001166"/>
</branch>
<status status="PASS" start="2025-08-01T01:45:29.547860" elapsed="0.001386"/>
</if>
<kw name="Log" owner="BuiltIn">
<msg time="2025-08-01T01:45:29.550146" level="INFO">O dicionário global de posições de produtos por ordem de adicionados, foi limpo.</msg>
<arg>O dicionário global de posições de produtos por ordem de adicionados, foi limpo.</arg>
<doc>Logs the given message with the given level.</doc>
<status status="PASS" start="2025-08-01T01:45:29.549754" elapsed="0.000584"/>
</kw>
<var name="${key}">sexto</var>
<var name="${value}"/>
<status status="PASS" start="2025-08-01T01:45:29.547658" elapsed="0.002912"/>
</iter>
<var>${key}</var>
<var>${value}</var>
<value>&amp;{DIC_PRODUTOS_ADICIONADOS}</value>
<status status="PASS" start="2025-08-01T01:45:29.521758" elapsed="0.029038"/>
</for>
<doc>Limpa as variáveis globais utilizadas no teste.</doc>
<status status="PASS" start="2025-08-01T01:45:29.515074" elapsed="0.036055"/>
</kw>
<doc>Remove o produto especificado do carrinho.</doc>
<status status="PASS" start="2025-08-01T01:45:28.746893" elapsed="0.804700"/>
</kw>
<kw name="Acessar carrinho e finalizar o pedido" owner="kws_sistema_vendas">
<kw name="Click Link" owner="SeleniumLibrary">
<msg time="2025-08-01T01:45:29.554890" level="INFO">Clicking link '//a[@data-test="shopping-cart-link"]'.</msg>
<arg>${INVENTORY_LINK_CARRINHO}</arg>
<doc>Clicks a link identified by ``locator``.</doc>
<status status="PASS" start="2025-08-01T01:45:29.554222" elapsed="0.201071"/>
</kw>
<kw name="Wait Until Element Is Visible" owner="SeleniumLibrary">
<arg>${CART_TITLE}</arg>
<doc>Waits until the element ``locator`` is visible.</doc>
<status status="PASS" start="2025-08-01T01:45:29.756210" elapsed="0.055661"/>
</kw>
<kw name="Capture Page Screenshot" owner="SeleniumLibrary">
<msg time="2025-08-01T01:45:30.020713" level="INFO" html="true">&lt;/td&gt;&lt;/tr&gt;&lt;tr&gt;&lt;td colspan="3"&gt;&lt;a href="selenium-screenshot-19.png"&gt;&lt;img src="selenium-screenshot-19.png" width="800px"&gt;&lt;/a&gt;</msg>
<doc>Takes a screenshot of the current page and embeds it into a log file.</doc>
<status status="PASS" start="2025-08-01T01:45:29.812614" elapsed="0.208458"/>
</kw>
<kw name="Click Button" owner="SeleniumLibrary">
<msg time="2025-08-01T01:45:30.022560" level="INFO">Clicking button 'id=checkout'.</msg>
<arg>${CART_BTN_CHECKOUT}</arg>
<doc>Clicks the button identified by ``locator``.</doc>
<status status="PASS" start="2025-08-01T01:45:30.021836" elapsed="0.221295"/>
</kw>
<kw name="First Name" owner="FakerLibrary">
<msg time="2025-08-01T01:45:30.245864" level="INFO">${FIRST_NAME} = Luiz Henrique</msg>
<var>${FIRST_NAME}</var>
<status status="PASS" start="2025-08-01T01:45:30.243896" elapsed="0.002152"/>
</kw>
<kw name="Last Name" owner="FakerLibrary">
<msg time="2025-08-01T01:45:30.247703" level="INFO">${LAST_NAME} = Pimenta</msg>
<var>${LAST_NAME}</var>
<status status="PASS" start="2025-08-01T01:45:30.246869" elapsed="0.001015"/>
</kw>
<kw name="Postcode" owner="FakerLibrary">
<msg time="2025-08-01T01:45:30.250164" level="INFO">${POSTAL_CODE} = 11013-446</msg>
<var>${POSTAL_CODE}</var>
<doc>Randomly returns a postcode.
:param formatted: True to allow formatted postcodes, else False (default True)
:example formatted: '41224-212' '83992-291' '12324322'
:example raw: '43920231' '34239530'</doc>
<status status="PASS" start="2025-08-01T01:45:30.248708" elapsed="0.001704"/>
</kw>
<kw name="Input Text" owner="SeleniumLibrary">
<msg time="2025-08-01T01:45:30.252621" level="INFO">Typing text 'Luiz Henrique' into text field 'id=first-name'.</msg>
<arg>${CHECKOUT_FIELD_FIRST_NAME}</arg>
<arg>${FIRST_NAME}</arg>
<doc>Types the given ``text`` into the text field identified by ``locator``.</doc>
<status status="PASS" start="2025-08-01T01:45:30.251515" elapsed="0.321812"/>
</kw>
<kw name="Input Text" owner="SeleniumLibrary">
<msg time="2025-08-01T01:45:30.575619" level="INFO">Typing text 'Pimenta' into text field 'id=last-name'.</msg>
<arg>${CHECKOUT_FIELD_LAST_NAME}</arg>
<arg>${LAST_NAME}</arg>
<doc>Types the given ``text`` into the text field identified by ``locator``.</doc>
<status status="PASS" start="2025-08-01T01:45:30.574174" elapsed="0.230402"/>
</kw>
<kw name="Input Text" owner="SeleniumLibrary">
<msg time="2025-08-01T01:45:30.806054" level="INFO">Typing text '11013-446' into text field 'id=postal-code'.</msg>
<arg>${CHECKOUT_FIELD_POSTAL_CODE}</arg>
<arg>${POSTAL_CODE}</arg>
<doc>Types the given ``text`` into the text field identified by ``locator``.</doc>
<status status="PASS" start="2025-08-01T01:45:30.805272" elapsed="0.224610"/>
</kw>
<kw name="Capture Page Screenshot" owner="SeleniumLibrary">
<msg time="2025-08-01T01:45:31.213975" level="INFO" html="true">&lt;/td&gt;&lt;/tr&gt;&lt;tr&gt;&lt;td colspan="3"&gt;&lt;a href="selenium-screenshot-20.png"&gt;&lt;img src="selenium-screenshot-20.png" width="800px"&gt;&lt;/a&gt;</msg>
<doc>Takes a screenshot of the current page and embeds it into a log file.</doc>
<status status="PASS" start="2025-08-01T01:45:31.030608" elapsed="0.183714"/>
</kw>
<kw name="Click Button" owner="SeleniumLibrary">
<msg time="2025-08-01T01:45:31.215731" level="INFO">Clicking button 'id=continue'.</msg>
<arg>${CHECKOUT_BTN_CONTINUE}</arg>
<doc>Clicks the button identified by ``locator``.</doc>
<status status="PASS" start="2025-08-01T01:45:31.215038" elapsed="0.201313"/>
</kw>
<kw name="Capture Page Screenshot" owner="SeleniumLibrary">
<msg time="2025-08-01T01:45:31.618032" level="INFO" html="true">&lt;/td&gt;&lt;/tr&gt;&lt;tr&gt;&lt;td colspan="3"&gt;&lt;a href="selenium-screenshot-21.png"&gt;&lt;img src="selenium-screenshot-21.png" width="800px"&gt;&lt;/a&gt;</msg>
<doc>Takes a screenshot of the current page and embeds it into a log file.</doc>
<status status="PASS" start="2025-08-01T01:45:31.417187" elapsed="0.201172"/>
</kw>
<kw name="Wait Until Element Is Visible" owner="SeleniumLibrary">
<arg>${SECOND_CHECKOUT_TITLE}</arg>
<doc>Waits until the element ``locator`` is visible.</doc>
<status status="PASS" start="2025-08-01T01:45:31.619036" elapsed="0.034477"/>
</kw>
<kw name="Click Button" owner="SeleniumLibrary">
<msg time="2025-08-01T01:45:31.654866" level="INFO">Clicking button 'id=finish'.</msg>
<arg>${CHECKOUT_BTN_FINISH}</arg>
<doc>Clicks the button identified by ``locator``.</doc>
<status status="PASS" start="2025-08-01T01:45:31.654194" elapsed="0.210646"/>
</kw>
<kw name="Wait Until Element Is Visible" owner="SeleniumLibrary">
<arg>${CHECKOUT_LBL_FINISH}</arg>
<doc>Waits until the element ``locator`` is visible.</doc>
<status status="PASS" start="2025-08-01T01:45:31.865989" elapsed="0.037984"/>
</kw>
<kw name="Wait Until Element Is Visible" owner="SeleniumLibrary">
<arg>${CHECKOUT_LBL_ORDER_COMPLETE}</arg>
<doc>Waits until the element ``locator`` is visible.</doc>
<status status="PASS" start="2025-08-01T01:45:31.904666" elapsed="0.040846"/>
</kw>
<kw name="Capture Page Screenshot" owner="SeleniumLibrary">
<msg time="2025-08-01T01:45:32.131200" level="INFO" html="true">&lt;/td&gt;&lt;/tr&gt;&lt;tr&gt;&lt;td colspan="3"&gt;&lt;a href="selenium-screenshot-22.png"&gt;&lt;img src="selenium-screenshot-22.png" width="800px"&gt;&lt;/a&gt;</msg>
<doc>Takes a screenshot of the current page and embeds it into a log file.</doc>
<status status="PASS" start="2025-08-01T01:45:31.946350" elapsed="0.185789"/>
</kw>
<doc>Acessa o carrinho de compras e finaliza o pedido.</doc>
<status status="PASS" start="2025-08-01T01:45:29.553119" elapsed="2.579478"/>
</kw>
<doc>Realizar o login com o usuário performance_glitch_user, adicionar produtos ao carrinho, remover um produto e finalizar o pedido.</doc>
<tag>CT02</tag>
<tag>LOGIN_USER_PERFORMANCE_GLITCH</tag>
<status status="PASS" start="2025-08-01T01:45:18.455230" elapsed="13.678973"/>
</test>
<test id="s1-s1-t3" name="Cenario 3: Login e tentativa de finalização de pedido sem produtos no carrinho" line="28">
<kw name="Run Keywords" owner="BuiltIn" type="SETUP">
<kw name="Acessar página home do site" owner="kws_sistema_vendas">
<kw name="Go To" owner="SeleniumLibrary">
<msg time="2025-08-01T01:45:32.141246" level="INFO">Opening url 'https://www.saucedemo.com/'</msg>
<arg>${URL_HOME}</arg>
<doc>Navigates the current browser window to the provided ``url``.</doc>
<status status="PASS" start="2025-08-01T01:45:32.140722" elapsed="0.225365"/>
</kw>
<kw name="Title Should Be" owner="SeleniumLibrary">
<msg time="2025-08-01T01:45:32.388972" level="INFO">Page title is 'Swag Labs'.</msg>
<arg>${LOGIN_TITLE}</arg>
<doc>Verifies that the current page title equals ``title``.</doc>
<status status="PASS" start="2025-08-01T01:45:32.367003" elapsed="0.022264"/>
</kw>
<kw name="Capture Page Screenshot" owner="SeleniumLibrary">
<msg time="2025-08-01T01:45:32.591920" level="INFO" html="true">&lt;/td&gt;&lt;/tr&gt;&lt;tr&gt;&lt;td colspan="3"&gt;&lt;a href="selenium-screenshot-23.png"&gt;&lt;img src="selenium-screenshot-23.png" width="800px"&gt;&lt;/a&gt;</msg>
<doc>Takes a screenshot of the current page and embeds it into a log file.</doc>
<status status="PASS" start="2025-08-01T01:45:32.389943" elapsed="0.203503"/>
</kw>
<arg>${SAUCE_DEMO_URL}</arg>
<doc>Acessa a página inicial do site de testes (https://www.saucedemo.com/)</doc>
<status status="PASS" start="2025-08-01T01:45:32.139490" elapsed="0.454634"/>
</kw>
<kw name="Login com usuário" owner="kws_sistema_vendas">
<kw name="Input Text" owner="SeleniumLibrary">
<msg time="2025-08-01T01:45:32.598041" level="INFO">Typing text 'standard_user' into text field 'id=user-name'.</msg>
<arg>${LOGIN_FIELD_USER}</arg>
<arg>${username}</arg>
<doc>Types the given ``text`` into the text field identified by ``locator``.</doc>
<status status="PASS" start="2025-08-01T01:45:32.597019" elapsed="0.354157"/>
</kw>
<kw name="Input Text" owner="SeleniumLibrary">
<msg time="2025-08-01T01:45:32.952660" level="INFO">Typing text 'secret_sauce' into text field 'id=password'.</msg>
<arg>${LOGIN_FIELD_PASSWORD}</arg>
<arg>${password}</arg>
<doc>Types the given ``text`` into the text field identified by ``locator``.</doc>
<status status="PASS" start="2025-08-01T01:45:32.951858" elapsed="0.250974"/>
</kw>
<kw name="Capture Page Screenshot" owner="SeleniumLibrary">
<msg time="2025-08-01T01:45:33.390294" level="INFO" html="true">&lt;/td&gt;&lt;/tr&gt;&lt;tr&gt;&lt;td colspan="3"&gt;&lt;a href="selenium-screenshot-24.png"&gt;&lt;img src="selenium-screenshot-24.png" width="800px"&gt;&lt;/a&gt;</msg>
<doc>Takes a screenshot of the current page and embeds it into a log file.</doc>
<status status="PASS" start="2025-08-01T01:45:33.203570" elapsed="0.187079"/>
</kw>
<kw name="Click Button" owner="SeleniumLibrary">
<msg time="2025-08-01T01:45:33.393138" level="INFO">Clicking button 'id=login-button'.</msg>
<arg>${LOGIN_BUTTON}</arg>
<doc>Clicks the button identified by ``locator``.</doc>
<status status="PASS" start="2025-08-01T01:45:33.391340" elapsed="0.215799"/>
</kw>
<arg>standard_user</arg>
<doc>Realiza o login no sistema com o usuário e senha fornecidos pelos argumentos.</doc>
<status status="PASS" start="2025-08-01T01:45:32.595317" elapsed="1.012289"/>
</kw>
<arg>Acessar página home do site</arg>
<arg>${SAUCE_DEMO_URL}</arg>
<arg>AND</arg>
<arg>Login com usuário</arg>
<arg>standard_user</arg>
<doc>Executes all the given keywords in a sequence.</doc>
<status status="PASS" start="2025-08-01T01:45:32.138655" elapsed="1.469349"/>
</kw>
<kw name="Acessar carrinho e tentar finalizar pedido" owner="kws_sistema_vendas">
<kw name="Acessar carrinho e finalizar o pedido" owner="kws_sistema_vendas">
<kw name="Click Link" owner="SeleniumLibrary">
<msg time="2025-08-01T01:45:33.617857" level="INFO">Clicking link '//a[@data-test="shopping-cart-link"]'.</msg>
<arg>${INVENTORY_LINK_CARRINHO}</arg>
<doc>Clicks a link identified by ``locator``.</doc>
<status status="PASS" start="2025-08-01T01:45:33.617018" elapsed="0.198155"/>
</kw>
<kw name="Wait Until Element Is Visible" owner="SeleniumLibrary">
<arg>${CART_TITLE}</arg>
<doc>Waits until the element ``locator`` is visible.</doc>
<status status="PASS" start="2025-08-01T01:45:33.816171" elapsed="0.037112"/>
</kw>
<kw name="Capture Page Screenshot" owner="SeleniumLibrary">
<msg time="2025-08-01T01:45:34.034324" level="INFO" html="true">&lt;/td&gt;&lt;/tr&gt;&lt;tr&gt;&lt;td colspan="3"&gt;&lt;a href="selenium-screenshot-25.png"&gt;&lt;img src="selenium-screenshot-25.png" width="800px"&gt;&lt;/a&gt;</msg>
<doc>Takes a screenshot of the current page and embeds it into a log file.</doc>
<status status="PASS" start="2025-08-01T01:45:33.853954" elapsed="0.180755"/>
</kw>
<kw name="Click Button" owner="SeleniumLibrary">
<msg time="2025-08-01T01:45:34.036888" level="INFO">Clicking button 'id=checkout'.</msg>
<arg>${CART_BTN_CHECKOUT}</arg>
<doc>Clicks the button identified by ``locator``.</doc>
<status status="PASS" start="2025-08-01T01:45:34.035620" elapsed="0.220729"/>
</kw>
<kw name="First Name" owner="FakerLibrary">
<msg time="2025-08-01T01:45:34.257927" level="INFO">${FIRST_NAME} = Juan</msg>
<var>${FIRST_NAME}</var>
<status status="PASS" start="2025-08-01T01:45:34.257070" elapsed="0.001677"/>
</kw>
<kw name="Last Name" owner="FakerLibrary">
<msg time="2025-08-01T01:45:34.260490" level="INFO">${LAST_NAME} = Ramos</msg>
<var>${LAST_NAME}</var>
<status status="PASS" start="2025-08-01T01:45:34.259862" elapsed="0.000778"/>
</kw>
<kw name="Postcode" owner="FakerLibrary">
<msg time="2025-08-01T01:45:34.261964" level="INFO">${POSTAL_CODE} = 02563750</msg>
<var>${POSTAL_CODE}</var>
<doc>Randomly returns a postcode.
:param formatted: True to allow formatted postcodes, else False (default True)
:example formatted: '41224-212' '83992-291' '12324322'
:example raw: '43920231' '34239530'</doc>
<status status="PASS" start="2025-08-01T01:45:34.261160" elapsed="0.000944"/>
</kw>
<kw name="Input Text" owner="SeleniumLibrary">
<msg time="2025-08-01T01:45:34.264554" level="INFO">Typing text 'Juan' into text field 'id=first-name'.</msg>
<arg>${CHECKOUT_FIELD_FIRST_NAME}</arg>
<arg>${FIRST_NAME}</arg>
<doc>Types the given ``text`` into the text field identified by ``locator``.</doc>
<status status="PASS" start="2025-08-01T01:45:34.262994" elapsed="0.239323"/>
</kw>
<kw name="Input Text" owner="SeleniumLibrary">
<msg time="2025-08-01T01:45:34.504950" level="INFO">Typing text 'Ramos' into text field 'id=last-name'.</msg>
<arg>${CHECKOUT_FIELD_LAST_NAME}</arg>
<arg>${LAST_NAME}</arg>
<doc>Types the given ``text`` into the text field identified by ``locator``.</doc>
<status status="PASS" start="2025-08-01T01:45:34.503456" elapsed="0.239802"/>
</kw>
<kw name="Input Text" owner="SeleniumLibrary">
<msg time="2025-08-01T01:45:34.745165" level="INFO">Typing text '02563750' into text field 'id=postal-code'.</msg>
<arg>${CHECKOUT_FIELD_POSTAL_CODE}</arg>
<arg>${POSTAL_CODE}</arg>
<doc>Types the given ``text`` into the text field identified by ``locator``.</doc>
<status status="PASS" start="2025-08-01T01:45:34.744126" elapsed="0.223602"/>
</kw>
<kw name="Capture Page Screenshot" owner="SeleniumLibrary">
<msg time="2025-08-01T01:45:35.162528" level="INFO" html="true">&lt;/td&gt;&lt;/tr&gt;&lt;tr&gt;&lt;td colspan="3"&gt;&lt;a href="selenium-screenshot-26.png"&gt;&lt;img src="selenium-screenshot-26.png" width="800px"&gt;&lt;/a&gt;</msg>
<doc>Takes a screenshot of the current page and embeds it into a log file.</doc>
<status status="PASS" start="2025-08-01T01:45:34.968643" elapsed="0.194202"/>
</kw>
<kw name="Click Button" owner="SeleniumLibrary">
<msg time="2025-08-01T01:45:35.164149" level="INFO">Clicking button 'id=continue'.</msg>
<arg>${CHECKOUT_BTN_CONTINUE}</arg>
<doc>Clicks the button identified by ``locator``.</doc>
<status status="PASS" start="2025-08-01T01:45:35.163497" elapsed="0.187502"/>
</kw>
<kw name="Capture Page Screenshot" owner="SeleniumLibrary">
<msg time="2025-08-01T01:45:35.533115" level="INFO" html="true">&lt;/td&gt;&lt;/tr&gt;&lt;tr&gt;&lt;td colspan="3"&gt;&lt;a href="selenium-screenshot-27.png"&gt;&lt;img src="selenium-screenshot-27.png" width="800px"&gt;&lt;/a&gt;</msg>
<doc>Takes a screenshot of the current page and embeds it into a log file.</doc>
<status status="PASS" start="2025-08-01T01:45:35.351920" elapsed="0.181532"/>
</kw>
<kw name="Wait Until Element Is Visible" owner="SeleniumLibrary">
<arg>${SECOND_CHECKOUT_TITLE}</arg>
<doc>Waits until the element ``locator`` is visible.</doc>
<status status="PASS" start="2025-08-01T01:45:35.534233" elapsed="0.034762"/>
</kw>
<kw name="Click Button" owner="SeleniumLibrary">
<msg time="2025-08-01T01:45:35.570296" level="INFO">Clicking button 'id=finish'.</msg>
<arg>${CHECKOUT_BTN_FINISH}</arg>
<doc>Clicks the button identified by ``locator``.</doc>
<status status="PASS" start="2025-08-01T01:45:35.569646" elapsed="0.197640"/>
</kw>
<kw name="Wait Until Element Is Visible" owner="SeleniumLibrary">
<arg>${CHECKOUT_LBL_FINISH}</arg>
<doc>Waits until the element ``locator`` is visible.</doc>
<status status="PASS" start="2025-08-01T01:45:35.768064" elapsed="0.052446"/>
</kw>
<kw name="Wait Until Element Is Visible" owner="SeleniumLibrary">
<arg>${CHECKOUT_LBL_ORDER_COMPLETE}</arg>
<doc>Waits until the element ``locator`` is visible.</doc>
<status status="PASS" start="2025-08-01T01:45:35.821520" elapsed="0.036061"/>
</kw>
<kw name="Capture Page Screenshot" owner="SeleniumLibrary">
<msg time="2025-08-01T01:45:36.038889" level="INFO" html="true">&lt;/td&gt;&lt;/tr&gt;&lt;tr&gt;&lt;td colspan="3"&gt;&lt;a href="selenium-screenshot-28.png"&gt;&lt;img src="selenium-screenshot-28.png" width="800px"&gt;&lt;/a&gt;</msg>
<doc>Takes a screenshot of the current page and embeds it into a log file.</doc>
<status status="PASS" start="2025-08-01T01:45:35.858530" elapsed="0.180833"/>
</kw>
<doc>Acessa o carrinho de compras e finaliza o pedido.</doc>
<status status="PASS" start="2025-08-01T01:45:33.615547" elapsed="2.424257"/>
</kw>
<doc>Acessa o carrinho de compras e tenta finalizar o pedido.</doc>
<status status="PASS" start="2025-08-01T01:45:33.612813" elapsed="2.427281"/>
</kw>
<doc>Realizar o login com o usuário standard_user e, tentar finalizar o pedido sem produtos no carrinho.</doc>
<tag>CT03</tag>
<tag>TENTATIVA_FINALIZACAO_PEDIDO_SEM_PRODUTOS</tag>
<status status="PASS" start="2025-08-01T01:45:32.136946" elapsed="3.904096"/>
</test>
<kw name="Fechar o navegador" owner="teardown" type="TEARDOWN">
<kw name="Close Browser" owner="SeleniumLibrary">
<doc>Closes the current browser.</doc>
<status status="PASS" start="2025-08-01T01:45:36.047584" elapsed="2.453267"/>
</kw>
<doc>Fecha o navegador (Browser)</doc>
<status status="PASS" start="2025-08-01T01:45:36.046302" elapsed="2.455501"/>
</kw>
<doc>Este arquivo contém os testes automatizados para o sistema de vendas (https://www.saucedemo.com/), incluindo cenários de login, adição e remoção de produtos no carrinho, e finalização de pedidos.</doc>
<status status="PASS" start="2025-08-01T01:45:01.953238" elapsed="36.549159"/>
</suite>
<status status="PASS" start="2025-08-01T01:45:01.828665" elapsed="36.687483"/>
</suite>
<statistics>
<total>
<stat pass="3" fail="0" skip="0">All Tests</stat>
</total>
<tag>
<stat pass="1" fail="0" skip="0">CT01</stat>
<stat pass="1" fail="0" skip="0">CT02</stat>
<stat pass="1" fail="0" skip="0">CT03</stat>
<stat pass="1" fail="0" skip="0">LOGIN_USER_PERFORMANCE_GLITCH</stat>
<stat pass="1" fail="0" skip="0">LOGIN_USER_STANDARD</stat>
<stat pass="1" fail="0" skip="0">TENTATIVA_FINALIZACAO_PEDIDO_SEM_PRODUTOS</stat>
</tag>
<suite>
<stat name="Tests" id="s1" pass="3" fail="0" skip="0">Tests</stat>
<stat name="Sistema Vendas" id="s1-s1" pass="3" fail="0" skip="0">Tests.Sistema Vendas</stat>
</suite>
</statistics>
<errors>
</errors>
</robot>
