<?xml version="1.0" encoding="UTF-8"?>
<robot generator="Robot 7.3.2 (Python 3.13.2 on win32)" generated="2025-08-04T02:58:31.703836" rpa="false" schemaversion="5">
<suite id="s1" name="Tests" source="C:\workspace\testes_automatizados_web\automacao_intermediario\tests">
<suite id="s1-s1" name="Sistema Vendas" source="C:\workspace\testes_automatizados_web\automacao_intermediario\tests\sistema_vendas.robot">
<kw name="Abrir o navegador" owner="setup" type="SETUP">
<if>
<branch type="IF" condition="'${HEADLESS}' == 'True' or '${HEADLESS}' == 'true'">
<kw name="Open Browser" owner="SeleniumLibrary">
<arg>about:blank</arg>
<arg>${BROWSER}</arg>
<arg>options=add_argument("--headless=new")</arg>
<doc>Opens a new browser instance to the optional ``url``.</doc>
<status status="NOT RUN" start="2025-08-04T02:58:35.200601" elapsed="0.000203"/>
</kw>
<status status="NOT RUN" start="2025-08-04T02:58:35.195791" elapsed="0.005347"/>
</branch>
<branch type="ELSE">
<kw name="Open Browser" owner="SeleniumLibrary">
<msg time="2025-08-04T02:58:35.202887" level="INFO">Opening browser 'chrome' to base url 'about:blank'.</msg>
<arg>about:blank</arg>
<arg>${BROWSER}</arg>
<arg>options=add_argument("--incognito")</arg>
<doc>Opens a new browser instance to the optional ``url``.</doc>
<status status="PASS" start="2025-08-04T02:58:35.201992" elapsed="2.687005"/>
</kw>
<status status="PASS" start="2025-08-04T02:58:35.201340" elapsed="2.688014"/>
</branch>
<status status="PASS" start="2025-08-04T02:58:35.195663" elapsed="2.693869"/>
</if>
<kw name="Maximize Browser Window" owner="SeleniumLibrary">
<doc>Maximizes current browser window.</doc>
<status status="PASS" start="2025-08-04T02:58:37.890123" elapsed="0.151393"/>
</kw>
<doc>Abre o navegador (Browser) com as opções definidas</doc>
<status status="PASS" start="2025-08-04T02:58:35.194954" elapsed="2.847161"/>
</kw>
<test id="s1-s1-t1" name="CT01: Finalizar pedido após login, adição e remoção de produtos do carrinho com usuário &quot;standard_user&quot;" line="10">
<kw name="Acessar página home do site" owner="kws_sistema_vendas" type="SETUP">
<kw name="Go To" owner="SeleniumLibrary">
<msg time="2025-08-04T02:58:38.057160" level="INFO">Opening url 'https://www.saucedemo.com/'</msg>
<arg>${URL_HOME}</arg>
<doc>Navigates the current browser window to the provided ``url``.</doc>
<status status="PASS" start="2025-08-04T02:58:38.056212" elapsed="2.648875"/>
</kw>
<kw name="Title Should Be" owner="SeleniumLibrary">
<msg time="2025-08-04T02:58:40.792556" level="INFO">Page title is 'Swag Labs'.</msg>
<arg>${LOGIN_TITLE}</arg>
<doc>Verifies that the current page title equals ``title``.</doc>
<status status="PASS" start="2025-08-04T02:58:40.706134" elapsed="0.086787"/>
</kw>
<kw name="Capture Page Screenshot" owner="SeleniumLibrary">
<msg time="2025-08-04T02:58:41.140388" level="INFO" html="true">&lt;/td&gt;&lt;/tr&gt;&lt;tr&gt;&lt;td colspan="3"&gt;&lt;a href="selenium-screenshot-1.png"&gt;&lt;img src="selenium-screenshot-1.png" width="800px"&gt;&lt;/a&gt;</msg>
<doc>Takes a screenshot of the current page and embeds it into a log file.</doc>
<status status="PASS" start="2025-08-04T02:58:40.793970" elapsed="0.346740"/>
</kw>
<arg>${SAUCE_DEMO_URLS.env_v0}</arg>
<doc>Acessa a página inicial do site de testes (https://www.saucedemo.com/)</doc>
<status status="PASS" start="2025-08-04T02:58:38.046567" elapsed="3.094605"/>
</kw>
<kw name="Login com usuário" owner="kws_sistema_vendas">
<kw name="Input Text" owner="SeleniumLibrary">
<msg time="2025-08-04T02:58:41.160993" level="INFO">Typing text 'standard_user' into text field 'id=user-name'.</msg>
<arg>${LOGIN_FIELD_USER}</arg>
<arg>${username}</arg>
<doc>Types the given ``text`` into the text field identified by ``locator``.</doc>
<status status="PASS" start="2025-08-04T02:58:41.159495" elapsed="4.081520"/>
</kw>
<kw name="Input Text" owner="SeleniumLibrary">
<msg time="2025-08-04T02:58:45.242962" level="INFO">Typing text 'secret_sauce' into text field 'id=password'.</msg>
<arg>${LOGIN_FIELD_PASSWORD}</arg>
<arg>${password}</arg>
<doc>Types the given ``text`` into the text field identified by ``locator``.</doc>
<status status="PASS" start="2025-08-04T02:58:45.241914" elapsed="0.260589"/>
</kw>
<kw name="Capture Page Screenshot" owner="SeleniumLibrary">
<msg time="2025-08-04T02:58:45.688445" level="INFO" html="true">&lt;/td&gt;&lt;/tr&gt;&lt;tr&gt;&lt;td colspan="3"&gt;&lt;a href="selenium-screenshot-2.png"&gt;&lt;img src="selenium-screenshot-2.png" width="800px"&gt;&lt;/a&gt;</msg>
<doc>Takes a screenshot of the current page and embeds it into a log file.</doc>
<status status="PASS" start="2025-08-04T02:58:45.503281" elapsed="0.185482"/>
</kw>
<kw name="Click Button" owner="SeleniumLibrary">
<msg time="2025-08-04T02:58:45.690282" level="INFO">Clicking button 'id=login-button'.</msg>
<arg>${LOGIN_BUTTON}</arg>
<doc>Clicks the button identified by ``locator``.</doc>
<status status="PASS" start="2025-08-04T02:58:45.689504" elapsed="0.389061"/>
</kw>
<arg>standard_user</arg>
<doc>Realiza o login no sistema com o usuário e senha fornecidos pelos argumentos.</doc>
<status status="PASS" start="2025-08-04T02:58:41.157768" elapsed="4.921254"/>
</kw>
<kw name="Adicionar &quot;segundo&quot; produto ao carrinho" owner="kws_sistema_vendas" source_name="Adicionar &quot;${POSICAO}&quot; produto ao carrinho">
<kw name="Capture Page Screenshot" owner="SeleniumLibrary">
<msg time="2025-08-04T02:58:46.665980" level="INFO" html="true">&lt;/td&gt;&lt;/tr&gt;&lt;tr&gt;&lt;td colspan="3"&gt;&lt;a href="selenium-screenshot-3.png"&gt;&lt;img src="selenium-screenshot-3.png" width="800px"&gt;&lt;/a&gt;</msg>
<doc>Takes a screenshot of the current page and embeds it into a log file.</doc>
<status status="PASS" start="2025-08-04T02:58:46.084681" elapsed="0.581853"/>
</kw>
<kw name="Converter posição escrita para numero" owner="kws_shared">
<if>
<branch type="IF" condition="'${POSICAO}' in ['outro', &quot;OUTRO&quot;]">
<kw name="Escolher posição aleatória sem repetição" owner="kws_shared">
<var>${NOVA_POSICAO}</var>
<arg>${POSICAO}</arg>
<doc>Escolhe uma nova posição aleatória para adicionar um produto ao carrinho, garantindo que não haja repetição de posições já adicionadas.</doc>
<status status="NOT RUN" start="2025-08-04T02:58:46.671128" elapsed="0.000203"/>
</kw>
<kw name="Log" owner="BuiltIn">
<arg>A nova posição aleatória escolhida foi: ${NOVA_POSICAO}</arg>
<doc>Logs the given message with the given level.</doc>
<status status="NOT RUN" start="2025-08-04T02:58:46.672033" elapsed="0.000207"/>
</kw>
<kw name="Set Variable" owner="BuiltIn">
<var>${POSICAO}</var>
<arg>${NOVA_POSICAO}</arg>
<doc>Returns the given values which can then be assigned to a variables.</doc>
<status status="NOT RUN" start="2025-08-04T02:58:46.673002" elapsed="0.000205"/>
</kw>
<status status="NOT RUN" start="2025-08-04T02:58:46.669717" elapsed="0.003754"/>
</branch>
<status status="PASS" start="2025-08-04T02:58:46.669575" elapsed="0.004088"/>
</if>
<kw name="Get From Dictionary" owner="Collections">
<msg time="2025-08-04T02:58:46.675389" level="INFO">${VALOR_POSICAO} = 2</msg>
<var>${VALOR_POSICAO}</var>
<arg>${DIC_POSICOES}</arg>
<arg>${POSICAO}</arg>
<doc>Returns a value from the given ``dictionary`` based on the given ``key``.</doc>
<status status="PASS" start="2025-08-04T02:58:46.674314" elapsed="0.001259"/>
</kw>
<kw name="Verificar se há produtos já adicionados e atualizar o índice de opções disponíveis" owner="kws_shared">
<kw name="Get Length" owner="BuiltIn">
<msg time="2025-08-04T02:58:46.679480" level="INFO">Length is 0.</msg>
<msg time="2025-08-04T02:58:46.680307" level="INFO">${QUANTIDADE_POSICOES} = 0</msg>
<var>${QUANTIDADE_POSICOES}</var>
<arg>${LIST_POSICAO_PRODUTOS_ADICIONADOS}</arg>
<doc>Returns and logs the length of the given item as an integer.</doc>
<status status="PASS" start="2025-08-04T02:58:46.678764" elapsed="0.001794"/>
</kw>
<if>
<branch type="IF" condition="${QUANTIDADE_POSICOES} != 0">
<if>
<branch type="IF" condition="${INDEX_POSICAO} == 1">
<kw name="Log" owner="BuiltIn">
<arg>O atual índice de posição escolhido é: "${INDEX_POSICAO}", portanto não há necessidade de ajuste de índice de opções de posições disponíveis.</arg>
<doc>Logs the given message with the given level.</doc>
<status status="NOT RUN" start="2025-08-04T02:58:46.682955" elapsed="0.000190"/>
</kw>
<status status="NOT RUN" start="2025-08-04T02:58:46.681822" elapsed="0.001598"/>
</branch>
<branch type="ELSE">
<kw name="Log" owner="BuiltIn">
<arg>Há produtos já adicionados ao carrinho, portanto será necessário ajustar o índice de opções de posições disponíveis.</arg>
<doc>Logs the given message with the given level.</doc>
<status status="NOT RUN" start="2025-08-04T02:58:46.684325" elapsed="0.000176"/>
</kw>
<kw name="Evaluate" owner="BuiltIn">
<var>${INDEX_POSICAO_ATUALIZADO}</var>
<arg>${INDEX_POSICAO} - ${QUANTIDADE_POSICOES}</arg>
<doc>Evaluates the given expression in Python and returns the result.</doc>
<status status="NOT RUN" start="2025-08-04T02:58:46.685251" elapsed="0.000192"/>
</kw>
<kw name="Log" owner="BuiltIn">
<arg>Há essa quantidade de produtos já adicionados: ${QUANTIDADE_POSICOES}, portanto o índice de opções disponíveis foi atualizado para: ${INDEX_POSICAO_ATUALIZADO}.</arg>
<doc>Logs the given message with the given level.</doc>
<status status="NOT RUN" start="2025-08-04T02:58:46.686208" elapsed="0.000189"/>
</kw>
<kw name="Set Variable" owner="BuiltIn">
<var>${INDEX_POSICAO}</var>
<arg>${INDEX_POSICAO_ATUALIZADO}</arg>
<doc>Returns the given values which can then be assigned to a variables.</doc>
<status status="NOT RUN" start="2025-08-04T02:58:46.687117" elapsed="0.000208"/>
</kw>
<status status="NOT RUN" start="2025-08-04T02:58:46.683659" elapsed="0.003927"/>
</branch>
<status status="NOT RUN" start="2025-08-04T02:58:46.681755" elapsed="0.006029"/>
</if>
<status status="NOT RUN" start="2025-08-04T02:58:46.681121" elapsed="0.006800"/>
</branch>
<branch type="ELSE">
<kw name="Log" owner="BuiltIn">
<msg time="2025-08-04T02:58:46.689610" level="INFO">Nenhum produto foi adicionado ao carrinho ainda, portanto não há necessidade de ajuste de índice de opções de posições disponíveis.</msg>
<arg>Nenhum produto foi adicionado ao carrinho ainda, portanto não há necessidade de ajuste de índice de opções de posições disponíveis.</arg>
<doc>Logs the given message with the given level.</doc>
<status status="PASS" start="2025-08-04T02:58:46.689124" elapsed="0.000696"/>
</kw>
<status status="PASS" start="2025-08-04T02:58:46.688124" elapsed="0.001929"/>
</branch>
<status status="PASS" start="2025-08-04T02:58:46.681015" elapsed="0.009212"/>
</if>
<return>
<value>${INDEX_POSICAO}</value>
<status status="PASS" start="2025-08-04T02:58:46.690404" elapsed="0.000202"/>
</return>
<msg time="2025-08-04T02:58:46.691354" level="INFO">${VALOR_POSICAO} = 2</msg>
<var>${VALOR_POSICAO}</var>
<arg>${VALOR_POSICAO}</arg>
<doc>Verifica se já existem produtos adicionados ao carrinho e atualiza o índice de opções disponíveis, se necessário.</doc>
<status status="PASS" start="2025-08-04T02:58:46.677196" elapsed="0.014309"/>
</kw>
<kw name="Log" owner="BuiltIn">
<msg time="2025-08-04T02:58:46.692890" level="INFO">A posição 'segundo' especificada no argumento de entrada, corresponde ao número: 2.</msg>
<arg>A posição '${POSICAO}' especificada no argumento de entrada, corresponde ao número: ${VALOR_POSICAO}.</arg>
<doc>Logs the given message with the given level.</doc>
<status status="PASS" start="2025-08-04T02:58:46.692206" elapsed="0.000903"/>
</kw>
<kw name="Obter a posição do produto adicionado" owner="kws_shared">
<kw name="Append To List" owner="Collections">
<arg>${LIST_POSICAO_PRODUTOS_ADICIONADOS}</arg>
<arg>${POSICAO}</arg>
<doc>Adds ``values`` to the end of ``list``.</doc>
<status status="PASS" start="2025-08-04T02:58:46.695344" elapsed="0.000771"/>
</kw>
<kw name="Log" owner="BuiltIn">
<msg time="2025-08-04T02:58:46.697719" level="INFO">O índice do produto adicionado foi na lista ['segundo'].</msg>
<arg>O índice do produto adicionado foi na lista ${LIST_POSICAO_PRODUTOS_ADICIONADOS}.</arg>
<doc>Logs the given message with the given level.</doc>
<status status="PASS" start="2025-08-04T02:58:46.697014" elapsed="0.000952"/>
</kw>
<arg>${POSICAO}</arg>
<doc>Captura a posição do produto adicionado e armazena em uma variável global.</doc>
<status status="PASS" start="2025-08-04T02:58:46.693920" elapsed="0.004485"/>
</kw>
<return>
<value>${VALOR_POSICAO}</value>
<status status="PASS" start="2025-08-04T02:58:46.698694" elapsed="0.000209"/>
</return>
<msg time="2025-08-04T02:58:46.699636" level="INFO">${INDICE_POSICAO} = 2</msg>
<var>${INDICE_POSICAO}</var>
<arg>${POSICAO}</arg>
<doc>Converte a posição escrita do produto para o número correspondente.</doc>
<status status="PASS" start="2025-08-04T02:58:46.668168" elapsed="0.031626"/>
</kw>
<kw name="Set Variable" owner="BuiltIn">
<msg time="2025-08-04T02:58:46.701638" level="INFO">${BTN_ADICIONAR_CARRINHO} = (//div[@data-test="inventory-item"]//button[contains(text(), 'Add to cart')])[2]</msg>
<var>${BTN_ADICIONAR_CARRINHO}</var>
<arg>(${INVENTORY_DIV_INVENTARIO_ITEM}${INVENTORY_BTN_ADICIONAR_CARRINHO})[${INDICE_POSICAO}]</arg>
<doc>Returns the given values which can then be assigned to a variables.</doc>
<status status="PASS" start="2025-08-04T02:58:46.700553" elapsed="0.001280"/>
</kw>
<kw name="Obter o nome do produto adicionado" owner="kws_shared">
<kw name="Get Text" owner="SeleniumLibrary">
<msg time="2025-08-04T02:58:46.961606" level="INFO">${NOME_PRODUTO} = Sauce Labs Bike Light</msg>
<var>${NOME_PRODUTO}</var>
<arg>(${INVENTORY_DIV_INVENTARIO_ITEM}${INVENTORY_LBL_ITEM_NOME})[${INDICE_POSICAO}]</arg>
<doc>Returns the text value of the element identified by ``locator``.</doc>
<status status="PASS" start="2025-08-04T02:58:46.704286" elapsed="0.257500"/>
</kw>
<kw name="Log" owner="BuiltIn">
<msg time="2025-08-04T02:58:46.964044" level="INFO">O produto a ser adicionado é: Sauce Labs Bike Light.</msg>
<arg>O produto a ser adicionado é: ${NOME_PRODUTO}.</arg>
<doc>Logs the given message with the given level.</doc>
<status status="PASS" start="2025-08-04T02:58:46.962681" elapsed="0.001703"/>
</kw>
<kw name="Replace String" owner="String">
<msg time="2025-08-04T02:58:46.966654" level="INFO">${NOME_PRODUTO_REPLACE} = Sauce-Labs-Bike-Light</msg>
<var>${NOME_PRODUTO_REPLACE}</var>
<arg>${NOME_PRODUTO}</arg>
<arg>${SPACE}</arg>
<arg>-</arg>
<doc>Replaces ``search_for`` in the given ``string`` with ``replace_with``.</doc>
<status status="PASS" start="2025-08-04T02:58:46.965330" elapsed="0.001501"/>
</kw>
<kw name="Log" owner="BuiltIn">
<msg time="2025-08-04T02:58:46.969263" level="INFO">A formatação atual do nome do produto ficou assim: Sauce-Labs-Bike-Light.</msg>
<arg>A formatação atual do nome do produto ficou assim: ${NOME_PRODUTO_REPLACE}.</arg>
<doc>Logs the given message with the given level.</doc>
<status status="PASS" start="2025-08-04T02:58:46.967836" elapsed="0.001858"/>
</kw>
<kw name="Convert To Lower Case" owner="String">
<msg time="2025-08-04T02:58:46.971451" level="INFO">${NOME_PRODUTO_FORMATADO} = sauce-labs-bike-light</msg>
<var>${NOME_PRODUTO_FORMATADO}</var>
<arg>${NOME_PRODUTO_REPLACE}</arg>
<doc>Converts string to lower case.</doc>
<status status="PASS" start="2025-08-04T02:58:46.970616" elapsed="0.000999"/>
</kw>
<kw name="Log" owner="BuiltIn">
<msg time="2025-08-04T02:58:46.973061" level="INFO">A formatação final do nome do produto ficou assim: sauce-labs-bike-light.</msg>
<arg>A formatação final do nome do produto ficou assim: ${NOME_PRODUTO_FORMATADO}.</arg>
<doc>Logs the given message with the given level.</doc>
<status status="PASS" start="2025-08-04T02:58:46.972330" elapsed="0.000997"/>
</kw>
<kw name="Adicionar nome do produto ao dicionário global" owner="kws_shared">
<if>
<branch type="IF" condition="'${NOME_PRODUTO}' != '${EMPTY}'">
<for flavor="IN">
<iter>
<if>
<branch type="IF" condition="'${value}' == ''">
<kw name="Set To Dictionary" owner="Collections">
<arg>${DIC_PRODUTOS_ADICIONADOS}</arg>
<arg>${key}</arg>
<arg>${NOME_PRODUTO}</arg>
<doc>Adds the given ``key_value_pairs`` and/or ``items`` to the ``dictionary``.</doc>
<status status="PASS" start="2025-08-04T02:58:46.982335" elapsed="0.001856"/>
</kw>
<kw name="Log" owner="BuiltIn">
<msg time="2025-08-04T02:58:46.985854" level="INFO">A posição do produto adicionado foi atualizada: {'primeiro': 'sauce-labs-bike-light', 'segundo': '', 'terceiro': '', 'quarto': '', 'quinto': '', 'sexto': ''}.</msg>
<arg>A posição do produto adicionado foi atualizada: ${DIC_PRODUTOS_ADICIONADOS}.</arg>
<doc>Logs the given message with the given level.</doc>
<status status="PASS" start="2025-08-04T02:58:46.985086" elapsed="0.001025"/>
</kw>
<kw name="Exit For Loop" owner="BuiltIn">
<msg time="2025-08-04T02:58:46.987401" level="INFO">Exiting for loop altogether.</msg>
<doc>Stops executing the enclosing FOR loop.</doc>
<status status="PASS" start="2025-08-04T02:58:46.986922" elapsed="0.000788"/>
</kw>
<status status="PASS" start="2025-08-04T02:58:46.980694" elapsed="0.007278"/>
</branch>
<status status="PASS" start="2025-08-04T02:58:46.980605" elapsed="0.007658"/>
</if>
<var name="${key}">primeiro</var>
<var name="${value}"/>
<status status="PASS" start="2025-08-04T02:58:46.980172" elapsed="0.008279"/>
</iter>
<var>${key}</var>
<var>${value}</var>
<value>&amp;{DIC_PRODUTOS_ADICIONADOS}</value>
<status status="PASS" start="2025-08-04T02:58:46.978617" elapsed="0.010158"/>
</for>
<status status="PASS" start="2025-08-04T02:58:46.976010" elapsed="0.013080"/>
</branch>
<status status="PASS" start="2025-08-04T02:58:46.975894" elapsed="0.013431"/>
</if>
<arg>${NOME_PRODUTO_FORMATADO}</arg>
<doc>Adiciona o nome do produto ao dicionário global de produtos adicionados.</doc>
<status status="PASS" start="2025-08-04T02:58:46.974654" elapsed="0.014969"/>
</kw>
<arg>${INDICE_POSICAO}</arg>
<doc>Captura os índices dos produtos adicionados ao carrinho e armazena em uma lista global.</doc>
<status status="PASS" start="2025-08-04T02:58:46.702884" elapsed="0.287095"/>
</kw>
<kw name="Scroll Element Into View" owner="SeleniumLibrary">
<arg>${BTN_ADICIONAR_CARRINHO}</arg>
<doc>Scrolls the element identified by ``locator`` into view.</doc>
<status status="PASS" start="2025-08-04T02:58:46.990769" elapsed="0.521179"/>
</kw>
<kw name="Click Button" owner="SeleniumLibrary">
<msg time="2025-08-04T02:58:47.513877" level="INFO">Clicking button '(//div[@data-test="inventory-item"]//button[contains(text(), 'Add to cart')])[2]'.</msg>
<arg>${BTN_ADICIONAR_CARRINHO}</arg>
<doc>Clicks the button identified by ``locator``.</doc>
<status status="PASS" start="2025-08-04T02:58:47.512666" elapsed="0.376964"/>
</kw>
<kw name="Capture Page Screenshot" owner="SeleniumLibrary">
<msg time="2025-08-04T02:58:48.143470" level="INFO" html="true">&lt;/td&gt;&lt;/tr&gt;&lt;tr&gt;&lt;td colspan="3"&gt;&lt;a href="selenium-screenshot-4.png"&gt;&lt;img src="selenium-screenshot-4.png" width="800px"&gt;&lt;/a&gt;</msg>
<doc>Takes a screenshot of the current page and embeds it into a log file.</doc>
<status status="PASS" start="2025-08-04T02:58:47.890483" elapsed="0.253306"/>
</kw>
<doc>Adiciona o produto especificado ao carrinho.</doc>
<status status="PASS" start="2025-08-04T02:58:46.082917" elapsed="2.061203"/>
</kw>
<kw name="Adicionar &quot;outro&quot; produto ao carrinho" owner="kws_sistema_vendas" source_name="Adicionar &quot;${POSICAO}&quot; produto ao carrinho">
<kw name="Capture Page Screenshot" owner="SeleniumLibrary">
<msg time="2025-08-04T02:58:48.392450" level="INFO" html="true">&lt;/td&gt;&lt;/tr&gt;&lt;tr&gt;&lt;td colspan="3"&gt;&lt;a href="selenium-screenshot-5.png"&gt;&lt;img src="selenium-screenshot-5.png" width="800px"&gt;&lt;/a&gt;</msg>
<doc>Takes a screenshot of the current page and embeds it into a log file.</doc>
<status status="PASS" start="2025-08-04T02:58:48.151511" elapsed="0.241284"/>
</kw>
<kw name="Converter posição escrita para numero" owner="kws_shared">
<if>
<branch type="IF" condition="'${POSICAO}' in ['outro', &quot;OUTRO&quot;]">
<kw name="Escolher posição aleatória sem repetição" owner="kws_shared">
<kw name="Log" owner="BuiltIn">
<msg time="2025-08-04T02:58:48.400349" level="INFO">Haverá uma troca da posição atual: 'outro', por uma nova posição aleatória válida e não repetida.</msg>
<arg>Haverá uma troca da posição atual: '${POSICAO}', por uma nova posição aleatória válida e não repetida.</arg>
<doc>Logs the given message with the given level.</doc>
<status status="PASS" start="2025-08-04T02:58:48.399624" elapsed="0.001006"/>
</kw>
<kw name="Create List" owner="BuiltIn">
<msg time="2025-08-04T02:58:48.402276" level="INFO">${LISTA_TODAS_POSICOES} = ['primeiro', 'segundo', 'terceiro', 'quarto', 'quinto', 'sexto']</msg>
<var>${LISTA_TODAS_POSICOES}</var>
<arg>primeiro</arg>
<arg>segundo</arg>
<arg>terceiro</arg>
<arg>quarto</arg>
<arg>quinto</arg>
<arg>sexto</arg>
<doc>Returns a list containing given items.</doc>
<status status="PASS" start="2025-08-04T02:58:48.401427" elapsed="0.001034"/>
</kw>
<kw name="Remove Values From List" owner="Collections">
<arg>${LISTA_TODAS_POSICOES}</arg>
<arg>@{LIST_POSICAO_PRODUTOS_ADICIONADOS}</arg>
<doc>Removes all occurrences of given ``values`` from ``list``.</doc>
<status status="PASS" start="2025-08-04T02:58:48.403328" elapsed="0.000896"/>
</kw>
<kw name="Copy List" owner="Collections">
<msg time="2025-08-04T02:58:48.405848" level="INFO">${LISTA_POSICOES_DISPONIVEIS} = ['primeiro', 'terceiro', 'quarto', 'quinto', 'sexto']</msg>
<var>${LISTA_POSICOES_DISPONIVEIS}</var>
<arg>${LISTA_TODAS_POSICOES}</arg>
<doc>Returns a copy of the given list.</doc>
<status status="PASS" start="2025-08-04T02:58:48.404991" elapsed="0.001006"/>
</kw>
<kw name="Evaluate" owner="BuiltIn">
<msg time="2025-08-04T02:58:48.408213" level="INFO">${NOVA_POSICAO} = quinto</msg>
<var>${NOVA_POSICAO}</var>
<arg>random.choice(${LISTA_POSICOES_DISPONIVEIS})</arg>
<arg>modules=random</arg>
<doc>Evaluates the given expression in Python and returns the result.</doc>
<status status="PASS" start="2025-08-04T02:58:48.406767" elapsed="0.001610"/>
</kw>
<return>
<value>${NOVA_POSICAO}</value>
<status status="PASS" start="2025-08-04T02:58:48.408697" elapsed="0.000187"/>
</return>
<msg time="2025-08-04T02:58:48.409624" level="INFO">${NOVA_POSICAO} = quinto</msg>
<var>${NOVA_POSICAO}</var>
<arg>${POSICAO}</arg>
<doc>Escolhe uma nova posição aleatória para adicionar um produto ao carrinho, garantindo que não haja repetição de posições já adicionadas.</doc>
<status status="PASS" start="2025-08-04T02:58:48.397567" elapsed="0.012214"/>
</kw>
<kw name="Log" owner="BuiltIn">
<msg time="2025-08-04T02:58:48.411243" level="INFO">A nova posição aleatória escolhida foi: quinto</msg>
<arg>A nova posição aleatória escolhida foi: ${NOVA_POSICAO}</arg>
<doc>Logs the given message with the given level.</doc>
<status status="PASS" start="2025-08-04T02:58:48.410550" elapsed="0.000942"/>
</kw>
<kw name="Set Variable" owner="BuiltIn">
<msg time="2025-08-04T02:58:48.413284" level="INFO">${POSICAO} = quinto</msg>
<var>${POSICAO}</var>
<arg>${NOVA_POSICAO}</arg>
<doc>Returns the given values which can then be assigned to a variables.</doc>
<status status="PASS" start="2025-08-04T02:58:48.412253" elapsed="0.001427"/>
</kw>
<status status="PASS" start="2025-08-04T02:58:48.395253" elapsed="0.018722"/>
</branch>
<status status="PASS" start="2025-08-04T02:58:48.395134" elapsed="0.019080"/>
</if>
<kw name="Get From Dictionary" owner="Collections">
<msg time="2025-08-04T02:58:48.415840" level="INFO">${VALOR_POSICAO} = 5</msg>
<var>${VALOR_POSICAO}</var>
<arg>${DIC_POSICOES}</arg>
<arg>${POSICAO}</arg>
<doc>Returns a value from the given ``dictionary`` based on the given ``key``.</doc>
<status status="PASS" start="2025-08-04T02:58:48.414859" elapsed="0.001134"/>
</kw>
<kw name="Verificar se há produtos já adicionados e atualizar o índice de opções disponíveis" owner="kws_shared">
<kw name="Get Length" owner="BuiltIn">
<msg time="2025-08-04T02:58:48.419565" level="INFO">Length is 1.</msg>
<msg time="2025-08-04T02:58:48.420366" level="INFO">${QUANTIDADE_POSICOES} = 1</msg>
<var>${QUANTIDADE_POSICOES}</var>
<arg>${LIST_POSICAO_PRODUTOS_ADICIONADOS}</arg>
<doc>Returns and logs the length of the given item as an integer.</doc>
<status status="PASS" start="2025-08-04T02:58:48.418919" elapsed="0.001599"/>
</kw>
<if>
<branch type="IF" condition="${QUANTIDADE_POSICOES} != 0">
<if>
<branch type="IF" condition="${INDEX_POSICAO} == 1">
<kw name="Log" owner="BuiltIn">
<arg>O atual índice de posição escolhido é: "${INDEX_POSICAO}", portanto não há necessidade de ajuste de índice de opções de posições disponíveis.</arg>
<doc>Logs the given message with the given level.</doc>
<status status="NOT RUN" start="2025-08-04T02:58:48.422629" elapsed="0.000193"/>
</kw>
<status status="NOT RUN" start="2025-08-04T02:58:48.421635" elapsed="0.001419"/>
</branch>
<branch type="ELSE">
<kw name="Log" owner="BuiltIn">
<msg time="2025-08-04T02:58:48.424369" level="INFO">Há produtos já adicionados ao carrinho, portanto será necessário ajustar o índice de opções de posições disponíveis.</msg>
<arg>Há produtos já adicionados ao carrinho, portanto será necessário ajustar o índice de opções de posições disponíveis.</arg>
<doc>Logs the given message with the given level.</doc>
<status status="PASS" start="2025-08-04T02:58:48.423885" elapsed="0.000713"/>
</kw>
<kw name="Evaluate" owner="BuiltIn">
<msg time="2025-08-04T02:58:48.426462" level="INFO">${INDEX_POSICAO_ATUALIZADO} = 4</msg>
<var>${INDEX_POSICAO_ATUALIZADO}</var>
<arg>${INDEX_POSICAO} - ${QUANTIDADE_POSICOES}</arg>
<doc>Evaluates the given expression in Python and returns the result.</doc>
<status status="PASS" start="2025-08-04T02:58:48.425319" elapsed="0.001300"/>
</kw>
<kw name="Log" owner="BuiltIn">
<msg time="2025-08-04T02:58:48.428153" level="INFO">Há essa quantidade de produtos já adicionados: 1, portanto o índice de opções disponíveis foi atualizado para: 4.</msg>
<arg>Há essa quantidade de produtos já adicionados: ${QUANTIDADE_POSICOES}, portanto o índice de opções disponíveis foi atualizado para: ${INDEX_POSICAO_ATUALIZADO}.</arg>
<doc>Logs the given message with the given level.</doc>
<status status="PASS" start="2025-08-04T02:58:48.427366" elapsed="0.001059"/>
</kw>
<kw name="Set Variable" owner="BuiltIn">
<msg time="2025-08-04T02:58:48.431796" level="INFO">${INDEX_POSICAO} = 4</msg>
<var>${INDEX_POSICAO}</var>
<arg>${INDEX_POSICAO_ATUALIZADO}</arg>
<doc>Returns the given values which can then be assigned to a variables.</doc>
<status status="PASS" start="2025-08-04T02:58:48.429176" elapsed="0.002837"/>
</kw>
<status status="PASS" start="2025-08-04T02:58:48.423279" elapsed="0.009103"/>
</branch>
<status status="PASS" start="2025-08-04T02:58:48.421556" elapsed="0.011094"/>
</if>
<status status="PASS" start="2025-08-04T02:58:48.420954" elapsed="0.011918"/>
</branch>
<branch type="ELSE">
<kw name="Log" owner="BuiltIn">
<arg>Nenhum produto foi adicionado ao carrinho ainda, portanto não há necessidade de ajuste de índice de opções de posições disponíveis.</arg>
<doc>Logs the given message with the given level.</doc>
<status status="NOT RUN" start="2025-08-04T02:58:48.433847" elapsed="0.000150"/>
</kw>
<status status="NOT RUN" start="2025-08-04T02:58:48.433134" elapsed="0.001104"/>
</branch>
<status status="PASS" start="2025-08-04T02:58:48.420858" elapsed="0.013536"/>
</if>
<return>
<value>${INDEX_POSICAO}</value>
<status status="PASS" start="2025-08-04T02:58:48.434552" elapsed="0.000164"/>
</return>
<msg time="2025-08-04T02:58:48.435342" level="INFO">${VALOR_POSICAO} = 4</msg>
<var>${VALOR_POSICAO}</var>
<arg>${VALOR_POSICAO}</arg>
<doc>Verifica se já existem produtos adicionados ao carrinho e atualiza o índice de opções disponíveis, se necessário.</doc>
<status status="PASS" start="2025-08-04T02:58:48.417501" elapsed="0.017972"/>
</kw>
<kw name="Log" owner="BuiltIn">
<msg time="2025-08-04T02:58:48.436804" level="INFO">A posição 'quinto' especificada no argumento de entrada, corresponde ao número: 4.</msg>
<arg>A posição '${POSICAO}' especificada no argumento de entrada, corresponde ao número: ${VALOR_POSICAO}.</arg>
<doc>Logs the given message with the given level.</doc>
<status status="PASS" start="2025-08-04T02:58:48.436120" elapsed="0.000904"/>
</kw>
<kw name="Obter a posição do produto adicionado" owner="kws_shared">
<kw name="Append To List" owner="Collections">
<arg>${LIST_POSICAO_PRODUTOS_ADICIONADOS}</arg>
<arg>${POSICAO}</arg>
<doc>Adds ``values`` to the end of ``list``.</doc>
<status status="PASS" start="2025-08-04T02:58:48.439245" elapsed="0.000778"/>
</kw>
<kw name="Log" owner="BuiltIn">
<msg time="2025-08-04T02:58:48.441493" level="INFO">O índice do produto adicionado foi na lista ['segundo', 'quinto'].</msg>
<arg>O índice do produto adicionado foi na lista ${LIST_POSICAO_PRODUTOS_ADICIONADOS}.</arg>
<doc>Logs the given message with the given level.</doc>
<status status="PASS" start="2025-08-04T02:58:48.440784" elapsed="0.000953"/>
</kw>
<arg>${POSICAO}</arg>
<doc>Captura a posição do produto adicionado e armazena em uma variável global.</doc>
<status status="PASS" start="2025-08-04T02:58:48.437822" elapsed="0.004292"/>
</kw>
<return>
<value>${VALOR_POSICAO}</value>
<status status="PASS" start="2025-08-04T02:58:48.442420" elapsed="0.000172"/>
</return>
<msg time="2025-08-04T02:58:48.443259" level="INFO">${INDICE_POSICAO} = 4</msg>
<var>${INDICE_POSICAO}</var>
<arg>${POSICAO}</arg>
<doc>Converte a posição escrita do produto para o número correspondente.</doc>
<status status="PASS" start="2025-08-04T02:58:48.394055" elapsed="0.049352"/>
</kw>
<kw name="Set Variable" owner="BuiltIn">
<msg time="2025-08-04T02:58:48.445096" level="INFO">${BTN_ADICIONAR_CARRINHO} = (//div[@data-test="inventory-item"]//button[contains(text(), 'Add to cart')])[4]</msg>
<var>${BTN_ADICIONAR_CARRINHO}</var>
<arg>(${INVENTORY_DIV_INVENTARIO_ITEM}${INVENTORY_BTN_ADICIONAR_CARRINHO})[${INDICE_POSICAO}]</arg>
<doc>Returns the given values which can then be assigned to a variables.</doc>
<status status="PASS" start="2025-08-04T02:58:48.444101" elapsed="0.001323"/>
</kw>
<kw name="Obter o nome do produto adicionado" owner="kws_shared">
<kw name="Get Text" owner="SeleniumLibrary">
<msg time="2025-08-04T02:58:48.506179" level="INFO">${NOME_PRODUTO} = Sauce Labs Fleece Jacket</msg>
<var>${NOME_PRODUTO}</var>
<arg>(${INVENTORY_DIV_INVENTARIO_ITEM}${INVENTORY_LBL_ITEM_NOME})[${INDICE_POSICAO}]</arg>
<doc>Returns the text value of the element identified by ``locator``.</doc>
<status status="PASS" start="2025-08-04T02:58:48.447983" elapsed="0.058370"/>
</kw>
<kw name="Log" owner="BuiltIn">
<msg time="2025-08-04T02:58:48.507796" level="INFO">O produto a ser adicionado é: Sauce Labs Fleece Jacket.</msg>
<arg>O produto a ser adicionado é: ${NOME_PRODUTO}.</arg>
<doc>Logs the given message with the given level.</doc>
<status status="PASS" start="2025-08-04T02:58:48.507086" elapsed="0.000965"/>
</kw>
<kw name="Replace String" owner="String">
<msg time="2025-08-04T02:58:48.510021" level="INFO">${NOME_PRODUTO_REPLACE} = Sauce-Labs-Fleece-Jacket</msg>
<var>${NOME_PRODUTO_REPLACE}</var>
<arg>${NOME_PRODUTO}</arg>
<arg>${SPACE}</arg>
<arg>-</arg>
<doc>Replaces ``search_for`` in the given ``string`` with ``replace_with``.</doc>
<status status="PASS" start="2025-08-04T02:58:48.508888" elapsed="0.001301"/>
</kw>
<kw name="Log" owner="BuiltIn">
<msg time="2025-08-04T02:58:48.511691" level="INFO">A formatação atual do nome do produto ficou assim: Sauce-Labs-Fleece-Jacket.</msg>
<arg>A formatação atual do nome do produto ficou assim: ${NOME_PRODUTO_REPLACE}.</arg>
<doc>Logs the given message with the given level.</doc>
<status status="PASS" start="2025-08-04T02:58:48.510969" elapsed="0.000972"/>
</kw>
<kw name="Convert To Lower Case" owner="String">
<msg time="2025-08-04T02:58:48.513800" level="INFO">${NOME_PRODUTO_FORMATADO} = sauce-labs-fleece-jacket</msg>
<var>${NOME_PRODUTO_FORMATADO}</var>
<arg>${NOME_PRODUTO_REPLACE}</arg>
<doc>Converts string to lower case.</doc>
<status status="PASS" start="2025-08-04T02:58:48.512720" elapsed="0.001242"/>
</kw>
<kw name="Log" owner="BuiltIn">
<msg time="2025-08-04T02:58:48.515982" level="INFO">A formatação final do nome do produto ficou assim: sauce-labs-fleece-jacket.</msg>
<arg>A formatação final do nome do produto ficou assim: ${NOME_PRODUTO_FORMATADO}.</arg>
<doc>Logs the given message with the given level.</doc>
<status status="PASS" start="2025-08-04T02:58:48.515279" elapsed="0.000972"/>
</kw>
<kw name="Adicionar nome do produto ao dicionário global" owner="kws_shared">
<if>
<branch type="IF" condition="'${NOME_PRODUTO}' != '${EMPTY}'">
<for flavor="IN">
<iter>
<if>
<branch type="IF" condition="'${value}' == ''">
<kw name="Set To Dictionary" owner="Collections">
<arg>${DIC_PRODUTOS_ADICIONADOS}</arg>
<arg>${key}</arg>
<arg>${NOME_PRODUTO}</arg>
<doc>Adds the given ``key_value_pairs`` and/or ``items`` to the ``dictionary``.</doc>
<status status="NOT RUN" start="2025-08-04T02:58:48.523691" elapsed="0.000187"/>
</kw>
<kw name="Log" owner="BuiltIn">
<arg>A posição do produto adicionado foi atualizada: ${DIC_PRODUTOS_ADICIONADOS}.</arg>
<doc>Logs the given message with the given level.</doc>
<status status="NOT RUN" start="2025-08-04T02:58:48.524662" elapsed="0.000196"/>
</kw>
<kw name="Exit For Loop" owner="BuiltIn">
<doc>Stops executing the enclosing FOR loop.</doc>
<status status="NOT RUN" start="2025-08-04T02:58:48.525579" elapsed="0.000157"/>
</kw>
<status status="NOT RUN" start="2025-08-04T02:58:48.522649" elapsed="0.003275"/>
</branch>
<status status="PASS" start="2025-08-04T02:58:48.522565" elapsed="0.003561"/>
</if>
<var name="${key}">primeiro</var>
<var name="${value}">sauce-labs-bike-light</var>
<status status="PASS" start="2025-08-04T02:58:48.522293" elapsed="0.003978"/>
</iter>
<iter>
<if>
<branch type="IF" condition="'${value}' == ''">
<kw name="Set To Dictionary" owner="Collections">
<arg>${DIC_PRODUTOS_ADICIONADOS}</arg>
<arg>${key}</arg>
<arg>${NOME_PRODUTO}</arg>
<doc>Adds the given ``key_value_pairs`` and/or ``items`` to the ``dictionary``.</doc>
<status status="PASS" start="2025-08-04T02:58:48.528472" elapsed="0.000955"/>
</kw>
<kw name="Log" owner="BuiltIn">
<msg time="2025-08-04T02:58:48.531489" level="INFO">A posição do produto adicionado foi atualizada: {'primeiro': 'sauce-labs-bike-light', 'segundo': 'sauce-labs-fleece-jacket', 'terceiro': '', 'quarto': '', 'quinto': '', 'sexto': ''}.</msg>
<arg>A posição do produto adicionado foi atualizada: ${DIC_PRODUTOS_ADICIONADOS}.</arg>
<doc>Logs the given message with the given level.</doc>
<status status="PASS" start="2025-08-04T02:58:48.530422" elapsed="0.001420"/>
</kw>
<kw name="Exit For Loop" owner="BuiltIn">
<msg time="2025-08-04T02:58:48.533067" level="INFO">Exiting for loop altogether.</msg>
<doc>Stops executing the enclosing FOR loop.</doc>
<status status="PASS" start="2025-08-04T02:58:48.532637" elapsed="0.000718"/>
</kw>
<status status="PASS" start="2025-08-04T02:58:48.527391" elapsed="0.006190"/>
</branch>
<status status="PASS" start="2025-08-04T02:58:48.527293" elapsed="0.006530"/>
</if>
<var name="${key}">segundo</var>
<var name="${value}"/>
<status status="PASS" start="2025-08-04T02:58:48.527019" elapsed="0.006956"/>
</iter>
<var>${key}</var>
<var>${value}</var>
<value>&amp;{DIC_PRODUTOS_ADICIONADOS}</value>
<status status="PASS" start="2025-08-04T02:58:48.521175" elapsed="0.013133"/>
</for>
<status status="PASS" start="2025-08-04T02:58:48.518797" elapsed="0.015860"/>
</branch>
<status status="PASS" start="2025-08-04T02:58:48.518692" elapsed="0.016195"/>
</if>
<arg>${NOME_PRODUTO_FORMATADO}</arg>
<doc>Adiciona o nome do produto ao dicionário global de produtos adicionados.</doc>
<status status="PASS" start="2025-08-04T02:58:48.517552" elapsed="0.017657"/>
</kw>
<arg>${INDICE_POSICAO}</arg>
<doc>Captura os índices dos produtos adicionados ao carrinho e armazena em uma lista global.</doc>
<status status="PASS" start="2025-08-04T02:58:48.446502" elapsed="0.089089"/>
</kw>
<kw name="Scroll Element Into View" owner="SeleniumLibrary">
<arg>${BTN_ADICIONAR_CARRINHO}</arg>
<doc>Scrolls the element identified by ``locator`` into view.</doc>
<status status="PASS" start="2025-08-04T02:58:48.536349" elapsed="0.320943"/>
</kw>
<kw name="Click Button" owner="SeleniumLibrary">
<msg time="2025-08-04T02:58:48.858990" level="INFO">Clicking button '(//div[@data-test="inventory-item"]//button[contains(text(), 'Add to cart')])[4]'.</msg>
<arg>${BTN_ADICIONAR_CARRINHO}</arg>
<doc>Clicks the button identified by ``locator``.</doc>
<status status="PASS" start="2025-08-04T02:58:48.858102" elapsed="0.221140"/>
</kw>
<kw name="Capture Page Screenshot" owner="SeleniumLibrary">
<msg time="2025-08-04T02:58:49.393186" level="INFO" html="true">&lt;/td&gt;&lt;/tr&gt;&lt;tr&gt;&lt;td colspan="3"&gt;&lt;a href="selenium-screenshot-6.png"&gt;&lt;img src="selenium-screenshot-6.png" width="800px"&gt;&lt;/a&gt;</msg>
<doc>Takes a screenshot of the current page and embeds it into a log file.</doc>
<status status="PASS" start="2025-08-04T02:58:49.080257" elapsed="0.313254"/>
</kw>
<doc>Adiciona o produto especificado ao carrinho.</doc>
<status status="PASS" start="2025-08-04T02:58:48.147871" elapsed="1.245966"/>
</kw>
<kw name="Remover &quot;primeiro&quot; produto adicionado" owner="kws_sistema_vendas" source_name="Remover &quot;${POSICAO}&quot; produto adicionado">
<kw name="Converter posição escrita para o nome do produto" owner="kws_shared">
<for flavor="IN">
<iter>
<if>
<branch type="IF" condition="'${key}' == '${POSICAO}'">
<kw name="Set Variable" owner="BuiltIn">
<msg time="2025-08-04T02:58:49.405801" level="INFO">${NOME_PRODUTO} = sauce-labs-bike-light</msg>
<var>${NOME_PRODUTO}</var>
<arg>${value}</arg>
<doc>Returns the given values which can then be assigned to a variables.</doc>
<status status="PASS" start="2025-08-04T02:58:49.404785" elapsed="0.001206"/>
</kw>
<kw name="Log" owner="BuiltIn">
<msg time="2025-08-04T02:58:49.407607" level="INFO">O produto a ser removido é: sauce-labs-bike-light.</msg>
<arg>O produto a ser removido é: ${NOME_PRODUTO}.</arg>
<doc>Logs the given message with the given level.</doc>
<status status="PASS" start="2025-08-04T02:58:49.406870" elapsed="0.000964"/>
</kw>
<kw name="Exit For Loop" owner="BuiltIn">
<msg time="2025-08-04T02:58:49.409168" level="INFO">Exiting for loop altogether.</msg>
<doc>Stops executing the enclosing FOR loop.</doc>
<status status="PASS" start="2025-08-04T02:58:49.408643" elapsed="0.000839"/>
</kw>
<status status="PASS" start="2025-08-04T02:58:49.403044" elapsed="0.006744"/>
</branch>
<status status="PASS" start="2025-08-04T02:58:49.402950" elapsed="0.007053"/>
</if>
<var name="${key}">primeiro</var>
<var name="${value}">sauce-labs-bike-light</var>
<status status="PASS" start="2025-08-04T02:58:49.402670" elapsed="0.007493"/>
</iter>
<var>${key}</var>
<var>${value}</var>
<value>&amp;{DIC_PRODUTOS_ADICIONADOS}</value>
<status status="PASS" start="2025-08-04T02:58:49.401577" elapsed="0.008850"/>
</for>
<return>
<value>${NOME_PRODUTO}</value>
<status status="PASS" start="2025-08-04T02:58:49.410716" elapsed="0.000167"/>
</return>
<msg time="2025-08-04T02:58:49.411565" level="INFO">${NOME_PRODUTO} = sauce-labs-bike-light</msg>
<var>${NOME_PRODUTO}</var>
<arg>${POSICAO}</arg>
<doc>Converte a posição escrita do produto para o nome do produto correspondente.</doc>
<status status="PASS" start="2025-08-04T02:58:49.400406" elapsed="0.011315"/>
</kw>
<kw name="Format String" owner="String">
<msg time="2025-08-04T02:58:49.414985" level="INFO">${BTN_REMOVER_CARRINHO_FORMATADO} = //button[@data-test="remove-sauce-labs-bike-light"]</msg>
<var>${BTN_REMOVER_CARRINHO_FORMATADO}</var>
<arg>${INVENTORY_BTN_REMOVER_CARRINHO}</arg>
<arg>text=${NOME_PRODUTO}</arg>
<doc>Formats a ``template`` using the given ``positional`` and ``named`` arguments.</doc>
<status status="PASS" start="2025-08-04T02:58:49.412569" elapsed="0.002701"/>
</kw>
<kw name="Set Variable" owner="BuiltIn">
<msg time="2025-08-04T02:58:49.418204" level="INFO">${BTN_REMOVER_CARRINHO} = //div[@data-test="inventory-item"]//button[@data-test="remove-sauce-labs-bike-light"]</msg>
<var>${BTN_REMOVER_CARRINHO}</var>
<arg>${INVENTORY_DIV_INVENTARIO_ITEM}${BTN_REMOVER_CARRINHO_FORMATADO}</arg>
<doc>Returns the given values which can then be assigned to a variables.</doc>
<status status="PASS" start="2025-08-04T02:58:49.416721" elapsed="0.001732"/>
</kw>
<kw name="Scroll Element Into View" owner="SeleniumLibrary">
<arg>${BTN_REMOVER_CARRINHO}</arg>
<doc>Scrolls the element identified by ``locator`` into view.</doc>
<status status="PASS" start="2025-08-04T02:58:49.419868" elapsed="0.323950"/>
</kw>
<kw name="Click Button" owner="SeleniumLibrary">
<msg time="2025-08-04T02:58:49.745440" level="INFO">Clicking button '//div[@data-test="inventory-item"]//button[@data-test="remove-sauce-labs-bike-light"]'.</msg>
<arg>${BTN_REMOVER_CARRINHO}</arg>
<doc>Clicks the button identified by ``locator``.</doc>
<status status="PASS" start="2025-08-04T02:58:49.744598" elapsed="0.259661"/>
</kw>
<kw name="Capture Page Screenshot" owner="SeleniumLibrary">
<msg time="2025-08-04T02:58:50.303765" level="INFO" html="true">&lt;/td&gt;&lt;/tr&gt;&lt;tr&gt;&lt;td colspan="3"&gt;&lt;a href="selenium-screenshot-7.png"&gt;&lt;img src="selenium-screenshot-7.png" width="800px"&gt;&lt;/a&gt;</msg>
<doc>Takes a screenshot of the current page and embeds it into a log file.</doc>
<status status="PASS" start="2025-08-04T02:58:50.005125" elapsed="0.299079"/>
</kw>
<doc>Remove o produto especificado do carrinho.</doc>
<status status="PASS" start="2025-08-04T02:58:49.397343" elapsed="0.907247"/>
</kw>
<kw name="Acessar carrinho e finalizar o pedido" owner="kws_sistema_vendas">
<kw name="Na tela de inventário clicar no link do carrinho de compras" owner="kws_sistema_vendas">
<kw name="Click Link" owner="SeleniumLibrary">
<msg time="2025-08-04T02:58:50.309285" level="INFO">Clicking link '//a[@data-test="shopping-cart-link"]'.</msg>
<arg>${INVENTORY_LINK_CARRINHO}</arg>
<doc>Clicks a link identified by ``locator``.</doc>
<status status="PASS" start="2025-08-04T02:58:50.308593" elapsed="0.249852"/>
</kw>
<doc>Clica no link do carrinho de compras na tela de inventário.</doc>
<status status="PASS" start="2025-08-04T02:58:50.307556" elapsed="0.251321"/>
</kw>
<kw name="Na tela do carrinho clicar no botão de checkout" owner="kws_sistema_vendas">
<kw name="Wait Until Element Is Visible" owner="SeleniumLibrary">
<arg>${CART_TITLE}</arg>
<doc>Waits until the element ``locator`` is visible.</doc>
<status status="PASS" start="2025-08-04T02:58:50.561243" elapsed="0.099979"/>
</kw>
<kw name="Capture Page Screenshot" owner="SeleniumLibrary">
<msg time="2025-08-04T02:58:50.845883" level="INFO" html="true">&lt;/td&gt;&lt;/tr&gt;&lt;tr&gt;&lt;td colspan="3"&gt;&lt;a href="selenium-screenshot-8.png"&gt;&lt;img src="selenium-screenshot-8.png" width="800px"&gt;&lt;/a&gt;</msg>
<doc>Takes a screenshot of the current page and embeds it into a log file.</doc>
<status status="PASS" start="2025-08-04T02:58:50.661899" elapsed="0.184800"/>
</kw>
<kw name="Click Button" owner="SeleniumLibrary">
<msg time="2025-08-04T02:58:50.849164" level="INFO">Clicking button 'id=checkout'.</msg>
<arg>${CART_BTN_CHECKOUT}</arg>
<doc>Clicks the button identified by ``locator``.</doc>
<status status="PASS" start="2025-08-04T02:58:50.848063" elapsed="0.275804"/>
</kw>
<doc>Clica no botão de checkout na tela do carrinho de compras.</doc>
<status status="PASS" start="2025-08-04T02:58:50.559780" elapsed="0.564541"/>
</kw>
<kw name="Na tela de checkout informações preencher os dados e clicar no botão de continuar" owner="kws_sistema_vendas">
<kw name="Criar dados de nome, sobrenome e código postal aleatórios" owner="kws_shared">
<kw name="First Name" owner="FakerLibrary">
<msg time="2025-08-04T02:58:51.132221" level="INFO">${FIRST_NAME} = Mariah</msg>
<var>${FIRST_NAME}</var>
<status status="PASS" start="2025-08-04T02:58:51.129122" elapsed="0.003858"/>
</kw>
<kw name="Last Name" owner="FakerLibrary">
<msg time="2025-08-04T02:58:51.134969" level="INFO">${LAST_NAME} = Andrade</msg>
<var>${LAST_NAME}</var>
<status status="PASS" start="2025-08-04T02:58:51.133801" elapsed="0.001338"/>
</kw>
<kw name="Postcode" owner="FakerLibrary">
<msg time="2025-08-04T02:58:51.136695" level="INFO">${POSTAL_CODE} = 35809-702</msg>
<var>${POSTAL_CODE}</var>
<doc>Randomly returns a postcode.
:param formatted: True to allow formatted postcodes, else False (default True)
:example formatted: '41224-212' '83992-291' '12324322'
:example raw: '43920231' '34239530'</doc>
<status status="PASS" start="2025-08-04T02:58:51.135793" elapsed="0.001087"/>
</kw>
<return>
<value>${FIRST_NAME}</value>
<value>${LAST_NAME}</value>
<value>${POSTAL_CODE}</value>
<status status="PASS" start="2025-08-04T02:58:51.137178" elapsed="0.000195"/>
</return>
<msg time="2025-08-04T02:58:51.138589" level="INFO">${FIRST_NAME} = Mariah</msg>
<msg time="2025-08-04T02:58:51.138885" level="INFO">${LAST_NAME} = Andrade</msg>
<msg time="2025-08-04T02:58:51.139199" level="INFO">${POSTAL_CODE} = 35809-702</msg>
<var>${FIRST_NAME}</var>
<var>${LAST_NAME}</var>
<var>${POSTAL_CODE}</var>
<doc>Cria dados aleatórios para o nome, sobrenome e código postal.</doc>
<status status="PASS" start="2025-08-04T02:58:51.127770" elapsed="0.011586"/>
</kw>
<kw name="Input Text" owner="SeleniumLibrary">
<msg time="2025-08-04T02:58:51.141086" level="INFO">Typing text 'Mariah' into text field 'id=first-name'.</msg>
<arg>${CHECKOUT_FIELD_FIRST_NAME}</arg>
<arg>${FIRST_NAME}</arg>
<doc>Types the given ``text`` into the text field identified by ``locator``.</doc>
<status status="PASS" start="2025-08-04T02:58:51.140189" elapsed="0.251250"/>
</kw>
<kw name="Input Text" owner="SeleniumLibrary">
<msg time="2025-08-04T02:58:51.393142" level="INFO">Typing text 'Andrade' into text field 'id=last-name'.</msg>
<arg>${CHECKOUT_FIELD_LAST_NAME}</arg>
<arg>${LAST_NAME}</arg>
<doc>Types the given ``text`` into the text field identified by ``locator``.</doc>
<status status="PASS" start="2025-08-04T02:58:51.392238" elapsed="0.356254"/>
</kw>
<kw name="Input Text" owner="SeleniumLibrary">
<msg time="2025-08-04T02:58:51.751574" level="INFO">Typing text '35809-702' into text field 'id=postal-code'.</msg>
<arg>${CHECKOUT_FIELD_POSTAL_CODE}</arg>
<arg>${POSTAL_CODE}</arg>
<doc>Types the given ``text`` into the text field identified by ``locator``.</doc>
<status status="PASS" start="2025-08-04T02:58:51.750506" elapsed="0.402330"/>
</kw>
<kw name="Capture Page Screenshot" owner="SeleniumLibrary">
<msg time="2025-08-04T02:58:52.441250" level="INFO" html="true">&lt;/td&gt;&lt;/tr&gt;&lt;tr&gt;&lt;td colspan="3"&gt;&lt;a href="selenium-screenshot-9.png"&gt;&lt;img src="selenium-screenshot-9.png" width="800px"&gt;&lt;/a&gt;</msg>
<doc>Takes a screenshot of the current page and embeds it into a log file.</doc>
<status status="PASS" start="2025-08-04T02:58:52.153705" elapsed="0.288025"/>
</kw>
<kw name="Click Button" owner="SeleniumLibrary">
<msg time="2025-08-04T02:58:52.443371" level="INFO">Clicking button 'id=continue'.</msg>
<arg>${CHECKOUT_BTN_CONTINUE}</arg>
<doc>Clicks the button identified by ``locator``.</doc>
<status status="PASS" start="2025-08-04T02:58:52.442490" elapsed="1.502315"/>
</kw>
<kw name="Capture Page Screenshot" owner="SeleniumLibrary">
<msg time="2025-08-04T02:58:54.158202" level="INFO" html="true">&lt;/td&gt;&lt;/tr&gt;&lt;tr&gt;&lt;td colspan="3"&gt;&lt;a href="selenium-screenshot-10.png"&gt;&lt;img src="selenium-screenshot-10.png" width="800px"&gt;&lt;/a&gt;</msg>
<doc>Takes a screenshot of the current page and embeds it into a log file.</doc>
<status status="PASS" start="2025-08-04T02:58:53.945564" elapsed="0.212986"/>
</kw>
<doc>Preenche os campos do formulário de checkout com os dados aleatórios e clica no botão de continuar.</doc>
<status status="PASS" start="2025-08-04T02:58:51.125598" elapsed="3.033364"/>
</kw>
<kw name="Na tela de visão geral do checkout clicar no botão de finalizar pedido" owner="kws_sistema_vendas">
<kw name="Wait Until Element Is Visible" owner="SeleniumLibrary">
<arg>${SECOND_CHECKOUT_TITLE}</arg>
<doc>Waits until the element ``locator`` is visible.</doc>
<status status="PASS" start="2025-08-04T02:58:54.161439" elapsed="0.062416"/>
</kw>
<kw name="Click Button" owner="SeleniumLibrary">
<msg time="2025-08-04T02:58:54.225746" level="INFO">Clicking button 'id=finish'.</msg>
<arg>${CHECKOUT_BTN_FINISH}</arg>
<doc>Clicks the button identified by ``locator``.</doc>
<status status="PASS" start="2025-08-04T02:58:54.224764" elapsed="0.313459"/>
</kw>
<kw name="Wait Until Element Is Visible" owner="SeleniumLibrary">
<arg>${CHECKOUT_LBL_FINISH}</arg>
<doc>Waits until the element ``locator`` is visible.</doc>
<status status="PASS" start="2025-08-04T02:58:54.539057" elapsed="0.070629"/>
</kw>
<kw name="Capture Page Screenshot" owner="SeleniumLibrary">
<msg time="2025-08-04T02:58:54.857652" level="INFO" html="true">&lt;/td&gt;&lt;/tr&gt;&lt;tr&gt;&lt;td colspan="3"&gt;&lt;a href="selenium-screenshot-11.png"&gt;&lt;img src="selenium-screenshot-11.png" width="800px"&gt;&lt;/a&gt;</msg>
<doc>Takes a screenshot of the current page and embeds it into a log file.</doc>
<status status="PASS" start="2025-08-04T02:58:54.610500" elapsed="0.247503"/>
</kw>
<doc>Clica no botão de finalizar pedido na tela de visão geral do checkout.</doc>
<status status="PASS" start="2025-08-04T02:58:54.159891" elapsed="0.698501"/>
</kw>
<kw name="Na tela de finalização da compra validar as mensagens de sucesso" owner="kws_sistema_vendas">
<kw name="Element Should Be Visible" owner="SeleniumLibrary">
<msg time="2025-08-04T02:58:55.040720" level="INFO">Element '//span[@data-test='title'][contains(text(), 'Checkout: Complete')]' is displayed.</msg>
<arg>${CHECKOUT_LBL_FINISH}</arg>
<doc>Verifies that the element identified by ``locator`` is visible.</doc>
<status status="PASS" start="2025-08-04T02:58:54.860529" elapsed="0.180526"/>
</kw>
<kw name="Element Should Be Visible" owner="SeleniumLibrary">
<msg time="2025-08-04T02:58:55.124013" level="INFO">Element '//h2[@data-test='complete-header'][contains(text(), 'Thank you for your order!')]' is displayed.</msg>
<arg>${CHECKOUT_LBL_ORDER_COMPLETE}</arg>
<doc>Verifies that the element identified by ``locator`` is visible.</doc>
<status status="PASS" start="2025-08-04T02:58:55.041831" elapsed="0.082523"/>
</kw>
<kw name="Element Should Be Visible" owner="SeleniumLibrary">
<msg time="2025-08-04T02:58:55.217183" level="INFO">Element 'id=back-to-products' is displayed.</msg>
<arg>${CHECKOUT_BTN_BACK_HOME}</arg>
<doc>Verifies that the element identified by ``locator`` is visible.</doc>
<status status="PASS" start="2025-08-04T02:58:55.125163" elapsed="0.092325"/>
</kw>
<doc>Valida as mensagens de sucesso na tela de finalização do pedido.</doc>
<status status="PASS" start="2025-08-04T02:58:54.859319" elapsed="0.358524"/>
</kw>
<doc>Acessa o carrinho de compras e finaliza o pedido.</doc>
<status status="PASS" start="2025-08-04T02:58:50.306313" elapsed="4.911821"/>
</kw>
<kw name="Limpar variaveis globais" owner="teardown" type="TEARDOWN">
<kw name="Set Global Variable" owner="BuiltIn">
<msg time="2025-08-04T02:58:55.224383" level="INFO">@{LIST_POSICAO_PRODUTOS_ADICIONADOS} = [ ]</msg>
<arg>@{LIST_POSICAO_PRODUTOS_ADICIONADOS}</arg>
<arg>@{EMPTY}</arg>
<doc>Makes a variable available globally in all tests and suites.</doc>
<status status="PASS" start="2025-08-04T02:58:55.221417" elapsed="0.003259"/>
</kw>
<kw name="Log" owner="BuiltIn">
<msg time="2025-08-04T02:58:55.225912" level="INFO">A lista global de posições de produtos adicionados foi limpa.</msg>
<arg>A lista global de posições de produtos adicionados foi limpa.</arg>
<doc>Logs the given message with the given level.</doc>
<status status="PASS" start="2025-08-04T02:58:55.225399" elapsed="0.000748"/>
</kw>
<for flavor="IN">
<iter>
<if>
<branch type="IF" condition="'${value}' != ''">
<kw name="Set To Dictionary" owner="Collections">
<arg>${DIC_PRODUTOS_ADICIONADOS}</arg>
<arg>${key}</arg>
<arg>${EMPTY}</arg>
<doc>Adds the given ``key_value_pairs`` and/or ``items`` to the ``dictionary``.</doc>
<status status="PASS" start="2025-08-04T02:58:55.229026" elapsed="0.002988"/>
</kw>
<status status="PASS" start="2025-08-04T02:58:55.227916" elapsed="0.004436"/>
</branch>
<status status="PASS" start="2025-08-04T02:58:55.227810" elapsed="0.004781"/>
</if>
<kw name="Log" owner="BuiltIn">
<msg time="2025-08-04T02:58:55.233723" level="INFO">O dicionário global de posições de produtos por ordem de adicionados, foi limpo.</msg>
<arg>O dicionário global de posições de produtos por ordem de adicionados, foi limpo.</arg>
<doc>Logs the given message with the given level.</doc>
<status status="PASS" start="2025-08-04T02:58:55.233186" elapsed="0.000795"/>
</kw>
<var name="${key}">primeiro</var>
<var name="${value}">sauce-labs-bike-light</var>
<status status="PASS" start="2025-08-04T02:58:55.227530" elapsed="0.006710"/>
</iter>
<iter>
<if>
<branch type="IF" condition="'${value}' != ''">
<kw name="Set To Dictionary" owner="Collections">
<arg>${DIC_PRODUTOS_ADICIONADOS}</arg>
<arg>${key}</arg>
<arg>${EMPTY}</arg>
<doc>Adds the given ``key_value_pairs`` and/or ``items`` to the ``dictionary``.</doc>
<status status="PASS" start="2025-08-04T02:58:55.236489" elapsed="0.002669"/>
</kw>
<status status="PASS" start="2025-08-04T02:58:55.235337" elapsed="0.004166"/>
</branch>
<status status="PASS" start="2025-08-04T02:58:55.235234" elapsed="0.004515"/>
</if>
<kw name="Log" owner="BuiltIn">
<msg time="2025-08-04T02:58:55.240741" level="INFO">O dicionário global de posições de produtos por ordem de adicionados, foi limpo.</msg>
<arg>O dicionário global de posições de produtos por ordem de adicionados, foi limpo.</arg>
<doc>Logs the given message with the given level.</doc>
<status status="PASS" start="2025-08-04T02:58:55.240333" elapsed="0.000605"/>
</kw>
<var name="${key}">segundo</var>
<var name="${value}">sauce-labs-fleece-jacket</var>
<status status="PASS" start="2025-08-04T02:58:55.234989" elapsed="0.006155"/>
</iter>
<iter>
<if>
<branch type="IF" condition="'${value}' != ''">
<kw name="Set To Dictionary" owner="Collections">
<arg>${DIC_PRODUTOS_ADICIONADOS}</arg>
<arg>${key}</arg>
<arg>${EMPTY}</arg>
<doc>Adds the given ``key_value_pairs`` and/or ``items`` to the ``dictionary``.</doc>
<status status="NOT RUN" start="2025-08-04T02:58:55.242886" elapsed="0.000124"/>
</kw>
<status status="NOT RUN" start="2025-08-04T02:58:55.242056" elapsed="0.001181"/>
</branch>
<status status="PASS" start="2025-08-04T02:58:55.241990" elapsed="0.001423"/>
</if>
<kw name="Log" owner="BuiltIn">
<msg time="2025-08-04T02:58:55.244270" level="INFO">O dicionário global de posições de produtos por ordem de adicionados, foi limpo.</msg>
<arg>O dicionário global de posições de produtos por ordem de adicionados, foi limpo.</arg>
<doc>Logs the given message with the given level.</doc>
<status status="PASS" start="2025-08-04T02:58:55.243878" elapsed="0.000587"/>
</kw>
<var name="${key}">terceiro</var>
<var name="${value}"/>
<status status="PASS" start="2025-08-04T02:58:55.241805" elapsed="0.002863"/>
</iter>
<iter>
<if>
<branch type="IF" condition="'${value}' != ''">
<kw name="Set To Dictionary" owner="Collections">
<arg>${DIC_PRODUTOS_ADICIONADOS}</arg>
<arg>${key}</arg>
<arg>${EMPTY}</arg>
<doc>Adds the given ``key_value_pairs`` and/or ``items`` to the ``dictionary``.</doc>
<status status="NOT RUN" start="2025-08-04T02:58:55.248770" elapsed="0.000189"/>
</kw>
<status status="NOT RUN" start="2025-08-04T02:58:55.245841" elapsed="0.003394"/>
</branch>
<status status="PASS" start="2025-08-04T02:58:55.245734" elapsed="0.003718"/>
</if>
<kw name="Log" owner="BuiltIn">
<msg time="2025-08-04T02:58:55.250597" level="INFO">O dicionário global de posições de produtos por ordem de adicionados, foi limpo.</msg>
<arg>O dicionário global de posições de produtos por ordem de adicionados, foi limpo.</arg>
<doc>Logs the given message with the given level.</doc>
<status status="PASS" start="2025-08-04T02:58:55.250082" elapsed="0.000757"/>
</kw>
<var name="${key}">quarto</var>
<var name="${value}"/>
<status status="PASS" start="2025-08-04T02:58:55.245436" elapsed="0.005866"/>
</iter>
<iter>
<if>
<branch type="IF" condition="'${value}' != ''">
<kw name="Set To Dictionary" owner="Collections">
<arg>${DIC_PRODUTOS_ADICIONADOS}</arg>
<arg>${key}</arg>
<arg>${EMPTY}</arg>
<doc>Adds the given ``key_value_pairs`` and/or ``items`` to the ``dictionary``.</doc>
<status status="NOT RUN" start="2025-08-04T02:58:55.253890" elapsed="0.000176"/>
</kw>
<status status="NOT RUN" start="2025-08-04T02:58:55.252900" elapsed="0.001446"/>
</branch>
<status status="PASS" start="2025-08-04T02:58:55.252814" elapsed="0.001747"/>
</if>
<kw name="Log" owner="BuiltIn">
<msg time="2025-08-04T02:58:55.255598" level="INFO">O dicionário global de posições de produtos por ordem de adicionados, foi limpo.</msg>
<arg>O dicionário global de posições de produtos por ordem de adicionados, foi limpo.</arg>
<doc>Logs the given message with the given level.</doc>
<status status="PASS" start="2025-08-04T02:58:55.255127" elapsed="0.000697"/>
</kw>
<var name="${key}">quinto</var>
<var name="${value}"/>
<status status="PASS" start="2025-08-04T02:58:55.252541" elapsed="0.003529"/>
</iter>
<iter>
<if>
<branch type="IF" condition="'${value}' != ''">
<kw name="Set To Dictionary" owner="Collections">
<arg>${DIC_PRODUTOS_ADICIONADOS}</arg>
<arg>${key}</arg>
<arg>${EMPTY}</arg>
<doc>Adds the given ``key_value_pairs`` and/or ``items`` to the ``dictionary``.</doc>
<status status="NOT RUN" start="2025-08-04T02:58:55.258159" elapsed="0.000193"/>
</kw>
<status status="NOT RUN" start="2025-08-04T02:58:55.257134" elapsed="0.001477"/>
</branch>
<status status="PASS" start="2025-08-04T02:58:55.257056" elapsed="0.001750"/>
</if>
<kw name="Log" owner="BuiltIn">
<msg time="2025-08-04T02:58:55.259919" level="INFO">O dicionário global de posições de produtos por ordem de adicionados, foi limpo.</msg>
<arg>O dicionário global de posições de produtos por ordem de adicionados, foi limpo.</arg>
<doc>Logs the given message with the given level.</doc>
<status status="PASS" start="2025-08-04T02:58:55.259410" elapsed="0.000771"/>
</kw>
<var name="${key}">sexto</var>
<var name="${value}"/>
<status status="PASS" start="2025-08-04T02:58:55.256816" elapsed="0.004196"/>
</iter>
<var>${key}</var>
<var>${value}</var>
<value>&amp;{DIC_PRODUTOS_ADICIONADOS}</value>
<status status="PASS" start="2025-08-04T02:58:55.226491" elapsed="0.034840"/>
</for>
<doc>Limpa as variáveis globais utilizadas no teste.</doc>
<status status="PASS" start="2025-08-04T02:58:55.220043" elapsed="0.041753"/>
</kw>
<doc>Realizar o login com o usuário standard_user, adicionar produtos ao carrinho, remover um produto e finalizar o pedido.</doc>
<tag>CT01</tag>
<tag>LOGIN_USER_STANDARD</tag>
<status status="PASS" start="2025-08-04T02:58:38.043119" elapsed="17.222827"/>
</test>
<test id="s1-s1-t2" name="CT02: Finalizar pedido após login, adição e remoção de produtos do carrinho com usuário &quot;performance_glitch_user&quot;" line="19">
<kw name="Acessar página home do site" owner="kws_sistema_vendas" type="SETUP">
<kw name="Go To" owner="SeleniumLibrary">
<msg time="2025-08-04T02:58:55.280159" level="INFO">Opening url 'https://www.saucedemo.com/'</msg>
<arg>${URL_HOME}</arg>
<doc>Navigates the current browser window to the provided ``url``.</doc>
<status status="PASS" start="2025-08-04T02:58:55.278911" elapsed="0.409774"/>
</kw>
<kw name="Title Should Be" owner="SeleniumLibrary">
<msg time="2025-08-04T02:58:55.756280" level="INFO">Page title is 'Swag Labs'.</msg>
<arg>${LOGIN_TITLE}</arg>
<doc>Verifies that the current page title equals ``title``.</doc>
<status status="PASS" start="2025-08-04T02:58:55.689487" elapsed="0.067080"/>
</kw>
<kw name="Capture Page Screenshot" owner="SeleniumLibrary">
<msg time="2025-08-04T02:58:56.009927" level="INFO" html="true">&lt;/td&gt;&lt;/tr&gt;&lt;tr&gt;&lt;td colspan="3"&gt;&lt;a href="selenium-screenshot-12.png"&gt;&lt;img src="selenium-screenshot-12.png" width="800px"&gt;&lt;/a&gt;</msg>
<doc>Takes a screenshot of the current page and embeds it into a log file.</doc>
<status status="PASS" start="2025-08-04T02:58:55.757360" elapsed="0.252903"/>
</kw>
<arg>${SAUCE_DEMO_URLS.env_v0}</arg>
<doc>Acessa a página inicial do site de testes (https://www.saucedemo.com/)</doc>
<status status="PASS" start="2025-08-04T02:58:55.275494" elapsed="0.735173"/>
</kw>
<kw name="Login com usuário" owner="kws_sistema_vendas">
<kw name="Input Text" owner="SeleniumLibrary">
<msg time="2025-08-04T02:58:56.025410" level="INFO">Typing text 'performance_glitch_user' into text field 'id=user-name'.</msg>
<arg>${LOGIN_FIELD_USER}</arg>
<arg>${username}</arg>
<doc>Types the given ``text`` into the text field identified by ``locator``.</doc>
<status status="PASS" start="2025-08-04T02:58:56.024448" elapsed="2.500504"/>
</kw>
<kw name="Input Text" owner="SeleniumLibrary">
<msg time="2025-08-04T02:58:58.526945" level="INFO">Typing text 'secret_sauce' into text field 'id=password'.</msg>
<arg>${LOGIN_FIELD_PASSWORD}</arg>
<arg>${password}</arg>
<doc>Types the given ``text`` into the text field identified by ``locator``.</doc>
<status status="PASS" start="2025-08-04T02:58:58.525833" elapsed="0.902873"/>
</kw>
<kw name="Capture Page Screenshot" owner="SeleniumLibrary">
<msg time="2025-08-04T02:58:59.631596" level="INFO" html="true">&lt;/td&gt;&lt;/tr&gt;&lt;tr&gt;&lt;td colspan="3"&gt;&lt;a href="selenium-screenshot-13.png"&gt;&lt;img src="selenium-screenshot-13.png" width="800px"&gt;&lt;/a&gt;</msg>
<doc>Takes a screenshot of the current page and embeds it into a log file.</doc>
<status status="PASS" start="2025-08-04T02:58:59.429982" elapsed="0.201920"/>
</kw>
<kw name="Click Button" owner="SeleniumLibrary">
<msg time="2025-08-04T02:58:59.633451" level="INFO">Clicking button 'id=login-button'.</msg>
<arg>${LOGIN_BUTTON}</arg>
<doc>Clicks the button identified by ``locator``.</doc>
<status status="PASS" start="2025-08-04T02:58:59.632627" elapsed="5.292658"/>
</kw>
<arg>performance_glitch_user</arg>
<doc>Realiza o login no sistema com o usuário e senha fornecidos pelos argumentos.</doc>
<status status="PASS" start="2025-08-04T02:58:56.022807" elapsed="8.902903"/>
</kw>
<kw name="Adicionar &quot;segundo&quot; produto ao carrinho" owner="kws_sistema_vendas" source_name="Adicionar &quot;${POSICAO}&quot; produto ao carrinho">
<kw name="Capture Page Screenshot" owner="SeleniumLibrary">
<msg time="2025-08-04T02:59:05.209930" level="INFO" html="true">&lt;/td&gt;&lt;/tr&gt;&lt;tr&gt;&lt;td colspan="3"&gt;&lt;a href="selenium-screenshot-14.png"&gt;&lt;img src="selenium-screenshot-14.png" width="800px"&gt;&lt;/a&gt;</msg>
<doc>Takes a screenshot of the current page and embeds it into a log file.</doc>
<status status="PASS" start="2025-08-04T02:59:04.941805" elapsed="0.268490"/>
</kw>
<kw name="Converter posição escrita para numero" owner="kws_shared">
<if>
<branch type="IF" condition="'${POSICAO}' in ['outro', &quot;OUTRO&quot;]">
<kw name="Escolher posição aleatória sem repetição" owner="kws_shared">
<var>${NOVA_POSICAO}</var>
<arg>${POSICAO}</arg>
<doc>Escolhe uma nova posição aleatória para adicionar um produto ao carrinho, garantindo que não haja repetição de posições já adicionadas.</doc>
<status status="NOT RUN" start="2025-08-04T02:59:05.216931" elapsed="0.000197"/>
</kw>
<kw name="Log" owner="BuiltIn">
<arg>A nova posição aleatória escolhida foi: ${NOVA_POSICAO}</arg>
<doc>Logs the given message with the given level.</doc>
<status status="NOT RUN" start="2025-08-04T02:59:05.217882" elapsed="0.000120"/>
</kw>
<kw name="Set Variable" owner="BuiltIn">
<var>${POSICAO}</var>
<arg>${NOVA_POSICAO}</arg>
<doc>Returns the given values which can then be assigned to a variables.</doc>
<status status="NOT RUN" start="2025-08-04T02:59:05.218541" elapsed="0.000136"/>
</kw>
<status status="NOT RUN" start="2025-08-04T02:59:05.215584" elapsed="0.003360"/>
</branch>
<status status="PASS" start="2025-08-04T02:59:05.215475" elapsed="0.003659"/>
</if>
<kw name="Get From Dictionary" owner="Collections">
<msg time="2025-08-04T02:59:05.220836" level="INFO">${VALOR_POSICAO} = 2</msg>
<var>${VALOR_POSICAO}</var>
<arg>${DIC_POSICOES}</arg>
<arg>${POSICAO}</arg>
<doc>Returns a value from the given ``dictionary`` based on the given ``key``.</doc>
<status status="PASS" start="2025-08-04T02:59:05.219971" elapsed="0.001001"/>
</kw>
<kw name="Verificar se há produtos já adicionados e atualizar o índice de opções disponíveis" owner="kws_shared">
<kw name="Get Length" owner="BuiltIn">
<msg time="2025-08-04T02:59:05.224623" level="INFO">Length is 0.</msg>
<msg time="2025-08-04T02:59:05.225420" level="INFO">${QUANTIDADE_POSICOES} = 0</msg>
<var>${QUANTIDADE_POSICOES}</var>
<arg>${LIST_POSICAO_PRODUTOS_ADICIONADOS}</arg>
<doc>Returns and logs the length of the given item as an integer.</doc>
<status status="PASS" start="2025-08-04T02:59:05.223547" elapsed="0.002101"/>
</kw>
<if>
<branch type="IF" condition="${QUANTIDADE_POSICOES} != 0">
<if>
<branch type="IF" condition="${INDEX_POSICAO} == 1">
<kw name="Log" owner="BuiltIn">
<arg>O atual índice de posição escolhido é: "${INDEX_POSICAO}", portanto não há necessidade de ajuste de índice de opções de posições disponíveis.</arg>
<doc>Logs the given message with the given level.</doc>
<status status="NOT RUN" start="2025-08-04T02:59:05.227600" elapsed="0.000132"/>
</kw>
<status status="NOT RUN" start="2025-08-04T02:59:05.227028" elapsed="0.000917"/>
</branch>
<branch type="ELSE">
<kw name="Log" owner="BuiltIn">
<arg>Há produtos já adicionados ao carrinho, portanto será necessário ajustar o índice de opções de posições disponíveis.</arg>
<doc>Logs the given message with the given level.</doc>
<status status="NOT RUN" start="2025-08-04T02:59:05.228583" elapsed="0.000118"/>
</kw>
<kw name="Evaluate" owner="BuiltIn">
<var>${INDEX_POSICAO_ATUALIZADO}</var>
<arg>${INDEX_POSICAO} - ${QUANTIDADE_POSICOES}</arg>
<doc>Evaluates the given expression in Python and returns the result.</doc>
<status status="NOT RUN" start="2025-08-04T02:59:05.230109" elapsed="0.000182"/>
</kw>
<kw name="Log" owner="BuiltIn">
<arg>Há essa quantidade de produtos já adicionados: ${QUANTIDADE_POSICOES}, portanto o índice de opções disponíveis foi atualizado para: ${INDEX_POSICAO_ATUALIZADO}.</arg>
<doc>Logs the given message with the given level.</doc>
<status status="NOT RUN" start="2025-08-04T02:59:05.230923" elapsed="0.000134"/>
</kw>
<kw name="Set Variable" owner="BuiltIn">
<var>${INDEX_POSICAO}</var>
<arg>${INDEX_POSICAO_ATUALIZADO}</arg>
<doc>Returns the given values which can then be assigned to a variables.</doc>
<status status="NOT RUN" start="2025-08-04T02:59:05.231601" elapsed="0.000120"/>
</kw>
<status status="NOT RUN" start="2025-08-04T02:59:05.228107" elapsed="0.003814"/>
</branch>
<status status="NOT RUN" start="2025-08-04T02:59:05.226961" elapsed="0.005110"/>
</if>
<status status="NOT RUN" start="2025-08-04T02:59:05.226184" elapsed="0.005996"/>
</branch>
<branch type="ELSE">
<kw name="Log" owner="BuiltIn">
<msg time="2025-08-04T02:59:05.233189" level="INFO">Nenhum produto foi adicionado ao carrinho ainda, portanto não há necessidade de ajuste de índice de opções de posições disponíveis.</msg>
<arg>Nenhum produto foi adicionado ao carrinho ainda, portanto não há necessidade de ajuste de índice de opções de posições disponíveis.</arg>
<doc>Logs the given message with the given level.</doc>
<status status="PASS" start="2025-08-04T02:59:05.232823" elapsed="0.000560"/>
</kw>
<status status="PASS" start="2025-08-04T02:59:05.232332" elapsed="0.001257"/>
</branch>
<status status="PASS" start="2025-08-04T02:59:05.226034" elapsed="0.007717"/>
</if>
<return>
<value>${INDEX_POSICAO}</value>
<status status="PASS" start="2025-08-04T02:59:05.233895" elapsed="0.000147"/>
</return>
<msg time="2025-08-04T02:59:05.234571" level="INFO">${VALOR_POSICAO} = 2</msg>
<var>${VALOR_POSICAO}</var>
<arg>${VALOR_POSICAO}</arg>
<doc>Verifica se já existem produtos adicionados ao carrinho e atualiza o índice de opções disponíveis, se necessário.</doc>
<status status="PASS" start="2025-08-04T02:59:05.222311" elapsed="0.012392"/>
</kw>
<kw name="Log" owner="BuiltIn">
<msg time="2025-08-04T02:59:05.235892" level="INFO">A posição 'segundo' especificada no argumento de entrada, corresponde ao número: 2.</msg>
<arg>A posição '${POSICAO}' especificada no argumento de entrada, corresponde ao número: ${VALOR_POSICAO}.</arg>
<doc>Logs the given message with the given level.</doc>
<status status="PASS" start="2025-08-04T02:59:05.235299" elapsed="0.000786"/>
</kw>
<kw name="Obter a posição do produto adicionado" owner="kws_shared">
<kw name="Append To List" owner="Collections">
<arg>${LIST_POSICAO_PRODUTOS_ADICIONADOS}</arg>
<arg>${POSICAO}</arg>
<doc>Adds ``values`` to the end of ``list``.</doc>
<status status="PASS" start="2025-08-04T02:59:05.238050" elapsed="0.000657"/>
</kw>
<kw name="Log" owner="BuiltIn">
<msg time="2025-08-04T02:59:05.239952" level="INFO">O índice do produto adicionado foi na lista ['segundo'].</msg>
<arg>O índice do produto adicionado foi na lista ${LIST_POSICAO_PRODUTOS_ADICIONADOS}.</arg>
<doc>Logs the given message with the given level.</doc>
<status status="PASS" start="2025-08-04T02:59:05.239390" elapsed="0.000756"/>
</kw>
<arg>${POSICAO}</arg>
<doc>Captura a posição do produto adicionado e armazena em uma variável global.</doc>
<status status="PASS" start="2025-08-04T02:59:05.236840" elapsed="0.003601"/>
</kw>
<return>
<value>${VALOR_POSICAO}</value>
<status status="PASS" start="2025-08-04T02:59:05.240669" elapsed="0.000145"/>
</return>
<msg time="2025-08-04T02:59:05.241325" level="INFO">${INDICE_POSICAO} = 2</msg>
<var>${INDICE_POSICAO}</var>
<arg>${POSICAO}</arg>
<doc>Converte a posição escrita do produto para o número correspondente.</doc>
<status status="PASS" start="2025-08-04T02:59:05.212032" elapsed="0.029408"/>
</kw>
<kw name="Set Variable" owner="BuiltIn">
<msg time="2025-08-04T02:59:05.242890" level="INFO">${BTN_ADICIONAR_CARRINHO} = (//div[@data-test="inventory-item"]//button[contains(text(), 'Add to cart')])[2]</msg>
<var>${BTN_ADICIONAR_CARRINHO}</var>
<arg>(${INVENTORY_DIV_INVENTARIO_ITEM}${INVENTORY_BTN_ADICIONAR_CARRINHO})[${INDICE_POSICAO}]</arg>
<doc>Returns the given values which can then be assigned to a variables.</doc>
<status status="PASS" start="2025-08-04T02:59:05.242057" elapsed="0.000976"/>
</kw>
<kw name="Obter o nome do produto adicionado" owner="kws_shared">
<kw name="Get Text" owner="SeleniumLibrary">
<msg time="2025-08-04T02:59:05.284976" level="INFO">${NOME_PRODUTO} = Sauce Labs Bike Light</msg>
<var>${NOME_PRODUTO}</var>
<arg>(${INVENTORY_DIV_INVENTARIO_ITEM}${INVENTORY_LBL_ITEM_NOME})[${INDICE_POSICAO}]</arg>
<doc>Returns the text value of the element identified by ``locator``.</doc>
<status status="PASS" start="2025-08-04T02:59:05.245099" elapsed="0.040017"/>
</kw>
<kw name="Log" owner="BuiltIn">
<msg time="2025-08-04T02:59:05.286285" level="INFO">O produto a ser adicionado é: Sauce Labs Bike Light.</msg>
<arg>O produto a ser adicionado é: ${NOME_PRODUTO}.</arg>
<doc>Logs the given message with the given level.</doc>
<status status="PASS" start="2025-08-04T02:59:05.285770" elapsed="0.000709"/>
</kw>
<kw name="Replace String" owner="String">
<msg time="2025-08-04T02:59:05.288099" level="INFO">${NOME_PRODUTO_REPLACE} = Sauce-Labs-Bike-Light</msg>
<var>${NOME_PRODUTO_REPLACE}</var>
<arg>${NOME_PRODUTO}</arg>
<arg>${SPACE}</arg>
<arg>-</arg>
<doc>Replaces ``search_for`` in the given ``string`` with ``replace_with``.</doc>
<status status="PASS" start="2025-08-04T02:59:05.287194" elapsed="0.001037"/>
</kw>
<kw name="Log" owner="BuiltIn">
<msg time="2025-08-04T02:59:05.289797" level="INFO">A formatação atual do nome do produto ficou assim: Sauce-Labs-Bike-Light.</msg>
<arg>A formatação atual do nome do produto ficou assim: ${NOME_PRODUTO_REPLACE}.</arg>
<doc>Logs the given message with the given level.</doc>
<status status="PASS" start="2025-08-04T02:59:05.289068" elapsed="0.000969"/>
</kw>
<kw name="Convert To Lower Case" owner="String">
<msg time="2025-08-04T02:59:05.291574" level="INFO">${NOME_PRODUTO_FORMATADO} = sauce-labs-bike-light</msg>
<var>${NOME_PRODUTO_FORMATADO}</var>
<arg>${NOME_PRODUTO_REPLACE}</arg>
<doc>Converts string to lower case.</doc>
<status status="PASS" start="2025-08-04T02:59:05.290896" elapsed="0.000820"/>
</kw>
<kw name="Log" owner="BuiltIn">
<msg time="2025-08-04T02:59:05.292832" level="INFO">A formatação final do nome do produto ficou assim: sauce-labs-bike-light.</msg>
<arg>A formatação final do nome do produto ficou assim: ${NOME_PRODUTO_FORMATADO}.</arg>
<doc>Logs the given message with the given level.</doc>
<status status="PASS" start="2025-08-04T02:59:05.292320" elapsed="0.000707"/>
</kw>
<kw name="Adicionar nome do produto ao dicionário global" owner="kws_shared">
<if>
<branch type="IF" condition="'${NOME_PRODUTO}' != '${EMPTY}'">
<for flavor="IN">
<iter>
<if>
<branch type="IF" condition="'${value}' == ''">
<kw name="Set To Dictionary" owner="Collections">
<arg>${DIC_PRODUTOS_ADICIONADOS}</arg>
<arg>${key}</arg>
<arg>${NOME_PRODUTO}</arg>
<doc>Adds the given ``key_value_pairs`` and/or ``items`` to the ``dictionary``.</doc>
<status status="PASS" start="2025-08-04T02:59:05.299217" elapsed="0.000757"/>
</kw>
<kw name="Log" owner="BuiltIn">
<msg time="2025-08-04T02:59:05.301164" level="INFO">A posição do produto adicionado foi atualizada: {'primeiro': 'sauce-labs-bike-light', 'segundo': '', 'terceiro': '', 'quarto': '', 'quinto': '', 'sexto': ''}.</msg>
<arg>A posição do produto adicionado foi atualizada: ${DIC_PRODUTOS_ADICIONADOS}.</arg>
<doc>Logs the given message with the given level.</doc>
<status status="PASS" start="2025-08-04T02:59:05.300631" elapsed="0.000727"/>
</kw>
<kw name="Exit For Loop" owner="BuiltIn">
<msg time="2025-08-04T02:59:05.302273" level="INFO">Exiting for loop altogether.</msg>
<doc>Stops executing the enclosing FOR loop.</doc>
<status status="PASS" start="2025-08-04T02:59:05.301962" elapsed="0.000532"/>
</kw>
<status status="PASS" start="2025-08-04T02:59:05.298403" elapsed="0.004310"/>
</branch>
<status status="PASS" start="2025-08-04T02:59:05.298340" elapsed="0.004577"/>
</if>
<var name="${key}">primeiro</var>
<var name="${value}"/>
<status status="PASS" start="2025-08-04T02:59:05.298147" elapsed="0.004917"/>
</iter>
<var>${key}</var>
<var>${value}</var>
<value>&amp;{DIC_PRODUTOS_ADICIONADOS}</value>
<status status="PASS" start="2025-08-04T02:59:05.297286" elapsed="0.006020"/>
</for>
<status status="PASS" start="2025-08-04T02:59:05.295130" elapsed="0.008400"/>
</branch>
<status status="PASS" start="2025-08-04T02:59:05.295050" elapsed="0.008643"/>
</if>
<arg>${NOME_PRODUTO_FORMATADO}</arg>
<doc>Adiciona o nome do produto ao dicionário global de produtos adicionados.</doc>
<status status="PASS" start="2025-08-04T02:59:05.294122" elapsed="0.009778"/>
</kw>
<arg>${INDICE_POSICAO}</arg>
<doc>Captura os índices dos produtos adicionados ao carrinho e armazena em uma lista global.</doc>
<status status="PASS" start="2025-08-04T02:59:05.243851" elapsed="0.060314"/>
</kw>
<kw name="Scroll Element Into View" owner="SeleniumLibrary">
<arg>${BTN_ADICIONAR_CARRINHO}</arg>
<doc>Scrolls the element identified by ``locator`` into view.</doc>
<status status="PASS" start="2025-08-04T02:59:05.304800" elapsed="0.297985"/>
</kw>
<kw name="Click Button" owner="SeleniumLibrary">
<msg time="2025-08-04T02:59:05.605237" level="INFO">Clicking button '(//div[@data-test="inventory-item"]//button[contains(text(), 'Add to cart')])[2]'.</msg>
<arg>${BTN_ADICIONAR_CARRINHO}</arg>
<doc>Clicks the button identified by ``locator``.</doc>
<status status="PASS" start="2025-08-04T02:59:05.603999" elapsed="0.179914"/>
</kw>
<kw name="Capture Page Screenshot" owner="SeleniumLibrary">
<msg time="2025-08-04T02:59:06.042312" level="INFO" html="true">&lt;/td&gt;&lt;/tr&gt;&lt;tr&gt;&lt;td colspan="3"&gt;&lt;a href="selenium-screenshot-15.png"&gt;&lt;img src="selenium-screenshot-15.png" width="800px"&gt;&lt;/a&gt;</msg>
<doc>Takes a screenshot of the current page and embeds it into a log file.</doc>
<status status="PASS" start="2025-08-04T02:59:05.784788" elapsed="0.257869"/>
</kw>
<doc>Adiciona o produto especificado ao carrinho.</doc>
<status status="PASS" start="2025-08-04T02:59:04.940338" elapsed="1.102667"/>
</kw>
<kw name="Adicionar &quot;outro&quot; produto ao carrinho" owner="kws_sistema_vendas" source_name="Adicionar &quot;${POSICAO}&quot; produto ao carrinho">
<kw name="Capture Page Screenshot" owner="SeleniumLibrary">
<msg time="2025-08-04T02:59:06.280241" level="INFO" html="true">&lt;/td&gt;&lt;/tr&gt;&lt;tr&gt;&lt;td colspan="3"&gt;&lt;a href="selenium-screenshot-16.png"&gt;&lt;img src="selenium-screenshot-16.png" width="800px"&gt;&lt;/a&gt;</msg>
<doc>Takes a screenshot of the current page and embeds it into a log file.</doc>
<status status="PASS" start="2025-08-04T02:59:06.051650" elapsed="0.228946"/>
</kw>
<kw name="Converter posição escrita para numero" owner="kws_shared">
<if>
<branch type="IF" condition="'${POSICAO}' in ['outro', &quot;OUTRO&quot;]">
<kw name="Escolher posição aleatória sem repetição" owner="kws_shared">
<kw name="Log" owner="BuiltIn">
<msg time="2025-08-04T02:59:06.287107" level="INFO">Haverá uma troca da posição atual: 'outro', por uma nova posição aleatória válida e não repetida.</msg>
<arg>Haverá uma troca da posição atual: '${POSICAO}', por uma nova posição aleatória válida e não repetida.</arg>
<doc>Logs the given message with the given level.</doc>
<status status="PASS" start="2025-08-04T02:59:06.286569" elapsed="0.000743"/>
</kw>
<kw name="Create List" owner="BuiltIn">
<msg time="2025-08-04T02:59:06.288511" level="INFO">${LISTA_TODAS_POSICOES} = ['primeiro', 'segundo', 'terceiro', 'quarto', 'quinto', 'sexto']</msg>
<var>${LISTA_TODAS_POSICOES}</var>
<arg>primeiro</arg>
<arg>segundo</arg>
<arg>terceiro</arg>
<arg>quarto</arg>
<arg>quinto</arg>
<arg>sexto</arg>
<doc>Returns a list containing given items.</doc>
<status status="PASS" start="2025-08-04T02:59:06.287940" elapsed="0.000694"/>
</kw>
<kw name="Remove Values From List" owner="Collections">
<arg>${LISTA_TODAS_POSICOES}</arg>
<arg>@{LIST_POSICAO_PRODUTOS_ADICIONADOS}</arg>
<doc>Removes all occurrences of given ``values`` from ``list``.</doc>
<status status="PASS" start="2025-08-04T02:59:06.289323" elapsed="0.000651"/>
</kw>
<kw name="Copy List" owner="Collections">
<msg time="2025-08-04T02:59:06.291214" level="INFO">${LISTA_POSICOES_DISPONIVEIS} = ['primeiro', 'terceiro', 'quarto', 'quinto', 'sexto']</msg>
<var>${LISTA_POSICOES_DISPONIVEIS}</var>
<arg>${LISTA_TODAS_POSICOES}</arg>
<doc>Returns a copy of the given list.</doc>
<status status="PASS" start="2025-08-04T02:59:06.290575" elapsed="0.000762"/>
</kw>
<kw name="Evaluate" owner="BuiltIn">
<msg time="2025-08-04T02:59:06.292965" level="INFO">${NOVA_POSICAO} = primeiro</msg>
<var>${NOVA_POSICAO}</var>
<arg>random.choice(${LISTA_POSICOES_DISPONIVEIS})</arg>
<arg>modules=random</arg>
<doc>Evaluates the given expression in Python and returns the result.</doc>
<status status="PASS" start="2025-08-04T02:59:06.291940" elapsed="0.001159"/>
</kw>
<return>
<value>${NOVA_POSICAO}</value>
<status status="PASS" start="2025-08-04T02:59:06.293375" elapsed="0.000148"/>
</return>
<msg time="2025-08-04T02:59:06.294046" level="INFO">${NOVA_POSICAO} = primeiro</msg>
<var>${NOVA_POSICAO}</var>
<arg>${POSICAO}</arg>
<doc>Escolhe uma nova posição aleatória para adicionar um produto ao carrinho, garantindo que não haja repetição de posições já adicionadas.</doc>
<status status="PASS" start="2025-08-04T02:59:06.285361" elapsed="0.008801"/>
</kw>
<kw name="Log" owner="BuiltIn">
[...]
<arg>${LOGIN_FIELD_PASSWORD}</arg>
<arg>${password}</arg>
<doc>Types the given ``text`` into the text field identified by ``locator``.</doc>
<status status="PASS" start="2025-08-04T02:59:12.291148" elapsed="0.803591"/>
</kw>
<kw name="Capture Page Screenshot" owner="SeleniumLibrary">
<msg time="2025-08-04T02:59:13.275317" level="INFO" html="true">&lt;/td&gt;&lt;/tr&gt;&lt;tr&gt;&lt;td colspan="3"&gt;&lt;a href="selenium-screenshot-24.png"&gt;&lt;img src="selenium-screenshot-24.png" width="800px"&gt;&lt;/a&gt;</msg>
<doc>Takes a screenshot of the current page and embeds it into a log file.</doc>
<status status="PASS" start="2025-08-04T02:59:13.097092" elapsed="0.178569"/>
</kw>
<kw name="Click Button" owner="SeleniumLibrary">
<msg time="2025-08-04T02:59:13.277137" level="INFO">Clicking button 'id=login-button'.</msg>
<arg>${LOGIN_BUTTON}</arg>
<doc>Clicks the button identified by ``locator``.</doc>
<status status="PASS" start="2025-08-04T02:59:13.276388" elapsed="0.250798"/>
</kw>
<arg>standard_user</arg>
<doc>Realiza o login no sistema com o usuário e senha fornecidos pelos argumentos.</doc>
<status status="PASS" start="2025-08-04T02:59:11.976833" elapsed="1.550712"/>
</kw>
<kw name="Acessar carrinho e tentar finalizar pedido" owner="kws_sistema_vendas">
<kw name="Na tela de inventário clicar no link do carrinho de compras" owner="kws_sistema_vendas">
<kw name="Click Link" owner="SeleniumLibrary">
<msg time="2025-08-04T02:59:13.533218" level="INFO">Clicking link '//a[@data-test="shopping-cart-link"]'.</msg>
<arg>${INVENTORY_LINK_CARRINHO}</arg>
<doc>Clicks a link identified by ``locator``.</doc>
<status status="PASS" start="2025-08-04T02:59:13.532301" elapsed="0.223594"/>
</kw>
<doc>Clica no link do carrinho de compras na tela de inventário.</doc>
<status status="PASS" start="2025-08-04T02:59:13.530961" elapsed="0.225331"/>
</kw>
<kw name="Na tela do carrinho clicar no botão de checkout" owner="kws_sistema_vendas">
<kw name="Wait Until Element Is Visible" owner="SeleniumLibrary">
<arg>${CART_TITLE}</arg>
<doc>Waits until the element ``locator`` is visible.</doc>
<status status="PASS" start="2025-08-04T02:59:13.758641" elapsed="0.041597"/>
</kw>
<kw name="Capture Page Screenshot" owner="SeleniumLibrary">
<msg time="2025-08-04T02:59:13.993349" level="INFO" html="true">&lt;/td&gt;&lt;/tr&gt;&lt;tr&gt;&lt;td colspan="3"&gt;&lt;a href="selenium-screenshot-25.png"&gt;&lt;img src="selenium-screenshot-25.png" width="800px"&gt;&lt;/a&gt;</msg>
<doc>Takes a screenshot of the current page and embeds it into a log file.</doc>
<status status="PASS" start="2025-08-04T02:59:13.801185" elapsed="0.192508"/>
</kw>
<kw name="Click Button" owner="SeleniumLibrary">
<msg time="2025-08-04T02:59:13.995741" level="INFO">Clicking button 'id=checkout'.</msg>
<arg>${CART_BTN_CHECKOUT}</arg>
<doc>Clicks the button identified by ``locator``.</doc>
<status status="PASS" start="2025-08-04T02:59:13.994451" elapsed="0.275071"/>
</kw>
<doc>Clica no botão de checkout na tela do carrinho de compras.</doc>
<status status="PASS" start="2025-08-04T02:59:13.757043" elapsed="0.512925"/>
</kw>
<kw name="Na tela de checkout informações preencher os dados e clicar no botão de continuar" owner="kws_sistema_vendas">
<kw name="Criar dados de nome, sobrenome e código postal aleatórios" owner="kws_shared">
<kw name="First Name" owner="FakerLibrary">
<msg time="2025-08-04T02:59:14.274463" level="INFO">${FIRST_NAME} = Isaque</msg>
<var>${FIRST_NAME}</var>
<status status="PASS" start="2025-08-04T02:59:14.273171" elapsed="0.001506"/>
</kw>
<kw name="Last Name" owner="FakerLibrary">
<msg time="2025-08-04T02:59:14.276057" level="INFO">${LAST_NAME} = Rocha</msg>
<var>${LAST_NAME}</var>
<status status="PASS" start="2025-08-04T02:59:14.275294" elapsed="0.000943"/>
</kw>
<kw name="Postcode" owner="FakerLibrary">
<msg time="2025-08-04T02:59:14.277727" level="INFO">${POSTAL_CODE} = 40286753</msg>
<var>${POSTAL_CODE}</var>
<doc>Randomly returns a postcode.
:param formatted: True to allow formatted postcodes, else False (default True)
:example formatted: '41224-212' '83992-291' '12324322'
:example raw: '43920231' '34239530'</doc>
<status status="PASS" start="2025-08-04T02:59:14.276829" elapsed="0.001069"/>
</kw>
<return>
<value>${FIRST_NAME}</value>
<value>${LAST_NAME}</value>
<value>${POSTAL_CODE}</value>
<status status="PASS" start="2025-08-04T02:59:14.278232" elapsed="0.000219"/>
</return>
<msg time="2025-08-04T02:59:14.280042" level="INFO">${FIRST_NAME} = Isaque</msg>
<msg time="2025-08-04T02:59:14.280472" level="INFO">${LAST_NAME} = Rocha</msg>
<msg time="2025-08-04T02:59:14.280779" level="INFO">${POSTAL_CODE} = 40286753</msg>
<var>${FIRST_NAME}</var>
<var>${LAST_NAME}</var>
<var>${POSTAL_CODE}</var>
<doc>Cria dados aleatórios para o nome, sobrenome e código postal.</doc>
<status status="PASS" start="2025-08-04T02:59:14.272138" elapsed="0.008809"/>
</kw>
<kw name="Input Text" owner="SeleniumLibrary">
<msg time="2025-08-04T02:59:14.283653" level="INFO">Typing text 'Isaque' into text field 'id=first-name'.</msg>
<arg>${CHECKOUT_FIELD_FIRST_NAME}</arg>
<arg>${FIRST_NAME}</arg>
<doc>Types the given ``text`` into the text field identified by ``locator``.</doc>
<status status="PASS" start="2025-08-04T02:59:14.282517" elapsed="0.272252"/>
</kw>
<kw name="Input Text" owner="SeleniumLibrary">
<msg time="2025-08-04T02:59:14.556440" level="INFO">Typing text 'Rocha' into text field 'id=last-name'.</msg>
<arg>${CHECKOUT_FIELD_LAST_NAME}</arg>
<arg>${LAST_NAME}</arg>
<doc>Types the given ``text`` into the text field identified by ``locator``.</doc>
<status status="PASS" start="2025-08-04T02:59:14.555627" elapsed="0.239106"/>
</kw>
<kw name="Input Text" owner="SeleniumLibrary">
<msg time="2025-08-04T02:59:14.797639" level="INFO">Typing text '40286753' into text field 'id=postal-code'.</msg>
<arg>${CHECKOUT_FIELD_POSTAL_CODE}</arg>
<arg>${POSTAL_CODE}</arg>
<doc>Types the given ``text`` into the text field identified by ``locator``.</doc>
<status status="PASS" start="2025-08-04T02:59:14.796436" elapsed="0.256055"/>
</kw>
<kw name="Capture Page Screenshot" owner="SeleniumLibrary">
<msg time="2025-08-04T02:59:15.240156" level="INFO" html="true">&lt;/td&gt;&lt;/tr&gt;&lt;tr&gt;&lt;td colspan="3"&gt;&lt;a href="selenium-screenshot-26.png"&gt;&lt;img src="selenium-screenshot-26.png" width="800px"&gt;&lt;/a&gt;</msg>
<doc>Takes a screenshot of the current page and embeds it into a log file.</doc>
<status status="PASS" start="2025-08-04T02:59:15.053268" elapsed="0.187221"/>
</kw>
<kw name="Click Button" owner="SeleniumLibrary">
<msg time="2025-08-04T02:59:15.241948" level="INFO">Clicking button 'id=continue'.</msg>
<arg>${CHECKOUT_BTN_CONTINUE}</arg>
<doc>Clicks the button identified by ``locator``.</doc>
<status status="PASS" start="2025-08-04T02:59:15.241222" elapsed="0.200076"/>
</kw>
<kw name="Capture Page Screenshot" owner="SeleniumLibrary">
<msg time="2025-08-04T02:59:15.672050" level="INFO" html="true">&lt;/td&gt;&lt;/tr&gt;&lt;tr&gt;&lt;td colspan="3"&gt;&lt;a href="selenium-screenshot-27.png"&gt;&lt;img src="selenium-screenshot-27.png" width="800px"&gt;&lt;/a&gt;</msg>
<doc>Takes a screenshot of the current page and embeds it into a log file.</doc>
<status status="PASS" start="2025-08-04T02:59:15.441980" elapsed="0.230381"/>
</kw>
<doc>Preenche os campos do formulário de checkout com os dados aleatórios e clica no botão de continuar.</doc>
<status status="PASS" start="2025-08-04T02:59:14.270836" elapsed="1.401871"/>
</kw>
<kw name="Na tela de visão geral do checkout clicar no botão de finalizar pedido" owner="kws_sistema_vendas">
<kw name="Wait Until Element Is Visible" owner="SeleniumLibrary">
<arg>${SECOND_CHECKOUT_TITLE}</arg>
<doc>Waits until the element ``locator`` is visible.</doc>
<status status="PASS" start="2025-08-04T02:59:15.674881" elapsed="0.064468"/>
</kw>
<kw name="Click Button" owner="SeleniumLibrary">
<msg time="2025-08-04T02:59:15.740974" level="INFO">Clicking button 'id=finish'.</msg>
<arg>${CHECKOUT_BTN_FINISH}</arg>
<doc>Clicks the button identified by ``locator``.</doc>
<status status="PASS" start="2025-08-04T02:59:15.740078" elapsed="0.660360"/>
</kw>
<kw name="Wait Until Element Is Visible" owner="SeleniumLibrary">
<arg>${CHECKOUT_LBL_FINISH}</arg>
<doc>Waits until the element ``locator`` is visible.</doc>
<status status="PASS" start="2025-08-04T02:59:16.401200" elapsed="0.038757"/>
</kw>
<kw name="Capture Page Screenshot" owner="SeleniumLibrary">
<msg time="2025-08-04T02:59:16.653121" level="INFO" html="true">&lt;/td&gt;&lt;/tr&gt;&lt;tr&gt;&lt;td colspan="3"&gt;&lt;a href="selenium-screenshot-28.png"&gt;&lt;img src="selenium-screenshot-28.png" width="800px"&gt;&lt;/a&gt;</msg>
<doc>Takes a screenshot of the current page and embeds it into a log file.</doc>
<status status="PASS" start="2025-08-04T02:59:16.440811" elapsed="0.213794"/>
</kw>
<doc>Clica no botão de finalizar pedido na tela de visão geral do checkout.</doc>
<status status="PASS" start="2025-08-04T02:59:15.673624" elapsed="0.981604"/>
</kw>
<kw name="Na tela de finalização da compra validar as mensagens de sucesso" owner="kws_sistema_vendas">
<kw name="Element Should Be Visible" owner="SeleniumLibrary">
<msg time="2025-08-04T02:59:16.704535" level="INFO">Element '//span[@data-test='title'][contains(text(), 'Checkout: Complete')]' is displayed.</msg>
<arg>${CHECKOUT_LBL_FINISH}</arg>
<doc>Verifies that the element identified by ``locator`` is visible.</doc>
<status status="PASS" start="2025-08-04T02:59:16.657621" elapsed="0.047195"/>
</kw>
<kw name="Element Should Be Visible" owner="SeleniumLibrary">
<msg time="2025-08-04T02:59:16.806566" level="INFO">Element '//h2[@data-test='complete-header'][contains(text(), 'Thank you for your order!')]' is displayed.</msg>
<arg>${CHECKOUT_LBL_ORDER_COMPLETE}</arg>
<doc>Verifies that the element identified by ``locator`` is visible.</doc>
<status status="PASS" start="2025-08-04T02:59:16.705470" elapsed="0.101397"/>
</kw>
<kw name="Element Should Be Visible" owner="SeleniumLibrary">
<msg time="2025-08-04T02:59:16.858291" level="INFO">Element 'id=back-to-products' is displayed.</msg>
<arg>${CHECKOUT_BTN_BACK_HOME}</arg>
<doc>Verifies that the element identified by ``locator`` is visible.</doc>
<status status="PASS" start="2025-08-04T02:59:16.807568" elapsed="0.051046"/>
</kw>
<doc>Valida as mensagens de sucesso na tela de finalização do pedido.</doc>
<status status="PASS" start="2025-08-04T02:59:16.656301" elapsed="0.202997"/>
</kw>
<doc>Acessa o carrinho de compras e tenta finalizar o pedido.</doc>
<status status="PASS" start="2025-08-04T02:59:13.529345" elapsed="3.330547"/>
</kw>
<kw name="Limpar variaveis globais" owner="teardown" type="TEARDOWN">
<kw name="Set Global Variable" owner="BuiltIn">
<msg time="2025-08-04T02:59:16.867219" level="INFO">@{LIST_POSICAO_PRODUTOS_ADICIONADOS} = [ ]</msg>
<arg>@{LIST_POSICAO_PRODUTOS_ADICIONADOS}</arg>
<arg>@{EMPTY}</arg>
<doc>Makes a variable available globally in all tests and suites.</doc>
<status status="PASS" start="2025-08-04T02:59:16.864001" elapsed="0.003531"/>
</kw>
<kw name="Log" owner="BuiltIn">
<msg time="2025-08-04T02:59:16.869042" level="INFO">A lista global de posições de produtos adicionados foi limpa.</msg>
<arg>A lista global de posições de produtos adicionados foi limpa.</arg>
<doc>Logs the given message with the given level.</doc>
<status status="PASS" start="2025-08-04T02:59:16.868344" elapsed="0.000966"/>
</kw>
<for flavor="IN">
<iter>
<if>
<branch type="IF" condition="'${value}' != ''">
<kw name="Set To Dictionary" owner="Collections">
<arg>${DIC_PRODUTOS_ADICIONADOS}</arg>
<arg>${key}</arg>
<arg>${EMPTY}</arg>
<doc>Adds the given ``key_value_pairs`` and/or ``items`` to the ``dictionary``.</doc>
<status status="NOT RUN" start="2025-08-04T02:59:16.872582" elapsed="0.000208"/>
</kw>
<status status="NOT RUN" start="2025-08-04T02:59:16.871085" elapsed="0.001989"/>
</branch>
<status status="PASS" start="2025-08-04T02:59:16.871000" elapsed="0.002290"/>
</if>
<kw name="Log" owner="BuiltIn">
<msg time="2025-08-04T02:59:16.874482" level="INFO">O dicionário global de posições de produtos por ordem de adicionados, foi limpo.</msg>
<arg>O dicionário global de posições de produtos por ordem de adicionados, foi limpo.</arg>
<doc>Logs the given message with the given level.</doc>
<status status="PASS" start="2025-08-04T02:59:16.873951" elapsed="0.000797"/>
</kw>
<var name="${key}">primeiro</var>
<var name="${value}"/>
<status status="PASS" start="2025-08-04T02:59:16.870728" elapsed="0.004291"/>
</iter>
<iter>
<if>
<branch type="IF" condition="'${value}' != ''">
<kw name="Set To Dictionary" owner="Collections">
<arg>${DIC_PRODUTOS_ADICIONADOS}</arg>
<arg>${key}</arg>
<arg>${EMPTY}</arg>
<doc>Adds the given ``key_value_pairs`` and/or ``items`` to the ``dictionary``.</doc>
<status status="NOT RUN" start="2025-08-04T02:59:16.877328" elapsed="0.000193"/>
</kw>
<status status="NOT RUN" start="2025-08-04T02:59:16.876134" elapsed="0.001676"/>
</branch>
<status status="PASS" start="2025-08-04T02:59:16.876047" elapsed="0.001987"/>
</if>
<kw name="Log" owner="BuiltIn">
<msg time="2025-08-04T02:59:16.879567" level="INFO">O dicionário global de posições de produtos por ordem de adicionados, foi limpo.</msg>
<arg>O dicionário global de posições de produtos por ordem de adicionados, foi limpo.</arg>
<doc>Logs the given message with the given level.</doc>
<status status="PASS" start="2025-08-04T02:59:16.879013" elapsed="0.000854"/>
</kw>
<var name="${key}">segundo</var>
<var name="${value}"/>
<status status="PASS" start="2025-08-04T02:59:16.875791" elapsed="0.004526"/>
</iter>
<iter>
<if>
<branch type="IF" condition="'${value}' != ''">
<kw name="Set To Dictionary" owner="Collections">
<arg>${DIC_PRODUTOS_ADICIONADOS}</arg>
<arg>${key}</arg>
<arg>${EMPTY}</arg>
<doc>Adds the given ``key_value_pairs`` and/or ``items`` to the ``dictionary``.</doc>
<status status="NOT RUN" start="2025-08-04T02:59:16.882577" elapsed="0.000230"/>
</kw>
<status status="NOT RUN" start="2025-08-04T02:59:16.881500" elapsed="0.001583"/>
</branch>
<status status="PASS" start="2025-08-04T02:59:16.881398" elapsed="0.002211"/>
</if>
<kw name="Log" owner="BuiltIn">
<msg time="2025-08-04T02:59:16.885012" level="INFO">O dicionário global de posições de produtos por ordem de adicionados, foi limpo.</msg>
<arg>O dicionário global de posições de produtos por ordem de adicionados, foi limpo.</arg>
<doc>Logs the given message with the given level.</doc>
<status status="PASS" start="2025-08-04T02:59:16.884291" elapsed="0.001014"/>
</kw>
<var name="${key}">terceiro</var>
<var name="${value}"/>
<status status="PASS" start="2025-08-04T02:59:16.881135" elapsed="0.004531"/>
</iter>
<iter>
<if>
<branch type="IF" condition="'${value}' != ''">
<kw name="Set To Dictionary" owner="Collections">
<arg>${DIC_PRODUTOS_ADICIONADOS}</arg>
<arg>${key}</arg>
<arg>${EMPTY}</arg>
<doc>Adds the given ``key_value_pairs`` and/or ``items`` to the ``dictionary``.</doc>
<status status="NOT RUN" start="2025-08-04T02:59:16.888297" elapsed="0.000196"/>
</kw>
<status status="NOT RUN" start="2025-08-04T02:59:16.887046" elapsed="0.001728"/>
</branch>
<status status="PASS" start="2025-08-04T02:59:16.886826" elapsed="0.002135"/>
</if>
<kw name="Log" owner="BuiltIn">
<msg time="2025-08-04T02:59:16.890012" level="INFO">O dicionário global de posições de produtos por ordem de adicionados, foi limpo.</msg>
<arg>O dicionário global de posições de produtos por ordem de adicionados, foi limpo.</arg>
<doc>Logs the given message with the given level.</doc>
<status status="PASS" start="2025-08-04T02:59:16.889526" elapsed="0.000710"/>
</kw>
<var name="${key}">quarto</var>
<var name="${value}"/>
<status status="PASS" start="2025-08-04T02:59:16.886529" elapsed="0.003949"/>
</iter>
<iter>
<if>
<branch type="IF" condition="'${value}' != ''">
<kw name="Set To Dictionary" owner="Collections">
<arg>${DIC_PRODUTOS_ADICIONADOS}</arg>
<arg>${key}</arg>
<arg>${EMPTY}</arg>
<doc>Adds the given ``key_value_pairs`` and/or ``items`` to the ``dictionary``.</doc>
<status status="NOT RUN" start="2025-08-04T02:59:16.893856" elapsed="0.000420"/>
</kw>
<status status="NOT RUN" start="2025-08-04T02:59:16.891957" elapsed="0.002623"/>
</branch>
<status status="PASS" start="2025-08-04T02:59:16.891662" elapsed="0.003158"/>
</if>
<kw name="Log" owner="BuiltIn">
<msg time="2025-08-04T02:59:16.897890" level="INFO">O dicionário global de posições de produtos por ordem de adicionados, foi limpo.</msg>
<arg>O dicionário global de posições de produtos por ordem de adicionados, foi limpo.</arg>
<doc>Logs the given message with the given level.</doc>
<status status="PASS" start="2025-08-04T02:59:16.897256" elapsed="0.000892"/>
</kw>
<var name="${key}">quinto</var>
<var name="${value}"/>
<status status="PASS" start="2025-08-04T02:59:16.891227" elapsed="0.007191"/>
</iter>
<iter>
<if>
<branch type="IF" condition="'${value}' != ''">
<kw name="Set To Dictionary" owner="Collections">
<arg>${DIC_PRODUTOS_ADICIONADOS}</arg>
<arg>${key}</arg>
<arg>${EMPTY}</arg>
<doc>Adds the given ``key_value_pairs`` and/or ``items`` to the ``dictionary``.</doc>
<status status="NOT RUN" start="2025-08-04T02:59:16.903600" elapsed="0.000206"/>
</kw>
<status status="NOT RUN" start="2025-08-04T02:59:16.902183" elapsed="0.001918"/>
</branch>
<status status="PASS" start="2025-08-04T02:59:16.902075" elapsed="0.002255"/>
</if>
<kw name="Log" owner="BuiltIn">
<msg time="2025-08-04T02:59:16.905483" level="INFO">O dicionário global de posições de produtos por ordem de adicionados, foi limpo.</msg>
<arg>O dicionário global de posições de produtos por ordem de adicionados, foi limpo.</arg>
<doc>Logs the given message with the given level.</doc>
<status status="PASS" start="2025-08-04T02:59:16.904967" elapsed="0.000816"/>
</kw>
<var name="${key}">sexto</var>
<var name="${value}"/>
<status status="PASS" start="2025-08-04T02:59:16.901494" elapsed="0.004557"/>
</iter>
<var>${key}</var>
<var>${value}</var>
<value>&amp;{DIC_PRODUTOS_ADICIONADOS}</value>
<status status="PASS" start="2025-08-04T02:59:16.869663" elapsed="0.036663"/>
</for>
<doc>Limpa as variáveis globais utilizadas no teste.</doc>
<status status="PASS" start="2025-08-04T02:59:16.862292" elapsed="0.044656"/>
</kw>
<doc>Realizar o login com o usuário standard_user e, tentar finalizar o pedido sem produtos no carrinho.</doc>
<tag>CT03</tag>
<tag>TENTATIVA_FINALIZACAO_PEDIDO_SEM_PRODUTOS</tag>
<status status="PASS" start="2025-08-04T02:59:11.471406" elapsed="5.438698"/>
</test>
<kw name="Fechar o navegador" owner="teardown" type="TEARDOWN">
<kw name="Close Browser" owner="SeleniumLibrary">
<doc>Closes the current browser.</doc>
<status status="PASS" start="2025-08-04T02:59:16.919952" elapsed="3.532277"/>
</kw>
<doc>Fecha o navegador (Browser)</doc>
<status status="PASS" start="2025-08-04T02:59:16.918867" elapsed="3.534724"/>
</kw>
<doc>Este arquivo contém os testes automatizados para o sistema de vendas (https://www.saucedemo.com/), incluindo cenários de login, adição e remoção de produtos no carrinho, e finalização de pedidos.</doc>
<status status="PASS" start="2025-08-04T02:58:31.952329" elapsed="48.502208"/>
</suite>
<status status="PASS" start="2025-08-04T02:58:31.717026" elapsed="48.761270"/>
</suite>
<statistics>
<total>
<stat pass="3" fail="0" skip="0">All Tests</stat>
</total>
<tag>
<stat pass="1" fail="0" skip="0">CT01</stat>
<stat pass="1" fail="0" skip="0">CT02</stat>
<stat pass="1" fail="0" skip="0">CT03</stat>
<stat pass="1" fail="0" skip="0">LOGIN_USER_PERFORMANCE_GLITCH</stat>
<stat pass="1" fail="0" skip="0">LOGIN_USER_STANDARD</stat>
<stat pass="1" fail="0" skip="0">TENTATIVA_FINALIZACAO_PEDIDO_SEM_PRODUTOS</stat>
</tag>
<suite>
<stat name="Tests" id="s1" pass="3" fail="0" skip="0">Tests</stat>
<stat name="Sistema Vendas" id="s1-s1" pass="3" fail="0" skip="0">Tests.Sistema Vendas</stat>
</suite>
</statistics>
<errors>
</errors>
</robot>
