<?xml version="1.0" encoding="UTF-8"?>
<robot generator="Robot 7.3.2 (Python 3.13.2 on win32)" generated="2025-07-24T01:26:28.329082" rpa="false" schemaversion="5">
<suite id="s1" name="Tests" source="C:\workspace\testes_automatizados_web\automacao_avancado\tests">
<suite id="s1-s1" name="Sistema Bancario" source="C:\workspace\testes_automatizados_web\automacao_avancado\tests\sistema_bancario.robot">
<kw name="Abrir o navegador" owner="setup" type="SETUP">
<if>
<branch type="IF" condition="'${HEADLESS}' == 'True' or '${HEADLESS}' == 'true'">
<kw name="Open Browser" owner="SeleniumLibrary">
<arg>about:blank</arg>
<arg>${BROWSER}</arg>
<arg>options=add_argument("--headless=new")</arg>
<doc>Opens a new browser instance to the optional ``url``.</doc>
<status status="NOT RUN" start="2025-07-24T01:26:34.249995" elapsed="0.000547"/>
</kw>
<status status="NOT RUN" start="2025-07-24T01:26:34.243934" elapsed="0.007246"/>
</branch>
<branch type="ELSE">
<kw name="Open Browser" owner="SeleniumLibrary">
<msg time="2025-07-24T01:26:34.253517" level="INFO">Opening browser 'chrome' to base url 'about:blank'.</msg>
<arg>about:blank</arg>
<arg>${BROWSER}</arg>
<doc>Opens a new browser instance to the optional ``url``.</doc>
<status status="PASS" start="2025-07-24T01:26:34.252448" elapsed="5.577825"/>
</kw>
<status status="PASS" start="2025-07-24T01:26:34.251491" elapsed="5.579167"/>
</branch>
<status status="PASS" start="2025-07-24T01:26:34.243772" elapsed="5.587123"/>
</if>
<kw name="Maximize Browser Window" owner="SeleniumLibrary">
<doc>Maximizes current browser window.</doc>
<status status="PASS" start="2025-07-24T01:26:39.834503" elapsed="0.289109"/>
</kw>
<doc>Abre o navegador (Browser) com as opções definidas</doc>
<status status="PASS" start="2025-07-24T01:26:34.242891" elapsed="5.881170"/>
</kw>
<test id="s1-s1-t1" name="Cenario 1: Realizar o login, uma transferência, acessar o resumo da conta e verificar a transferência e o saldo" line="8">
<kw name="Run Keywords" owner="BuiltIn" type="SETUP">
<kw name="Acessar página home do site" owner="kws_sistema_bancario">
<kw name="Go To" owner="SeleniumLibrary">
<msg time="2025-07-24T01:26:40.136239" level="INFO">Opening url 'https://demo.testfire.net/index.jsp'</msg>
<arg>${URL_HOME}</arg>
<doc>Navigates the current browser window to the provided ``url``.</doc>
<status status="PASS" start="2025-07-24T01:26:40.135239" elapsed="3.969329"/>
</kw>
<kw name="Title Should Be" owner="SeleniumLibrary">
<msg time="2025-07-24T01:26:44.175500" level="INFO">Page title is 'Altoro Mutual'.</msg>
<arg>${HOME_TITLE}</arg>
<doc>Verifies that the current page title equals ``title``.</doc>
<status status="PASS" start="2025-07-24T01:26:44.105605" elapsed="0.070295"/>
</kw>
<arg>${DEMO_TEST_FIRE_URL}</arg>
<doc>Acessa a página inicial do site de testes (https://demo.testfire.net/login.jsp)</doc>
<status status="PASS" start="2025-07-24T01:26:40.132906" elapsed="4.043614"/>
</kw>
<kw name="Verificar o saldo atual da conta" owner="kws_sistema_bancario">
<kw name="Realizar login na página inicial do sistema bancário" owner="kws_sistema_bancario">
<kw name="Click Link" owner="SeleniumLibrary">
<msg time="2025-07-24T01:26:44.182429" level="INFO">Clicking link '//a[@id='AccountLink']'.</msg>
<arg>${HOME_LINK_LOGIN}</arg>
<doc>Clicks a link identified by ``locator``.</doc>
<status status="PASS" start="2025-07-24T01:26:44.180759" elapsed="1.002358"/>
</kw>
<kw name="Wait Until Page Contains Element" owner="SeleniumLibrary">
<arg>${LOGIN_TITLE}</arg>
<doc>Waits until the element ``locator`` appears on the current page.</doc>
<status status="PASS" start="2025-07-24T01:26:45.184595" elapsed="0.080319"/>
</kw>
<kw name="Capture Page Screenshot" owner="SeleniumLibrary">
<msg time="2025-07-24T01:26:45.466997" level="INFO" html="true">&lt;/td&gt;&lt;/tr&gt;&lt;tr&gt;&lt;td colspan="3"&gt;&lt;a href="selenium-screenshot-1.png"&gt;&lt;img src="selenium-screenshot-1.png" width="800px"&gt;&lt;/a&gt;</msg>
<doc>Takes a screenshot of the current page and embeds it into a log file.</doc>
<status status="PASS" start="2025-07-24T01:26:45.265966" elapsed="0.201387"/>
</kw>
<kw name="Input Text" owner="SeleniumLibrary">
<msg time="2025-07-24T01:26:45.469150" level="INFO">Typing text 'admin' into text field 'id=uid'.</msg>
<arg>${LOGIN_CAMPO_USER}</arg>
<arg>${LOGIN_USER}</arg>
<doc>Types the given ``text`` into the text field identified by ``locator``.</doc>
<status status="PASS" start="2025-07-24T01:26:45.468204" elapsed="0.323175"/>
</kw>
<kw name="Input Text" owner="SeleniumLibrary">
<msg time="2025-07-24T01:26:45.793286" level="INFO">Typing text 'admin' into text field 'id=passw'.</msg>
<arg>${LOGIN_CAMPO_PASSWORD}</arg>
<arg>${LOGIN_PASSWORD}</arg>
<doc>Types the given ``text`` into the text field identified by ``locator``.</doc>
<status status="PASS" start="2025-07-24T01:26:45.792244" elapsed="0.317349"/>
</kw>
<kw name="Capture Page Screenshot" owner="SeleniumLibrary">
<msg time="2025-07-24T01:26:46.421583" level="INFO" html="true">&lt;/td&gt;&lt;/tr&gt;&lt;tr&gt;&lt;td colspan="3"&gt;&lt;a href="selenium-screenshot-2.png"&gt;&lt;img src="selenium-screenshot-2.png" width="800px"&gt;&lt;/a&gt;</msg>
<doc>Takes a screenshot of the current page and embeds it into a log file.</doc>
<status status="PASS" start="2025-07-24T01:26:46.110481" elapsed="0.311471"/>
</kw>
<kw name="Click Button" owner="SeleniumLibrary">
<msg time="2025-07-24T01:26:46.423617" level="INFO">Clicking button 'name=btnSubmit'.</msg>
<arg>${LOGIN_BUTTON}</arg>
<doc>Clicks the button identified by ``locator``.</doc>
<status status="PASS" start="2025-07-24T01:26:46.422755" elapsed="1.199538"/>
</kw>
<kw name="Wait Until Page Contains Element" owner="SeleniumLibrary">
<arg>${MAIN_TITLE}</arg>
<doc>Waits until the element ``locator`` appears on the current page.</doc>
<status status="PASS" start="2025-07-24T01:26:47.623911" elapsed="0.215732"/>
</kw>
<doc>Realiza o login na página inicial do sistema bancário.</doc>
<status status="PASS" start="2025-07-24T01:26:44.179264" elapsed="3.660825"/>
</kw>
<kw name="Acessar resumo da conta &quot;${ACCOUNT_ID}&quot;" owner="kws_sistema_bancario" source_name="Acessar resumo da conta &quot;${ACCOUNT_ID}&quot;">
<kw name="Click Link" owner="SeleniumLibrary">
<msg time="2025-07-24T01:26:47.843159" level="INFO">Clicking link 'id=MenuHyperLink1'.</msg>
<arg>${MAIN_LINK_ACCOUNT_SUMMARY}</arg>
<doc>Clicks a link identified by ``locator``.</doc>
<status status="PASS" start="2025-07-24T01:26:47.842484" elapsed="0.472991"/>
</kw>
<kw name="Select From List By Label" owner="SeleniumLibrary">
<msg time="2025-07-24T01:26:48.318421" level="INFO">Selecting options from selection list '//select[@id='listAccounts']' by label 800001 Checking.</msg>
<arg>${MAIN_FIELD_LIST_ACCOUNTS}</arg>
<arg>${ACCOUNT_ID}</arg>
<doc>Selects options from selection list ``locator`` by ``labels``.</doc>
<status status="PASS" start="2025-07-24T01:26:48.316973" elapsed="0.339972"/>
</kw>
<kw name="Capture Page Screenshot" owner="SeleniumLibrary">
<msg time="2025-07-24T01:26:48.854569" level="INFO" html="true">&lt;/td&gt;&lt;/tr&gt;&lt;tr&gt;&lt;td colspan="3"&gt;&lt;a href="selenium-screenshot-3.png"&gt;&lt;img src="selenium-screenshot-3.png" width="800px"&gt;&lt;/a&gt;</msg>
<doc>Takes a screenshot of the current page and embeds it into a log file.</doc>
<status status="PASS" start="2025-07-24T01:26:48.658223" elapsed="0.196694"/>
</kw>
<kw name="Click Button" owner="SeleniumLibrary">
<msg time="2025-07-24T01:26:48.856369" level="INFO">Clicking button 'id=btnGetAccount'.</msg>
<arg>${MAIN_BUTTON_GET_ACCOUNT}</arg>
<doc>Clicks the button identified by ``locator``.</doc>
<status status="PASS" start="2025-07-24T01:26:48.855672" elapsed="1.385986"/>
</kw>
<doc>Acessa o resumo da conta bancária especificada.</doc>
<status status="PASS" start="2025-07-24T01:26:47.841203" elapsed="2.401136"/>
</kw>
<kw name="Verificar e capturar o saldo da conta" owner="kws_sistema_bancario">
<kw name="Wait Until Page Contains Element" owner="SeleniumLibrary">
<arg>${ACCOUNT_HISTORY_TITLE}</arg>
<doc>Waits until the element ``locator`` appears on the current page.</doc>
<status status="PASS" start="2025-07-24T01:26:50.246554" elapsed="0.090779"/>
</kw>
<kw name="Get Text" owner="SeleniumLibrary">
<msg time="2025-07-24T01:26:50.443189" level="INFO">${CURRENT_AVAILABLE_BALANCE} = $981318218875.73</msg>
<var>${CURRENT_AVAILABLE_BALANCE}</var>
<arg>${TABLE_BALANCE_DETAIL}</arg>
<doc>Returns the text value of the element identified by ``locator``.</doc>
<status status="PASS" start="2025-07-24T01:26:50.338753" elapsed="0.104618"/>
</kw>
<kw name="Log" owner="BuiltIn">
<msg time="2025-07-24T01:26:50.445182" level="INFO">Saldo atual da conta 800001 Checking: $981318218875.73</msg>
<arg>Saldo atual da conta ${ACCOUNT_ID}: ${CURRENT_AVAILABLE_BALANCE}</arg>
<doc>Logs the given message with the given level.</doc>
<status status="PASS" start="2025-07-24T01:26:50.444216" elapsed="0.001241"/>
</kw>
<kw name="Capture Page Screenshot" owner="SeleniumLibrary">
<msg time="2025-07-24T01:26:50.682636" level="INFO" html="true">&lt;/td&gt;&lt;/tr&gt;&lt;tr&gt;&lt;td colspan="3"&gt;&lt;a href="selenium-screenshot-4.png"&gt;&lt;img src="selenium-screenshot-4.png" width="800px"&gt;&lt;/a&gt;</msg>
<doc>Takes a screenshot of the current page and embeds it into a log file.</doc>
<status status="PASS" start="2025-07-24T01:26:50.446266" elapsed="0.237131"/>
</kw>
<kw name="Set Test Variable" owner="BuiltIn">
<msg time="2025-07-24T01:26:50.688529" level="INFO">${AVAILABLE_BALANCE} = $981318218875.73</msg>
<arg>${AVAILABLE_BALANCE}</arg>
<arg>${CURRENT_AVAILABLE_BALANCE}</arg>
<doc>Makes a variable available everywhere within the scope of the current test.</doc>
<status status="PASS" start="2025-07-24T01:26:50.684335" elapsed="0.004466"/>
</kw>
<arg>${ACCOUNT_ID}</arg>
<doc>Verifica e captura o saldo da conta bancária especificada.</doc>
<status status="PASS" start="2025-07-24T01:26:50.244373" elapsed="0.444802"/>
</kw>
<kw name="Realizar o logoff do sistema bancário" owner="kws_sistema_bancario">
<kw name="Click Link" owner="SeleniumLibrary">
<msg time="2025-07-24T01:26:50.691943" level="INFO">Clicking link '//a[@id='LoginLink']'.</msg>
<arg>${HOME_LINK_LOGOFF}</arg>
<doc>Clicks a link identified by ``locator``.</doc>
<status status="PASS" start="2025-07-24T01:26:50.691101" elapsed="0.653588"/>
</kw>
<kw name="Wait Until Page Contains Element" owner="SeleniumLibrary">
<arg>${HOME_LINK_LOGIN}</arg>
<doc>Waits until the element ``locator`` appears on the current page.</doc>
<status status="PASS" start="2025-07-24T01:26:51.345640" elapsed="0.066449"/>
</kw>
<doc>Realiza o logoff do sistema bancário.</doc>
<status status="PASS" start="2025-07-24T01:26:50.689896" elapsed="0.722617"/>
</kw>
<arg>800001 Checking</arg>
<doc>Verifica o saldo atual da conta bancária especificada.</doc>
<status status="PASS" start="2025-07-24T01:26:44.177634" elapsed="7.235266"/>
</kw>
<arg>Acessar página home do site</arg>
<arg>${DEMO_TEST_FIRE_URL}</arg>
<arg>AND</arg>
<arg>Verificar o saldo atual da conta</arg>
<arg>800001 Checking</arg>
<doc>Executes all the given keywords in a sequence.</doc>
<status status="PASS" start="2025-07-24T01:26:40.131203" elapsed="11.282086"/>
</kw>
<kw name="Dado que realizo o login com usuário &quot;admin&quot; e senha &quot;admin&quot; na página inicial do sistema bancário" owner="kws_sistema_bancario" source_name="Dado que realizo o login com usuário &quot;${LOGIN_USER}&quot; e senha &quot;${LOGIN_PASSWORD}&quot; na página inicial do sistema bancário">
<kw name="Realizar login na página inicial do sistema bancário" owner="kws_sistema_bancario">
<kw name="Click Link" owner="SeleniumLibrary">
<msg time="2025-07-24T01:26:51.420460" level="INFO">Clicking link '//a[@id='AccountLink']'.</msg>
<arg>${HOME_LINK_LOGIN}</arg>
<doc>Clicks a link identified by ``locator``.</doc>
<status status="PASS" start="2025-07-24T01:26:51.419372" elapsed="0.504684"/>
</kw>
<kw name="Wait Until Page Contains Element" owner="SeleniumLibrary">
<arg>${LOGIN_TITLE}</arg>
<doc>Waits until the element ``locator`` appears on the current page.</doc>
<status status="PASS" start="2025-07-24T01:26:51.925539" elapsed="0.083463"/>
</kw>
<kw name="Capture Page Screenshot" owner="SeleniumLibrary">
<msg time="2025-07-24T01:26:52.244997" level="INFO" html="true">&lt;/td&gt;&lt;/tr&gt;&lt;tr&gt;&lt;td colspan="3"&gt;&lt;a href="selenium-screenshot-5.png"&gt;&lt;img src="selenium-screenshot-5.png" width="800px"&gt;&lt;/a&gt;</msg>
<doc>Takes a screenshot of the current page and embeds it into a log file.</doc>
<status status="PASS" start="2025-07-24T01:26:52.009746" elapsed="0.235620"/>
</kw>
<kw name="Input Text" owner="SeleniumLibrary">
<msg time="2025-07-24T01:26:52.247122" level="INFO">Typing text 'admin' into text field 'id=uid'.</msg>
<arg>${LOGIN_CAMPO_USER}</arg>
<arg>${LOGIN_USER}</arg>
<doc>Types the given ``text`` into the text field identified by ``locator``.</doc>
<status status="PASS" start="2025-07-24T01:26:52.246184" elapsed="0.233535"/>
</kw>
<kw name="Input Text" owner="SeleniumLibrary">
<msg time="2025-07-24T01:26:52.482553" level="INFO">Typing text 'admin' into text field 'id=passw'.</msg>
<arg>${LOGIN_CAMPO_PASSWORD}</arg>
<arg>${LOGIN_PASSWORD}</arg>
<doc>Types the given ``text`` into the text field identified by ``locator``.</doc>
<status status="PASS" start="2025-07-24T01:26:52.480557" elapsed="0.397261"/>
</kw>
<kw name="Capture Page Screenshot" owner="SeleniumLibrary">
<msg time="2025-07-24T01:26:53.113721" level="INFO" html="true">&lt;/td&gt;&lt;/tr&gt;&lt;tr&gt;&lt;td colspan="3"&gt;&lt;a href="selenium-screenshot-6.png"&gt;&lt;img src="selenium-screenshot-6.png" width="800px"&gt;&lt;/a&gt;</msg>
<doc>Takes a screenshot of the current page and embeds it into a log file.</doc>
<status status="PASS" start="2025-07-24T01:26:52.878765" elapsed="0.235384"/>
</kw>
<kw name="Click Button" owner="SeleniumLibrary">
<msg time="2025-07-24T01:26:53.116220" level="INFO">Clicking button 'name=btnSubmit'.</msg>
<arg>${LOGIN_BUTTON}</arg>
<doc>Clicks the button identified by ``locator``.</doc>
<status status="PASS" start="2025-07-24T01:26:53.115347" elapsed="2.860943"/>
</kw>
<kw name="Wait Until Page Contains Element" owner="SeleniumLibrary">
<arg>${MAIN_TITLE}</arg>
<doc>Waits until the element ``locator`` appears on the current page.</doc>
<status status="PASS" start="2025-07-24T01:26:55.977557" elapsed="0.061113"/>
</kw>
<arg>${LOGIN_USER}</arg>
<arg>${LOGIN_PASSWORD}</arg>
<doc>Realiza o login na página inicial do sistema bancário.</doc>
<status status="PASS" start="2025-07-24T01:26:51.417366" elapsed="4.621707"/>
</kw>
<doc>Realiza o login na página inicial do sistema bancário com os dados fornecidos.</doc>
<status status="PASS" start="2025-07-24T01:26:51.415368" elapsed="4.624033"/>
</kw>
<kw name="Quando realizo uma transferência da conta &quot;800000 Corporate&quot; para a conta &quot;800001 Checking&quot;" owner="kws_sistema_bancario" source_name="Quando realizo uma transferência da conta &quot;${FROM_ACCOUNT}&quot; para a conta &quot;${TO_ACCOUNT}&quot;">
<kw name="Realizar transferência da conta &quot;${FROM_ACCOUNT}&quot; para a conta &quot;${TO_ACCOUNT}&quot;" owner="kws_sistema_bancario" source_name="Realizar transferência da conta &quot;${FROM_ACCOUNT}&quot; para a conta &quot;${TO_ACCOUNT}&quot;">
<kw name="Click Link" owner="SeleniumLibrary">
<msg time="2025-07-24T01:26:56.045879" level="INFO">Clicking link 'id=MenuHyperLink3'.</msg>
<arg>${MAIN_LINK_TRANSFER_FUNDS}</arg>
<doc>Clicks a link identified by ``locator``.</doc>
<status status="PASS" start="2025-07-24T01:26:56.045029" elapsed="0.883164"/>
</kw>
<kw name="Wait Until Page Contains Element" owner="SeleniumLibrary">
<arg>${TRANSFER_TITLE}</arg>
<doc>Waits until the element ``locator`` appears on the current page.</doc>
<status status="PASS" start="2025-07-24T01:26:56.930448" elapsed="0.060538"/>
</kw>
<kw name="Select From List By Label" owner="SeleniumLibrary">
<msg time="2025-07-24T01:26:56.992853" level="INFO">Selecting options from selection list 'id=fromAccount' by label 800000 Corporate.</msg>
<arg>${TRANSFER_FIELD_FROM_ACCOUNT}</arg>
<arg>${FROM_ACCOUNT}</arg>
<doc>Selects options from selection list ``locator`` by ``labels``.</doc>
<status status="PASS" start="2025-07-24T01:26:56.991817" elapsed="0.202840"/>
</kw>
<kw name="Select From List By Label" owner="SeleniumLibrary">
<msg time="2025-07-24T01:26:57.196793" level="INFO">Selecting options from selection list 'id=toAccount' by label 800001 Checking.</msg>
<arg>${TRANSFER_FIELD_TO_ACCOUNT}</arg>
<arg>${TO_ACCOUNT}</arg>
<doc>Selects options from selection list ``locator`` by ``labels``.</doc>
<status status="PASS" start="2025-07-24T01:26:57.195769" elapsed="0.240540"/>
</kw>
<kw name="Evaluate" owner="BuiltIn">
<msg time="2025-07-24T01:26:57.439606" level="INFO">${RANDOM_VALUE} = 31131326278.46</msg>
<var>${RANDOM_VALUE}</var>
<arg>round(random.uniform(10000000000, 99999999999), 2)</arg>
<arg>modules=random</arg>
<doc>Evaluates the given expression in Python and returns the result.</doc>
<status status="PASS" start="2025-07-24T01:26:57.437228" elapsed="0.002523"/>
</kw>
<kw name="Input Text" owner="SeleniumLibrary">
<msg time="2025-07-24T01:26:57.441347" level="INFO">Typing text '31131326278.46' into text field 'id=transferAmount'.</msg>
<arg>${TRANSFER_FIELD_AMOUNT_TRANSFER}</arg>
<arg>${RANDOM_VALUE}</arg>
<doc>Types the given ``text`` into the text field identified by ``locator``.</doc>
<status status="PASS" start="2025-07-24T01:26:57.440498" elapsed="0.274119"/>
</kw>
<kw name="Click Button" owner="SeleniumLibrary">
<msg time="2025-07-24T01:26:57.716367" level="INFO">Clicking button 'id=transfer'.</msg>
<arg>${TRANSFER_BUTTON_TRANSFER_MONEY}</arg>
<doc>Clicks the button identified by ``locator``.</doc>
<status status="PASS" start="2025-07-24T01:26:57.715521" elapsed="1.132599"/>
</kw>
<kw name="Capture Page Screenshot" owner="SeleniumLibrary">
<msg time="2025-07-24T01:26:59.123046" level="INFO" html="true">&lt;/td&gt;&lt;/tr&gt;&lt;tr&gt;&lt;td colspan="3"&gt;&lt;a href="selenium-screenshot-7.png"&gt;&lt;img src="selenium-screenshot-7.png" width="800px"&gt;&lt;/a&gt;</msg>
<doc>Takes a screenshot of the current page and embeds it into a log file.</doc>
<status status="PASS" start="2025-07-24T01:26:58.849153" elapsed="0.274283"/>
</kw>
<kw name="Log" owner="BuiltIn">
<msg time="2025-07-24T01:26:59.126196" level="INFO">Transferência de 800000 Corporate para 800001 Checking, no valor de 31131326278.46, realizada com sucesso!</msg>
<arg>Transferência de ${FROM_ACCOUNT} para ${TO_ACCOUNT}, no valor de ${RANDOM_VALUE}, realizada com sucesso!</arg>
<doc>Logs the given message with the given level.</doc>
<status status="PASS" start="2025-07-24T01:26:59.124655" elapsed="0.002100"/>
</kw>
<kw name="Wait Until Page Contains Element" owner="SeleniumLibrary">
<arg>${TRANSFER_SUCCESS_MESSAGE}</arg>
<doc>Waits until the element ``locator`` appears on the current page.</doc>
<status status="PASS" start="2025-07-24T01:26:59.127913" elapsed="0.042524"/>
</kw>
<kw name="Set Test Variable" owner="BuiltIn">
<msg time="2025-07-24T01:26:59.175171" level="INFO">${TRANSFERRED_AMOUNT} = 31131326278.46</msg>
<arg>${TRANSFERRED_AMOUNT}</arg>
<arg>${RANDOM_VALUE}</arg>
<doc>Makes a variable available everywhere within the scope of the current test.</doc>
<status status="PASS" start="2025-07-24T01:26:59.171281" elapsed="0.004195"/>
</kw>
<doc>Realiza a transferência de uma conta para outra no sistema bancário.</doc>
<status status="PASS" start="2025-07-24T01:26:56.043300" elapsed="3.132592"/>
</kw>
<doc>Realiza a transferência de uma conta para outra no sistema bancário.</doc>
<status status="PASS" start="2025-07-24T01:26:56.040836" elapsed="3.135406"/>
</kw>
<kw name="Então acesso o resumo da conta &quot;800001 Checking&quot;" owner="kws_sistema_bancario" source_name="Então acesso o resumo da conta &quot;${ACCOUNT_ID}&quot;">
<kw name="Acessar resumo da conta &quot;${ACCOUNT_ID}&quot;" owner="kws_sistema_bancario" source_name="Acessar resumo da conta &quot;${ACCOUNT_ID}&quot;">
<kw name="Click Link" owner="SeleniumLibrary">
<msg time="2025-07-24T01:26:59.181990" level="INFO">Clicking link 'id=MenuHyperLink1'.</msg>
<arg>${MAIN_LINK_ACCOUNT_SUMMARY}</arg>
<doc>Clicks a link identified by ``locator``.</doc>
<status status="PASS" start="2025-07-24T01:26:59.181148" elapsed="0.691418"/>
</kw>
<kw name="Select From List By Label" owner="SeleniumLibrary">
<msg time="2025-07-24T01:26:59.874511" level="INFO">Selecting options from selection list '//select[@id='listAccounts']' by label 800001 Checking.</msg>
<arg>${MAIN_FIELD_LIST_ACCOUNTS}</arg>
<arg>${ACCOUNT_ID}</arg>
<doc>Selects options from selection list ``locator`` by ``labels``.</doc>
<status status="PASS" start="2025-07-24T01:26:59.873423" elapsed="0.318166"/>
</kw>
<kw name="Capture Page Screenshot" owner="SeleniumLibrary">
<msg time="2025-07-24T01:27:00.387171" level="INFO" html="true">&lt;/td&gt;&lt;/tr&gt;&lt;tr&gt;&lt;td colspan="3"&gt;&lt;a href="selenium-screenshot-8.png"&gt;&lt;img src="selenium-screenshot-8.png" width="800px"&gt;&lt;/a&gt;</msg>
<doc>Takes a screenshot of the current page and embeds it into a log file.</doc>
<status status="PASS" start="2025-07-24T01:27:00.192507" elapsed="0.195002"/>
</kw>
<kw name="Click Button" owner="SeleniumLibrary">
<msg time="2025-07-24T01:27:00.389111" level="INFO">Clicking button 'id=btnGetAccount'.</msg>
<arg>${MAIN_BUTTON_GET_ACCOUNT}</arg>
<doc>Clicks the button identified by ``locator``.</doc>
<status status="PASS" start="2025-07-24T01:27:00.388298" elapsed="0.665290"/>
</kw>
<doc>Acessa o resumo da conta bancária especificada.</doc>
<status status="PASS" start="2025-07-24T01:26:59.179521" elapsed="1.874550"/>
</kw>
<doc>Acessa o resumo da conta bancária especificada.</doc>
<status status="PASS" start="2025-07-24T01:26:59.177664" elapsed="1.876860"/>
</kw>
<kw name="E verifico se a transferência foi listada corretamente" owner="kws_sistema_bancario">
<kw name="Verificar se a transferência foi listada corretamente" owner="kws_sistema_bancario">
<kw name="Page Should Contain Element" owner="SeleniumLibrary">
<msg time="2025-07-24T01:27:02.070059" level="INFO">Current page contains element '//b[text()="10 Most Recent Transactions"]'.</msg>
<arg>${TITLE_TABLE_RECENT_TRANSACTIONS}</arg>
<doc>Verifies that element ``locator`` is found on the current page.</doc>
<status status="PASS" start="2025-07-24T01:27:01.069385" elapsed="1.001096"/>
</kw>
<kw name="Capture Page Screenshot" owner="SeleniumLibrary">
<msg time="2025-07-24T01:27:02.282988" level="INFO" html="true">&lt;/td&gt;&lt;/tr&gt;&lt;tr&gt;&lt;td colspan="3"&gt;&lt;a href="selenium-screenshot-9.png"&gt;&lt;img src="selenium-screenshot-9.png" width="800px"&gt;&lt;/a&gt;</msg>
<doc>Takes a screenshot of the current page and embeds it into a log file.</doc>
<status status="PASS" start="2025-07-24T01:27:02.071398" elapsed="0.211972"/>
</kw>
<kw name="Set Variable" owner="BuiltIn">
<msg time="2025-07-24T01:27:02.284921" level="INFO">${encontrado} = False</msg>
<var>${encontrado}</var>
<arg>False</arg>
<doc>Returns the given values which can then be assigned to a variables.</doc>
<status status="PASS" start="2025-07-24T01:27:02.284160" elapsed="0.000931"/>
</kw>
<kw name="Catenate" owner="BuiltIn">
<msg time="2025-07-24T01:27:02.287289" level="INFO">${FRASE_BUSCA} = Deposit $31131326278.46</msg>
<var>${FRASE_BUSCA}</var>
<arg>Deposit $${TRANSFERRED_AMOUNT}</arg>
<doc>Catenates the given items together and returns the resulted string.</doc>
<status status="PASS" start="2025-07-24T01:27:02.286095" elapsed="0.001386"/>
</kw>
<kw name="Get WebElements" owner="SeleniumLibrary">
<msg time="2025-07-24T01:27:02.325886" level="INFO">@{linhas} = [ &lt;selenium.webdriver.remote.webelement.WebElement (session="2eb82ccf0e8d8b886d8c926e71c92c02", element="f.BB5BDF0B6B64AAC3D9144E80E9C84182.d.0361D511677E8F762017B412AE81BC97.e.297")&gt; | &lt;selenium.webd...</msg>
<var>@{linhas}</var>
<arg>${TABLE_RECENT_TRANSACTIONS}//tr</arg>
<doc>Returns a list of WebElement objects matching the ``locator``.</doc>
<status status="PASS" start="2025-07-24T01:27:02.288332" elapsed="0.037745"/>
</kw>
<for flavor="IN">
<iter>
<kw name="Get Text" owner="SeleniumLibrary">
<msg time="2025-07-24T01:27:02.364146" level="INFO">${texto_retornado} = 2025-07-23 Deposit $31131326278.46</msg>
<var>${texto_retornado}</var>
<arg>${linha}</arg>
<doc>Returns the text value of the element identified by ``locator``.</doc>
<status status="PASS" start="2025-07-24T01:27:02.329338" elapsed="0.034983"/>
</kw>
<kw name="Log" owner="BuiltIn">
<msg time="2025-07-24T01:27:02.365885" level="INFO">Conteúdo da linha atual da tabela: 2025-07-23 Deposit $31131326278.46</msg>
<arg>Conteúdo da linha atual da tabela: ${texto_retornado}</arg>
<doc>Logs the given message with the given level.</doc>
<status status="PASS" start="2025-07-24T01:27:02.365132" elapsed="0.001050"/>
</kw>
<kw name="Run Keyword And Return Status" owner="BuiltIn">
<kw name="Should Contain" owner="BuiltIn">
<arg>${texto_retornado}</arg>
<arg>${FRASE_BUSCA}</arg>
<doc>Fails if ``container`` does not contain ``item`` one or more times.</doc>
<status status="PASS" start="2025-07-24T01:27:02.367921" elapsed="0.000727"/>
</kw>
<msg time="2025-07-24T01:27:02.369055" level="INFO">${result} = True</msg>
<var>${result}</var>
<arg>Should Contain</arg>
<arg>${texto_retornado}</arg>
<arg>${FRASE_BUSCA}</arg>
<doc>Runs the given keyword with given arguments and returns the status as a Boolean value.</doc>
<status status="PASS" start="2025-07-24T01:27:02.367013" elapsed="0.002172"/>
</kw>
<if>
<branch type="IF" condition="${result}">
<kw name="Log" owner="BuiltIn">
<msg time="2025-07-24T01:27:02.370999" level="INFO">Os dados "Deposit $31131326278.46", foram encontrados na linha: 2025-07-23 Deposit $31131326278.46!</msg>
<arg>Os dados "${FRASE_BUSCA}", foram encontrados na linha: ${texto_retornado}!</arg>
<doc>Logs the given message with the given level.</doc>
<status status="PASS" start="2025-07-24T01:27:02.370331" elapsed="0.000881"/>
</kw>
<kw name="Set Variable" owner="BuiltIn">
<msg time="2025-07-24T01:27:02.372398" level="INFO">${encontrado} = True</msg>
<var>${encontrado}</var>
<arg>True</arg>
<doc>Returns the given values which can then be assigned to a variables.</doc>
<status status="PASS" start="2025-07-24T01:27:02.371871" elapsed="0.000650"/>
</kw>
<kw name="Exit For Loop" owner="BuiltIn">
<msg time="2025-07-24T01:27:02.373542" level="INFO">Exiting for loop altogether.</msg>
<doc>Stops executing the enclosing FOR loop.</doc>
<status status="PASS" start="2025-07-24T01:27:02.373202" elapsed="0.000605"/>
</kw>
<status status="PASS" start="2025-07-24T01:27:02.369594" elapsed="0.004418"/>
</branch>
<branch type="ELSE">
<kw name="Log" owner="BuiltIn">
<arg>Os dados "${FRASE_BUSCA}", não foram encontrados na linha: ${texto_retornado}!</arg>
<arg>WARN</arg>
<doc>Logs the given message with the given level.</doc>
<status status="NOT RUN" start="2025-07-24T01:27:02.374797" elapsed="0.000120"/>
</kw>
<status status="NOT RUN" start="2025-07-24T01:27:02.374221" elapsed="0.000902"/>
</branch>
<status status="PASS" start="2025-07-24T01:27:02.369505" elapsed="0.005787"/>
</if>
<var name="${linha}">&lt;selenium.webdriver.remote.webelement.WebElement (session="2eb82ccf0e8d8b886d8c926e71c92c02", element="f.BB5BDF0B6B64AAC3D9144E80E9C84182.d.0361D511677E8F762017B412AE81BC97.e.297")&gt;</var>
<status status="PASS" start="2025-07-24T01:27:02.328588" elapsed="0.046840"/>
</iter>
<var>${linha}</var>
<value>@{linhas}</value>
<status status="PASS" start="2025-07-24T01:27:02.327050" elapsed="0.048609"/>
</for>
<if>
<branch type="IF" condition="not ${encontrado}">
<kw name="Fail" owner="BuiltIn">
<arg>Os dados "${FRASE_BUSCA}", não foram encontrados na tabela de transações recentes!</arg>
<doc>Fails the test with the given message and optionally alters its tags.</doc>
<status status="NOT RUN" start="2025-07-24T01:27:02.376875" elapsed="0.000122"/>
</kw>
<status status="NOT RUN" start="2025-07-24T01:27:02.376012" elapsed="0.001191"/>
</branch>
<status status="PASS" start="2025-07-24T01:27:02.375942" elapsed="0.001446"/>
</if>
<doc>Verifica se a transferência foi listada corretamente no resumo da conta.</doc>
<status status="PASS" start="2025-07-24T01:27:01.067714" elapsed="1.309896"/>
</kw>
<doc>Verifica se a transferência foi listada corretamente no resumo da conta.</doc>
<status status="PASS" start="2025-07-24T01:27:01.063199" elapsed="1.314655"/>
</kw>
<kw name="E verifico se o saldo da conta &quot;800001 Checking&quot; foi atualizado corretamente" owner="kws_sistema_bancario" source_name="E verifico se o saldo da conta &quot;${ACCOUNT_ID}&quot; foi atualizado corretamente">
<kw name="Verificar se o saldo da conta foi atualizado corretamente" owner="kws_sistema_bancario">
<kw name="Get Text" owner="SeleniumLibrary">
<msg time="2025-07-24T01:27:02.440172" level="INFO">${CURRENT_AVAILABLE_BALANCE} = $1012449545154.19</msg>
<var>${CURRENT_AVAILABLE_BALANCE}</var>
<arg>${TABLE_BALANCE_DETAIL}</arg>
<doc>Returns the text value of the element identified by ``locator``.</doc>
<status status="PASS" start="2025-07-24T01:27:02.381972" elapsed="0.058358"/>
</kw>
<kw name="Log" owner="BuiltIn">
<msg time="2025-07-24T01:27:02.441907" level="INFO">Novo saldo na conta 800001 Checking: $1012449545154.19</msg>
<arg>Novo saldo na conta ${ACCOUNT_ID}: ${CURRENT_AVAILABLE_BALANCE}</arg>
<doc>Logs the given message with the given level.</doc>
<status status="PASS" start="2025-07-24T01:27:02.441147" elapsed="0.001022"/>
</kw>
<kw name="Run Keyword And Return Status" owner="BuiltIn">
<kw name="Should Not Be Equal" owner="BuiltIn">
<arg>${CURRENT_AVAILABLE_BALANCE}</arg>
<arg>${AVAILABLE_BALANCE}</arg>
<doc>Fails if the given objects are equal.</doc>
<status status="PASS" start="2025-07-24T01:27:02.443887" elapsed="0.000935"/>
</kw>
<msg time="2025-07-24T01:27:02.445348" level="INFO">${result} = True</msg>
<var>${result}</var>
<arg>Should Not Be Equal</arg>
<arg>${CURRENT_AVAILABLE_BALANCE}</arg>
<arg>${AVAILABLE_BALANCE}</arg>
<doc>Runs the given keyword with given arguments and returns the status as a Boolean value.</doc>
<status status="PASS" start="2025-07-24T01:27:02.442957" elapsed="0.002540"/>
</kw>
<arg>${ACCOUNT_ID}</arg>
<doc>Verifica se o saldo da conta foi atualizado corretamente após a transferência.</doc>
<status status="PASS" start="2025-07-24T01:27:02.380556" elapsed="0.065344"/>
</kw>
<doc>Verifica se o saldo da conta foi atualizado corretamente após a transferência.</doc>
<status status="PASS" start="2025-07-24T01:27:02.379227" elapsed="0.067032"/>
</kw>
<doc>Teste que verifica o login no sistema bancário, realiza uma transferência e consulta o saldo da conta.</doc>
<tag>CT01</tag>
<tag>LOGIN_TRANSFERENCIA</tag>
<status status="PASS" start="2025-07-24T01:26:40.124493" elapsed="22.323070"/>
</test>
<kw name="Fechar o navegador" owner="teardown" type="TEARDOWN">
<kw name="Close Browser" owner="SeleniumLibrary">
<doc>Closes the current browser.</doc>
<status status="PASS" start="2025-07-24T01:27:02.454365" elapsed="2.466641"/>
</kw>
<doc>Fecha o navegador (Browser)</doc>
<status status="PASS" start="2025-07-24T01:27:02.453439" elapsed="2.467897"/>
</kw>
<doc>Este arquivo contém os casos de teste automatizados para o sistema bancário (https://demo.testfire.net/login.jsp) com os dados de acesso usuário e senha: admin, incluindo casos de testes de login, transferência, consulta de extratos e verificação de saldo.</doc>
<status status="PASS" start="2025-07-24T01:26:28.505737" elapsed="36.415792"/>
</suite>
<status status="PASS" start="2025-07-24T01:26:28.335114" elapsed="36.592545"/>
</suite>
<statistics>
<total>
<stat pass="1" fail="0" skip="0">All Tests</stat>
</total>
<tag>
<stat pass="1" fail="0" skip="0">CT01</stat>
<stat pass="1" fail="0" skip="0">LOGIN_TRANSFERENCIA</stat>
</tag>
<suite>
<stat name="Tests" id="s1" pass="1" fail="0" skip="0">Tests</stat>
<stat name="Sistema Bancario" id="s1-s1" pass="1" fail="0" skip="0">Tests.Sistema Bancario</stat>
</suite>
</statistics>
<errors>
</errors>
</robot>
