<?xml version="1.0" encoding="UTF-8"?>
<robot generator="Robot 7.3.2 (Python 3.13.2 on win32)" generated="2025-08-04T17:00:32.501652" rpa="false" schemaversion="5">
<suite id="s1" name="Tests" source="C:\workspace\testes_automatizados_web\automacao_avancado\tests">
<suite id="s1-s1" name="Sistema Bancario" source="C:\workspace\testes_automatizados_web\automacao_avancado\tests\sistema_bancario.robot">
<kw name="Abrir o navegador" owner="setup" type="SETUP">
<if>
<branch type="IF" condition="'${HEADLESS}' == 'True' or '${HEADLESS}' == 'true'">
<kw name="Open Browser" owner="SeleniumLibrary">
<arg>about:blank</arg>
<arg>${BROWSER}</arg>
<arg>options=add_argument("--headless=new")</arg>
<doc>Opens a new browser instance to the optional ``url``.</doc>
<status status="NOT RUN" start="2025-08-04T17:00:37.833609" elapsed="0.000222"/>
</kw>
<status status="NOT RUN" start="2025-08-04T17:00:37.829025" elapsed="0.005175"/>
</branch>
<branch type="ELSE">
<kw name="Open Browser" owner="SeleniumLibrary">
<msg time="2025-08-04T17:00:37.839725" level="INFO">Opening browser 'chrome' to base url 'about:blank'.</msg>
<arg>about:blank</arg>
<arg>${BROWSER}</arg>
<doc>Opens a new browser instance to the optional ``url``.</doc>
<status status="PASS" start="2025-08-04T17:00:37.838338" elapsed="22.071293"/>
</kw>
<status status="PASS" start="2025-08-04T17:00:37.834566" elapsed="22.075625"/>
</branch>
<status status="PASS" start="2025-08-04T17:00:37.828919" elapsed="22.081836"/>
</if>
<kw name="Maximize Browser Window" owner="SeleniumLibrary">
<doc>Maximizes current browser window.</doc>
<status status="PASS" start="2025-08-04T17:00:59.911608" elapsed="0.165501"/>
</kw>
<doc>Abre o navegador (Browser) com as opções definidas</doc>
<status status="PASS" start="2025-08-04T17:00:37.828233" elapsed="22.249424"/>
</kw>
<test id="s1-s1-t1" name="CT01: Transferência bancária com validação de saldo e extrato" line="8">
<kw name="Run Keywords" owner="BuiltIn" type="SETUP">
<kw name="Acessar página home do site" owner="kws_shared">
<kw name="Go To" owner="SeleniumLibrary">
<msg time="2025-08-04T17:01:00.085690" level="INFO">Opening url 'https://demo.testfire.net/index.jsp'</msg>
<arg>${URL_HOME}</arg>
<doc>Navigates the current browser window to the provided ``url``.</doc>
<status status="PASS" start="2025-08-04T17:01:00.085118" elapsed="5.487679"/>
</kw>
<kw name="Title Should Be" owner="SeleniumLibrary">
<msg time="2025-08-04T17:01:05.589426" level="INFO">Page title is 'Altoro Mutual'.</msg>
<arg>${HOME_TITLE}</arg>
<doc>Verifies that the current page title equals ``title``.</doc>
<status status="PASS" start="2025-08-04T17:01:05.573582" elapsed="0.016230"/>
</kw>
<arg>${DEMO_TEST_FIRE_URL}</arg>
<doc>Acessa a página inicial do site de testes (https://demo.testfire.net/login.jsp)</doc>
<status status="PASS" start="2025-08-04T17:01:00.083394" elapsed="5.506886"/>
</kw>
<kw name="Verificar o saldo atual da conta" owner="kws_shared">
<kw name="Realizar login na página inicial do sistema bancário" owner="kws_sistema_bancario">
<kw name="Click Link" owner="SeleniumLibrary">
<msg time="2025-08-04T17:01:05.596112" level="INFO">Clicking link '//a[@id='AccountLink']'.</msg>
<arg>${HOME_LINK_LOGIN}</arg>
<doc>Clicks a link identified by ``locator``.</doc>
<status status="PASS" start="2025-08-04T17:01:05.594870" elapsed="0.993044"/>
</kw>
<kw name="Wait Until Page Contains Element" owner="SeleniumLibrary">
<arg>${LOGIN_TITLE}</arg>
<doc>Waits until the element ``locator`` appears on the current page.</doc>
<status status="PASS" start="2025-08-04T17:01:06.589219" elapsed="0.066810"/>
</kw>
<kw name="Capture Page Screenshot" owner="SeleniumLibrary">
<msg time="2025-08-04T17:01:07.117224" level="INFO" html="true">&lt;/td&gt;&lt;/tr&gt;&lt;tr&gt;&lt;td colspan="3"&gt;&lt;a href="selenium-screenshot-1.png"&gt;&lt;img src="selenium-screenshot-1.png" width="800px"&gt;&lt;/a&gt;</msg>
<doc>Takes a screenshot of the current page and embeds it into a log file.</doc>
<status status="PASS" start="2025-08-04T17:01:06.656942" elapsed="0.460600"/>
</kw>
<kw name="Input Text" owner="SeleniumLibrary">
<msg time="2025-08-04T17:01:07.119249" level="INFO">Typing text 'admin' into text field 'id=uid'.</msg>
<arg>${LOGIN_CAMPO_USER}</arg>
<arg>${LOGIN_USER}</arg>
<doc>Types the given ``text`` into the text field identified by ``locator``.</doc>
<status status="PASS" start="2025-08-04T17:01:07.118328" elapsed="1.134295"/>
</kw>
<kw name="Input Text" owner="SeleniumLibrary">
<msg time="2025-08-04T17:01:08.254563" level="INFO">Typing text 'admin' into text field 'id=passw'.</msg>
<arg>${LOGIN_CAMPO_PASSWORD}</arg>
<arg>${LOGIN_PASSWORD}</arg>
<doc>Types the given ``text`` into the text field identified by ``locator``.</doc>
<status status="PASS" start="2025-08-04T17:01:08.253540" elapsed="2.822470"/>
</kw>
<kw name="Capture Page Screenshot" owner="SeleniumLibrary">
<msg time="2025-08-04T17:01:11.292956" level="INFO" html="true">&lt;/td&gt;&lt;/tr&gt;&lt;tr&gt;&lt;td colspan="3"&gt;&lt;a href="selenium-screenshot-2.png"&gt;&lt;img src="selenium-screenshot-2.png" width="800px"&gt;&lt;/a&gt;</msg>
<doc>Takes a screenshot of the current page and embeds it into a log file.</doc>
<status status="PASS" start="2025-08-04T17:01:11.077299" elapsed="0.216114"/>
</kw>
<kw name="Click Button" owner="SeleniumLibrary">
<msg time="2025-08-04T17:01:11.295186" level="INFO">Clicking button 'name=btnSubmit'.</msg>
<arg>${LOGIN_BUTTON}</arg>
<doc>Clicks the button identified by ``locator``.</doc>
<status status="PASS" start="2025-08-04T17:01:11.294321" elapsed="0.664056"/>
</kw>
<kw name="Wait Until Page Contains Element" owner="SeleniumLibrary">
<arg>${MAIN_TITLE}</arg>
<doc>Waits until the element ``locator`` appears on the current page.</doc>
<status status="PASS" start="2025-08-04T17:01:11.960859" elapsed="0.170604"/>
</kw>
<doc>Realiza o login na página inicial do sistema bancário.</doc>
<status status="PASS" start="2025-08-04T17:01:05.592727" elapsed="6.539121"/>
</kw>
<kw name="Acessar resumo da conta &quot;${ACCOUNT_ID}&quot;" owner="kws_sistema_bancario" source_name="Acessar resumo da conta &quot;${ACCOUNT_ID}&quot;">
<kw name="Click Link" owner="SeleniumLibrary">
<msg time="2025-08-04T17:01:12.135364" level="INFO">Clicking link 'id=MenuHyperLink1'.</msg>
<arg>${MAIN_LINK_ACCOUNT_SUMMARY}</arg>
<doc>Clicks a link identified by ``locator``.</doc>
<status status="PASS" start="2025-08-04T17:01:12.134568" elapsed="0.438256"/>
</kw>
<kw name="Select From List By Label" owner="SeleniumLibrary">
<msg time="2025-08-04T17:01:12.575858" level="INFO">Selecting options from selection list '//select[@id='listAccounts']' by label 800001 Checking.</msg>
<arg>${MAIN_FIELD_LIST_ACCOUNTS}</arg>
<arg>${ACCOUNT_ID}</arg>
<doc>Selects options from selection list ``locator`` by ``labels``.</doc>
<status status="PASS" start="2025-08-04T17:01:12.574555" elapsed="0.288116"/>
</kw>
<kw name="Capture Page Screenshot" owner="SeleniumLibrary">
<msg time="2025-08-04T17:01:13.068171" level="INFO" html="true">&lt;/td&gt;&lt;/tr&gt;&lt;tr&gt;&lt;td colspan="3"&gt;&lt;a href="selenium-screenshot-3.png"&gt;&lt;img src="selenium-screenshot-3.png" width="800px"&gt;&lt;/a&gt;</msg>
<doc>Takes a screenshot of the current page and embeds it into a log file.</doc>
<status status="PASS" start="2025-08-04T17:01:12.863505" elapsed="0.205017"/>
</kw>
<kw name="Click Button" owner="SeleniumLibrary">
<msg time="2025-08-04T17:01:13.070233" level="INFO">Clicking button 'id=btnGetAccount'.</msg>
<arg>${MAIN_BUTTON_GET_ACCOUNT}</arg>
<doc>Clicks the button identified by ``locator``.</doc>
<status status="PASS" start="2025-08-04T17:01:13.069379" elapsed="0.418755"/>
</kw>
<doc>Acessa o resumo da conta bancária especificada.</doc>
<status status="PASS" start="2025-08-04T17:01:12.133011" elapsed="1.356691"/>
</kw>
<kw name="Verificar e obter o saldo da conta" owner="kws_shared">
<kw name="Wait Until Page Contains Element" owner="SeleniumLibrary">
<arg>${ACCOUNT_HISTORY_TITLE}</arg>
<doc>Waits until the element ``locator`` appears on the current page.</doc>
<status status="PASS" start="2025-08-04T17:01:13.493609" elapsed="0.444434"/>
</kw>
<kw name="Get Text" owner="SeleniumLibrary">
<msg time="2025-08-04T17:01:14.019017" level="INFO">${CURRENT_AVAILABLE_BALANCE} = $50000000005000000000000000000000000000000000000.00</msg>
<var>${CURRENT_AVAILABLE_BALANCE}</var>
<arg>${TABLE_BALANCE_DETAIL}</arg>
<doc>Returns the text value of the element identified by ``locator``.</doc>
<status status="PASS" start="2025-08-04T17:01:13.939404" elapsed="0.079757"/>
</kw>
<kw name="Log" owner="BuiltIn">
<msg time="2025-08-04T17:01:14.020530" level="INFO">Saldo atual da conta 800001 Checking: $50000000005000000000000000000000000000000000000.00</msg>
<arg>Saldo atual da conta ${ACCOUNT_ID}: ${CURRENT_AVAILABLE_BALANCE}</arg>
<doc>Logs the given message with the given level.</doc>
<status status="PASS" start="2025-08-04T17:01:14.019887" elapsed="0.000849"/>
</kw>
<kw name="Capture Page Screenshot" owner="SeleniumLibrary">
<msg time="2025-08-04T17:01:14.245436" level="INFO" html="true">&lt;/td&gt;&lt;/tr&gt;&lt;tr&gt;&lt;td colspan="3"&gt;&lt;a href="selenium-screenshot-4.png"&gt;&lt;img src="selenium-screenshot-4.png" width="800px"&gt;&lt;/a&gt;</msg>
<doc>Takes a screenshot of the current page and embeds it into a log file.</doc>
<status status="PASS" start="2025-08-04T17:01:14.021437" elapsed="0.224347"/>
</kw>
<kw name="Set Test Variable" owner="BuiltIn">
<msg time="2025-08-04T17:01:14.251182" level="INFO">${AVAILABLE_BALANCE} = $50000000005000000000000000000000000000000000000.00</msg>
<arg>${AVAILABLE_BALANCE}</arg>
<arg>${CURRENT_AVAILABLE_BALANCE}</arg>
<doc>Makes a variable available everywhere within the scope of the current test.</doc>
<status status="PASS" start="2025-08-04T17:01:14.246657" elapsed="0.004892"/>
</kw>
<arg>${ACCOUNT_ID}</arg>
<doc>Verifica e captura o saldo da conta bancária especificada.</doc>
<status status="PASS" start="2025-08-04T17:01:13.491039" elapsed="0.760996"/>
</kw>
<kw name="Realizar o logoff do sistema bancário" owner="kws_shared">
<kw name="Click Link" owner="SeleniumLibrary">
<msg time="2025-08-04T17:01:14.256339" level="INFO">Clicking link '//a[@id='LoginLink']'.</msg>
<arg>${HOME_LINK_LOGOFF}</arg>
<doc>Clicks a link identified by ``locator``.</doc>
<status status="PASS" start="2025-08-04T17:01:14.255472" elapsed="0.748400"/>
</kw>
<kw name="Wait Until Page Contains Element" owner="SeleniumLibrary">
<arg>${HOME_LINK_LOGIN}</arg>
<doc>Waits until the element ``locator`` appears on the current page.</doc>
<status status="PASS" start="2025-08-04T17:01:15.004864" elapsed="0.030860"/>
</kw>
<doc>Realiza o logoff do sistema bancário.</doc>
<status status="PASS" start="2025-08-04T17:01:14.253223" elapsed="0.783197"/>
</kw>
<arg>${CONTA_DESTINO}</arg>
<doc>Verifica o saldo atual da conta bancária especificada.</doc>
<status status="PASS" start="2025-08-04T17:01:05.591247" elapsed="9.445493"/>
</kw>
<arg>Acessar página home do site</arg>
<arg>${DEMO_TEST_FIRE_URL}</arg>
<arg>AND</arg>
<arg>Verificar o saldo atual da conta</arg>
<arg>${CONTA_DESTINO}</arg>
<doc>Executes all the given keywords in a sequence.</doc>
<status status="PASS" start="2025-08-04T17:01:00.081649" elapsed="14.955371"/>
</kw>
<kw name="Dado que realizo o login com usuário &quot;${LOGIN_USER}&quot; e senha &quot;${LOGIN_PASSWORD}&quot; na página inicial do sistema bancário" owner="kws_sistema_bancario" source_name="Dado que realizo o login com usuário &quot;${LOGIN_USER}&quot; e senha &quot;${LOGIN_PASSWORD}&quot; na página inicial do sistema bancário">
<kw name="Realizar login na página inicial do sistema bancário" owner="kws_sistema_bancario">
<kw name="Click Link" owner="SeleniumLibrary">
<msg time="2025-08-04T17:01:15.046002" level="INFO">Clicking link '//a[@id='AccountLink']'.</msg>
<arg>${HOME_LINK_LOGIN}</arg>
<doc>Clicks a link identified by ``locator``.</doc>
<status status="PASS" start="2025-08-04T17:01:15.044562" elapsed="0.595544"/>
</kw>
<kw name="Wait Until Page Contains Element" owner="SeleniumLibrary">
<arg>${LOGIN_TITLE}</arg>
<doc>Waits until the element ``locator`` appears on the current page.</doc>
<status status="PASS" start="2025-08-04T17:01:15.641097" elapsed="0.056925"/>
</kw>
<kw name="Capture Page Screenshot" owner="SeleniumLibrary">
<msg time="2025-08-04T17:01:15.926541" level="INFO" html="true">&lt;/td&gt;&lt;/tr&gt;&lt;tr&gt;&lt;td colspan="3"&gt;&lt;a href="selenium-screenshot-5.png"&gt;&lt;img src="selenium-screenshot-5.png" width="800px"&gt;&lt;/a&gt;</msg>
<doc>Takes a screenshot of the current page and embeds it into a log file.</doc>
<status status="PASS" start="2025-08-04T17:01:15.699026" elapsed="0.227973"/>
</kw>
<kw name="Input Text" owner="SeleniumLibrary">
<msg time="2025-08-04T17:01:15.928973" level="INFO">Typing text 'admin' into text field 'id=uid'.</msg>
<arg>${LOGIN_CAMPO_USER}</arg>
<arg>${LOGIN_USER}</arg>
<doc>Types the given ``text`` into the text field identified by ``locator``.</doc>
<status status="PASS" start="2025-08-04T17:01:15.927976" elapsed="0.292182"/>
</kw>
<kw name="Input Text" owner="SeleniumLibrary">
<msg time="2025-08-04T17:01:16.221987" level="INFO">Typing text 'admin' into text field 'id=passw'.</msg>
<arg>${LOGIN_CAMPO_PASSWORD}</arg>
<arg>${LOGIN_PASSWORD}</arg>
<doc>Types the given ``text`` into the text field identified by ``locator``.</doc>
<status status="PASS" start="2025-08-04T17:01:16.221009" elapsed="0.554058"/>
</kw>
<kw name="Capture Page Screenshot" owner="SeleniumLibrary">
<msg time="2025-08-04T17:01:17.025376" level="INFO" html="true">&lt;/td&gt;&lt;/tr&gt;&lt;tr&gt;&lt;td colspan="3"&gt;&lt;a href="selenium-screenshot-6.png"&gt;&lt;img src="selenium-screenshot-6.png" width="800px"&gt;&lt;/a&gt;</msg>
<doc>Takes a screenshot of the current page and embeds it into a log file.</doc>
<status status="PASS" start="2025-08-04T17:01:16.776700" elapsed="0.249015"/>
</kw>
<kw name="Click Button" owner="SeleniumLibrary">
<msg time="2025-08-04T17:01:17.027865" level="INFO">Clicking button 'name=btnSubmit'.</msg>
<arg>${LOGIN_BUTTON}</arg>
<doc>Clicks the button identified by ``locator``.</doc>
<status status="PASS" start="2025-08-04T17:01:17.026954" elapsed="0.611371"/>
</kw>
<kw name="Wait Until Page Contains Element" owner="SeleniumLibrary">
<arg>${MAIN_TITLE}</arg>
<doc>Waits until the element ``locator`` appears on the current page.</doc>
<status status="PASS" start="2025-08-04T17:01:17.639183" elapsed="0.045917"/>
</kw>
<arg>${LOGIN_USER}</arg>
<arg>${LOGIN_PASSWORD}</arg>
<doc>Realiza o login na página inicial do sistema bancário.</doc>
<status status="PASS" start="2025-08-04T17:01:15.041150" elapsed="2.644415"/>
</kw>
<doc>Realiza o login na página inicial do sistema bancário com os dados fornecidos.</doc>
<status status="PASS" start="2025-08-04T17:01:15.038990" elapsed="2.647021"/>
</kw>
<kw name="Quando realizo uma transferência da conta &quot;${CONTA_ORIGEM}&quot; para a conta &quot;${CONTA_DESTINO}&quot;" owner="kws_sistema_bancario" source_name="Quando realizo uma transferência da conta &quot;${FROM_ACCOUNT}&quot; para a conta &quot;${TO_ACCOUNT}&quot;">
<kw name="Realizar transferência da conta &quot;${FROM_ACCOUNT}&quot; para a conta &quot;${TO_ACCOUNT}&quot;" owner="kws_sistema_bancario" source_name="Realizar transferência da conta &quot;${FROM_ACCOUNT}&quot; para a conta &quot;${TO_ACCOUNT}&quot;">
<kw name="Click Link" owner="SeleniumLibrary">
<msg time="2025-08-04T17:01:17.694475" level="INFO">Clicking link 'id=MenuHyperLink3'.</msg>
<arg>${MAIN_LINK_TRANSFER_FUNDS}</arg>
<doc>Clicks a link identified by ``locator``.</doc>
<status status="PASS" start="2025-08-04T17:01:17.693141" elapsed="0.540698"/>
</kw>
<kw name="Wait Until Page Contains Element" owner="SeleniumLibrary">
<arg>${TRANSFER_TITLE}</arg>
<doc>Waits until the element ``locator`` appears on the current page.</doc>
<status status="PASS" start="2025-08-04T17:01:18.234727" elapsed="0.056673"/>
</kw>
<kw name="Select From List By Label" owner="SeleniumLibrary">
<msg time="2025-08-04T17:01:18.295538" level="INFO">Selecting options from selection list 'id=fromAccount' by label 800000 Corporate.</msg>
<arg>${TRANSFER_FIELD_FROM_ACCOUNT}</arg>
<arg>${FROM_ACCOUNT}</arg>
<doc>Selects options from selection list ``locator`` by ``labels``.</doc>
<status status="PASS" start="2025-08-04T17:01:18.292303" elapsed="0.166199"/>
</kw>
<kw name="Select From List By Label" owner="SeleniumLibrary">
<msg time="2025-08-04T17:01:18.461434" level="INFO">Selecting options from selection list 'id=toAccount' by label 800001 Checking.</msg>
<arg>${TRANSFER_FIELD_TO_ACCOUNT}</arg>
<arg>${TO_ACCOUNT}</arg>
<doc>Selects options from selection list ``locator`` by ``labels``.</doc>
<status status="PASS" start="2025-08-04T17:01:18.459649" elapsed="0.227068"/>
</kw>
<kw name="Evaluate" owner="BuiltIn">
<msg time="2025-08-04T17:01:18.688745" level="INFO">${RANDOM_VALUE} = 23185107023.54</msg>
<var>${RANDOM_VALUE}</var>
<arg>round(random.uniform(10000000000, 99999999999), 2)</arg>
<arg>modules=random</arg>
<doc>Evaluates the given expression in Python and returns the result.</doc>
<status status="PASS" start="2025-08-04T17:01:18.687688" elapsed="0.001192"/>
</kw>
<kw name="Input Text" owner="SeleniumLibrary">
<msg time="2025-08-04T17:01:18.690417" level="INFO">Typing text '23185107023.54' into text field 'id=transferAmount'.</msg>
<arg>${TRANSFER_FIELD_AMOUNT_TRANSFER}</arg>
<arg>${RANDOM_VALUE}</arg>
<doc>Types the given ``text`` into the text field identified by ``locator``.</doc>
<status status="PASS" start="2025-08-04T17:01:18.689624" elapsed="0.249335"/>
</kw>
<kw name="Click Button" owner="SeleniumLibrary">
<msg time="2025-08-04T17:01:18.940791" level="INFO">Clicking button 'id=transfer'.</msg>
<arg>${TRANSFER_BUTTON_TRANSFER_MONEY}</arg>
<doc>Clicks the button identified by ``locator``.</doc>
<status status="PASS" start="2025-08-04T17:01:18.939887" elapsed="0.189125"/>
</kw>
<kw name="Capture Page Screenshot" owner="SeleniumLibrary">
<msg time="2025-08-04T17:01:19.645122" level="INFO" html="true">&lt;/td&gt;&lt;/tr&gt;&lt;tr&gt;&lt;td colspan="3"&gt;&lt;a href="selenium-screenshot-7.png"&gt;&lt;img src="selenium-screenshot-7.png" width="800px"&gt;&lt;/a&gt;</msg>
<doc>Takes a screenshot of the current page and embeds it into a log file.</doc>
<status status="PASS" start="2025-08-04T17:01:19.129921" elapsed="0.515728"/>
</kw>
<kw name="Log" owner="BuiltIn">
<msg time="2025-08-04T17:01:19.647766" level="INFO">Transferência de 800000 Corporate para 800001 Checking, no valor de 23185107023.54, realizada com sucesso!</msg>
<arg>Transferência de ${FROM_ACCOUNT} para ${TO_ACCOUNT}, no valor de ${RANDOM_VALUE}, realizada com sucesso!</arg>
<doc>Logs the given message with the given level.</doc>
<status status="PASS" start="2025-08-04T17:01:19.646667" elapsed="0.001352"/>
</kw>
<kw name="Wait Until Page Contains Element" owner="SeleniumLibrary">
<arg>${TRANSFER_SUCCESS_MESSAGE}</arg>
<doc>Waits until the element ``locator`` appears on the current page.</doc>
<status status="PASS" start="2025-08-04T17:01:19.648899" elapsed="0.031495"/>
</kw>
<kw name="Set Test Variable" owner="BuiltIn">
<msg time="2025-08-04T17:01:19.684887" level="INFO">${TRANSFERRED_AMOUNT} = 23185107023.54</msg>
<arg>${TRANSFERRED_AMOUNT}</arg>
<arg>${RANDOM_VALUE}</arg>
<doc>Makes a variable available everywhere within the scope of the current test.</doc>
<status status="PASS" start="2025-08-04T17:01:19.681160" elapsed="0.003939"/>
</kw>
<doc>Realiza a transferência de uma conta para outra no sistema bancário.</doc>
<status status="PASS" start="2025-08-04T17:01:17.690718" elapsed="1.994752"/>
</kw>
<doc>Realiza a transferência de uma conta para outra no sistema bancário.</doc>
<status status="PASS" start="2025-08-04T17:01:17.687938" elapsed="1.997829"/>
</kw>
<kw name="Então acesso o resumo da conta &quot;${CONTA_DESTINO}&quot;" owner="kws_sistema_bancario" source_name="Então acesso o resumo da conta &quot;${ACCOUNT_ID}&quot;">
<kw name="Acessar resumo da conta &quot;${ACCOUNT_ID}&quot;" owner="kws_sistema_bancario" source_name="Acessar resumo da conta &quot;${ACCOUNT_ID}&quot;">
<kw name="Click Link" owner="SeleniumLibrary">
<msg time="2025-08-04T17:01:19.691014" level="INFO">Clicking link 'id=MenuHyperLink1'.</msg>
<arg>${MAIN_LINK_ACCOUNT_SUMMARY}</arg>
<doc>Clicks a link identified by ``locator``.</doc>
<status status="PASS" start="2025-08-04T17:01:19.690314" elapsed="0.404681"/>
</kw>
<kw name="Select From List By Label" owner="SeleniumLibrary">
<msg time="2025-08-04T17:01:20.097508" level="INFO">Selecting options from selection list '//select[@id='listAccounts']' by label 800001 Checking.</msg>
<arg>${MAIN_FIELD_LIST_ACCOUNTS}</arg>
<arg>${ACCOUNT_ID}</arg>
<doc>Selects options from selection list ``locator`` by ``labels``.</doc>
<status status="PASS" start="2025-08-04T17:01:20.096299" elapsed="0.319649"/>
</kw>
<kw name="Capture Page Screenshot" owner="SeleniumLibrary">
<msg time="2025-08-04T17:01:20.630276" level="INFO" html="true">&lt;/td&gt;&lt;/tr&gt;&lt;tr&gt;&lt;td colspan="3"&gt;&lt;a href="selenium-screenshot-8.png"&gt;&lt;img src="selenium-screenshot-8.png" width="800px"&gt;&lt;/a&gt;</msg>
<doc>Takes a screenshot of the current page and embeds it into a log file.</doc>
<status status="PASS" start="2025-08-04T17:01:20.417279" elapsed="0.213346"/>
</kw>
<kw name="Click Button" owner="SeleniumLibrary">
<msg time="2025-08-04T17:01:20.632091" level="INFO">Clicking button 'id=btnGetAccount'.</msg>
<arg>${MAIN_BUTTON_GET_ACCOUNT}</arg>
<doc>Clicks the button identified by ``locator``.</doc>
<status status="PASS" start="2025-08-04T17:01:20.631393" elapsed="0.389107"/>
</kw>
<doc>Acessa o resumo da conta bancária especificada.</doc>
<status status="PASS" start="2025-08-04T17:01:19.688985" elapsed="1.331967"/>
</kw>
<doc>Acessa o resumo da conta bancária especificada.</doc>
<status status="PASS" start="2025-08-04T17:01:19.687194" elapsed="1.334173"/>
</kw>
<kw name="E verifico se a transferência foi listada corretamente" owner="kws_sistema_bancario">
<kw name="Verificar se a transferência foi listada corretamente" owner="kws_sistema_bancario">
<kw name="Page Should Contain Element" owner="SeleniumLibrary">
<msg time="2025-08-04T17:01:21.450402" level="INFO">Current page contains element '//b[text()="10 Most Recent Transactions"]'.</msg>
<arg>${TITLE_TABLE_RECENT_TRANSACTIONS}</arg>
<doc>Verifies that element ``locator`` is found on the current page.</doc>
<status status="PASS" start="2025-08-04T17:01:21.034360" elapsed="0.416302"/>
</kw>
<kw name="Capture Page Screenshot" owner="SeleniumLibrary">
<msg time="2025-08-04T17:01:21.669167" level="INFO" html="true">&lt;/td&gt;&lt;/tr&gt;&lt;tr&gt;&lt;td colspan="3"&gt;&lt;a href="selenium-screenshot-9.png"&gt;&lt;img src="selenium-screenshot-9.png" width="800px"&gt;&lt;/a&gt;</msg>
<doc>Takes a screenshot of the current page and embeds it into a log file.</doc>
<status status="PASS" start="2025-08-04T17:01:21.451484" elapsed="0.218181"/>
</kw>
<kw name="Set Variable" owner="BuiltIn">
<msg time="2025-08-04T17:01:21.671699" level="INFO">${encontrado} = False</msg>
<var>${encontrado}</var>
<arg>False</arg>
<doc>Returns the given values which can then be assigned to a variables.</doc>
<status status="PASS" start="2025-08-04T17:01:21.670699" elapsed="0.001233"/>
</kw>
<kw name="Catenate" owner="BuiltIn">
<msg time="2025-08-04T17:01:21.673950" level="INFO">${FRASE_BUSCA} = Deposit $23185107023.54</msg>
<var>${FRASE_BUSCA}</var>
<arg>Deposit $${TRANSFERRED_AMOUNT}</arg>
<doc>Catenates the given items together and returns the resulted string.</doc>
<status status="PASS" start="2025-08-04T17:01:21.672963" elapsed="0.001167"/>
</kw>
<kw name="Get WebElements" owner="SeleniumLibrary">
<msg time="2025-08-04T17:01:21.718243" level="INFO">@{linhas} = [ &lt;selenium.webdriver.remote.webelement.WebElement (session="6ceb247ab671dfa21458d838d4b25ba8", element="f.632BFE56AEB80FA2F31DEE8FDCEF48AC.d.9DFCE543EDF75CFFFDC4665BFB4F985E.e.216")&gt; | &lt;selenium.webd...</msg>
<var>@{linhas}</var>
<arg>${TABLE_RECENT_TRANSACTIONS}//tr</arg>
<doc>Returns a list of WebElement objects matching the ``locator``.</doc>
<status status="PASS" start="2025-08-04T17:01:21.675054" elapsed="0.043343"/>
</kw>
<for flavor="IN">
<iter>
<kw name="Get Text" owner="SeleniumLibrary">
<msg time="2025-08-04T17:01:21.755643" level="INFO">${texto_retornado} = 2025-08-04 Deposit $23185107023.54</msg>
<var>${texto_retornado}</var>
<arg>${linha}</arg>
<doc>Returns the text value of the element identified by ``locator``.</doc>
<status status="PASS" start="2025-08-04T17:01:21.720796" elapsed="0.035018"/>
</kw>
<kw name="Log" owner="BuiltIn">
<msg time="2025-08-04T17:01:21.757422" level="INFO">Conteúdo da linha atual da tabela: 2025-08-04 Deposit $23185107023.54</msg>
<arg>Conteúdo da linha atual da tabela: ${texto_retornado}</arg>
<doc>Logs the given message with the given level.</doc>
<status status="PASS" start="2025-08-04T17:01:21.756686" elapsed="0.000989"/>
</kw>
<kw name="Run Keyword And Return Status" owner="BuiltIn">
<kw name="Should Contain" owner="BuiltIn">
<arg>${texto_retornado}</arg>
<arg>${FRASE_BUSCA}</arg>
<doc>Fails if ``container`` does not contain ``item`` one or more times.</doc>
<status status="PASS" start="2025-08-04T17:01:21.759562" elapsed="0.000885"/>
</kw>
<msg time="2025-08-04T17:01:21.760989" level="INFO">${result} = True</msg>
<var>${result}</var>
<arg>Should Contain</arg>
<arg>${texto_retornado}</arg>
<arg>${FRASE_BUSCA}</arg>
<doc>Runs the given keyword with given arguments and returns the status as a Boolean value.</doc>
<status status="PASS" start="2025-08-04T17:01:21.758530" elapsed="0.002615"/>
</kw>
<if>
<branch type="IF" condition="${result}">
<kw name="Log" owner="BuiltIn">
<msg time="2025-08-04T17:01:21.763451" level="INFO">Os dados "Deposit $23185107023.54", foram encontrados na linha: 2025-08-04 Deposit $23185107023.54!</msg>
<arg>Os dados "${FRASE_BUSCA}", foram encontrados na linha: ${texto_retornado}!</arg>
<doc>Logs the given message with the given level.</doc>
<status status="PASS" start="2025-08-04T17:01:21.762607" elapsed="0.001166"/>
</kw>
<kw name="Set Variable" owner="BuiltIn">
<msg time="2025-08-04T17:01:21.765361" level="INFO">${encontrado} = True</msg>
<var>${encontrado}</var>
<arg>True</arg>
<doc>Returns the given values which can then be assigned to a variables.</doc>
<status status="PASS" start="2025-08-04T17:01:21.764690" elapsed="0.000824"/>
</kw>
<kw name="Exit For Loop" owner="BuiltIn">
<msg time="2025-08-04T17:01:21.768249" level="INFO">Exiting for loop altogether.</msg>
<doc>Stops executing the enclosing FOR loop.</doc>
<status status="PASS" start="2025-08-04T17:01:21.766332" elapsed="0.002288"/>
</kw>
<status status="PASS" start="2025-08-04T17:01:21.761641" elapsed="0.007296"/>
</branch>
<branch type="ELSE">
<kw name="Log" owner="BuiltIn">
<arg>Os dados "${FRASE_BUSCA}", não foram encontrados na linha: ${texto_retornado}!</arg>
<arg>WARN</arg>
<doc>Logs the given message with the given level.</doc>
<status status="NOT RUN" start="2025-08-04T17:01:21.769988" elapsed="0.000193"/>
</kw>
<status status="NOT RUN" start="2025-08-04T17:01:21.769201" elapsed="0.001237"/>
</branch>
<status status="PASS" start="2025-08-04T17:01:21.761534" elapsed="0.009106"/>
</if>
<var name="${linha}">&lt;selenium.webdriver.remote.webelement.WebElement (session="6ceb247ab671dfa21458d838d4b25ba8", element="f.632BFE56AEB80FA2F31DEE8FDCEF48AC.d.9DFCE543EDF75CFFFDC4665BFB4F985E.e.216")&gt;</var>
<status status="PASS" start="2025-08-04T17:01:21.719960" elapsed="0.050864"/>
</iter>
<var>${linha}</var>
<value>@{linhas}</value>
<status status="PASS" start="2025-08-04T17:01:21.718908" elapsed="0.052262"/>
</for>
<if>
<branch type="IF" condition="not ${encontrado}">
<kw name="Fail" owner="BuiltIn">
<arg>Os dados "${FRASE_BUSCA}", não foram encontrados na tabela de transações recentes!</arg>
<doc>Fails the test with the given message and optionally alters its tags.</doc>
<status status="NOT RUN" start="2025-08-04T17:01:21.772824" elapsed="0.000197"/>
</kw>
<status status="NOT RUN" start="2025-08-04T17:01:21.771706" elapsed="0.001558"/>
</branch>
<status status="PASS" start="2025-08-04T17:01:21.771580" elapsed="0.001905"/>
</if>
<doc>Verifica se a transferência foi listada corretamente no resumo da conta.</doc>
<status status="PASS" start="2025-08-04T17:01:21.032878" elapsed="0.740898"/>
</kw>
<doc>Verifica se a transferência foi listada corretamente no resumo da conta.</doc>
<status status="PASS" start="2025-08-04T17:01:21.030648" elapsed="0.743491"/>
</kw>
<kw name="E verifico se o saldo da conta &quot;${CONTA_DESTINO}&quot; foi atualizado corretamente" owner="kws_sistema_bancario" source_name="E verifico se o saldo da conta &quot;${ACCOUNT_ID}&quot; foi atualizado corretamente">
<kw name="Verificar se o saldo da conta foi atualizado corretamente" owner="kws_sistema_bancario">
<kw name="Get Text" owner="SeleniumLibrary">
<msg time="2025-08-04T17:01:21.951014" level="INFO">${CURRENT_AVAILABLE_BALANCE} = $50000000005000000000000000000000000000000000000.00</msg>
<var>${CURRENT_AVAILABLE_BALANCE}</var>
<arg>${TABLE_BALANCE_DETAIL}</arg>
<doc>Returns the text value of the element identified by ``locator``.</doc>
<status status="PASS" start="2025-08-04T17:01:21.782473" elapsed="0.168748"/>
</kw>
<kw name="Log" owner="BuiltIn">
<msg time="2025-08-04T17:01:21.953029" level="INFO">Novo saldo na conta 800001 Checking: $50000000005000000000000000000000000000000000000.00</msg>
<arg>Novo saldo na conta ${ACCOUNT_ID}: ${CURRENT_AVAILABLE_BALANCE}</arg>
<doc>Logs the given message with the given level.</doc>
<status status="PASS" start="2025-08-04T17:01:21.952143" elapsed="0.001200"/>
</kw>
<kw name="Run Keyword And Return Status" owner="BuiltIn">
<kw name="Should Not Be Equal" owner="BuiltIn">
<msg time="2025-08-04T17:01:21.957213" level="FAIL">$50000000005000000000000000000000000000000000000.00 == $50000000005000000000000000000000000000000000000.00</msg>
<arg>${CURRENT_AVAILABLE_BALANCE}</arg>
<arg>${AVAILABLE_BALANCE}</arg>
<doc>Fails if the given objects are equal.</doc>
<status status="FAIL" start="2025-08-04T17:01:21.955294" elapsed="0.002887">$50000000005000000000000000000000000000000000000.00 == $50000000005000000000000000000000000000000000000.00</status>
</kw>
<msg time="2025-08-04T17:01:21.958813" level="INFO">${result} = False</msg>
<var>${result}</var>
<arg>Should Not Be Equal</arg>
<arg>${CURRENT_AVAILABLE_BALANCE}</arg>
<arg>${AVAILABLE_BALANCE}</arg>
<doc>Runs the given keyword with given arguments and returns the status as a Boolean value.</doc>
<status status="PASS" start="2025-08-04T17:01:21.954213" elapsed="0.006544"/>
</kw>
<arg>${ACCOUNT_ID}</arg>
<doc>Verifica se o saldo da conta foi atualizado corretamente após a transferência.</doc>
<status status="PASS" start="2025-08-04T17:01:21.780856" elapsed="0.180576"/>
</kw>
<doc>Verifica se o saldo da conta foi atualizado corretamente após a transferência.</doc>
<status status="PASS" start="2025-08-04T17:01:21.779100" elapsed="0.182756"/>
</kw>
<doc>Teste que verifica a realização de uma transferência bancária entre contas cadastradas, validando o saldo e o extrato da transação.</doc>
<tag>CT01</tag>
<tag>LOGIN_TRANSFERENCIA</tag>
<status status="PASS" start="2025-08-04T17:01:00.078103" elapsed="21.892148"/>
</test>
<kw name="Fechar o navegador" owner="teardown" type="TEARDOWN">
<kw name="Close Browser" owner="SeleniumLibrary">
<doc>Closes the current browser.</doc>
<status status="PASS" start="2025-08-04T17:01:21.984376" elapsed="2.847762"/>
</kw>
<doc>Fecha o navegador (Browser)</doc>
<status status="PASS" start="2025-08-04T17:01:21.983243" elapsed="2.850233"/>
</kw>
<doc>Este arquivo contém os casos de teste automatizados para o sistema bancário (https://demo.testfire.net/login.jsp) com os dados de acesso usuário e senha: admin, incluindo casos de testes de login, transferência, consulta de extratos e verificação de saldo.</doc>
<status status="PASS" start="2025-08-04T17:00:32.801556" elapsed="52.032852"/>
</suite>
<status status="PASS" start="2025-08-04T17:00:32.507998" elapsed="52.347095"/>
</suite>
<statistics>
<total>
<stat pass="1" fail="0" skip="0">All Tests</stat>
</total>
<tag>
<stat pass="1" fail="0" skip="0">CT01</stat>
<stat pass="1" fail="0" skip="0">LOGIN_TRANSFERENCIA</stat>
</tag>
<suite>
<stat name="Tests" id="s1" pass="1" fail="0" skip="0">Tests</stat>
<stat name="Sistema Bancario" id="s1-s1" pass="1" fail="0" skip="0">Tests.Sistema Bancario</stat>
</suite>
</statistics>
<errors>
</errors>
</robot>
