<?xml version="1.0" encoding="UTF-8"?>
<robot generator="Robot 7.3.2 (Python 3.13.2 on win32)" generated="2025-08-05T05:34:56.715388" rpa="false" schemaversion="5">
<suite id="s1" name="Tests" source="C:\workspace\testes_automatizados_web\automacao_avancado\tests">
<suite id="s1-s1" name="Sistema Bancario" source="C:\workspace\testes_automatizados_web\automacao_avancado\tests\sistema_bancario.robot">
<kw name="Abrir o navegador" owner="setup" type="SETUP">
<if>
<branch type="IF" condition="'${HEADLESS}' == 'True' or '${HEADLESS}' == 'true'">
<kw name="Open Browser" owner="SeleniumLibrary">
<arg>about:blank</arg>
<arg>${BROWSER}</arg>
<arg>options=add_argument("--headless=new")</arg>
<doc>Opens a new browser instance to the optional ``url``.</doc>
<status status="NOT RUN" start="2025-08-05T05:35:06.562745" elapsed="0.000189"/>
</kw>
<status status="NOT RUN" start="2025-08-05T05:35:06.558148" elapsed="0.005101"/>
</branch>
<branch type="ELSE">
<kw name="Open Browser" owner="SeleniumLibrary">
<msg time="2025-08-05T05:35:06.564956" level="INFO">Opening browser 'chrome' to base url 'about:blank'.</msg>
<arg>about:blank</arg>
<arg>${BROWSER}</arg>
<doc>Opens a new browser instance to the optional ``url``.</doc>
<status status="PASS" start="2025-08-05T05:35:06.564152" elapsed="5.845274"/>
</kw>
<status status="PASS" start="2025-08-05T05:35:06.563452" elapsed="5.846306"/>
</branch>
<status status="PASS" start="2025-08-05T05:35:06.558040" elapsed="5.851905"/>
</if>
<kw name="Maximize Browser Window" owner="SeleniumLibrary">
<doc>Maximizes current browser window.</doc>
<status status="PASS" start="2025-08-05T05:35:12.410594" elapsed="0.088784"/>
</kw>
<doc>Abre o navegador (Browser) com as opções definidas</doc>
<status status="PASS" start="2025-08-05T05:35:06.557312" elapsed="5.942602"/>
</kw>
<test id="s1-s1-t1" name="CT01: Transferência bancária com validação de saldo e extrato" line="8">
<kw name="Run Keywords" owner="BuiltIn" type="SETUP">
<kw name="Acessar página home do site" owner="kws_shared">
<kw name="Go To" owner="SeleniumLibrary">
<msg time="2025-08-05T05:35:12.512720" level="INFO">Opening url 'https://demo.testfire.net/index.jsp'</msg>
<arg>${URL_HOME}</arg>
<doc>Navigates the current browser window to the provided ``url``.</doc>
<status status="PASS" start="2025-08-05T05:35:12.511940" elapsed="4.781488"/>
</kw>
<kw name="Title Should Be" owner="SeleniumLibrary">
<msg time="2025-08-05T05:35:17.309989" level="INFO">Page title is 'Altoro Mutual'.</msg>
<arg>${HOME_TITLE}</arg>
<doc>Verifies that the current page title equals ``title``.</doc>
<status status="PASS" start="2025-08-05T05:35:17.294180" elapsed="0.016082"/>
</kw>
<arg>${DEMO_TEST_FIRE_URL}</arg>
<doc>Acessa a página inicial do site de testes (https://demo.testfire.net/login.jsp)</doc>
<status status="PASS" start="2025-08-05T05:35:12.509843" elapsed="4.800800"/>
</kw>
<kw name="Verificar o saldo atual da conta" owner="kws_shared">
<kw name="Realizar o login" owner="kws_sistema_bancario">
<kw name="Ir para a página de login do sistema bancário" owner="kws_sistema_bancario">
<kw name="Click Link" owner="SeleniumLibrary">
<msg time="2025-08-05T05:35:17.317118" level="INFO">Clicking link '//a[@id='AccountLink']'.</msg>
<arg>${HOME_LINK_LOGIN}</arg>
<doc>Clicks a link identified by ``locator``.</doc>
<status status="PASS" start="2025-08-05T05:35:17.315859" elapsed="1.759231"/>
</kw>
<kw name="Wait Until Element Is Visible" owner="SeleniumLibrary">
<arg>${LOGIN_TITLE}</arg>
<doc>Waits until the element ``locator`` is visible.</doc>
<status status="PASS" start="2025-08-05T05:35:19.076142" elapsed="0.978275"/>
</kw>
<kw name="Capture Page Screenshot" owner="SeleniumLibrary">
<msg time="2025-08-05T05:35:20.395278" level="INFO" html="true">&lt;/td&gt;&lt;/tr&gt;&lt;tr&gt;&lt;td colspan="3"&gt;&lt;a href="selenium-screenshot-1.png"&gt;&lt;img src="selenium-screenshot-1.png" width="800px"&gt;&lt;/a&gt;</msg>
<doc>Takes a screenshot of the current page and embeds it into a log file.</doc>
<status status="PASS" start="2025-08-05T05:35:20.055282" elapsed="0.340351"/>
</kw>
<doc>Clicar no link "ONLINE BANKING LOGIN" na página inicial do sistema bancário.</doc>
<status status="PASS" start="2025-08-05T05:35:17.314557" elapsed="3.081565"/>
</kw>
<kw name="Preencher o formulário de login com os dados fornecidos" owner="kws_sistema_bancario">
<kw name="Input Text" owner="SeleniumLibrary">
<msg time="2025-08-05T05:35:20.403963" level="INFO">Typing text 'admin' into text field 'id=uid'.</msg>
<arg>${LOGIN_CAMPO_USER}</arg>
<arg>${USER}</arg>
<doc>Types the given ``text`` into the text field identified by ``locator``.</doc>
<status status="PASS" start="2025-08-05T05:35:20.400502" elapsed="0.589812"/>
</kw>
<kw name="Input Text" owner="SeleniumLibrary">
<msg time="2025-08-05T05:35:20.992247" level="INFO">Typing text 'admin' into text field 'id=passw'.</msg>
<arg>${LOGIN_CAMPO_PASSWORD}</arg>
<arg>${PASSWORD}</arg>
<doc>Types the given ``text`` into the text field identified by ``locator``.</doc>
<status status="PASS" start="2025-08-05T05:35:20.991200" elapsed="0.326486"/>
</kw>
<kw name="Capture Page Screenshot" owner="SeleniumLibrary">
<msg time="2025-08-05T05:35:21.570740" level="INFO" html="true">&lt;/td&gt;&lt;/tr&gt;&lt;tr&gt;&lt;td colspan="3"&gt;&lt;a href="selenium-screenshot-2.png"&gt;&lt;img src="selenium-screenshot-2.png" width="800px"&gt;&lt;/a&gt;</msg>
<doc>Takes a screenshot of the current page and embeds it into a log file.</doc>
<status status="PASS" start="2025-08-05T05:35:21.319177" elapsed="0.251871"/>
</kw>
<arg>${USER}</arg>
<arg>${PASSWORD}</arg>
<doc>Preenche o formulário de login com os dados fornecidos.</doc>
<status status="PASS" start="2025-08-05T05:35:20.397783" elapsed="1.173627"/>
</kw>
<kw name="Clicar no botão e aguardar elemento" owner="kws_shared">
<kw name="Click Button" owner="SeleniumLibrary">
<msg time="2025-08-05T05:35:21.575040" level="INFO">Clicking button 'name=btnSubmit'.</msg>
<arg>${LOCATOR_ELEMENT_BUTTON}</arg>
<doc>Clicks the button identified by ``locator``.</doc>
<status status="PASS" start="2025-08-05T05:35:21.574176" elapsed="1.103526"/>
</kw>
<kw name="Wait Until Element Is Visible" owner="SeleniumLibrary">
<arg>${LOCATOR_ELEMENT_TITLE}</arg>
<doc>Waits until the element ``locator`` is visible.</doc>
<status status="PASS" start="2025-08-05T05:35:22.678589" elapsed="0.094977"/>
</kw>
<arg>${LOGIN_BUTTON}</arg>
<arg>${MAIN_TITLE}</arg>
<doc>Clica no botão para enviar o formulário e aguarda a página principal carregar.</doc>
<status status="PASS" start="2025-08-05T05:35:21.572446" elapsed="1.201465"/>
</kw>
<doc>Realiza o login na página inicial do sistema bancário.</doc>
<status status="PASS" start="2025-08-05T05:35:17.312914" elapsed="5.461270"/>
</kw>
<kw name="Acessar resumo da conta &quot;${ACCOUNT_ID}&quot;" owner="kws_sistema_bancario" source_name="Acessar resumo da conta &quot;${ACCOUNT_ID}&quot;">
<kw name="Escolher uma opção no menu da página principal e aguardar a página carregar" owner="kws_sistema_bancario">
<kw name="Click Link" owner="SeleniumLibrary">
<msg time="2025-08-05T05:35:22.781148" level="INFO">Clicking link 'id=MenuHyperLink1'.</msg>
<arg>${MAIN_MENU_LINKS.${OPTION}}</arg>
<doc>Clicks a link identified by ``locator``.</doc>
<status status="PASS" start="2025-08-05T05:35:22.778516" elapsed="0.405120"/>
</kw>
<kw name="Wait Until Element Is Visible" owner="SeleniumLibrary">
<arg>${LOCATOR_ELEMENT_TITLE}</arg>
<doc>Waits until the element ``locator`` is visible.</doc>
<status status="PASS" start="2025-08-05T05:35:23.185686" elapsed="0.054559"/>
</kw>
<arg>account_summary</arg>
<arg>${MAIN_TITLE}</arg>
<doc>Escolhe uma opção no menu da página principal do sistema bancário e aguarda a página carregar.</doc>
<status status="PASS" start="2025-08-05T05:35:22.777148" elapsed="0.463555"/>
</kw>
<kw name="Select From List By Label" owner="SeleniumLibrary">
<msg time="2025-08-05T05:35:23.242297" level="INFO">Selecting options from selection list '//select[@id='listAccounts']' by label 800001 Checking.</msg>
<arg>${MAIN_FIELD_LIST_ACCOUNTS}</arg>
<arg>${ACCOUNT_ID}</arg>
<doc>Selects options from selection list ``locator`` by ``labels``.</doc>
<status status="PASS" start="2025-08-05T05:35:23.241487" elapsed="0.275917"/>
</kw>
<kw name="Capture Page Screenshot" owner="SeleniumLibrary">
<msg time="2025-08-05T05:35:23.749008" level="INFO" html="true">&lt;/td&gt;&lt;/tr&gt;&lt;tr&gt;&lt;td colspan="3"&gt;&lt;a href="selenium-screenshot-3.png"&gt;&lt;img src="selenium-screenshot-3.png" width="800px"&gt;&lt;/a&gt;</msg>
<doc>Takes a screenshot of the current page and embeds it into a log file.</doc>
<status status="PASS" start="2025-08-05T05:35:23.519011" elapsed="0.230356"/>
</kw>
<kw name="Click Button" owner="SeleniumLibrary">
<msg time="2025-08-05T05:35:23.750878" level="INFO">Clicking button 'id=btnGetAccount'.</msg>
<arg>${MAIN_BUTTON_GET_ACCOUNT}</arg>
<doc>Clicks the button identified by ``locator``.</doc>
<status status="PASS" start="2025-08-05T05:35:23.750173" elapsed="0.785669"/>
</kw>
<kw name="Wait Until Element Is Visible" owner="SeleniumLibrary">
<arg>${ACCOUNT_HISTORY_TITLE}</arg>
<doc>Waits until the element ``locator`` is visible.</doc>
<status status="PASS" start="2025-08-05T05:35:24.537419" elapsed="0.076157"/>
</kw>
<doc>Acessa o resumo da conta bancária especificada.</doc>
<status status="PASS" start="2025-08-05T05:35:22.775630" elapsed="1.838363"/>
</kw>
<kw name="Verificar e obter o saldo da conta" owner="kws_shared">
<kw name="Wait Until Element Is Visible" owner="SeleniumLibrary">
<arg>${ACCOUNT_HISTORY_TITLE}</arg>
<doc>Waits until the element ``locator`` is visible.</doc>
<status status="PASS" start="2025-08-05T05:35:24.616790" elapsed="0.049220"/>
</kw>
<kw name="Get Text" owner="SeleniumLibrary">
<msg time="2025-08-05T05:35:24.778692" level="INFO">${CURRENT_AVAILABLE_BALANCE} = $115353715167.84</msg>
<var>${CURRENT_AVAILABLE_BALANCE}</var>
<arg>${TABLE_BALANCE_DETAIL}</arg>
<doc>Returns the text value of the element identified by ``locator``.</doc>
<status status="PASS" start="2025-08-05T05:35:24.667093" elapsed="0.111789"/>
</kw>
<kw name="Log" owner="BuiltIn">
<msg time="2025-08-05T05:35:24.780466" level="INFO">Saldo atual da conta 800001 Checking: $115353715167.84</msg>
<arg>Saldo atual da conta ${ACCOUNT_ID}: ${CURRENT_AVAILABLE_BALANCE}</arg>
<doc>Logs the given message with the given level.</doc>
<status status="PASS" start="2025-08-05T05:35:24.779650" elapsed="0.001061"/>
</kw>
<kw name="Capture Page Screenshot" owner="SeleniumLibrary">
<msg time="2025-08-05T05:35:25.056554" level="INFO" html="true">&lt;/td&gt;&lt;/tr&gt;&lt;tr&gt;&lt;td colspan="3"&gt;&lt;a href="selenium-screenshot-4.png"&gt;&lt;img src="selenium-screenshot-4.png" width="800px"&gt;&lt;/a&gt;</msg>
<doc>Takes a screenshot of the current page and embeds it into a log file.</doc>
<status status="PASS" start="2025-08-05T05:35:24.781562" elapsed="0.275351"/>
</kw>
<kw name="Set Test Variable" owner="BuiltIn">
<msg time="2025-08-05T05:35:25.062005" level="INFO">${AVAILABLE_BALANCE} = $115353715167.84</msg>
<arg>${AVAILABLE_BALANCE}</arg>
<arg>${CURRENT_AVAILABLE_BALANCE}</arg>
<doc>Makes a variable available everywhere within the scope of the current test.</doc>
<status status="PASS" start="2025-08-05T05:35:25.057759" elapsed="0.004561"/>
</kw>
<arg>${ACCOUNT_ID}</arg>
<doc>Verifica e captura o saldo da conta bancária especificada.</doc>
<status status="PASS" start="2025-08-05T05:35:24.615063" elapsed="0.447656"/>
</kw>
<kw name="Realizar o logoff do sistema bancário" owner="kws_shared">
<kw name="Click Link" owner="SeleniumLibrary">
<msg time="2025-08-05T05:35:25.066312" level="INFO">Clicking link '//a[@id='LoginLink']'.</msg>
<arg>${HOME_LINK_LOGOFF}</arg>
<doc>Clicks a link identified by ``locator``.</doc>
<status status="PASS" start="2025-08-05T05:35:25.065181" elapsed="0.693019"/>
</kw>
<kw name="Wait Until Element Is Visible" owner="SeleniumLibrary">
<arg>${HOME_LINK_LOGIN}</arg>
<doc>Waits until the element ``locator`` is visible.</doc>
<status status="PASS" start="2025-08-05T05:35:25.759130" elapsed="0.087201"/>
</kw>
<doc>Realiza o logoff do sistema bancário.</doc>
<status status="PASS" start="2025-08-05T05:35:25.063686" elapsed="0.782990"/>
</kw>
<arg>${CONTA_DESTINO}</arg>
<doc>Verifica o saldo atual da conta bancária especificada.</doc>
<status status="PASS" start="2025-08-05T05:35:17.311587" elapsed="8.535331"/>
</kw>
<arg>Acessar página home do site</arg>
<arg>${DEMO_TEST_FIRE_URL}</arg>
<arg>AND</arg>
<arg>Verificar o saldo atual da conta</arg>
<arg>${CONTA_DESTINO}</arg>
<doc>Executes all the given keywords in a sequence.</doc>
<status status="PASS" start="2025-08-05T05:35:12.508186" elapsed="13.338984"/>
</kw>
<kw name="Dado que realizo o login com usuário &quot;${LOGIN_USER}&quot; e senha &quot;${LOGIN_PASSWORD}&quot; na página inicial do sistema bancário" owner="kws_sistema_bancario" source_name="Dado que realizo o login com usuário &quot;${USER}&quot; e senha &quot;${PASSWORD}&quot; na página inicial do sistema bancário">
<kw name="Realizar o login" owner="kws_sistema_bancario">
<kw name="Ir para a página de login do sistema bancário" owner="kws_sistema_bancario">
<kw name="Click Link" owner="SeleniumLibrary">
<msg time="2025-08-05T05:35:25.856123" level="INFO">Clicking link '//a[@id='AccountLink']'.</msg>
<arg>${HOME_LINK_LOGIN}</arg>
<doc>Clicks a link identified by ``locator``.</doc>
<status status="PASS" start="2025-08-05T05:35:25.854951" elapsed="0.543838"/>
</kw>
<kw name="Wait Until Element Is Visible" owner="SeleniumLibrary">
<arg>${LOGIN_TITLE}</arg>
<doc>Waits until the element ``locator`` is visible.</doc>
<status status="PASS" start="2025-08-05T05:35:26.399673" elapsed="0.078339"/>
</kw>
<kw name="Capture Page Screenshot" owner="SeleniumLibrary">
<msg time="2025-08-05T05:35:26.704985" level="INFO" html="true">&lt;/td&gt;&lt;/tr&gt;&lt;tr&gt;&lt;td colspan="3"&gt;&lt;a href="selenium-screenshot-5.png"&gt;&lt;img src="selenium-screenshot-5.png" width="800px"&gt;&lt;/a&gt;</msg>
<doc>Takes a screenshot of the current page and embeds it into a log file.</doc>
<status status="PASS" start="2025-08-05T05:35:26.478775" elapsed="0.226612"/>
</kw>
<doc>Clicar no link "ONLINE BANKING LOGIN" na página inicial do sistema bancário.</doc>
<status status="PASS" start="2025-08-05T05:35:25.853376" elapsed="0.853178"/>
</kw>
<kw name="Preencher o formulário de login com os dados fornecidos" owner="kws_sistema_bancario">
<kw name="Input Text" owner="SeleniumLibrary">
<msg time="2025-08-05T05:35:26.710797" level="INFO">Typing text 'admin' into text field 'id=uid'.</msg>
<arg>${LOGIN_CAMPO_USER}</arg>
<arg>${USER}</arg>
<doc>Types the given ``text`` into the text field identified by ``locator``.</doc>
<status status="PASS" start="2025-08-05T05:35:26.709850" elapsed="0.250154"/>
</kw>
<kw name="Input Text" owner="SeleniumLibrary">
<msg time="2025-08-05T05:35:26.962004" level="INFO">Typing text 'admin' into text field 'id=passw'.</msg>
<arg>${LOGIN_CAMPO_PASSWORD}</arg>
<arg>${PASSWORD}</arg>
<doc>Types the given ``text`` into the text field identified by ``locator``.</doc>
<status status="PASS" start="2025-08-05T05:35:26.961113" elapsed="0.535842"/>
</kw>
<kw name="Capture Page Screenshot" owner="SeleniumLibrary">
<msg time="2025-08-05T05:35:27.735499" level="INFO" html="true">&lt;/td&gt;&lt;/tr&gt;&lt;tr&gt;&lt;td colspan="3"&gt;&lt;a href="selenium-screenshot-6.png"&gt;&lt;img src="selenium-screenshot-6.png" width="800px"&gt;&lt;/a&gt;</msg>
<doc>Takes a screenshot of the current page and embeds it into a log file.</doc>
<status status="PASS" start="2025-08-05T05:35:27.497866" elapsed="0.237954"/>
</kw>
<arg>${USER}</arg>
<arg>${PASSWORD}</arg>
<doc>Preenche o formulário de login com os dados fornecidos.</doc>
<status status="PASS" start="2025-08-05T05:35:26.707831" elapsed="1.028350"/>
</kw>
<kw name="Clicar no botão e aguardar elemento" owner="kws_shared">
<kw name="Click Button" owner="SeleniumLibrary">
<msg time="2025-08-05T05:35:27.739674" level="INFO">Clicking button 'name=btnSubmit'.</msg>
<arg>${LOCATOR_ELEMENT_BUTTON}</arg>
<doc>Clicks the button identified by ``locator``.</doc>
<status status="PASS" start="2025-08-05T05:35:27.738857" elapsed="0.536571"/>
</kw>
<kw name="Wait Until Element Is Visible" owner="SeleniumLibrary">
<arg>${LOCATOR_ELEMENT_TITLE}</arg>
<doc>Waits until the element ``locator`` is visible.</doc>
<status status="PASS" start="2025-08-05T05:35:28.276873" elapsed="0.176195"/>
</kw>
<arg>${LOGIN_BUTTON}</arg>
<arg>${MAIN_TITLE}</arg>
<doc>Clica no botão para enviar o formulário e aguarda a página principal carregar.</doc>
<status status="PASS" start="2025-08-05T05:35:27.737063" elapsed="0.716733"/>
</kw>
<arg>${USER}</arg>
<arg>${PASSWORD}</arg>
<doc>Realiza o login na página inicial do sistema bancário.</doc>
<status status="PASS" start="2025-08-05T05:35:25.850590" elapsed="2.603847"/>
</kw>
<doc>Realiza o login na página inicial do sistema bancário com os dados fornecidos.</doc>
<status status="PASS" start="2025-08-05T05:35:25.849053" elapsed="2.605920"/>
</kw>
<kw name="Quando realizo uma transferência da conta &quot;${CONTA_ORIGEM}&quot; para a conta &quot;${CONTA_DESTINO}&quot;" owner="kws_sistema_bancario" source_name="Quando realizo uma transferência da conta &quot;${FROM_ACCOUNT}&quot; para a conta &quot;${TO_ACCOUNT}&quot;">
<kw name="Realizar transferência entre contas" owner="kws_sistema_bancario">
<kw name="Escolher uma opção no menu da página principal e aguardar a página carregar" owner="kws_sistema_bancario">
<kw name="Click Link" owner="SeleniumLibrary">
<msg time="2025-08-05T05:35:28.465032" level="INFO">Clicking link 'id=MenuHyperLink3'.</msg>
<arg>${MAIN_MENU_LINKS.${OPTION}}</arg>
<doc>Clicks a link identified by ``locator``.</doc>
<status status="PASS" start="2025-08-05T05:35:28.462432" elapsed="0.550959"/>
</kw>
<kw name="Wait Until Element Is Visible" owner="SeleniumLibrary">
<arg>${LOCATOR_ELEMENT_TITLE}</arg>
<doc>Waits until the element ``locator`` is visible.</doc>
<status status="PASS" start="2025-08-05T05:35:29.014399" elapsed="0.116772"/>
</kw>
<arg>transfer_funds</arg>
<arg>${TRANSFER_TITLE}</arg>
<doc>Escolhe uma opção no menu da página principal do sistema bancário e aguarda a página carregar.</doc>
<status status="PASS" start="2025-08-05T05:35:28.460844" elapsed="0.670765"/>
</kw>
<kw name="Preencher os campos do formulário de transferência e enviar" owner="kws_sistema_bancario">
<kw name="Select From List By Label" owner="SeleniumLibrary">
<msg time="2025-08-05T05:35:29.135895" level="INFO">Selecting options from selection list 'id=fromAccount' by label 800000 Corporate.</msg>
<arg>${TRANSFER_FIELD_FROM_ACCOUNT}</arg>
<arg>${FROM_ACCOUNT}</arg>
<doc>Selects options from selection list ``locator`` by ``labels``.</doc>
<status status="PASS" start="2025-08-05T05:35:29.134236" elapsed="0.275551"/>
</kw>
<kw name="Select From List By Label" owner="SeleniumLibrary">
<msg time="2025-08-05T05:35:29.411600" level="INFO">Selecting options from selection list 'id=toAccount' by label 800001 Checking.</msg>
<arg>${TRANSFER_FIELD_TO_ACCOUNT}</arg>
<arg>${TO_ACCOUNT}</arg>
<doc>Selects options from selection list ``locator`` by ``labels``.</doc>
<status status="PASS" start="2025-08-05T05:35:29.410637" elapsed="0.369502"/>
</kw>
<kw name="Gerar valor aleatório para transferência" owner="kws_sistema_bancario">
<kw name="Evaluate" owner="BuiltIn">
<msg time="2025-08-05T05:35:29.785191" level="INFO">${RANDOM_VALUE} = 7879376.39</msg>
<var>${RANDOM_VALUE}</var>
<arg>round(random.uniform(1000000, 9999999), 2)</arg>
<arg>modules=random</arg>
<doc>Evaluates the given expression in Python and returns the result.</doc>
<status status="PASS" start="2025-08-05T05:35:29.782588" elapsed="0.002794"/>
</kw>
<return>
<value>${RANDOM_VALUE}</value>
<status status="PASS" start="2025-08-05T05:35:29.785982" elapsed="0.000507"/>
</return>
<msg time="2025-08-05T05:35:29.787275" level="INFO">${RANDOM_VALUE_GENERATED} = 7879376.39</msg>
<var>${RANDOM_VALUE_GENERATED}</var>
<doc>Gera um valor aleatório para a transferência.</doc>
<status status="PASS" start="2025-08-05T05:35:29.781102" elapsed="0.006325"/>
</kw>
<kw name="Input Text" owner="SeleniumLibrary">
<msg time="2025-08-05T05:35:29.789253" level="INFO">Typing text '7879376.39' into text field 'id=transferAmount'.</msg>
<arg>${TRANSFER_FIELD_AMOUNT_TRANSFER}</arg>
<arg>${RANDOM_VALUE_GENERATED}</arg>
<doc>Types the given ``text`` into the text field identified by ``locator``.</doc>
<status status="PASS" start="2025-08-05T05:35:29.788273" elapsed="0.348050"/>
</kw>
<kw name="Capture Page Screenshot" owner="SeleniumLibrary">
<msg time="2025-08-05T05:35:30.374094" level="INFO" html="true">&lt;/td&gt;&lt;/tr&gt;&lt;tr&gt;&lt;td colspan="3"&gt;&lt;a href="selenium-screenshot-7.png"&gt;&lt;img src="selenium-screenshot-7.png" width="800px"&gt;&lt;/a&gt;</msg>
<doc>Takes a screenshot of the current page and embeds it into a log file.</doc>
<status status="PASS" start="2025-08-05T05:35:30.137204" elapsed="0.237275"/>
</kw>
<kw name="Click Button" owner="SeleniumLibrary">
<msg time="2025-08-05T05:35:30.377065" level="INFO">Clicking button 'id=transfer'.</msg>
<arg>${TRANSFER_BUTTON_TRANSFER_MONEY}</arg>
<doc>Clicks the button identified by ``locator``.</doc>
<status status="PASS" start="2025-08-05T05:35:30.375824" elapsed="0.275660"/>
</kw>
<kw name="Set Test Variable" owner="BuiltIn">
<msg time="2025-08-05T05:35:30.658111" level="INFO">${TRANSFERRED_AMOUNT} = 7879376.39</msg>
<arg>${TRANSFERRED_AMOUNT}</arg>
<arg>${RANDOM_VALUE_GENERATED}</arg>
<doc>Makes a variable available everywhere within the scope of the current test.</doc>
<status status="PASS" start="2025-08-05T05:35:30.653319" elapsed="0.005097"/>
</kw>
<arg>${FROM_ACCOUNT}</arg>
<arg>${TO_ACCOUNT}</arg>
<doc>Preenche os campos do formulário de transferência e envia o formulário.</doc>
<status status="PASS" start="2025-08-05T05:35:29.132618" elapsed="1.526214"/>
</kw>
<kw name="Verificar se a transferência foi realizada com sucesso" owner="kws_sistema_bancario">
<kw name="Format String" owner="String">
<msg time="2025-08-05T05:35:30.663360" level="INFO">${MENSAGEM_SUCESSO_VALIDACAO} = //span[contains(text(),'was successfully transferred')]</msg>
<var>${MENSAGEM_SUCESSO_VALIDACAO}</var>
<arg>${TRANSFER_SUCCESS_MESSAGE}</arg>
<arg>account_from=${FROM_ACCOUNT}</arg>
<arg>account_to=${TO_ACCOUNT}</arg>
<doc>Formats a ``template`` using the given ``positional`` and ``named`` arguments.</doc>
<status status="PASS" start="2025-08-05T05:35:30.661836" elapsed="0.001700"/>
</kw>
<kw name="Element Should Be Visible" owner="SeleniumLibrary">
<msg time="2025-08-05T05:35:31.018182" level="INFO">Element '//span[contains(text(),'was successfully transferred')]' is displayed.</msg>
<arg>${MENSAGEM_SUCESSO_VALIDACAO}</arg>
<doc>Verifies that the element identified by ``locator`` is visible.</doc>
<status status="PASS" start="2025-08-05T05:35:30.664807" elapsed="0.353738"/>
</kw>
<kw name="Log" owner="BuiltIn">
<msg time="2025-08-05T05:35:31.020574" level="INFO">Transferência de 800000 Corporate para 800001 Checking, no valor de 7879376.39, realizada com sucesso!</msg>
<arg>Transferência de ${FROM_ACCOUNT} para ${TO_ACCOUNT}, no valor de ${TRANSFERRED_AMOUNT}, realizada com sucesso!</arg>
<doc>Logs the given message with the given level.</doc>
<status status="PASS" start="2025-08-05T05:35:31.019493" elapsed="0.001376"/>
</kw>
<kw name="Capture Page Screenshot" owner="SeleniumLibrary">
<msg time="2025-08-05T05:35:31.259203" level="INFO" html="true">&lt;/td&gt;&lt;/tr&gt;&lt;tr&gt;&lt;td colspan="3"&gt;&lt;a href="selenium-screenshot-8.png"&gt;&lt;img src="selenium-screenshot-8.png" width="800px"&gt;&lt;/a&gt;</msg>
<doc>Takes a screenshot of the current page and embeds it into a log file.</doc>
<status status="PASS" start="2025-08-05T05:35:31.021785" elapsed="0.237771"/>
</kw>
<arg>${FROM_ACCOUNT}</arg>
<arg>${TO_ACCOUNT}</arg>
<doc>Verifica se a transferência foi realizada com sucesso.</doc>
<status status="PASS" start="2025-08-05T05:35:30.660013" elapsed="0.599931"/>
</kw>
<arg>${FROM_ACCOUNT}</arg>
<arg>${TO_ACCOUNT}</arg>
<doc>Realiza a transferência de uma conta para outra no sistema bancário.</doc>
<status status="PASS" start="2025-08-05T05:35:28.459038" elapsed="2.801564"/>
</kw>
<doc>Realiza a transferência de uma conta para outra no sistema bancário.</doc>
<status status="PASS" start="2025-08-05T05:35:28.457178" elapsed="2.804307"/>
</kw>
<kw name="Então acesso o resumo da conta &quot;${CONTA_DESTINO}&quot;" owner="kws_sistema_bancario" source_name="Então acesso o resumo da conta &quot;${ACCOUNT_ID}&quot;">
<kw name="Acessar resumo da conta &quot;${ACCOUNT_ID}&quot;" owner="kws_sistema_bancario" source_name="Acessar resumo da conta &quot;${ACCOUNT_ID}&quot;">
<kw name="Escolher uma opção no menu da página principal e aguardar a página carregar" owner="kws_sistema_bancario">
<kw name="Click Link" owner="SeleniumLibrary">
<msg time="2025-08-05T05:35:31.276003" level="INFO">Clicking link 'id=MenuHyperLink1'.</msg>
<arg>${MAIN_MENU_LINKS.${OPTION}}</arg>
<doc>Clicks a link identified by ``locator``.</doc>
<status status="PASS" start="2025-08-05T05:35:31.273277" elapsed="0.921180"/>
</kw>
<kw name="Wait Until Element Is Visible" owner="SeleniumLibrary">
<arg>${LOCATOR_ELEMENT_TITLE}</arg>
<doc>Waits until the element ``locator`` is visible.</doc>
<status status="PASS" start="2025-08-05T05:35:32.195292" elapsed="0.055109"/>
</kw>
<arg>account_summary</arg>
<arg>${MAIN_TITLE}</arg>
<doc>Escolhe uma opção no menu da página principal do sistema bancário e aguarda a página carregar.</doc>
<status status="PASS" start="2025-08-05T05:35:31.271434" elapsed="0.979557"/>
</kw>
<kw name="Select From List By Label" owner="SeleniumLibrary">
<msg time="2025-08-05T05:35:32.253274" level="INFO">Selecting options from selection list '//select[@id='listAccounts']' by label 800001 Checking.</msg>
<arg>${MAIN_FIELD_LIST_ACCOUNTS}</arg>
<arg>${ACCOUNT_ID}</arg>
<doc>Selects options from selection list ``locator`` by ``labels``.</doc>
<status status="PASS" start="2025-08-05T05:35:32.252098" elapsed="0.257531"/>
</kw>
<kw name="Capture Page Screenshot" owner="SeleniumLibrary">
<msg time="2025-08-05T05:35:32.785927" level="INFO" html="true">&lt;/td&gt;&lt;/tr&gt;&lt;tr&gt;&lt;td colspan="3"&gt;&lt;a href="selenium-screenshot-9.png"&gt;&lt;img src="selenium-screenshot-9.png" width="800px"&gt;&lt;/a&gt;</msg>
<doc>Takes a screenshot of the current page and embeds it into a log file.</doc>
<status status="PASS" start="2025-08-05T05:35:32.510484" elapsed="0.275834"/>
</kw>
<kw name="Click Button" owner="SeleniumLibrary">
<msg time="2025-08-05T05:35:32.788833" level="INFO">Clicking button 'id=btnGetAccount'.</msg>
<arg>${MAIN_BUTTON_GET_ACCOUNT}</arg>
<doc>Clicks the button identified by ``locator``.</doc>
<status status="PASS" start="2025-08-05T05:35:32.787942" elapsed="1.789965"/>
</kw>
<kw name="Wait Until Element Is Visible" owner="SeleniumLibrary">
<arg>${ACCOUNT_HISTORY_TITLE}</arg>
<doc>Waits until the element ``locator`` is visible.</doc>
<status status="PASS" start="2025-08-05T05:35:34.578783" elapsed="0.094769"/>
</kw>
<doc>Acessa o resumo da conta bancária especificada.</doc>
<status status="PASS" start="2025-08-05T05:35:31.269662" elapsed="3.404332"/>
</kw>
<doc>Acessa o resumo da conta bancária especificada.</doc>
<status status="PASS" start="2025-08-05T05:35:31.267235" elapsed="3.407127"/>
</kw>
<kw name="E verifico se a transferência foi listada corretamente" owner="kws_sistema_bancario">
<kw name="Verificar se a transferência foi listada corretamente" owner="kws_sistema_bancario">
<kw name="Page Should Contain Element" owner="SeleniumLibrary">
<msg time="2025-08-05T05:35:34.777658" level="INFO">Current page contains element '//b[text()="10 Most Recent Transactions"]'.</msg>
<arg>${TITLE_TABLE_RECENT_TRANSACTIONS}</arg>
<doc>Verifies that element ``locator`` is found on the current page.</doc>
<status status="PASS" start="2025-08-05T05:35:34.679670" elapsed="0.098368"/>
</kw>
<kw name="Capture Page Screenshot" owner="SeleniumLibrary">
<msg time="2025-08-05T05:35:34.981190" level="INFO" html="true">&lt;/td&gt;&lt;/tr&gt;&lt;tr&gt;&lt;td colspan="3"&gt;&lt;a href="selenium-screenshot-10.png"&gt;&lt;img src="selenium-screenshot-10.png" width="800px"&gt;&lt;/a&gt;</msg>
<doc>Takes a screenshot of the current page and embeds it into a log file.</doc>
<status status="PASS" start="2025-08-05T05:35:34.778975" elapsed="0.202556"/>
</kw>
<kw name="Buscar a transferência recente na tabela 10 transações mais recentes" owner="kws_sistema_bancario">
<kw name="Set Variable" owner="BuiltIn">
<msg time="2025-08-05T05:35:34.986254" level="INFO">${encontrado} = False</msg>
<var>${encontrado}</var>
<arg>False</arg>
<doc>Returns the given values which can then be assigned to a variables.</doc>
<status status="PASS" start="2025-08-05T05:35:34.985483" elapsed="0.000972"/>
</kw>
<kw name="Catenate" owner="BuiltIn">
<msg time="2025-08-05T05:35:34.988100" level="INFO">${FRASE_BUSCA} = $7879376.39</msg>
<var>${FRASE_BUSCA}</var>
<arg>$${TRANSFERRED_AMOUNT}</arg>
<doc>Catenates the given items together and returns the resulted string.</doc>
<status status="PASS" start="2025-08-05T05:35:34.987274" elapsed="0.000966"/>
</kw>
<kw name="Get WebElements" owner="SeleniumLibrary">
<msg time="2025-08-05T05:35:35.040464" level="INFO">@{LINHAS_RETORNADAS_TABELA} = [ &lt;selenium.webdriver.remote.webelement.WebElement (session="386eb715ffbd7f315ad941ad761d9262", element="f.11E1EF751673F8F6A722E08C9A75D5EC.d.CEDEC2D5873EA3C8628682F847891A39.e.233")&gt; | &lt;selenium.webd...</msg>
<var>@{LINHAS_RETORNADAS_TABELA}</var>
<arg>${TABLE_RECENT_TRANSACTIONS}//tr</arg>
<doc>Returns a list of WebElement objects matching the ``locator``.</doc>
<status status="PASS" start="2025-08-05T05:35:34.989026" elapsed="0.051591"/>
</kw>
<for flavor="IN">
<iter>
<kw name="Get Text" owner="SeleniumLibrary">
<msg time="2025-08-05T05:35:35.149121" level="INFO">${texto_retornado} = 2025-08-05 Deposit $7879376.39</msg>
<var>${texto_retornado}</var>
<arg>${index_linha}</arg>
<doc>Returns the text value of the element identified by ``locator``.</doc>
<status status="PASS" start="2025-08-05T05:35:35.042989" elapsed="0.106289"/>
</kw>
<kw name="Log" owner="BuiltIn">
<msg time="2025-08-05T05:35:35.150960" level="INFO">Conteúdo da linha atual da tabela: 2025-08-05 Deposit $7879376.39</msg>
<arg>Conteúdo da linha atual da tabela: ${texto_retornado}</arg>
<doc>Logs the given message with the given level.</doc>
<status status="PASS" start="2025-08-05T05:35:35.150072" elapsed="0.001225"/>
</kw>
<kw name="Run Keyword And Return Status" owner="BuiltIn">
<kw name="Should Contain" owner="BuiltIn">
<arg>${texto_retornado}</arg>
<arg>${FRASE_BUSCA}</arg>
<doc>Fails if ``container`` does not contain ``item`` one or more times.</doc>
<status status="PASS" start="2025-08-05T05:35:35.153946" elapsed="0.001240"/>
</kw>
<msg time="2025-08-05T05:35:35.155735" level="INFO">${result} = True</msg>
<var>${result}</var>
<arg>Should Contain</arg>
<arg>${texto_retornado}</arg>
<arg>${FRASE_BUSCA}</arg>
<doc>Runs the given keyword with given arguments and returns the status as a Boolean value.</doc>
<status status="PASS" start="2025-08-05T05:35:35.152201" elapsed="0.003714"/>
</kw>
<if>
<branch type="IF" condition="${result}">
<kw name="Log" owner="BuiltIn">
<msg time="2025-08-05T05:35:35.158162" level="INFO">Os dados "$7879376.39", foram encontrados na linha: 2025-08-05 Deposit $7879376.39!</msg>
<arg>Os dados "${FRASE_BUSCA}", foram encontrados na linha: ${texto_retornado}!</arg>
<doc>Logs the given message with the given level.</doc>
<status status="PASS" start="2025-08-05T05:35:35.157424" elapsed="0.000960"/>
</kw>
<kw name="Set Variable" owner="BuiltIn">
<msg time="2025-08-05T05:35:35.159912" level="INFO">${encontrado} = True</msg>
<var>${encontrado}</var>
<arg>True</arg>
<doc>Returns the given values which can then be assigned to a variables.</doc>
<status status="PASS" start="2025-08-05T05:35:35.159173" elapsed="0.000900"/>
</kw>
<kw name="Exit For Loop" owner="BuiltIn">
<msg time="2025-08-05T05:35:35.161719" level="INFO">Exiting for loop altogether.</msg>
<doc>Stops executing the enclosing FOR loop.</doc>
<status status="PASS" start="2025-08-05T05:35:35.160882" elapsed="0.001191"/>
</kw>
<status status="PASS" start="2025-08-05T05:35:35.156535" elapsed="0.005796"/>
</branch>
<branch type="ELSE">
<kw name="Log" owner="BuiltIn">
<arg>Os dados "${FRASE_BUSCA}", não foram encontrados na linha: ${texto_retornado}!</arg>
<arg>WARN</arg>
<doc>Logs the given message with the given level.</doc>
<status status="NOT RUN" start="2025-08-05T05:35:35.163267" elapsed="0.000177"/>
</kw>
<status status="NOT RUN" start="2025-08-05T05:35:35.162562" elapsed="0.001135"/>
</branch>
<status status="PASS" start="2025-08-05T05:35:35.156407" elapsed="0.007484"/>
</if>
<var name="${index_linha}">&lt;selenium.webdriver.remote.webelement.WebElement (session="386eb715ffbd7f315ad941ad761d9262", element="f.11E1EF751673F8F6A722E08C9A75D5EC.d.CEDEC2D5873EA3C8628682F847891A39.e.233")&gt;</var>
<status status="PASS" start="2025-08-05T05:35:35.042207" elapsed="0.121842"/>
</iter>
<var>${index_linha}</var>
<value>@{LINHAS_RETORNADAS_TABELA}</value>
<status status="PASS" start="2025-08-05T05:35:35.040985" elapsed="0.123351"/>
</for>
<if>
<branch type="IF" condition="not ${encontrado}">
<kw name="Fail" owner="BuiltIn">
<arg>Os dados "${FRASE_BUSCA}", não foram encontrados na tabela de transações recentes!</arg>
<doc>Fails the test with the given message and optionally alters its tags.</doc>
<status status="NOT RUN" start="2025-08-05T05:35:35.165909" elapsed="0.000174"/>
</kw>
<status status="NOT RUN" start="2025-08-05T05:35:35.164776" elapsed="0.001529"/>
</branch>
<status status="PASS" start="2025-08-05T05:35:35.164680" elapsed="0.001813"/>
</if>
<doc>Busca a transferência recente na tabela de transações recentes.</doc>
<status status="PASS" start="2025-08-05T05:35:34.983114" elapsed="0.183621"/>
</kw>
<doc>Verifica se a transferência foi listada corretamente no resumo da conta.</doc>
<status status="PASS" start="2025-08-05T05:35:34.678198" elapsed="0.488864"/>
</kw>
<doc>Verifica se a transferência foi listada corretamente no resumo da conta.</doc>
<status status="PASS" start="2025-08-05T05:35:34.676607" elapsed="0.490904"/>
</kw>
<kw name="E verifico se o saldo da conta &quot;${CONTA_DESTINO}&quot; foi atualizado corretamente" owner="kws_sistema_bancario" source_name="E verifico se o saldo da conta &quot;${ACCOUNT_ID}&quot; foi atualizado corretamente">
<kw name="Verificar se o saldo da conta foi atualizado corretamente" owner="kws_sistema_bancario">
<kw name="Get Text" owner="SeleniumLibrary">
<msg time="2025-08-05T05:35:35.260402" level="INFO">${CURRENT_AVAILABLE_BALANCE} = $115361594544.23</msg>
<var>${CURRENT_AVAILABLE_BALANCE}</var>
<arg>${TABLE_BALANCE_DETAIL}</arg>
<doc>Returns the text value of the element identified by ``locator``.</doc>
<status status="PASS" start="2025-08-05T05:35:35.188858" elapsed="0.071709"/>
</kw>
<kw name="Log" owner="BuiltIn">
<msg time="2025-08-05T05:35:35.262076" level="INFO">Novo saldo na conta 800001 Checking: $115361594544.23.</msg>
<arg>Novo saldo na conta ${ACCOUNT_ID}: ${CURRENT_AVAILABLE_BALANCE}.</arg>
<doc>Logs the given message with the given level.</doc>
<status status="PASS" start="2025-08-05T05:35:35.261340" elapsed="0.000961"/>
</kw>
<kw name="Log" owner="BuiltIn">
<msg time="2025-08-05T05:35:35.263764" level="INFO">Antigo saldo da conta 800001 Checking: $115353715167.84.</msg>
<arg>Antigo saldo da conta ${ACCOUNT_ID}: ${AVAILABLE_BALANCE}.</arg>
<doc>Logs the given message with the given level.</doc>
<status status="PASS" start="2025-08-05T05:35:35.263039" elapsed="0.000963"/>
</kw>
<kw name="Run Keyword And Return Status" owner="BuiltIn">
<kw name="Should Not Be Equal As Numbers" owner="BuiltIn">
<msg time="2025-08-05T05:35:35.266942" level="FAIL">'$115361594544.23' cannot be converted to a floating point number: ValueError: could not convert string to float: '$115361594544.23'</msg>
<arg>${CURRENT_AVAILABLE_BALANCE}</arg>
<arg>${AVAILABLE_BALANCE}</arg>
<doc>Fails if objects are equal after converting them to real numbers.</doc>
<status status="FAIL" start="2025-08-05T05:35:35.265773" elapsed="0.002478">'$115361594544.23' cannot be converted to a floating point number: ValueError: could not convert string to float: '$115361594544.23'</status>
</kw>
<msg time="2025-08-05T05:35:35.268779" level="INFO">${result} = False</msg>
<var>${result}</var>
<arg>Should Not Be Equal As Numbers</arg>
<arg>${CURRENT_AVAILABLE_BALANCE}</arg>
<arg>${AVAILABLE_BALANCE}</arg>
<doc>Runs the given keyword with given arguments and returns the status as a Boolean value.</doc>
<status status="PASS" start="2025-08-05T05:35:35.264776" elapsed="0.004135"/>
</kw>
<kw name="Log" owner="BuiltIn">
<msg time="2025-08-05T05:35:35.270488" level="INFO">Saldo da conta 800001 Checking atualizado corretamente após a transferência de 7879376.39!.</msg>
<arg>Saldo da conta ${ACCOUNT_ID} atualizado corretamente após a transferência de ${TRANSFERRED_AMOUNT}!.</arg>
<doc>Logs the given message with the given level.</doc>
<status status="PASS" start="2025-08-05T05:35:35.269732" elapsed="0.000959"/>
</kw>
<arg>${ACCOUNT_ID}</arg>
<doc>Verifica se o saldo da conta foi atualizado corretamente após a transferência.</doc>
<status status="PASS" start="2025-08-05T05:35:35.186278" elapsed="0.084725"/>
</kw>
<doc>Verifica se o saldo da conta foi atualizado corretamente após a transferência.</doc>
<status status="PASS" start="2025-08-05T05:35:35.183468" elapsed="0.087789"/>
</kw>
<doc>Teste que verifica a realização de uma transferência bancária entre contas cadastradas, validando o saldo e o extrato da transação.</doc>
<tag>CT01</tag>
<tag>LOGIN_TRANSFERENCIA</tag>
<status status="PASS" start="2025-08-05T05:35:12.500297" elapsed="22.771746"/>
</test>
<kw name="Fechar o navegador" owner="teardown" type="TEARDOWN">
<kw name="Close Browser" owner="SeleniumLibrary">
<doc>Closes the current browser.</doc>
<status status="PASS" start="2025-08-05T05:35:35.276388" elapsed="2.481785"/>
</kw>
<doc>Fecha o navegador (Browser)</doc>
<status status="PASS" start="2025-08-05T05:35:35.275499" elapsed="2.483989"/>
</kw>
<doc>Este arquivo contém os casos de teste automatizados para o sistema bancário (https://demo.testfire.net/login.jsp) com os dados de acesso usuário e senha: admin, incluindo casos de testes de login, transferência, consulta de extratos e verificação de saldo.</doc>
<status status="PASS" start="2025-08-05T05:34:56.900301" elapsed="40.860107"/>
</suite>
<status status="PASS" start="2025-08-05T05:34:56.724143" elapsed="41.059023"/>
</suite>
<statistics>
<total>
<stat pass="1" fail="0" skip="0">All Tests</stat>
</total>
<tag>
<stat pass="1" fail="0" skip="0">CT01</stat>
<stat pass="1" fail="0" skip="0">LOGIN_TRANSFERENCIA</stat>
</tag>
<suite>
<stat name="Tests" id="s1" pass="1" fail="0" skip="0">Tests</stat>
<stat name="Sistema Bancario" id="s1-s1" pass="1" fail="0" skip="0">Tests.Sistema Bancario</stat>
</suite>
</statistics>
<errors>
</errors>
</robot>
